 Fermi distribution function

Geometry optimization step: 885


********************************************************************************
 iSCC Total electronic   Diff electronic      SCC error    
    3   -0.54171048E+02   -0.12915535E-09    0.28776128E-05
********************************************************************************

Coordinates of moved atoms (au):
    1     -6.31986216      3.27303535      1.29785207
    2     -6.61599996      4.32467992     -1.14524643
    3     -5.55985532      3.25688293     -3.21870472
    4     -3.56077890      1.45433372     -3.21511220
    5     -2.64949504      0.32552562     -0.89885549
    6     -0.30927198     -0.01622621     -0.58459677
    7      1.61600674      1.07072841     -2.14611497
    8      2.09222265      3.70904361     -2.03457548
    9      0.35259129      5.46959663     -0.63395575
   10      4.23873026      4.66890858     -3.24076802
   11      5.93483319      3.08615341     -4.50366121
   12      5.52361942      0.48791273     -4.52737762
   13      3.40083888     -0.55990019     -3.31758476
   14      2.84116033     -3.33919106     -3.40122479
   15      0.70616234     -4.19044959     -3.15038851
   16      4.84596459     -4.91423414     -3.79791909
   17     -2.69407590      0.47597620     -5.53317359
   18     -3.64134579      1.33257986     -7.84197483
   19     -5.48667053      3.22370331     -7.83183716
   20     -6.37517039      4.09545393    -10.02772475
   21     -6.46641975      4.20890047     -5.56333510
   22     -8.41146378      6.11475470     -5.59890252
   23     -9.96401783      7.64665944     -5.62123865
   24     -7.43749511      4.43491302      2.59251242
   25     -4.33115528      3.30666861      1.90480645
   26     -7.02144697      1.32133737      1.36320457
   27     -0.24918494      4.65699946      1.15899621
   28      1.28160340      7.26337562     -0.25679262
   29     -1.35459639      5.87284112     -1.72227061
   30      4.59256082      6.69255115     -3.18227235
   31      7.57657568      3.87640994     -5.44741880
   32      6.84758809     -0.73694435     -5.51952771
   33      6.43809607     -4.02206780     -3.86114468
   34     -1.32500706     -1.05324483     -5.49202987
   35     -2.97710070      0.54454547     -9.61364892

 Total charge:    -0.00000000

 Atomic gross charges (e)
 Atom           Charge
    1       0.04749973
    2      -0.27158905
    3       0.26971792
    4       0.01506276
    5      -0.07903213
    6      -0.05826560
    7       0.14862162
    8       0.01191175
    9      -0.24309063
   10      -0.07987961
   11      -0.09072255
   12      -0.09872488
   13      -0.15624599
   14       0.66625215
   15      -0.52031746
   16      -0.48200189
   17      -0.09536828
   18      -0.22499529
   19       0.39168094
   20      -0.24105658
   21      -0.11973801
   22       0.19514476
   23      -0.28933491
   24       0.06650907
   25       0.05841854
   26       0.06221678
   27       0.08853397
   28       0.08591333
   29       0.09134441
   30       0.08692742
   31       0.09001184
   32       0.07261985
   33       0.35128021
   34       0.13001389
   35       0.12068191

Nr. of electrons (up):     58.00000000
Atom populations (up)
 Atom       Population
    1       1.97625014
    2       3.13579453
    3       1.86514104
    4       1.99246862
    5       2.53951606
    6       2.52913280
    7       1.92568919
    8       1.99404412
    9       2.12154531
   10       2.03993980
   11       2.04536127
   12       2.04936244
   13       2.07812299
   14       1.66687393
   15       3.26015873
   16       3.24100095
   17       2.04768414
   18       2.11249765
   19       1.80415953
   20       3.62052829
   21       2.05986901
   22       1.90242762
   23       2.64466745
   24       0.46674547
   25       0.47079073
   26       0.46889161
   27       0.45573301
   28       0.45704334
   29       0.45432779
   30       0.45653629
   31       0.45499408
   32       0.46369007
   33       0.32435989
   34       0.43499306
   35       0.43965904

l-shell populations (up)
 Atom Sh.   l       Population
    1   1   0       0.61448587
    1   2   1       1.36176426
    2   1   0       0.85014469
    2   2   1       2.28564983
    3   1   0       0.56589858
    3   2   1       1.29924246
    4   1   0       0.58285747
    4   2   1       1.40961114
    5   1   0       0.75462229
    5   2   1       1.78489377
    6   1   0       0.74536278
    6   2   1       1.78377002
    7   1   0       0.58216834
    7   2   1       1.34352085
    8   1   0       0.59400274
    8   2   1       1.40004139
    9   1   0       0.63894777
    9   2   1       1.48259754
   10   1   0       0.61392333
   10   2   1       1.42601647
   11   1   0       0.60961769
   11   2   1       1.43574358
   12   1   0       0.61294860
   12   2   1       1.43641384
   13   1   0       0.60808215
   13   2   1       1.47004084
   14   1   0       0.52303662
   14   2   1       1.14383731
   15   1   0       0.87819496
   15   2   1       2.38196377
   16   1   0       0.86814115
   16   2   1       2.37285979
   17   1   0       0.61760169
   17   2   1       1.43008245
   18   1   0       0.61571015
   18   2   1       1.49678750
   19   1   0       0.55386126
   19   2   1       1.25029827
   20   1   0       0.94317085
   20   2   1       2.67735743
   21   1   0       0.58825525
   21   2   1       1.47161376
   22   1   0       0.57593378
   22   2   1       1.32649384
   23   1   0       0.81648310
   23   2   1       1.82818435
   24   1   0       0.46674547
   25   1   0       0.47079073
   26   1   0       0.46889161
   27   1   0       0.45573301
   28   1   0       0.45704334
   29   1   0       0.45432779
   30   1   0       0.45653629
   31   1   0       0.45499408
   32   1   0       0.46369007
   33   1   0       0.32435989
   34   1   0       0.43499306
   35   1   0       0.43965904

Orbital populations (up)
 Atom Sh.   l   m       Population
    1   1   0   0       0.61448587
    1   2   1  -1       0.47435222
    1   2   1   0       0.39780395
    1   2   1   1       0.48960809
    2   1   0   0       0.85014469
    2   2   1  -1       0.84433408
    2   2   1   0       0.56556302
    2   2   1   1       0.87575274
    3   1   0   0       0.56589858
    3   2   1  -1       0.45784682
    3   2   1   0       0.39858090
    3   2   1   1       0.44281474
    4   1   0   0       0.58285747
    4   2   1  -1       0.48772261
    4   2   1   0       0.43048477
    4   2   1   1       0.49140376
    5   1   0   0       0.75462229
    5   2   1  -1       0.54545945
    5   2   1   0       0.63517331
    5   2   1   1       0.60426101
    6   1   0   0       0.74536278
    6   2   1  -1       0.59307771
    6   2   1   0       0.69049141
    6   2   1   1       0.50020091
    7   1   0   0       0.58216834
    7   2   1  -1       0.44315505
    7   2   1   0       0.44124982
    7   2   1   1       0.45911598
    8   1   0   0       0.59400274
    8   2   1  -1       0.44482888
    8   2   1   0       0.48782948
    8   2   1   1       0.46738303
    9   1   0   0       0.63894777
    9   2   1  -1       0.49296402
    9   2   1   0       0.49597998
    9   2   1   1       0.49365355
   10   1   0   0       0.61392333
   10   2   1  -1       0.47212834
   10   2   1   0       0.48585587
   10   2   1   1       0.46803226
   11   1   0   0       0.60961769
   11   2   1  -1       0.45716968
   11   2   1   0       0.49712680
   11   2   1   1       0.48144710
   12   1   0   0       0.61294860
   12   2   1  -1       0.46626218
   12   2   1   0       0.49683378
   12   2   1   1       0.47331788
   13   1   0   0       0.60808215
   13   2   1  -1       0.46779720
   13   2   1   0       0.52764532
   13   2   1   1       0.47459832
   14   1   0   0       0.52303662
   14   2   1  -1       0.39933000
   14   2   1   0       0.38693709
   14   2   1   1       0.35757021
   15   1   0   0       0.87819496
   15   2   1  -1       0.91929633
   15   2   1   0       0.71628091
   15   2   1   1       0.74638653
   16   1   0   0       0.86814115
   16   2   1  -1       0.84667170
   16   2   1   0       0.91643912
   16   2   1   1       0.60974898
   17   1   0   0       0.61760169
   17   2   1  -1       0.49190062
   17   2   1   0       0.44977970
   17   2   1   1       0.48840212
   18   1   0   0       0.61571015
   18   2   1  -1       0.50955228
   18   2   1   0       0.47603349
   18   2   1   1       0.51120173
   19   1   0   0       0.55386126
   19   2   1  -1       0.44712825
   19   2   1   0       0.35505032
   19   2   1   1       0.44811970
   20   1   0   0       0.94317085
   20   2   1  -1       0.93941514
   20   2   1   0       0.79978952
   20   2   1   1       0.93815277
   21   1   0   0       0.58825525
   21   2   1  -1       0.50695313
   21   2   1   0       0.45885977
   21   2   1   1       0.50580086
   22   1   0   0       0.57593378
   22   2   1  -1       0.43912972
   22   2   1   0       0.44913747
   22   2   1   1       0.43822665
   23   1   0   0       0.81648310
   23   2   1  -1       0.63333171
   23   2   1   0       0.55902729
   23   2   1   1       0.63582535
   24   1   0   0       0.46674547
   25   1   0   0       0.47079073
   26   1   0   0       0.46889161
   27   1   0   0       0.45573301
   28   1   0   0       0.45704334
   29   1   0   0       0.45432779
   30   1   0   0       0.45653629
   31   1   0   0       0.45499408
   32   1   0   0       0.46369007
   33   1   0   0       0.32435989
   34   1   0   0       0.43499306
   35   1   0   0       0.43965904

Nr. of electrons (down):     58.00000000
Atom populations (down)
 Atom       Population
    1       1.97625014
    2       3.13579453
    3       1.86514104
    4       1.99246862
    5       2.53951606
    6       2.52913280
    7       1.92568919
    8       1.99404412
    9       2.12154531
   10       2.03993980
   11       2.04536127
   12       2.04936244
   13       2.07812299
   14       1.66687393
   15       3.26015873
   16       3.24100095
   17       2.04768414
   18       2.11249765
   19       1.80415953
   20       3.62052829
   21       2.05986901
   22       1.90242762
   23       2.64466745
   24       0.46674547
   25       0.47079073
   26       0.46889161
   27       0.45573301
   28       0.45704334
   29       0.45432779
   30       0.45653629
   31       0.45499408
   32       0.46369007
   33       0.32435989
   34       0.43499306
   35       0.43965904

l-shell populations (down)
 Atom Sh.   l       Population
    1   1   0       0.61448587
    1   2   1       1.36176426
    2   1   0       0.85014469
    2   2   1       2.28564983
    3   1   0       0.56589858
    3   2   1       1.29924246
    4   1   0       0.58285747
    4   2   1       1.40961114
    5   1   0       0.75462229
    5   2   1       1.78489377
    6   1   0       0.74536278
    6   2   1       1.78377002
    7   1   0       0.58216834
    7   2   1       1.34352085
    8   1   0       0.59400274
    8   2   1       1.40004139
    9   1   0       0.63894777
    9   2   1       1.48259754
   10   1   0       0.61392333
   10   2   1       1.42601647
   11   1   0       0.60961769
   11   2   1       1.43574358
   12   1   0       0.61294860
   12   2   1       1.43641384
   13   1   0       0.60808215
   13   2   1       1.47004084
   14   1   0       0.52303662
   14   2   1       1.14383731
   15   1   0       0.87819496
   15   2   1       2.38196377
   16   1   0       0.86814115
   16   2   1       2.37285979
   17   1   0       0.61760169
   17   2   1       1.43008245
   18   1   0       0.61571015
   18   2   1       1.49678750
   19   1   0       0.55386126
   19   2   1       1.25029827
   20   1   0       0.94317085
   20   2   1       2.67735743
   21   1   0       0.58825525
   21   2   1       1.47161376
   22   1   0       0.57593378
   22   2   1       1.32649384
   23   1   0       0.81648310
   23   2   1       1.82818435
   24   1   0       0.46674547
   25   1   0       0.47079073
   26   1   0       0.46889161
   27   1   0       0.45573301
   28   1   0       0.45704334
   29   1   0       0.45432779
   30   1   0       0.45653629
   31   1   0       0.45499408
   32   1   0       0.46369007
   33   1   0       0.32435989
   34   1   0       0.43499306
   35   1   0       0.43965904

Orbital populations (down)
 Atom Sh.   l   m       Population
    1   1   0   0       0.61448587
    1   2   1  -1       0.47435222
    1   2   1   0       0.39780395
    1   2   1   1       0.48960809
    2   1   0   0       0.85014469
    2   2   1  -1       0.84433408
    2   2   1   0       0.56556302
    2   2   1   1       0.87575274
    3   1   0   0       0.56589858
    3   2   1  -1       0.45784682
    3   2   1   0       0.39858090
    3   2   1   1       0.44281474
    4   1   0   0       0.58285747
    4   2   1  -1       0.48772261
    4   2   1   0       0.43048477
    4   2   1   1       0.49140376
    5   1   0   0       0.75462229
    5   2   1  -1       0.54545945
    5   2   1   0       0.63517331
    5   2   1   1       0.60426101
    6   1   0   0       0.74536278
    6   2   1  -1       0.59307771
    6   2   1   0       0.69049141
    6   2   1   1       0.50020091
    7   1   0   0       0.58216834
    7   2   1  -1       0.44315505
    7   2   1   0       0.44124982
    7   2   1   1       0.45911598
    8   1   0   0       0.59400274
    8   2   1  -1       0.44482888
    8   2   1   0       0.48782948
    8   2   1   1       0.46738303
    9   1   0   0       0.63894777
    9   2   1  -1       0.49296402
    9   2   1   0       0.49597998
    9   2   1   1       0.49365355
   10   1   0   0       0.61392333
   10   2   1  -1       0.47212834
   10   2   1   0       0.48585587
   10   2   1   1       0.46803226
   11   1   0   0       0.60961769
   11   2   1  -1       0.45716968
   11   2   1   0       0.49712680
   11   2   1   1       0.48144710
   12   1   0   0       0.61294860
   12   2   1  -1       0.46626218
   12   2   1   0       0.49683378
   12   2   1   1       0.47331788
   13   1   0   0       0.60808215
   13   2   1  -1       0.46779720
   13   2   1   0       0.52764532
   13   2   1   1       0.47459832
   14   1   0   0       0.52303662
   14   2   1  -1       0.39933000
   14   2   1   0       0.38693709
   14   2   1   1       0.35757021
   15   1   0   0       0.87819496
   15   2   1  -1       0.91929633
   15   2   1   0       0.71628091
   15   2   1   1       0.74638653
   16   1   0   0       0.86814115
   16   2   1  -1       0.84667170
   16   2   1   0       0.91643912
   16   2   1   1       0.60974898
   17   1   0   0       0.61760169
   17   2   1  -1       0.49190062
   17   2   1   0       0.44977970
   17   2   1   1       0.48840212
   18   1   0   0       0.61571015
   18   2   1  -1       0.50955228
   18   2   1   0       0.47603349
   18   2   1   1       0.51120173
   19   1   0   0       0.55386126
   19   2   1  -1       0.44712825
   19   2   1   0       0.35505032
   19   2   1   1       0.44811970
   20   1   0   0       0.94317085
   20   2   1  -1       0.93941514
   20   2   1   0       0.79978952
   20   2   1   1       0.93815277
   21   1   0   0       0.58825525
   21   2   1  -1       0.50695313
   21   2   1   0       0.45885977
   21   2   1   1       0.50580086
   22   1   0   0       0.57593378
   22   2   1  -1       0.43912972
   22   2   1   0       0.44913747
   22   2   1   1       0.43822665
   23   1   0   0       0.81648310
   23   2   1  -1       0.63333171
   23   2   1   0       0.55902729
   23   2   1   1       0.63582535
   24   1   0   0       0.46674547
   25   1   0   0       0.47079073
   26   1   0   0       0.46889161
   27   1   0   0       0.45573301
   28   1   0   0       0.45704334
   29   1   0   0       0.45432779
   30   1   0   0       0.45653629
   31   1   0   0       0.45499408
   32   1   0   0       0.46369007
   33   1   0   0       0.32435989
   34   1   0   0       0.43499306
   35   1   0   0       0.43965904

Spin  up
Fermi level:                        -0.1637625703 H           -4.4562 eV
Band energy:                       -27.1233417619 H         -738.0637 eV
TS:                                  0.0000000000 H            0.0000 eV
Band free energy (E-TS):           -27.1233417619 H         -738.0637 eV
Extrapolated E(0K):                -27.1233417619 H         -738.0637 eV
Input / Output electrons (up):     58.0000000000     58.0000000000

Spin  down
Fermi level:                        -0.1637625703 H           -4.4562 eV
Band energy:                       -27.1233417619 H         -738.0637 eV
TS:                                  0.0000000000 H            0.0000 eV
Band free energy (E-TS):           -27.1233417619 H         -738.0637 eV
Extrapolated E(0K):                -27.1233417619 H         -738.0637 eV
Input / Output electrons (down):     58.0000000000     58.0000000000

Energy H0:                         -54.2287566799 H        -1475.6395 eV
Energy SCC:                          0.0608668430 H            1.6563 eV
Energy SPIN:                         0.0000000000 H            0.0000 eV
Total Electronic energy:           -54.1710479524 H        -1474.0692 eV
Repulsive energy:                    0.8899819144 H           24.2176 eV
Total energy:                      -53.2810660380 H        -1449.8516 eV
Extrapolated to 0:                 -53.2810660380 H        -1449.8516 eV
Total Mermin free energy:          -53.2810660380 H        -1449.8516 eV
Force related energy:              -53.2810660380 H        -1449.8516 eV

SCC converged

Full geometry written in opt.{xyz|gen}

Dipole moment:    2.15425499    0.38413135    0.94375191 au
Dipole moment:    5.47557046    0.97636459    2.39877827 Debye

Geometry converged

