 Fermi distribution function

Calculation with static geometry


********************************************************************************
 iSCC Total electronic   Diff electronic      SCC error    
   12   -0.55391488E+02   -0.11123547E-09    0.33828696E-05
********************************************************************************

 Total charge:    -0.00000000

 Atomic gross charges (e)
 Atom           Charge
    1      -0.24974990
    2       0.04735303
    3      -0.09486463
    4      -0.10125905
    5       0.66910985
    6      -0.51901098
    7      -0.48405577
    8      -0.14689972
    9       0.13155211
   10      -0.07047796
   11      -0.07520413
   12       0.15915211
   13      -0.21975822
   14       0.41562861
   15      -0.25328614
   16      -0.19037873
   17      -0.05784819
   18       0.67992495
   19      -0.55617029
   20      -0.50877207
   21      -0.16084861
   22       0.00092450
   23      -0.24748566
   24       0.09180192
   25       0.09185773
   26       0.08927171
   27       0.11323252
   28       0.34959305
   29       0.07442298
   30       0.11680673
   31       0.13555907
   32       0.37969950
   33       0.11278274
   34       0.09230261
   35       0.09194285
   36       0.09315147

Nr. of electrons (up):     59.00000000
Atom populations (up)
 Atom       Population
    1       2.12487495
    2       1.97632348
    3       2.04743232
    4       2.05062952
    5       1.66544507
    6       3.25950549
    7       3.24202789
    8       2.07344986
    9       1.93422394
   10       2.53523898
   11       2.53760206
   12       1.92042394
   13       2.10987911
   14       1.79218569
   15       3.62664307
   16       2.09518936
   17       2.02892410
   18       1.66003753
   19       3.27808515
   20       3.25438604
   21       2.08042431
   22       1.99953775
   23       2.12374283
   24       0.45409904
   25       0.45407113
   26       0.45536414
   27       0.44338374
   28       0.32520348
   29       0.46278851
   30       0.44159663
   31       0.43222046
   32       0.31015025
   33       0.44360863
   34       0.45384869
   35       0.45402857
   36       0.45342427

l-shell populations (up)
 Atom Sh.   l       Population
    1   1   0       0.63960844
    1   2   1       1.48526651
    2   1   0       0.59262090
    2   2   1       1.38370259
    3   1   0       0.61634666
    3   2   1       1.43108565
    4   1   0       0.60531764
    4   2   1       1.44531189
    5   1   0       0.52294131
    5   2   1       1.14250376
    6   1   0       0.87773254
    6   2   1       2.38177296
    7   1   0       0.86788856
    7   2   1       2.37413933
    8   1   0       0.61536930
    8   2   1       1.45808056
    9   1   0       0.57872004
    9   2   1       1.35550391
   10   1   0       0.75240302
   10   2   1       1.78283596
   11   1   0       0.75049111
   11   2   1       1.78711095
   12   1   0       0.57835593
   12   2   1       1.34206801
   13   1   0       0.61995934
   13   2   1       1.48991977
   14   1   0       0.55129273
   14   2   1       1.24089296
   15   1   0       0.94411097
   15   2   1       2.68253210
   16   1   0       0.61905645
   16   2   1       1.47613292
   17   1   0       0.60131459
   17   2   1       1.42760950
   18   1   0       0.52238751
   18   2   1       1.13765002
   19   1   0       0.88047585
   19   2   1       2.39760930
   20   1   0       0.87436654
   20   2   1       2.38001950
   21   1   0       0.61750349
   21   2   1       1.46292082
   22   1   0       0.59731283
   22   2   1       1.40222492
   23   1   0       0.63941752
   23   2   1       1.48432531
   24   1   0       0.45409904
   25   1   0       0.45407113
   26   1   0       0.45536414
   27   1   0       0.44338374
   28   1   0       0.32520348
   29   1   0       0.46278851
   30   1   0       0.44159663
   31   1   0       0.43222046
   32   1   0       0.31015025
   33   1   0       0.44360863
   34   1   0       0.45384869
   35   1   0       0.45402857
   36   1   0       0.45342427

Orbital populations (up)
 Atom Sh.   l   m       Population
    1   1   0   0       0.63960844
    1   2   1  -1       0.49716213
    1   2   1   0       0.48964009
    1   2   1   1       0.49846429
    2   1   0   0       0.59262090
    2   2   1  -1       0.46028276
    2   2   1   0       0.44802501
    2   2   1   1       0.47539482
    3   1   0   0       0.61634666
    3   2   1  -1       0.46553359
    3   2   1   0       0.47670022
    3   2   1   1       0.48885183
    4   1   0   0       0.60531764
    4   2   1  -1       0.48006640
    4   2   1   0       0.45852987
    4   2   1   1       0.50671562
    5   1   0   0       0.52294131
    5   2   1  -1       0.39477987
    5   2   1   0       0.35936127
    5   2   1   1       0.38836262
    6   1   0   0       0.87773254
    6   2   1  -1       0.88633795
    6   2   1   0       0.73925025
    6   2   1   1       0.75618476
    7   1   0   0       0.86788856
    7   2   1  -1       0.85955488
    7   2   1   0       0.61092179
    7   2   1   1       0.90366266
    8   1   0   0       0.61536930
    8   2   1  -1       0.48121585
    8   2   1   0       0.46288582
    8   2   1   1       0.51397889
    9   1   0   0       0.57872004
    9   2   1  -1       0.46486036
    9   2   1   0       0.42013767
    9   2   1   1       0.47050588
   10   1   0   0       0.75240302
   10   2   1  -1       0.51825101
   10   2   1   0       0.49940457
   10   2   1   1       0.76518037
   11   1   0   0       0.75049111
   11   2   1  -1       0.52838193
   11   2   1   0       0.75212950
   11   2   1   1       0.50659953
   12   1   0   0       0.57835593
   12   2   1  -1       0.46450567
   12   2   1   0       0.45608696
   12   2   1   1       0.42147539
   13   1   0   0       0.61995934
   13   2   1  -1       0.50806860
   13   2   1   0       0.51458814
   13   2   1   1       0.46726303
   14   1   0   0       0.55129273
   14   2   1  -1       0.39337390
   14   2   1   0       0.41624921
   14   2   1   1       0.43126985
   15   1   0   0       0.94411097
   15   2   1  -1       0.84919355
   15   2   1   0       0.88336074
   15   2   1   1       0.94997781
   16   1   0   0       0.61905645
   16   2   1  -1       0.48935689
   16   2   1   0       0.50385962
   16   2   1   1       0.48291640
   17   1   0   0       0.60131459
   17   2   1  -1       0.48144786
   17   2   1   0       0.48664201
   17   2   1   1       0.45951964
   18   1   0   0       0.52238751
   18   2   1  -1       0.37849056
   18   2   1   0       0.38332449
   18   2   1   1       0.37583497
   19   1   0   0       0.88047585
   19   2   1  -1       0.86539937
   19   2   1   0       0.81497764
   19   2   1   1       0.71723229
   20   1   0   0       0.87436654
   20   2   1  -1       0.73578750
   20   2   1   0       0.79899122
   20   2   1   1       0.84524078
   21   1   0   0       0.61750349
   21   2   1  -1       0.50513247
   21   2   1   0       0.49980334
   21   2   1   1       0.45798501
   22   1   0   0       0.59731283
   22   2   1  -1       0.46377277
   22   2   1   0       0.45706806
   22   2   1   1       0.48138409
   23   1   0   0       0.63941752
   23   2   1  -1       0.48351924
   23   2   1   0       0.50369816
   23   2   1   1       0.49710791
   24   1   0   0       0.45409904
   25   1   0   0       0.45407113
   26   1   0   0       0.45536414
   27   1   0   0       0.44338374
   28   1   0   0       0.32520348
   29   1   0   0       0.46278851
   30   1   0   0       0.44159663
   31   1   0   0       0.43222046
   32   1   0   0       0.31015025
   33   1   0   0       0.44360863
   34   1   0   0       0.45384869
   35   1   0   0       0.45402857
   36   1   0   0       0.45342427

Nr. of electrons (down):     59.00000000
Atom populations (down)
 Atom       Population
    1       2.12487495
    2       1.97632348
    3       2.04743232
    4       2.05062952
    5       1.66544507
    6       3.25950549
    7       3.24202789
    8       2.07344986
    9       1.93422394
   10       2.53523898
   11       2.53760206
   12       1.92042394
   13       2.10987911
   14       1.79218569
   15       3.62664307
   16       2.09518936
   17       2.02892410
   18       1.66003753
   19       3.27808515
   20       3.25438604
   21       2.08042431
   22       1.99953775
   23       2.12374283
   24       0.45409904
   25       0.45407113
   26       0.45536414
   27       0.44338374
   28       0.32520348
   29       0.46278851
   30       0.44159663
   31       0.43222046
   32       0.31015025
   33       0.44360863
   34       0.45384869
   35       0.45402857
   36       0.45342427

l-shell populations (down)
 Atom Sh.   l       Population
    1   1   0       0.63960844
    1   2   1       1.48526651
    2   1   0       0.59262090
    2   2   1       1.38370259
    3   1   0       0.61634666
    3   2   1       1.43108565
    4   1   0       0.60531764
    4   2   1       1.44531189
    5   1   0       0.52294131
    5   2   1       1.14250376
    6   1   0       0.87773254
    6   2   1       2.38177296
    7   1   0       0.86788856
    7   2   1       2.37413933
    8   1   0       0.61536930
    8   2   1       1.45808056
    9   1   0       0.57872004
    9   2   1       1.35550391
   10   1   0       0.75240302
   10   2   1       1.78283596
   11   1   0       0.75049111
   11   2   1       1.78711095
   12   1   0       0.57835593
   12   2   1       1.34206801
   13   1   0       0.61995934
   13   2   1       1.48991977
   14   1   0       0.55129273
   14   2   1       1.24089296
   15   1   0       0.94411097
   15   2   1       2.68253210
   16   1   0       0.61905645
   16   2   1       1.47613292
   17   1   0       0.60131459
   17   2   1       1.42760950
   18   1   0       0.52238751
   18   2   1       1.13765002
   19   1   0       0.88047585
   19   2   1       2.39760930
   20   1   0       0.87436654
   20   2   1       2.38001950
   21   1   0       0.61750349
   21   2   1       1.46292082
   22   1   0       0.59731283
   22   2   1       1.40222492
   23   1   0       0.63941752
   23   2   1       1.48432531
   24   1   0       0.45409904
   25   1   0       0.45407113
   26   1   0       0.45536414
   27   1   0       0.44338374
   28   1   0       0.32520348
   29   1   0       0.46278851
   30   1   0       0.44159663
   31   1   0       0.43222046
   32   1   0       0.31015025
   33   1   0       0.44360863
   34   1   0       0.45384869
   35   1   0       0.45402857
   36   1   0       0.45342427

Orbital populations (down)
 Atom Sh.   l   m       Population
    1   1   0   0       0.63960844
    1   2   1  -1       0.49716213
    1   2   1   0       0.48964009
    1   2   1   1       0.49846429
    2   1   0   0       0.59262090
    2   2   1  -1       0.46028276
    2   2   1   0       0.44802501
    2   2   1   1       0.47539482
    3   1   0   0       0.61634666
    3   2   1  -1       0.46553359
    3   2   1   0       0.47670022
    3   2   1   1       0.48885183
    4   1   0   0       0.60531764
    4   2   1  -1       0.48006640
    4   2   1   0       0.45852987
    4   2   1   1       0.50671562
    5   1   0   0       0.52294131
    5   2   1  -1       0.39477987
    5   2   1   0       0.35936127
    5   2   1   1       0.38836262
    6   1   0   0       0.87773254
    6   2   1  -1       0.88633795
    6   2   1   0       0.73925025
    6   2   1   1       0.75618476
    7   1   0   0       0.86788856
    7   2   1  -1       0.85955488
    7   2   1   0       0.61092179
    7   2   1   1       0.90366266
    8   1   0   0       0.61536930
    8   2   1  -1       0.48121585
    8   2   1   0       0.46288582
    8   2   1   1       0.51397889
    9   1   0   0       0.57872004
    9   2   1  -1       0.46486036
    9   2   1   0       0.42013767
    9   2   1   1       0.47050588
   10   1   0   0       0.75240302
   10   2   1  -1       0.51825101
   10   2   1   0       0.49940457
   10   2   1   1       0.76518037
   11   1   0   0       0.75049111
   11   2   1  -1       0.52838193
   11   2   1   0       0.75212950
   11   2   1   1       0.50659953
   12   1   0   0       0.57835593
   12   2   1  -1       0.46450567
   12   2   1   0       0.45608696
   12   2   1   1       0.42147539
   13   1   0   0       0.61995934
   13   2   1  -1       0.50806860
   13   2   1   0       0.51458814
   13   2   1   1       0.46726303
   14   1   0   0       0.55129273
   14   2   1  -1       0.39337390
   14   2   1   0       0.41624921
   14   2   1   1       0.43126985
   15   1   0   0       0.94411097
   15   2   1  -1       0.84919355
   15   2   1   0       0.88336074
   15   2   1   1       0.94997781
   16   1   0   0       0.61905645
   16   2   1  -1       0.48935689
   16   2   1   0       0.50385962
   16   2   1   1       0.48291640
   17   1   0   0       0.60131459
   17   2   1  -1       0.48144786
   17   2   1   0       0.48664201
   17   2   1   1       0.45951964
   18   1   0   0       0.52238751
   18   2   1  -1       0.37849056
   18   2   1   0       0.38332449
   18   2   1   1       0.37583497
   19   1   0   0       0.88047585
   19   2   1  -1       0.86539937
   19   2   1   0       0.81497764
   19   2   1   1       0.71723229
   20   1   0   0       0.87436654
   20   2   1  -1       0.73578750
   20   2   1   0       0.79899122
   20   2   1   1       0.84524078
   21   1   0   0       0.61750349
   21   2   1  -1       0.50513247
   21   2   1   0       0.49980334
   21   2   1   1       0.45798501
   22   1   0   0       0.59731283
   22   2   1  -1       0.46377277
   22   2   1   0       0.45706806
   22   2   1   1       0.48138409
   23   1   0   0       0.63941752
   23   2   1  -1       0.48351924
   23   2   1   0       0.50369816
   23   2   1   1       0.49710791
   24   1   0   0       0.45409904
   25   1   0   0       0.45407113
   26   1   0   0       0.45536414
   27   1   0   0       0.44338374
   28   1   0   0       0.32520348
   29   1   0   0       0.46278851
   30   1   0   0       0.44159663
   31   1   0   0       0.43222046
   32   1   0   0       0.31015025
   33   1   0   0       0.44360863
   34   1   0   0       0.45384869
   35   1   0   0       0.45402857
   36   1   0   0       0.45342427

Spin  up
Fermi level:                        -0.1766922360 H           -4.8080 eV
Band energy:                       -27.8842931236 H         -758.7702 eV
TS:                                  0.0000000000 H            0.0000 eV
Band free energy (E-TS):           -27.8842931236 H         -758.7702 eV
Extrapolated E(0K):                -27.8842931236 H         -758.7702 eV
Input / Output electrons (up):     59.0000000000     59.0000000000

Spin  down
Fermi level:                        -0.1766922360 H           -4.8080 eV
Band energy:                       -27.8842931236 H         -758.7702 eV
TS:                                  0.0000000000 H            0.0000 eV
Band free energy (E-TS):           -27.8842931236 H         -758.7702 eV
Extrapolated E(0K):                -27.8842931236 H         -758.7702 eV
Input / Output electrons (down):     59.0000000000     59.0000000000

Energy H0:                         -55.4614674861 H        -1509.1833 eV
Energy SCC:                          0.0766537724 H            2.0859 eV
Energy SPIN:                         0.0000000000 H            0.0000 eV
Total Electronic energy:           -55.3914877755 H        -1507.2791 eV
Repulsive energy:                    0.7647248095 H           20.8092 eV
Total energy:                      -54.6267629660 H        -1486.4699 eV
Extrapolated to 0:                 -54.6267629660 H        -1486.4699 eV
Total Mermin free energy:          -54.6267629660 H        -1486.4699 eV
Force related energy:              -54.6267629660 H        -1486.4699 eV

SCC converged

Total Forces
    1     -0.000099037429     -0.000096676750     -0.000069746212
    2      0.000080259181     -0.000022066848     -0.000005462950
    3      0.000040336735     -0.000053463983     -0.000034718905
    4     -0.000115862594     -0.000183614720      0.000032127578
    5     -0.000101364839     -0.000065478026     -0.000087869286
    6     -0.000202323456      0.000025545655      0.000238611189
    7     -0.000039038324     -0.000120772986      0.000014486425
    8      0.000098105247      0.000040059914      0.000132955655
    9     -0.000067924436     -0.000037249936      0.000113998623
   10      0.000233799990     -0.000157359405     -0.000044374257
   11     -0.000100286065     -0.000029728922      0.000035301863
   12      0.000045090515     -0.000017015240      0.000151042542
   13      0.000086380041      0.000163984259     -0.000097894691
   14      0.000185330158      0.000040018515     -0.000065567214
   15      0.000151006735      0.000177025219     -0.000169724179
   16      0.000053263952      0.000063395723     -0.000083657071
   17     -0.000083950233      0.000125426114     -0.000049331024
   18     -0.000171715903      0.000162046798      0.000035901168
   19      0.000073248097      0.000052999262     -0.000159080806
   20      0.000143699250     -0.000059564139      0.000045411240
   21     -0.000209510300     -0.000019782315     -0.000041795203
   22      0.000013507722      0.000055201222      0.000061066854
   23      0.000036954178      0.000089731956      0.000048734008
   24     -0.000136924404     -0.000037238171      0.000018483258
   25     -0.000048789823     -0.000156005520      0.000055958514
   26     -0.000193839657      0.000112289516      0.000032833994
   27     -0.000144766769     -0.000012393404      0.000015991110
   28     -0.000033801467     -0.000039118068      0.000049335555
   29     -0.000010658034      0.000092705232      0.000099628551
   30      0.000040995298      0.000149260555      0.000023126828
   31      0.000246144777      0.000236189066     -0.000116498478
   32     -0.000035758533     -0.000181209606     -0.000113016000
   33      0.000044050325     -0.000273815340     -0.000184303500
   34     -0.000024003900      0.000039804605     -0.000002023902
   35      0.000124625651     -0.000082877125     -0.000023322118
   36      0.000122758313      0.000019746890      0.000143390841

Maximal derivative component:        0.273815E-03 au

Dipole moment:    1.63721845   -1.04169219    0.96640730 au
Dipole moment:    4.16139456   -2.64771765    2.45636254 Debye


