 Fermi distribution function

Calculation with static geometry


********************************************************************************
 iSCC Total electronic   Diff electronic      SCC error    
   14   -0.60165866E+02   -0.11782930E-09    0.57573477E-05
********************************************************************************

 Total charge:    -0.00000000

 Atomic gross charges (e)
 Atom           Charge
    1       0.04296808
    2      -0.23249147
    3       0.27824359
    4      -0.18151596
    5       0.68714065
    6      -0.58445617
    7      -0.49799650
    8      -0.08994353
    9      -0.20380521
   10       0.36951962
   11      -0.24208996
   12      -0.01616196
   13      -0.09956948
   14      -0.09314050
   15       0.17770433
   16      -0.13313158
   17       0.08703836
   18       0.16799969
   19      -0.27545732
   20      -0.11597383
   21      -0.07152735
   22       0.67385484
   23      -0.55645795
   24      -0.51423467
   25      -0.12032203
   26       0.06573769
   27       0.06885468
   28       0.06985714
   29       0.37591417
   30       0.13080334
   31       0.12305852
   32       0.10882055
   33       0.11996577
   34       0.37989727
   35       0.10089720

Nr. of electrons (up):     63.00000000
Atom populations (up)
 Atom       Population
    1       1.97983216
    2       3.09352925
    3       1.86113797
    4       2.08984672
    5       1.65832008
    6       3.29031516
    7       3.24921784
    8       2.07295623
    9       2.08937987
   10       1.83735352
   11       3.62060441
   12       1.94944968
   13       2.56452142
   14       2.56126184
   15       1.88895166
   16       2.09327669
   17       1.94980309
   18       1.91659085
   19       2.63657550
   20       2.08752547
   21       2.03990743
   22       1.66695824
   23       3.27623915
   24       3.25774855
   25       2.05020346
   26       0.46686140
   27       0.46192282
   28       0.46493356
   29       0.31202446
   30       0.43285091
   31       0.43875953
   32       0.44339919
   33       0.43809323
   34       0.30999770
   35       0.44965096

l-shell populations (up)
 Atom Sh.   l       Population
    1   1   0       0.61537567
    1   2   1       1.36445649
    2   1   0       0.84798900
    2   2   1       2.24554024
    3   1   0       0.56664292
    3   2   1       1.29449505
    4   1   0       0.60242438
    4   2   1       1.48742235
    5   1   0       0.52010457
    5   2   1       1.13821551
    6   1   0       0.88196629
    6   2   1       2.40834887
    7   1   0       0.87327358
    7   2   1       2.37594426
    8   1   0       0.61712997
    8   2   1       1.45582627
    9   1   0       0.61401381
    9   2   1       1.47536606
   10   1   0       0.55686609
   10   2   1       1.28048743
   11   1   0       0.94376875
   11   2   1       2.67683566
   12   1   0       0.58519468
   12   2   1       1.36425500
   13   1   0       0.72212360
   13   2   1       1.84239782
   14   1   0       0.72175999
   14   2   1       1.83950185
   15   1   0       0.57080030
   15   2   1       1.31815136
   16   1   0       0.61898677
   16   2   1       1.47428991
   17   1   0       0.58007253
   17   2   1       1.36973056
   18   1   0       0.58420027
   18   2   1       1.33239058
   19   1   0       0.81648147
   19   2   1       1.82009403
   20   1   0       0.61738913
   20   2   1       1.47013634
   21   1   0       0.59962625
   21   2   1       1.44028118
   22   1   0       0.52233232
   22   2   1       1.14462593
   23   1   0       0.88050057
   23   2   1       2.39573858
   24   1   0       0.87470398
   24   2   1       2.38304458
   25   1   0       0.61861189
   25   2   1       1.43159157
   26   1   0       0.46686140
   27   1   0       0.46192282
   28   1   0       0.46493356
   29   1   0       0.31202446
   30   1   0       0.43285091
   31   1   0       0.43875953
   32   1   0       0.44339919
   33   1   0       0.43809323
   34   1   0       0.30999770
   35   1   0       0.44965096

Orbital populations (up)
 Atom Sh.   l   m       Population
    1   1   0   0       0.61537567
    1   2   1  -1       0.46888326
    1   2   1   0       0.41173652
    1   2   1   1       0.48383671
    2   1   0   0       0.84798900
    2   2   1  -1       0.64952893
    2   2   1   0       0.73741939
    2   2   1   1       0.85859192
    3   1   0   0       0.56664292
    3   2   1  -1       0.38382768
    3   2   1   0       0.46504707
    3   2   1   1       0.44562030
    4   1   0   0       0.60242438
    4   2   1  -1       0.48332093
    4   2   1   0       0.48556160
    4   2   1   1       0.51853982
    5   1   0   0       0.52010457
    5   2   1  -1       0.35746602
    5   2   1   0       0.38439617
    5   2   1   1       0.39635332
    6   1   0   0       0.88196629
    6   2   1  -1       0.87616228
    6   2   1   0       0.72745920
    6   2   1   1       0.80472739
    7   1   0   0       0.87327358
    7   2   1  -1       0.71998839
    7   2   1   0       0.85958416
    7   2   1   1       0.79637171
    8   1   0   0       0.61712997
    8   2   1  -1       0.46827503
    8   2   1   0       0.49600907
    8   2   1   1       0.49154216
    9   1   0   0       0.61401381
    9   2   1  -1       0.48364464
    9   2   1   0       0.49124013
    9   2   1   1       0.50048129
   10   1   0   0       0.55686609
   10   2   1  -1       0.40588975
   10   2   1   0       0.44496068
   10   2   1   1       0.42963700
   11   1   0   0       0.94376875
   11   2   1  -1       0.91223874
   11   2   1   0       0.90689933
   11   2   1   1       0.85769759
   12   1   0   0       0.58519468
   12   2   1  -1       0.48104046
   12   2   1   0       0.36147105
   12   2   1   1       0.52174349
   13   1   0   0       0.72212360
   13   2   1  -1       0.79382452
   13   2   1   0       0.48999833
   13   2   1   1       0.55857497
   14   1   0   0       0.72175999
   14   2   1  -1       0.72185859
   14   2   1   0       0.60862535
   14   2   1   1       0.50901791
   15   1   0   0       0.57080030
   15   2   1  -1       0.47292406
   15   2   1   0       0.38805673
   15   2   1   1       0.45717057
   16   1   0   0       0.61898677
   16   2   1  -1       0.50522490
   16   2   1   0       0.49272765
   16   2   1   1       0.47633736
   17   1   0   0       0.58007253
   17   2   1  -1       0.46102443
   17   2   1   0       0.46222399
   17   2   1   1       0.44648214
   18   1   0   0       0.58420027
   18   2   1  -1       0.44369901
   18   2   1   0       0.44922712
   18   2   1   1       0.43946445
   19   1   0   0       0.81648147
   19   2   1  -1       0.61771168
   19   2   1   0       0.56305825
   19   2   1   1       0.63932411
   20   1   0   0       0.61738913
   20   2   1  -1       0.49680946
   20   2   1   0       0.48252223
   20   2   1   1       0.49080465
   21   1   0   0       0.59962625
   21   2   1  -1       0.49363190
   21   2   1   0       0.47243441
   21   2   1   1       0.47421487
   22   1   0   0       0.52233232
   22   2   1  -1       0.38336159
   22   2   1   0       0.40460531
   22   2   1   1       0.35665902
   23   1   0   0       0.88050057
   23   2   1  -1       0.84214207
   23   2   1   0       0.77846263
   23   2   1   1       0.77513388
   24   1   0   0       0.87470398
   24   2   1  -1       0.76742197
   24   2   1   0       0.79350536
   24   2   1   1       0.82211725
   25   1   0   0       0.61861189
   25   2   1  -1       0.47774615
   25   2   1   0       0.48057456
   25   2   1   1       0.47327086
   26   1   0   0       0.46686140
   27   1   0   0       0.46192282
   28   1   0   0       0.46493356
   29   1   0   0       0.31202446
   30   1   0   0       0.43285091
   31   1   0   0       0.43875953
   32   1   0   0       0.44339919
   33   1   0   0       0.43809323
   34   1   0   0       0.30999770
   35   1   0   0       0.44965096

Nr. of electrons (down):     63.00000000
Atom populations (down)
 Atom       Population
    1       1.97719976
    2       3.13896222
    3       1.86061844
    4       2.09166924
    5       1.65453928
    6       3.29414102
    7       3.24877866
    8       2.01698730
    9       2.11442534
   10       1.79312686
   11       3.62148555
   12       2.06671228
   13       2.53504806
   14       2.53187866
   15       1.93334401
   16       2.03985489
   17       1.96315855
   18       1.91540945
   19       2.63888182
   20       2.02844836
   21       2.03161992
   22       1.65918692
   23       3.28021881
   24       3.25648611
   25       2.07011857
   26       0.46740091
   27       0.46922250
   28       0.46520931
   29       0.31206136
   30       0.43634575
   31       0.43818195
   32       0.44778026
   33       0.44194100
   34       0.31010503
   35       0.44945184

l-shell populations (down)
 Atom Sh.   l       Population
    1   1   0       0.61452380
    1   2   1       1.36267596
    2   1   0       0.84875276
    2   2   1       2.29020946
    3   1   0       0.56390691
    3   2   1       1.29671153
    4   1   0       0.60317012
    4   2   1       1.48849912
    5   1   0       0.52000072
    5   2   1       1.13453856
    6   1   0       0.88203163
    6   2   1       2.41210939
    7   1   0       0.87330159
    7   2   1       2.37547708
    8   1   0       0.61452436
    8   2   1       1.40246295
    9   1   0       0.61630577
    9   2   1       1.49811957
   10   1   0       0.55284081
   10   2   1       1.24028606
   11   1   0       0.94399149
   11   2   1       2.67749406
   12   1   0       0.59508604
   12   2   1       1.47162624
   13   1   0       0.75549233
   13   2   1       1.77955573
   14   1   0       0.75054116
   14   2   1       1.78133750
   15   1   0       0.57909590
   15   2   1       1.35424812
   16   1   0       0.61530558
   16   2   1       1.42454931
   17   1   0       0.58206705
   17   2   1       1.38109150
   18   1   0       0.58391471
   18   2   1       1.33149474
   19   1   0       0.81652106
   19   2   1       1.82236077
   20   1   0       0.61489232
   20   2   1       1.41355605
   21   1   0       0.59990975
   21   2   1       1.43171017
   22   1   0       0.52239742
   22   2   1       1.13678951
   23   1   0       0.88059914
   23   2   1       2.39961967
   24   1   0       0.87475989
   24   2   1       2.38172623
   25   1   0       0.61870534
   25   2   1       1.45141323
   26   1   0       0.46740091
   27   1   0       0.46922250
   28   1   0       0.46520931
   29   1   0       0.31206136
   30   1   0       0.43634575
   31   1   0       0.43818195
   32   1   0       0.44778026
   33   1   0       0.44194100
   34   1   0       0.31010503
   35   1   0       0.44945184

Orbital populations (down)
 Atom Sh.   l   m       Population
    1   1   0   0       0.61452380
    1   2   1  -1       0.46929419
    1   2   1   0       0.41093007
    1   2   1   1       0.48245170
    2   1   0   0       0.84875276
    2   2   1  -1       0.66176899
    2   2   1   0       0.75066132
    2   2   1   1       0.87777915
    3   1   0   0       0.56390691
    3   2   1  -1       0.38517235
    3   2   1   0       0.46510805
    3   2   1   1       0.44643113
    4   1   0   0       0.60317012
    4   2   1  -1       0.48388533
    4   2   1   0       0.48787297
    4   2   1   1       0.51674081
    5   1   0   0       0.52000072
    5   2   1  -1       0.35693856
    5   2   1   0       0.38349911
    5   2   1   1       0.39410089
    6   1   0   0       0.88203163
    6   2   1  -1       0.87798920
    6   2   1   0       0.72734598
    6   2   1   1       0.80677422
    7   1   0   0       0.87330159
    7   2   1  -1       0.72011871
    7   2   1   0       0.85941227
    7   2   1   1       0.79594610
    8   1   0   0       0.61452436
    8   2   1  -1       0.45806405
    8   2   1   0       0.47835027
    8   2   1   1       0.46604862
    9   1   0   0       0.61630577
    9   2   1  -1       0.48973451
    9   2   1   0       0.49474424
    9   2   1   1       0.51364082
   10   1   0   0       0.55284081
   10   2   1  -1       0.41452934
   10   2   1   0       0.42210068
   10   2   1   1       0.40365604
   11   1   0   0       0.94399149
   11   2   1  -1       0.91413396
   11   2   1   0       0.90429781
   11   2   1   1       0.85906229
   12   1   0   0       0.59508604
   12   2   1  -1       0.48565508
   12   2   1   0       0.46126429
   12   2   1   1       0.52470687
   13   1   0   0       0.75549233
   13   2   1  -1       0.54206634
   13   2   1   0       0.63929388
   13   2   1   1       0.59819550
   14   1   0   0       0.75054116
   14   2   1  -1       0.53330369
   14   2   1   0       0.73997336
   14   2   1   1       0.50806046
   15   1   0   0       0.57909590
   15   2   1  -1       0.46785167
   15   2   1   0       0.42535820
   15   2   1   1       0.46103825
   16   1   0   0       0.61530558
   16   2   1  -1       0.48799878
   16   2   1   0       0.47868853
   16   2   1   1       0.45786200
   17   1   0   0       0.58206705
   17   2   1  -1       0.46435695
   17   2   1   0       0.46454576
   17   2   1   1       0.45218880
   18   1   0   0       0.58391471
   18   2   1  -1       0.44343381
   18   2   1   0       0.44880586
   18   2   1   1       0.43925508
   19   1   0   0       0.81652106
   19   2   1  -1       0.61925668
   19   2   1   0       0.56329790
   19   2   1   1       0.63980619
   20   1   0   0       0.61489232
   20   2   1  -1       0.46697259
   20   2   1   0       0.47100987
   20   2   1   1       0.47557358
   21   1   0   0       0.59990975
   21   2   1  -1       0.48726752
   21   2   1   0       0.47181228
   21   2   1   1       0.47263037
   22   1   0   0       0.52239742
   22   2   1  -1       0.38032294
   22   2   1   0       0.40221704
   22   2   1   1       0.35424953
   23   1   0   0       0.88059914
   23   2   1  -1       0.84286782
   23   2   1   0       0.78144931
   23   2   1   1       0.77530253
   24   1   0   0       0.87475989
   24   2   1  -1       0.76683844
   24   2   1   0       0.79301630
   24   2   1   1       0.82187149
   25   1   0   0       0.61870534
   25   2   1  -1       0.49819534
   25   2   1   0       0.46830048
   25   2   1   1       0.48491741
   26   1   0   0       0.46740091
   27   1   0   0       0.46922250
   28   1   0   0       0.46520931
   29   1   0   0       0.31206136
   30   1   0   0       0.43634575
   31   1   0   0       0.43818195
   32   1   0   0       0.44778026
   33   1   0   0       0.44194100
   34   1   0   0       0.31010503
   35   1   0   0       0.44945184

Spin  up
Fermi level:                        -0.1770189467 H           -4.8169 eV
Band energy:                       -30.4039148475 H         -827.3326 eV
TS:                                  0.0000000000 H            0.0000 eV
Band free energy (E-TS):           -30.4039148475 H         -827.3326 eV
Extrapolated E(0K):                -30.4039148475 H         -827.3326 eV
Input / Output electrons (up):     63.0000000000     63.0000000000

Spin  down
Fermi level:                        -0.1762873245 H           -4.7970 eV
Band energy:                       -30.4062272338 H         -827.3955 eV
TS:                                  0.0000000000 H            0.0000 eV
Band free energy (E-TS):           -30.4062272338 H         -827.3955 eV
Extrapolated E(0K):                -30.4062272338 H         -827.3955 eV
Input / Output electrons (down):     63.0000000000     63.0000000000

Energy H0:                         -60.2489468258 H        -1639.4573 eV
Energy SCC:                          0.0914683799 H            2.4890 eV
Energy SPIN:                        -0.0003834350 H           -0.0104 eV
Total Electronic energy:           -60.1658659425 H        -1637.1965 eV
Repulsive energy:                    1.0983392942 H           29.8873 eV
Total energy:                      -59.0675266483 H        -1607.3092 eV
Extrapolated to 0:                 -59.0675266483 H        -1607.3092 eV
Total Mermin free energy:          -59.0675266483 H        -1607.3092 eV
Force related energy:              -59.0675266483 H        -1607.3092 eV

SCC converged

Dipole moment:    1.74859531    1.64087009    1.09459814 au
Dipole moment:    4.44448631    4.17067609    2.78219119 Debye


