 Fermi distribution function

Calculation with static geometry


********************************************************************************
 iSCC Total electronic   Diff electronic      SCC error    
   19   -0.58351671E+02   -0.40550674E-10    0.52095127E-05
********************************************************************************

 Total charge:    -0.00000000

 Atomic gross charges (e)
 Atom           Charge
    1      -0.28507564
    2       0.16551651
    3       0.01043722
    4      -0.07177420
    5      -0.11340550
    6      -0.07833818
    7       0.66018213
    8      -0.52970251
    9      -0.50838564
   10       0.05997609
   11       0.17781085
   12      -0.23855290
   13       0.12435937
   14      -0.04263794
   15      -0.05023668
   16       0.07106112
   17      -0.10830181
   18      -0.08047206
   19       0.68063212
   20      -0.56093034
   21      -0.50057025
   22      -0.08031673
   23      -0.17759479
   24       0.37185259
   25      -0.24090504
   26       0.10339296
   27       0.11441789
   28       0.38016525
   29       0.12713646
   30       0.37929215
   31       0.12201278
   32       0.11895473

Nr. of electrons (up):     61.00000000
Atom populations (up)
 Atom       Population
    1       2.65187787
    2       1.91663774
    3       2.02129680
    4       2.02792436
    5       2.08068317
    6       2.04831634
    7       1.67343917
    8       3.26483022
    9       3.25418078
   10       1.95827707
   11       1.91252551
   12       2.61344767
   13       1.92640808
   14       2.51044484
   15       2.52487070
   16       1.92412770
   17       2.07500882
   18       2.03012512
   19       1.66052612
   20       3.27449633
   21       3.25009347
   22       2.05861321
   23       2.09100437
   24       1.81225686
   25       3.61727684
   26       0.44837334
   27       0.44114714
   28       0.30988763
   29       0.43435640
   30       0.31034687
   31       0.43759655
   32       0.43960289

l-shell populations (up)
 Atom Sh.   l       Population
    1   1   0       0.81652095
    1   2   1       1.83535692
    2   1   0       0.58105853
    2   2   1       1.33557922
    3   1   0       0.58483459
    3   2   1       1.43646221
    4   1   0       0.61341883
    4   2   1       1.41450552
    5   1   0       0.61487059
    5   2   1       1.46581258
    6   1   0       0.60333255
    6   2   1       1.44498379
    7   1   0       0.52229015
    7   2   1       1.15114903
    8   1   0       0.87886972
    8   2   1       2.38596050
    9   1   0       0.87448033
    9   2   1       2.37970045
   10   1   0       0.58737299
   10   2   1       1.37090408
   11   1   0       0.57806448
   11   2   1       1.33446103
   12   1   0       0.81593032
   12   2   1       1.79751736
   13   1   0       0.57788422
   13   2   1       1.34852386
   14   1   0       0.71360027
   14   2   1       1.79684457
   15   1   0       0.71803801
   15   2   1       1.80683269
   16   1   0       0.57788536
   16   2   1       1.34624234
   17   1   0       0.61942467
   17   2   1       1.45558415
   18   1   0       0.59951860
   18   2   1       1.43060652
   19   1   0       0.52184705
   19   2   1       1.13867907
   20   1   0       0.88101809
   20   2   1       2.39347823
   21   1   0       0.87348133
   21   2   1       2.37661214
   22   1   0       0.61598712
   22   2   1       1.44262609
   23   1   0       0.61513464
   23   2   1       1.47586973
   24   1   0       0.55794206
   24   2   1       1.25431480
   25   1   0       0.94411887
   25   2   1       2.67315796
   26   1   0       0.44837334
   27   1   0       0.44114714
   28   1   0       0.30988763
   29   1   0       0.43435640
   30   1   0       0.31034687
   31   1   0       0.43759655
   32   1   0       0.43960289

Orbital populations (up)
 Atom Sh.   l   m       Population
    1   1   0   0       0.81652095
    1   2   1  -1       0.57818227
    1   2   1   0       0.66548790
    1   2   1   1       0.59168675
    2   1   0   0       0.58105853
    2   2   1  -1       0.44905334
    2   2   1   0       0.43684548
    2   2   1   1       0.44968039
    3   1   0   0       0.58483459
    3   2   1  -1       0.47437825
    3   2   1   0       0.46175089
    3   2   1   1       0.50033306
    4   1   0   0       0.61341883
    4   2   1  -1       0.47400607
    4   2   1   0       0.47037439
    4   2   1   1       0.47012506
    5   1   0   0       0.61487059
    5   2   1  -1       0.46936725
    5   2   1   0       0.48563200
    5   2   1   1       0.51081333
    6   1   0   0       0.60333255
    6   2   1  -1       0.46575779
    6   2   1   0       0.48699593
    6   2   1   1       0.49223007
    7   1   0   0       0.52229015
    7   2   1  -1       0.35790844
    7   2   1   0       0.40224674
    7   2   1   1       0.39099385
    8   1   0   0       0.87886972
    8   2   1  -1       0.73943575
    8   2   1   0       0.83404492
    8   2   1   1       0.81247982
    9   1   0   0       0.87448033
    9   2   1  -1       0.83351010
    9   2   1   0       0.74514736
    9   2   1   1       0.80104299
   10   1   0   0       0.58737299
   10   2   1  -1       0.44026091
   10   2   1   0       0.47087686
   10   2   1   1       0.45976631
   11   1   0   0       0.57806448
   11   2   1  -1       0.42688028
   11   2   1   0       0.45175502
   11   2   1   1       0.45582573
   12   1   0   0       0.81593032
   12   2   1  -1       0.68953565
   12   2   1   0       0.56401831
   12   2   1   1       0.54396339
   13   1   0   0       0.57788422
   13   2   1  -1       0.39881035
   13   2   1   0       0.43562825
   13   2   1   1       0.51408526
   14   1   0   0       0.71360027
   14   2   1  -1       0.64931428
   14   2   1   0       0.61232008
   14   2   1   1       0.53521021
   15   1   0   0       0.71803801
   15   2   1  -1       0.53199352
   15   2   1   0       0.74744006
   15   2   1   1       0.52739910
   16   1   0   0       0.57788536
   16   2   1  -1       0.40350213
   16   2   1   0       0.44030469
   16   2   1   1       0.50243553
   17   1   0   0       0.61942467
   17   2   1  -1       0.49307492
   17   2   1   0       0.48334105
   17   2   1   1       0.47916819
   18   1   0   0       0.59951860
   18   2   1  -1       0.49103952
   18   2   1   0       0.46247846
   18   2   1   1       0.47708854
   19   1   0   0       0.52184705
   19   2   1  -1       0.38427794
   19   2   1   0       0.36331514
   19   2   1   1       0.39108599
   20   1   0   0       0.88101809
   20   2   1  -1       0.72474257
   20   2   1   0       0.92579523
   20   2   1   1       0.74294043
   21   1   0   0       0.87348133
   21   2   1  -1       0.87278602
   21   2   1   0       0.64707760
   21   2   1   1       0.85674852
   22   1   0   0       0.61598712
   22   2   1  -1       0.49263774
   22   2   1   0       0.45820500
   22   2   1   1       0.49178334
   23   1   0   0       0.61513464
   23   2   1  -1       0.50029112
   23   2   1   0       0.47855292
   23   2   1   1       0.49702570
   24   1   0   0       0.55794206
   24   2   1  -1       0.44069078
   24   2   1   0       0.39479362
   24   2   1   1       0.41883041
   25   1   0   0       0.94411887
   25   2   1  -1       0.89971465
   25   2   1   0       0.89117735
   25   2   1   1       0.88226597
   26   1   0   0       0.44837334
   27   1   0   0       0.44114714
   28   1   0   0       0.30988763
   29   1   0   0       0.43435640
   30   1   0   0       0.31034687
   31   1   0   0       0.43759655
   32   1   0   0       0.43960289

Nr. of electrons (down):     61.00000000
Atom populations (down)
 Atom       Population
    1       2.63319777
    2       1.91784575
    3       1.96826598
    4       2.04384985
    5       2.03272233
    6       2.03002184
    7       1.66637870
    8       3.26487229
    9       3.25420486
   10       1.98174684
   11       1.90966364
   12       2.62510523
   13       1.94923255
   14       2.53219310
   15       2.52536598
   16       2.00481118
   17       2.03329299
   18       2.05034694
   19       1.65884176
   20       3.28643401
   21       3.25047678
   22       2.02170352
   23       2.08659042
   24       1.81589055
   25       3.62362820
   26       0.44823370
   27       0.44443497
   28       0.30994713
   29       0.43850714
   30       0.31036097
   31       0.44039067
   32       0.44144237

l-shell populations (down)
 Atom Sh.   l       Population
    1   1   0       0.81631241
    1   2   1       1.81688536
    2   1   0       0.58247666
    2   2   1       1.33536908
    3   1   0       0.58201578
    3   2   1       1.38625020
    4   1   0       0.61537578
    4   2   1       1.42847407
    5   1   0       0.61296906
    5   2   1       1.41975327
    6   1   0       0.60297145
    6   2   1       1.42705039
    7   1   0       0.52245951
    7   2   1       1.14391918
    8   1   0       0.87892618
    8   2   1       2.38594611
    9   1   0       0.87456000
    9   2   1       2.37964486
   10   1   0       0.58696049
   10   2   1       1.39478635
   11   1   0       0.57754223
   11   2   1       1.33212141
   12   1   0       0.81609438
   12   2   1       1.80901084
   13   1   0       0.58526230
   13   2   1       1.36397025
   14   1   0       0.74694154
   14   2   1       1.78525156
   15   1   0       0.75206783
   15   2   1       1.77329815
   16   1   0       0.58777387
   16   2   1       1.41703730
   17   1   0       0.61551634
   17   2   1       1.41777665
   18   1   0       0.60112599
   18   2   1       1.44922095
   19   1   0       0.52148144
   19   2   1       1.13736031
   20   1   0       0.88114539
   20   2   1       2.40528861
   21   1   0       0.87351787
   21   2   1       2.37695892
   22   1   0       0.61427712
   22   2   1       1.40742640
   23   1   0       0.61550090
   23   2   1       1.47108952
   24   1   0       0.55677109
   24   2   1       1.25911946
   25   1   0       0.94414875
   25   2   1       2.67947945
   26   1   0       0.44823370
   27   1   0       0.44443497
   28   1   0       0.30994713
   29   1   0       0.43850714
   30   1   0       0.31036097
   31   1   0       0.44039067
   32   1   0       0.44144237

Orbital populations (down)
 Atom Sh.   l   m       Population
    1   1   0   0       0.81631241
    1   2   1  -1       0.57120841
    1   2   1   0       0.66064366
    1   2   1   1       0.58503328
    2   1   0   0       0.58247666
    2   2   1  -1       0.44946576
    2   2   1   0       0.43656526
    2   2   1   1       0.44933807
    3   1   0   0       0.58201578
    3   2   1  -1       0.44943953
    3   2   1   0       0.45414578
    3   2   1   1       0.48266489
    4   1   0   0       0.61537578
    4   2   1  -1       0.47626772
    4   2   1   0       0.47322877
    4   2   1   1       0.47897758
    5   1   0   0       0.61296906
    5   2   1  -1       0.46540160
    5   2   1   0       0.47007730
    5   2   1   1       0.48427438
    6   1   0   0       0.60297145
    6   2   1  -1       0.46336112
    6   2   1   0       0.47768820
    6   2   1   1       0.48600107
    7   1   0   0       0.52245951
    7   2   1  -1       0.35714594
    7   2   1   0       0.40113998
    7   2   1   1       0.38563326
    8   1   0   0       0.87892618
    8   2   1  -1       0.73987261
    8   2   1   0       0.83686129
    8   2   1   1       0.80921221
    9   1   0   0       0.87456000
    9   2   1  -1       0.83449686
    9   2   1   0       0.74517211
    9   2   1   1       0.79997589
   10   1   0   0       0.58696049
   10   2   1  -1       0.44172967
   10   2   1   0       0.47583149
   10   2   1   1       0.47722519
   11   1   0   0       0.57754223
   11   2   1  -1       0.42653118
   11   2   1   0       0.45057755
   11   2   1   1       0.45501269
   12   1   0   0       0.81609438
   12   2   1  -1       0.69114317
   12   2   1   0       0.56384224
   12   2   1   1       0.55402543
   13   1   0   0       0.58526230
   13   2   1  -1       0.42947276
   13   2   1   0       0.44894616
   13   2   1   1       0.48555132
   14   1   0   0       0.74694154
   14   2   1  -1       0.68279216
   14   2   1   0       0.54705368
   14   2   1   1       0.55540572
   15   1   0   0       0.75206783
   15   2   1  -1       0.62609037
   15   2   1   0       0.61568141
   15   2   1   1       0.53152638
   16   1   0   0       0.58777387
   16   2   1  -1       0.46540926
   16   2   1   0       0.45285213
   16   2   1   1       0.49877591
   17   1   0   0       0.61551634
   17   2   1  -1       0.47833635
   17   2   1   0       0.48045372
   17   2   1   1       0.45898658
   18   1   0   0       0.60112599
   18   2   1  -1       0.49346817
   18   2   1   0       0.46440533
   18   2   1   1       0.49134744
   19   1   0   0       0.52148144
   19   2   1  -1       0.38398208
   19   2   1   0       0.36318722
   19   2   1   1       0.39019102
   20   1   0   0       0.88114539
   20   2   1  -1       0.72900494
   20   2   1   0       0.93266764
   20   2   1   1       0.74361603
   21   1   0   0       0.87351787
   21   2   1  -1       0.87269696
   21   2   1   0       0.64754126
   21   2   1   1       0.85672070
   22   1   0   0       0.61427712
   22   2   1  -1       0.47593682
   22   2   1   0       0.45613975
   22   2   1   1       0.47534983
   23   1   0   0       0.61550090
   23   2   1  -1       0.49873065
   23   2   1   0       0.47929271
   23   2   1   1       0.49306615
   24   1   0   0       0.55677109
   24   2   1  -1       0.43296789
   24   2   1   0       0.40033350
   24   2   1   1       0.42581806
   25   1   0   0       0.94414875
   25   2   1  -1       0.89929195
   25   2   1   0       0.89126168
   25   2   1   1       0.88892582
   26   1   0   0       0.44823370
   27   1   0   0       0.44443497
   28   1   0   0       0.30994713
   29   1   0   0       0.43850714
   30   1   0   0       0.31036097
   31   1   0   0       0.44039067
   32   1   0   0       0.44144237

Spin  up
Fermi level:                        -0.1889364447 H           -5.1412 eV
Band energy:                       -29.6923880249 H         -807.9710 eV
TS:                                  0.0000000000 H            0.0000 eV
Band free energy (E-TS):           -29.6923880249 H         -807.9710 eV
Extrapolated E(0K):                -29.6923880249 H         -807.9710 eV
Input / Output electrons (up):     61.0000000000     61.0000000000

Spin  down
Fermi level:                        -0.1891582597 H           -5.1473 eV
Band energy:                       -29.6943348605 H         -808.0240 eV
TS:                                  0.0000000000 H            0.0000 eV
Band free energy (E-TS):           -29.6943348605 H         -808.0240 eV
Extrapolated E(0K):                -29.6943348605 H         -808.0240 eV
Input / Output electrons (down):     61.0000000000     61.0000000000

Energy H0:                         -58.4317604389 H        -1590.0091 eV
Energy SCC:                          0.0865007085 H            2.3538 eV
Energy SPIN:                        -0.0002106525 H           -0.0057 eV
Total Electronic energy:           -58.3516710647 H        -1587.8298 eV
Repulsive energy:                    1.3305776107 H           36.2069 eV
Total energy:                      -57.0210934541 H        -1551.6229 eV
Extrapolated to 0:                 -57.0210934541 H        -1551.6229 eV
Total Mermin free energy:          -57.0210934541 H        -1551.6229 eV
Force related energy:              -57.0210934541 H        -1551.6229 eV

SCC converged

Dipole moment:    0.28906662    1.22840797   -0.02209398 au
Dipole moment:    0.73473413    3.12230188   -0.05615731 Debye


