 Fermi distribution function

Calculation with static geometry


********************************************************************************
 iSCC Total electronic   Diff electronic      SCC error    
   19   -0.55304105E+02   -0.35426240E-09    0.74514447E-05
********************************************************************************

 Total charge:    -0.00000000

 Atomic gross charges (e)
 Atom           Charge
    1      -0.25020021
    2       0.05081164
    3      -0.11579983
    4      -0.09480941
    5       0.66841738
    6      -0.48779808
    7      -0.47713325
    8      -0.15299143
    9       0.15922375
   10      -0.06383395
   11      -0.07867201
   12       0.17506175
   13      -0.24157688
   14       0.42183179
   15      -0.25625153
   16      -0.20929261
   17      -0.06026360
   18       0.68220161
   19      -0.56302416
   20      -0.51003168
   21      -0.16036302
   22      -0.01551442
   23      -0.24042383
   24       0.09128901
   25       0.09113200
   26       0.08870816
   27       0.11093393
   28       0.35223288
   29       0.07602452
   30       0.11458487
   31       0.13363120
   32       0.37817585
   33       0.10949353
   34       0.09245525
   35       0.08804965
   36       0.09372114

Nr. of electrons (up):     59.00000000
Atom populations (up)
 Atom       Population
    1       2.12548615
    2       1.96856537
    3       2.10256646
    4       2.03216902
    5       1.66666385
    6       3.21634002
    7       3.23575508
    8       2.10350064
    9       1.89349370
   10       2.47926866
   11       2.49081918
   12       1.89223549
   13       2.15951053
   14       1.77949130
   15       3.62632545
   16       2.15307854
   17       2.02619956
   18       1.65980355
   19       3.28126995
   20       3.25514960
   21       2.10727418
   22       2.04977947
   23       2.11331694
   24       0.45424614
   25       0.45436505
   26       0.45556233
   27       0.44204333
   28       0.32401068
   29       0.46008673
   30       0.44055482
   31       0.43057637
   32       0.31090011
   33       0.44299185
   34       0.45524811
   35       0.45587194
   36       0.45547986

l-shell populations (up)
 Atom Sh.   l       Population
    1   1   0       0.63979391
    1   2   1       1.48569223
    2   1   0       0.59074358
    2   2   1       1.37782178
    3   1   0       0.61763637
    3   2   1       1.48493010
    4   1   0       0.60335722
    4   2   1       1.42881180
    5   1   0       0.52400965
    5   2   1       1.14265420
    6   1   0       0.87786052
    6   2   1       2.33847950
    7   1   0       0.86787976
    7   2   1       2.36787532
    8   1   0       0.61685318
    8   2   1       1.48664745
    9   1   0       0.57087012
    9   2   1       1.32262357
   10   1   0       0.74296355
   10   2   1       1.73630511
   11   1   0       0.74471688
   11   2   1       1.74610230
   12   1   0       0.56904213
   12   2   1       1.32319337
   13   1   0       0.62077763
   13   2   1       1.53873290
   14   1   0       0.54889091
   14   2   1       1.23060040
   15   1   0       0.94464657
   15   2   1       2.68167887
   16   1   0       0.62065551
   16   2   1       1.53242303
   17   1   0       0.59944817
   17   2   1       1.42675139
   18   1   0       0.52234309
   18   2   1       1.13746046
   19   1   0       0.88080148
   19   2   1       2.40046847
   20   1   0       0.87432906
   20   2   1       2.38082054
   21   1   0       0.61931395
   21   2   1       1.48796023
   22   1   0       0.59997040
   22   2   1       1.44980907
   23   1   0       0.63815461
   23   2   1       1.47516232
   24   1   0       0.45424614
   25   1   0       0.45436505
   26   1   0       0.45556233
   27   1   0       0.44204333
   28   1   0       0.32401068
   29   1   0       0.46008673
   30   1   0       0.44055482
   31   1   0       0.43057637
   32   1   0       0.31090011
   33   1   0       0.44299185
   34   1   0       0.45524811
   35   1   0       0.45587194
   36   1   0       0.45547986

Orbital populations (up)
 Atom Sh.   l   m       Population
    1   1   0   0       0.63979391
    1   2   1  -1       0.49650124
    1   2   1   0       0.49520643
    1   2   1   1       0.49398456
    2   1   0   0       0.59074358
    2   2   1  -1       0.45045183
    2   2   1   0       0.46066003
    2   2   1   1       0.46670992
    3   1   0   0       0.61763637
    3   2   1  -1       0.46084366
    3   2   1   0       0.50995922
    3   2   1   1       0.51412721
    4   1   0   0       0.60335722
    4   2   1  -1       0.45700507
    4   2   1   0       0.48197679
    4   2   1   1       0.48982994
    5   1   0   0       0.52400965
    5   2   1  -1       0.39861345
    5   2   1   0       0.37031584
    5   2   1   1       0.37372490
    6   1   0   0       0.87786052
    6   2   1  -1       0.87529036
    6   2   1   0       0.72874199
    6   2   1   1       0.73444715
    7   1   0   0       0.86787976
    7   2   1  -1       0.84495577
    7   2   1   0       0.71905509
    7   2   1   1       0.80386446
    8   1   0   0       0.61685318
    8   2   1  -1       0.44162595
    8   2   1   0       0.51350227
    8   2   1   1       0.53151923
    9   1   0   0       0.57087012
    9   2   1  -1       0.42412933
    9   2   1   0       0.42455556
    9   2   1   1       0.47393869
   10   1   0   0       0.74296355
   10   2   1  -1       0.51491625
   10   2   1   0       0.62187330
   10   2   1   1       0.59951556
   11   1   0   0       0.74471688
   11   2   1  -1       0.52872908
   11   2   1   0       0.62109404
   11   2   1   1       0.59627918
   12   1   0   0       0.56904213
   12   2   1  -1       0.42737318
   12   2   1   0       0.42194031
   12   2   1   1       0.47387987
   13   1   0   0       0.62077763
   13   2   1  -1       0.45105495
   13   2   1   0       0.53011159
   13   2   1   1       0.55756636
   14   1   0   0       0.54889091
   14   2   1  -1       0.32526429
   14   2   1   0       0.45212862
   14   2   1   1       0.45320748
   15   1   0   0       0.94464657
   15   2   1  -1       0.74573114
   15   2   1   0       0.97012204
   15   2   1   1       0.96582569
   16   1   0   0       0.62065551
   16   2   1  -1       0.46513886
   16   2   1   0       0.52489832
   16   2   1   1       0.54238585
   17   1   0   0       0.59944817
   17   2   1  -1       0.46135871
   17   2   1   0       0.47778316
   17   2   1   1       0.48760951
   18   1   0   0       0.52234309
   18   2   1  -1       0.36119353
   18   2   1   0       0.38720545
   18   2   1   1       0.38906148
   19   1   0   0       0.88080148
   19   2   1  -1       0.93010798
   19   2   1   0       0.73065613
   19   2   1   1       0.73970436
   20   1   0   0       0.87432906
   20   2   1  -1       0.65158008
   20   2   1   0       0.86065471
   20   2   1   1       0.86858575
   21   1   0   0       0.61931395
   21   2   1  -1       0.47904886
   21   2   1   0       0.49493967
   21   2   1   1       0.51397170
   22   1   0   0       0.59997040
   22   2   1  -1       0.44957066
   22   2   1   0       0.49304165
   22   2   1   1       0.50719676
   23   1   0   0       0.63815461
   23   2   1  -1       0.47509563
   23   2   1   0       0.49976709
   23   2   1   1       0.50029960
   24   1   0   0       0.45424614
   25   1   0   0       0.45436505
   26   1   0   0       0.45556233
   27   1   0   0       0.44204333
   28   1   0   0       0.32401068
   29   1   0   0       0.46008673
   30   1   0   0       0.44055482
   31   1   0   0       0.43057637
   32   1   0   0       0.31090011
   33   1   0   0       0.44299185
   34   1   0   0       0.45524811
   35   1   0   0       0.45587194
   36   1   0   0       0.45547986

Nr. of electrons (down):     59.00000000
Atom populations (down)
 Atom       Population
    1       2.12471406
    2       1.98062299
    3       2.01323337
    4       2.06264039
    5       1.66491877
    6       3.27145806
    7       3.24137817
    8       2.04949079
    9       1.94728256
   10       2.58456529
   11       2.58785282
   12       1.93270275
   13       2.08206635
   14       1.79867691
   15       3.62992608
   16       2.05621407
   17       2.03406404
   18       1.65799485
   19       3.28175420
   20       3.25488208
   21       2.05308884
   22       1.96573496
   23       2.12710689
   24       0.45446485
   25       0.45450295
   26       0.45572951
   27       0.44702274
   28       0.32375643
   29       0.46388875
   30       0.44486031
   31       0.43579243
   32       0.31092404
   33       0.44751463
   34       0.45229664
   35       0.45607841
   36       0.45079900

l-shell populations (down)
 Atom Sh.   l       Population
    1   1   0       0.63962498
    1   2   1       1.48508909
    2   1   0       0.59333711
    2   2   1       1.38728588
    3   1   0       0.61352468
    3   2   1       1.39970869
    4   1   0       0.60620379
    4   2   1       1.45643660
    5   1   0       0.52398562
    5   2   1       1.14093315
    6   1   0       0.87840998
    6   2   1       2.39304808
    7   1   0       0.86801294
    7   2   1       2.37336524
    8   1   0       0.61402872
    8   2   1       1.43546208
    9   1   0       0.57770337
    9   2   1       1.36957918
   10   1   0       0.76892051
   10   2   1       1.81564478
   11   1   0       0.76967893
   11   2   1       1.81817390
   12   1   0       0.57711464
   12   2   1       1.35558812
   13   1   0       0.61772528
   13   2   1       1.46434106
   14   1   0       0.55238895
   14   2   1       1.24628796
   15   1   0       0.94459588
   15   2   1       2.68533021
   16   1   0       0.61641654
   16   2   1       1.43979752
   17   1   0       0.60156979
   17   2   1       1.43249425
   18   1   0       0.52217229
   18   2   1       1.13582256
   19   1   0       0.88082085
   19   2   1       2.40093335
   20   1   0       0.87434290
   20   2   1       2.38053918
   21   1   0       0.61630778
   21   2   1       1.43678106
   22   1   0       0.59586476
   22   2   1       1.36987020
   23   1   0       0.63979667
   23   2   1       1.48731022
   24   1   0       0.45446485
   25   1   0       0.45450295
   26   1   0       0.45572951
   27   1   0       0.44702274
   28   1   0       0.32375643
   29   1   0       0.46388875
   30   1   0       0.44486031
   31   1   0       0.43579243
   32   1   0       0.31092404
   33   1   0       0.44751463
   34   1   0       0.45229664
   35   1   0       0.45607841
   36   1   0       0.45079900

Orbital populations (down)
 Atom Sh.   l   m       Population
    1   1   0   0       0.63962498
    1   2   1  -1       0.49633772
    1   2   1   0       0.49495450
    1   2   1   1       0.49379687
    2   1   0   0       0.59333711
    2   2   1  -1       0.45418501
    2   2   1   0       0.46364174
    2   2   1   1       0.46945914
    3   1   0   0       0.61352468
    3   2   1  -1       0.45580088
    3   2   1   0       0.47216275
    3   2   1   1       0.47174506
    4   1   0   0       0.60620379
    4   2   1  -1       0.46967465
    4   2   1   0       0.48800507
    4   2   1   1       0.49875689
    5   1   0   0       0.52398562
    5   2   1  -1       0.40102139
    5   2   1   0       0.36880680
    5   2   1   1       0.37110497
    6   1   0   0       0.87840998
    6   2   1  -1       0.91799469
    6   2   1   0       0.73170944
    6   2   1   1       0.74334395
    7   1   0   0       0.86801294
    7   2   1  -1       0.84799541
    7   2   1   0       0.72019403
    7   2   1   1       0.80517580
    8   1   0   0       0.61402872
    8   2   1  -1       0.46517714
    8   2   1   0       0.48237047
    8   2   1   1       0.48791447
    9   1   0   0       0.57770337
    9   2   1  -1       0.44405080
    9   2   1   0       0.44891432
    9   2   1   1       0.47661406
   10   1   0   0       0.76892051
   10   2   1  -1       0.73697625
   10   2   1   0       0.55775882
   10   2   1   1       0.52090971
   11   1   0   0       0.76967893
   11   2   1  -1       0.73735784
   11   2   1   0       0.55817591
   11   2   1   1       0.52264015
   12   1   0   0       0.57711464
   12   2   1  -1       0.44344291
   12   2   1   0       0.44190444
   12   2   1   1       0.47024077
   13   1   0   0       0.61772528
   13   2   1  -1       0.46706572
   13   2   1   0       0.49390497
   13   2   1   1       0.50337038
   14   1   0   0       0.55238895
   14   2   1  -1       0.32653875
   14   2   1   0       0.45725901
   14   2   1   1       0.46249020
   15   1   0   0       0.94459588
   15   2   1  -1       0.74651132
   15   2   1   0       0.97063688
   15   2   1   1       0.96818200
   16   1   0   0       0.61641654
   16   2   1  -1       0.46059357
   16   2   1   0       0.48723298
   16   2   1   1       0.49197097
   17   1   0   0       0.60156979
   17   2   1  -1       0.46392694
   17   2   1   0       0.47893350
   17   2   1   1       0.48963381
   18   1   0   0       0.52217229
   18   2   1  -1       0.36109248
   18   2   1   0       0.38672873
   18   2   1   1       0.38800135
   19   1   0   0       0.88082085
   19   2   1  -1       0.93072087
   19   2   1   0       0.73078121
   19   2   1   1       0.73943127
   20   1   0   0       0.87434290
   20   2   1  -1       0.65164937
   20   2   1   0       0.86050204
   20   2   1   1       0.86838777
   21   1   0   0       0.61630778
   21   2   1  -1       0.47638709
   21   2   1   0       0.48071020
   21   2   1   1       0.47968377
   22   1   0   0       0.59586476
   22   2   1  -1       0.44634840
   22   2   1   0       0.46580074
   22   2   1   1       0.45772106
   23   1   0   0       0.63979667
   23   2   1  -1       0.48119995
   23   2   1   0       0.50281747
   23   2   1   1       0.50329281
   24   1   0   0       0.45446485
   25   1   0   0       0.45450295
   26   1   0   0       0.45572951
   27   1   0   0       0.44702274
   28   1   0   0       0.32375643
   29   1   0   0       0.46388875
   30   1   0   0       0.44486031
   31   1   0   0       0.43579243
   32   1   0   0       0.31092404
   33   1   0   0       0.44751463
   34   1   0   0       0.45229664
   35   1   0   0       0.45607841
   36   1   0   0       0.45079900

Spin  up
Fermi level:                        -0.1893662265 H           -5.1529 eV
Band energy:                       -27.8085961375 H         -756.7104 eV
TS:                                  0.0000000000 H            0.0000 eV
Band free energy (E-TS):           -27.8085961375 H         -756.7104 eV
Extrapolated E(0K):                -27.8085961375 H         -756.7104 eV
Input / Output electrons (up):     59.0000000000     59.0000000000

Spin  down
Fermi level:                        -0.1920862944 H           -5.2269 eV
Band energy:                       -27.8214025765 H         -757.0589 eV
TS:                                  0.0000000000 H            0.0000 eV
Band free energy (E-TS):           -27.8214025765 H         -757.0589 eV
Extrapolated E(0K):                -27.8214025765 H         -757.0589 eV
Input / Output electrons (down):     59.0000000000     59.0000000000

Energy H0:                         -55.3709465447 H        -1506.7201 eV
Energy SCC:                          0.0738376228 H            2.0092 eV
Energy SPIN:                        -0.0008034584 H           -0.0219 eV
Total Electronic energy:           -55.3041046980 H        -1504.9013 eV
Repulsive energy:                    0.7478058655 H           20.3488 eV
Total energy:                      -54.5562988325 H        -1484.5524 eV
Extrapolated to 0:                 -54.5562988325 H        -1484.5524 eV
Total Mermin free energy:          -54.5562988325 H        -1484.5524 eV
Force related energy:              -54.5562988325 H        -1484.5524 eV

SCC converged

Dipole moment:    0.56107470   -0.60991606   -0.31303147 au
Dipole moment:    1.42610975   -1.55025212   -0.79564671 Debye


