 Fermi distribution function

Calculation with static geometry


********************************************************************************
 iSCC Total electronic   Diff electronic      SCC error    
   11   -0.60265340E+02   -0.12882140E-08    0.83063609E-05
********************************************************************************

 Total charge:    -0.00000000

 Atomic gross charges (e)
 Atom           Charge
    1       0.04729882
    2      -0.25398143
    3       0.28934383
    4      -0.18479876
    5       0.68883662
    6      -0.59023267
    7      -0.49537968
    8      -0.06660823
    9      -0.22161892
   10       0.39291055
   11      -0.24705029
   12      -0.07675779
   13      -0.07052924
   14      -0.08634648
   15       0.16283004
   16      -0.10907845
   17       0.07958223
   18       0.16574886
   19      -0.27120082
   20      -0.09292232
   21      -0.06656279
   22       0.67544627
   23      -0.55665866
   24      -0.51031144
   25      -0.12589978
   26       0.06083122
   27       0.06178262
   28       0.06654289
   29       0.37466133
   30       0.12843045
   31       0.12129532
   32       0.10728265
   33       0.11957463
   34       0.38025969
   35       0.10327973

Nr. of electrons (up):     63.00000000
Atom populations (up)
 Atom       Population
    1       1.97635059
    2       3.12699071
    3       1.85532808
    4       2.09239938
    5       1.65558169
    6       3.29511634
    7       3.24768984
    8       2.03330411
    9       2.11080946
   10       1.80354473
   11       3.62352515
   12       2.03837890
   13       2.53526462
   14       2.54317324
   15       1.91858498
   16       2.05453922
   17       1.96020888
   18       1.91712557
   19       2.63560041
   20       2.04646116
   21       2.03328139
   22       1.66227687
   23       3.27832933
   24       3.25515572
   25       2.06294989
   26       0.46958439
   27       0.46910869
   28       0.46672856
   29       0.31266933
   30       0.43578477
   31       0.43935234
   32       0.44635867
   33       0.44021268
   34       0.30987015
   35       0.44836014

l-shell populations (up)
 Atom Sh.   l       Population
    1   1   0       0.61406964
    1   2   1       1.36228095
    2   1   0       0.84721628
    2   2   1       2.27977443
    3   1   0       0.56420618
    3   2   1       1.29112190
    4   1   0       0.60315418
    4   2   1       1.48924520
    5   1   0       0.52028795
    5   2   1       1.13529374
    6   1   0       0.88203817
    6   2   1       2.41307816
    7   1   0       0.87306325
    7   2   1       2.37462659
    8   1   0       0.61671387
    8   2   1       1.41659024
    9   1   0       0.61503117
    9   2   1       1.49577829
   10   1   0       0.55518731
   10   2   1       1.24835741
   11   1   0       0.94413076
   11   2   1       2.67939438
   12   1   0       0.58984577
   12   2   1       1.44853312
   13   1   0       0.75486103
   13   2   1       1.78040359
   14   1   0       0.74974265
   14   2   1       1.79343059
   15   1   0       0.57667813
   15   2   1       1.34190685
   16   1   0       0.61784225
   16   2   1       1.43669698
   17   1   0       0.58127559
   17   2   1       1.37893329
   18   1   0       0.58376416
   18   2   1       1.33336141
   19   1   0       0.81639600
   19   2   1       1.81920441
   20   1   0       0.61720220
   20   2   1       1.42925896
   21   1   0       0.60039422
   21   2   1       1.43288717
   22   1   0       0.52296788
   22   2   1       1.13930899
   23   1   0       0.88044002
   23   2   1       2.39788931
   24   1   0       0.87462934
   24   2   1       2.38052638
   25   1   0       0.61802137
   25   2   1       1.44492852
   26   1   0       0.46958439
   27   1   0       0.46910869
   28   1   0       0.46672856
   29   1   0       0.31266933
   30   1   0       0.43578477
   31   1   0       0.43935234
   32   1   0       0.44635867
   33   1   0       0.44021268
   34   1   0       0.30987015
   35   1   0       0.44836014

Orbital populations (up)
 Atom Sh.   l   m       Population
    1   1   0   0       0.61406964
    1   2   1  -1       0.48605744
    1   2   1   0       0.40587472
    1   2   1   1       0.47034879
    2   1   0   0       0.84721628
    2   2   1  -1       0.75935074
    2   2   1   0       0.76899244
    2   2   1   1       0.75143125
    3   1   0   0       0.56420618
    3   2   1  -1       0.42036020
    3   2   1   0       0.45065408
    3   2   1   1       0.42010762
    4   1   0   0       0.60315418
    4   2   1  -1       0.51648963
    4   2   1   0       0.45556147
    4   2   1   1       0.51719411
    5   1   0   0       0.52028795
    5   2   1  -1       0.36973130
    5   2   1   0       0.39799623
    5   2   1   1       0.36756621
    6   1   0   0       0.88203817
    6   2   1  -1       0.84058907
    6   2   1   0       0.75805423
    6   2   1   1       0.81443487
    7   1   0   0       0.87306325
    7   2   1  -1       0.77641860
    7   2   1   0       0.79067485
    7   2   1   1       0.80753313
    8   1   0   0       0.61671387
    8   2   1  -1       0.46485091
    8   2   1   0       0.48079765
    8   2   1   1       0.47094169
    9   1   0   0       0.61503117
    9   2   1  -1       0.51413960
    9   2   1   0       0.46003691
    9   2   1   1       0.52160178
   10   1   0   0       0.55518731
   10   2   1  -1       0.42513375
   10   2   1   0       0.37726946
   10   2   1   1       0.44595420
   11   1   0   0       0.94413076
   11   2   1  -1       0.90061654
   11   2   1   0       0.83814446
   11   2   1   1       0.94063339
   12   1   0   0       0.58984577
   12   2   1  -1       0.51911511
   12   2   1   0       0.43637703
   12   2   1   1       0.49304098
   13   1   0   0       0.75486103
   13   2   1  -1       0.52296168
   13   2   1   0       0.47258473
   13   2   1   1       0.78485718
   14   1   0   0       0.74974265
   14   2   1  -1       0.52800514
   14   2   1   0       0.71029212
   14   2   1   1       0.55513333
   15   1   0   0       0.57667813
   15   2   1  -1       0.46411108
   15   2   1   0       0.46547757
   15   2   1   1       0.41231820
   16   1   0   0       0.61784225
   16   2   1  -1       0.48892584
   16   2   1   0       0.48278773
   16   2   1   1       0.46498341
   17   1   0   0       0.58127559
   17   2   1  -1       0.46131615
   17   2   1   0       0.46891153
   17   2   1   1       0.44870562
   18   1   0   0       0.58376416
   18   2   1  -1       0.44579300
   18   2   1   0       0.44546857
   18   2   1   1       0.44209984
   19   1   0   0       0.81639600
   19   2   1  -1       0.59612243
   19   2   1   0       0.61189925
   19   2   1   1       0.61118273
   20   1   0   0       0.61720220
   20   2   1  -1       0.46800814
   20   2   1   0       0.48010237
   20   2   1   1       0.48114845
   21   1   0   0       0.60039422
   21   2   1  -1       0.47740858
   21   2   1   0       0.49233190
   21   2   1   1       0.46314669
   22   1   0   0       0.52296788
   22   2   1  -1       0.40070461
   22   2   1   0       0.37705820
   22   2   1   1       0.36154617
   23   1   0   0       0.88044002
   23   2   1  -1       0.85735503
   23   2   1   0       0.81180311
   23   2   1   1       0.72873117
   24   1   0   0       0.87462934
   24   2   1  -1       0.72708820
   24   2   1   0       0.80566183
   24   2   1   1       0.84777635
   25   1   0   0       0.61802137
   25   2   1  -1       0.48249719
   25   2   1   0       0.49488962
   25   2   1   1       0.46754171
   26   1   0   0       0.46958439
   27   1   0   0       0.46910869
   28   1   0   0       0.46672856
   29   1   0   0       0.31266933
   30   1   0   0       0.43578477
   31   1   0   0       0.43935234
   32   1   0   0       0.44635867
   33   1   0   0       0.44021268
   34   1   0   0       0.30987015
   35   1   0   0       0.44836014

Nr. of electrons (down):     63.00000000
Atom populations (down)
 Atom       Population
    1       1.97635059
    2       3.12699071
    3       1.85532808
    4       2.09239938
    5       1.65558169
    6       3.29511634
    7       3.24768984
    8       2.03330411
    9       2.11080946
   10       1.80354473
   11       3.62352515
   12       2.03837890
   13       2.53526462
   14       2.54317324
   15       1.91858498
   16       2.05453922
   17       1.96020888
   18       1.91712557
   19       2.63560041
   20       2.04646116
   21       2.03328139
   22       1.66227687
   23       3.27832933
   24       3.25515572
   25       2.06294989
   26       0.46958439
   27       0.46910869
   28       0.46672856
   29       0.31266933
   30       0.43578477
   31       0.43935234
   32       0.44635867
   33       0.44021268
   34       0.30987015
   35       0.44836014

l-shell populations (down)
 Atom Sh.   l       Population
    1   1   0       0.61406964
    1   2   1       1.36228095
    2   1   0       0.84721628
    2   2   1       2.27977443
    3   1   0       0.56420618
    3   2   1       1.29112190
    4   1   0       0.60315418
    4   2   1       1.48924520
    5   1   0       0.52028795
    5   2   1       1.13529374
    6   1   0       0.88203817
    6   2   1       2.41307816
    7   1   0       0.87306325
    7   2   1       2.37462659
    8   1   0       0.61671387
    8   2   1       1.41659024
    9   1   0       0.61503117
    9   2   1       1.49577829
   10   1   0       0.55518731
   10   2   1       1.24835741
   11   1   0       0.94413076
   11   2   1       2.67939438
   12   1   0       0.58984577
   12   2   1       1.44853312
   13   1   0       0.75486103
   13   2   1       1.78040359
   14   1   0       0.74974265
   14   2   1       1.79343059
   15   1   0       0.57667813
   15   2   1       1.34190685
   16   1   0       0.61784225
   16   2   1       1.43669698
   17   1   0       0.58127559
   17   2   1       1.37893329
   18   1   0       0.58376416
   18   2   1       1.33336141
   19   1   0       0.81639600
   19   2   1       1.81920441
   20   1   0       0.61720220
   20   2   1       1.42925896
   21   1   0       0.60039422
   21   2   1       1.43288717
   22   1   0       0.52296788
   22   2   1       1.13930899
   23   1   0       0.88044002
   23   2   1       2.39788931
   24   1   0       0.87462934
   24   2   1       2.38052638
   25   1   0       0.61802137
   25   2   1       1.44492852
   26   1   0       0.46958439
   27   1   0       0.46910869
   28   1   0       0.46672856
   29   1   0       0.31266933
   30   1   0       0.43578477
   31   1   0       0.43935234
   32   1   0       0.44635867
   33   1   0       0.44021268
   34   1   0       0.30987015
   35   1   0       0.44836014

Orbital populations (down)
 Atom Sh.   l   m       Population
    1   1   0   0       0.61406964
    1   2   1  -1       0.48605744
    1   2   1   0       0.40587472
    1   2   1   1       0.47034879
    2   1   0   0       0.84721628
    2   2   1  -1       0.75935074
    2   2   1   0       0.76899244
    2   2   1   1       0.75143125
    3   1   0   0       0.56420618
    3   2   1  -1       0.42036020
    3   2   1   0       0.45065408
    3   2   1   1       0.42010762
    4   1   0   0       0.60315418
    4   2   1  -1       0.51648963
    4   2   1   0       0.45556147
    4   2   1   1       0.51719411
    5   1   0   0       0.52028795
    5   2   1  -1       0.36973130
    5   2   1   0       0.39799623
    5   2   1   1       0.36756621
    6   1   0   0       0.88203817
    6   2   1  -1       0.84058907
    6   2   1   0       0.75805423
    6   2   1   1       0.81443487
    7   1   0   0       0.87306325
    7   2   1  -1       0.77641860
    7   2   1   0       0.79067485
    7   2   1   1       0.80753313
    8   1   0   0       0.61671387
    8   2   1  -1       0.46485091
    8   2   1   0       0.48079765
    8   2   1   1       0.47094169
    9   1   0   0       0.61503117
    9   2   1  -1       0.51413960
    9   2   1   0       0.46003691
    9   2   1   1       0.52160178
   10   1   0   0       0.55518731
   10   2   1  -1       0.42513375
   10   2   1   0       0.37726946
   10   2   1   1       0.44595420
   11   1   0   0       0.94413076
   11   2   1  -1       0.90061654
   11   2   1   0       0.83814446
   11   2   1   1       0.94063339
   12   1   0   0       0.58984577
   12   2   1  -1       0.51911511
   12   2   1   0       0.43637703
   12   2   1   1       0.49304098
   13   1   0   0       0.75486103
   13   2   1  -1       0.52296168
   13   2   1   0       0.47258473
   13   2   1   1       0.78485718
   14   1   0   0       0.74974265
   14   2   1  -1       0.52800514
   14   2   1   0       0.71029212
   14   2   1   1       0.55513333
   15   1   0   0       0.57667813
   15   2   1  -1       0.46411108
   15   2   1   0       0.46547757
   15   2   1   1       0.41231820
   16   1   0   0       0.61784225
   16   2   1  -1       0.48892584
   16   2   1   0       0.48278773
   16   2   1   1       0.46498341
   17   1   0   0       0.58127559
   17   2   1  -1       0.46131615
   17   2   1   0       0.46891153
   17   2   1   1       0.44870562
   18   1   0   0       0.58376416
   18   2   1  -1       0.44579300
   18   2   1   0       0.44546857
   18   2   1   1       0.44209984
   19   1   0   0       0.81639600
   19   2   1  -1       0.59612243
   19   2   1   0       0.61189925
   19   2   1   1       0.61118273
   20   1   0   0       0.61720220
   20   2   1  -1       0.46800814
   20   2   1   0       0.48010237
   20   2   1   1       0.48114845
   21   1   0   0       0.60039422
   21   2   1  -1       0.47740858
   21   2   1   0       0.49233190
   21   2   1   1       0.46314669
   22   1   0   0       0.52296788
   22   2   1  -1       0.40070461
   22   2   1   0       0.37705820
   22   2   1   1       0.36154617
   23   1   0   0       0.88044002
   23   2   1  -1       0.85735503
   23   2   1   0       0.81180311
   23   2   1   1       0.72873117
   24   1   0   0       0.87462934
   24   2   1  -1       0.72708820
   24   2   1   0       0.80566183
   24   2   1   1       0.84777635
   25   1   0   0       0.61802137
   25   2   1  -1       0.48249719
   25   2   1   0       0.49488962
   25   2   1   1       0.46754171
   26   1   0   0       0.46958439
   27   1   0   0       0.46910869
   28   1   0   0       0.46672856
   29   1   0   0       0.31266933
   30   1   0   0       0.43578477
   31   1   0   0       0.43935234
   32   1   0   0       0.44635867
   33   1   0   0       0.44021268
   34   1   0   0       0.30987015
   35   1   0   0       0.44836014

Spin  up
Fermi level:                        -0.1763105296 H           -4.7977 eV
Band energy:                       -30.3638533178 H         -826.2425 eV
TS:                                  0.0000000000 H            0.0000 eV
Band free energy (E-TS):           -30.3638533178 H         -826.2425 eV
Extrapolated E(0K):                -30.3638533178 H         -826.2425 eV
Input / Output electrons (up):     63.0000000000     63.0000000000

Spin  down
Fermi level:                        -0.1763105296 H           -4.7977 eV
Band energy:                       -30.3638533178 H         -826.2425 eV
TS:                                  0.0000000000 H            0.0000 eV
Band free energy (E-TS):           -30.3638533178 H         -826.2425 eV
Extrapolated E(0K):                -30.3638533178 H         -826.2425 eV
Input / Output electrons (down):     63.0000000000     63.0000000000

Energy H0:                         -60.3481637592 H        -1642.1571 eV
Energy SCC:                          0.0908582018 H            2.4724 eV
Energy SPIN:                         0.0000000000 H            0.0000 eV
Total Electronic energy:           -60.2653403307 H        -1639.9033 eV
Repulsive energy:                    1.0988887533 H           29.9023 eV
Total energy:                      -59.1664515774 H        -1610.0011 eV
Extrapolated to 0:                 -59.1664515774 H        -1610.0011 eV
Total Mermin free energy:          -59.1664515774 H        -1610.0011 eV
Force related energy:              -59.1664515774 H        -1610.0011 eV

SCC converged

Total Forces
    1      0.000118917091      0.000018947997      0.000088817278
    2     -0.000059527731     -0.000027906422      0.000160700612
    3     -0.000012922220     -0.000043747538      0.000061798540
    4     -0.000081837773      0.000017714006     -0.000119142855
    5     -0.000016718874      0.000172002092      0.000110274148
    6     -0.000118102043      0.000106036955     -0.000045621856
    7      0.000041081272      0.000024964719      0.000003490112
    8     -0.000073478365      0.000011389892      0.000119863708
    9     -0.000165934711      0.000093464262      0.000002564852
   10      0.000105782415      0.000052992237      0.000150881844
   11      0.000120230817      0.000053515472      0.000099023339
   12      0.000035797366      0.000077565172      0.000009106036
   13      0.000172412045     -0.000109258313      0.000016574102
   14      0.000045293706     -0.000023959254      0.000108262370
   15      0.000177792220      0.000289503816      0.000153963236
   16      0.000065567843      0.000015199408     -0.000092115510
   17      0.000124962906     -0.000029758850     -0.000094004884
   18     -0.000409017556     -0.000305605445      0.000186501219
   19      0.000176887771      0.000096785862     -0.000256783600
   20      0.000050862874     -0.000032648444      0.000001855107
   21     -0.000024848502     -0.000009927589     -0.000072519924
   22      0.000052992904     -0.000018082082     -0.000098206895
   23      0.000078518485     -0.000111439388     -0.000121093954
   24      0.000031181828      0.000029328721     -0.000056365192
   25     -0.000112565955      0.000048866686     -0.000018465907
   26     -0.000096581177     -0.000030791395     -0.000046254059
   27     -0.000035732031     -0.000303296006      0.000057675744
   28      0.000060525144      0.000179529180     -0.000078093706
   29     -0.000113828583     -0.000109870464     -0.000076896341
   30     -0.000072205913      0.000032349021     -0.000076037300
   31     -0.000113985535     -0.000116988735      0.000016414811
   32      0.000011001857      0.000019477404      0.000018877126
   33      0.000035182793     -0.000025531628     -0.000121083902
   34     -0.000002753278      0.000008803770     -0.000089571800
   35      0.000005048908     -0.000049625118      0.000095613502

Maximal derivative component:        0.409018E-03 au

Dipole moment:    1.99785134    0.90715039   -0.17080163 au
Dipole moment:    5.07803199    2.30574648   -0.43413446 Debye


