Running NEB!
Thu Sep 12 12:39:25 PDT 2019
      Step     Time          Energy         fmax
BFGS:    0 12:39:28    -1501.463127        0.0071
      Step     Time          Energy         fmax
BFGS:    0 12:39:28    -1501.474570        0.0063
Interpolation finished!
      Step     Time          Energy         fmax
BFGS:    0 12:39:34    -1487.789897        6.5232
BFGS:    1 12:39:37    -1489.158093        6.2952
BFGS:    2 12:39:42    -1490.081613        5.5322
BFGS:    3 12:39:50    -1490.562980        4.3118
BFGS:    4 12:39:55    -1491.056575        3.9504
BFGS:    5 12:40:02    -1491.499054        3.8676
BFGS:    6 12:40:07    -1491.880890        3.8913
BFGS:    7 12:40:12    -1492.216829        3.9409
BFGS:    8 12:40:18    -1492.524485        3.9483
BFGS:    9 12:40:25    -1492.813411        3.8965
BFGS:   10 12:40:31    -1493.087305        3.7946
BFGS:   11 12:40:35    -1493.345755        3.8940
BFGS:   12 12:40:42    -1493.592821        3.9665
BFGS:   13 12:40:47    -1493.835136        4.0120
BFGS:   14 12:40:52    -1494.072768        4.0378
BFGS:   15 12:40:59    -1494.304697        4.0580
BFGS:   16 12:41:05    -1494.510777        4.0733
BFGS:   17 12:41:10    -1494.669472        4.0700
BFGS:   18 12:41:14    -1494.784297        4.0403
BFGS:   19 12:41:21    -1494.874303        3.9777
BFGS:   20 12:41:24    -1494.953894        3.8279
BFGS:   21 12:41:30    -1495.031950        3.5151
BFGS:   22 12:41:36    -1495.125271        3.2147
BFGS:   23 12:41:42    -1495.251504        4.3855
BFGS:   24 12:41:46    -1495.365328        6.0756
BFGS:   25 12:41:48    -1495.473966        6.7687
BFGS:   26 12:41:53    -1495.584198        6.7262
BFGS:   27 12:41:59    -1495.696940        6.1921
BFGS:   28 12:42:03    -1495.805136        5.3415
BFGS:   29 12:42:07    -1495.906164        4.3127
BFGS:   30 12:42:14    -1496.002516        3.2407
BFGS:   31 12:42:20    -1496.101579        2.2330
BFGS:   32 12:42:26    -1496.217064        2.0568
BFGS:   33 12:42:31    -1496.339010        1.9358
BFGS:   34 12:42:38    -1496.469873        1.8343
BFGS:   35 12:42:44    -1496.607358        1.7327
BFGS:   36 12:42:51    -1496.748259        1.6249
BFGS:   37 12:42:56    -1496.891239        1.5270
BFGS:   38 12:43:01    -1497.035308        1.5419
BFGS:   39 12:43:08    -1497.177411        1.6049
BFGS:   40 12:43:14    -1497.315087        1.6143
BFGS:   41 12:43:20    -1497.446289        1.5726
BFGS:   42 12:43:25    -1497.569520        1.4792
BFGS:   43 12:43:32    -1497.681730        1.3319
BFGS:   44 12:43:39    -1497.777180        1.3404
BFGS:   45 12:43:41    -1497.842599        1.4896
BFGS:   46 12:43:45    -1497.902163        1.2608
BFGS:   47 12:43:51    -1497.963217        0.8283
BFGS:   48 12:43:57    -1498.016868        0.7198
BFGS:   49 12:44:02    -1498.064243        0.7334
BFGS:   50 12:44:05    -1498.106996        0.7679
BFGS:   51 12:44:10    -1498.146129        0.7461
BFGS:   52 12:44:14    -1498.182132        0.6828
BFGS:   53 12:44:21    -1498.215402        0.6162
BFGS:   54 12:44:26    -1498.246059        0.5445
BFGS:   55 12:44:31    -1498.272647        0.6530
BFGS:   56 12:44:35    -1498.296106        0.6569
BFGS:   57 12:44:40    -1498.314262        0.6272
BFGS:   58 12:44:47    -1498.328445        0.5408
BFGS:   59 12:44:50    -1498.338804        0.5493
BFGS:   60 12:44:54    -1498.349227        0.5410
BFGS:   61 12:45:00    -1498.369992        0.5554
BFGS:   62 12:45:04    -1498.403216        0.5938
BFGS:   63 12:45:11    -1498.434850        0.5278
BFGS:   64 12:45:16    -1498.459116        0.6500
BFGS:   65 12:45:21    -1498.475658        1.0845
BFGS:   66 12:45:25    -1498.490710        0.5885
BFGS:   67 12:45:30    -1498.512613        0.4804
BFGS:   68 12:45:35    -1498.527921        0.4480
BFGS:   69 12:45:38    -1498.540681        0.3908
BFGS:   70 12:45:40    -1498.550001        0.4679
BFGS:   71 12:45:46    -1498.557925        0.5084
BFGS:   72 12:45:53    -1498.566777        0.4502
BFGS:   73 12:45:59    -1498.576646        0.3605
BFGS:   74 12:46:05    -1498.588519        0.3449
BFGS:   75 12:46:12    -1498.599653        0.3414
BFGS:   76 12:46:19    -1498.611215        0.4696
BFGS:   77 12:46:23    -1498.623641        0.3846
BFGS:   78 12:46:29    -1498.638047        0.2837
BFGS:   79 12:46:34    -1498.646062        0.2121
BFGS:   80 12:46:40    -1498.651599        0.2437
BFGS:   81 12:46:46    -1498.651448        0.3884
BFGS:   82 12:46:52    -1498.655396        0.4233
BFGS:   83 12:46:58    -1498.658162        0.3383
BFGS:   84 12:47:03    -1498.662171        0.2788
BFGS:   85 12:47:06    -1498.661956        0.2349
BFGS:   86 12:47:12    -1498.661786        0.2789
BFGS:   87 12:47:16    -1498.664847        0.2450
BFGS:   88 12:47:19    -1498.669632        0.2315
BFGS:   89 12:47:22    -1498.672662        0.3410
BFGS:   90 12:47:26    -1498.671348        0.2184
BFGS:   91 12:47:33    -1498.670382        0.2155
BFGS:   92 12:47:35    -1498.667204        0.2374
BFGS:   93 12:47:41    -1498.666505        0.2361
BFGS:   94 12:47:47    -1498.661816        0.2988
BFGS:   95 12:47:52    -1498.660398        0.2272
BFGS:   96 12:47:58    -1498.662230        0.1985
BFGS:   97 12:48:04    -1498.664628        0.2026
BFGS:   98 12:48:09    -1498.666176        0.2107
BFGS:   99 12:48:15    -1498.667253        0.1935
BFGS:  100 12:48:21    -1498.665848        0.2205
BFGS:  101 12:48:26    -1498.667731        0.2775
BFGS:  102 12:48:31    -1498.666905        0.2555
BFGS:  103 12:48:35    -1498.668321        0.2102
BFGS:  104 12:48:41    -1498.667294        0.2202
BFGS:  105 12:48:47    -1498.669063        0.3311
BFGS:  106 12:48:53    -1498.666714        0.2349
BFGS:  107 12:48:59    -1498.663616        0.2288
BFGS:  108 12:49:05    -1498.661039        0.3132
BFGS:  109 12:49:10    -1498.665332        0.2812
BFGS:  110 12:49:17    -1498.665599        0.3029
BFGS:  111 12:49:22    -1498.663553        0.1940
BFGS:  112 12:49:27    -1498.663288        0.1659
BFGS:  113 12:49:32    -1498.660537        0.2190
BFGS:  114 12:49:36    -1498.658546        0.2831
BFGS:  115 12:49:39    -1498.655425        0.2284
BFGS:  116 12:49:45    -1498.653699        0.2580
BFGS:  117 12:49:50    -1498.654431        0.2394
BFGS:  118 12:49:53    -1498.653639        0.2485
BFGS:  119 12:49:57    -1498.657827        0.3365
BFGS:  120 12:50:00    -1498.656538        0.2018
BFGS:  121 12:50:07    -1498.660969        0.2345
BFGS:  122 12:50:11    -1498.665424        0.1970
BFGS:  123 12:50:16    -1498.666756        0.2303
BFGS:  124 12:50:22    -1498.665095        0.1960
BFGS:  125 12:50:28    -1498.667197        0.2232
BFGS:  126 12:50:34    -1498.668036        0.2208
BFGS:  127 12:50:40    -1498.673975        0.2029
BFGS:  128 12:50:43    -1498.679676        0.1484
BFGS:  129 12:50:49    -1498.684496        0.1569
BFGS:  130 12:50:53    -1498.688811        0.1716
BFGS:  131 12:51:01    -1498.690498        0.2291
BFGS:  132 12:51:06    -1498.689232        0.1969
BFGS:  133 12:51:12    -1498.688786        0.1745
BFGS:  134 12:51:17    -1498.687873        0.1991
BFGS:  135 12:51:21    -1498.691332        0.2443
BFGS:  136 12:51:27    -1498.690903        0.2008
BFGS:  137 12:51:34    -1498.694361        0.1861
BFGS:  138 12:51:41    -1498.699020        0.2030
BFGS:  139 12:51:45    -1498.702314        0.1909
BFGS:  140 12:51:51    -1498.703501        0.2627
BFGS:  141 12:51:58    -1498.703590        0.3590
BFGS:  142 12:52:04    -1498.704945        0.2914
BFGS:  143 12:52:11    -1498.706222        0.3339
BFGS:  144 12:52:15    -1498.707810        0.2317
BFGS:  145 12:52:22    -1498.705891        0.4884
BFGS:  146 12:52:25    -1498.706107        0.2235
BFGS:  147 12:52:31    -1498.704444        0.2611
BFGS:  148 12:52:37    -1498.706097        0.2423
BFGS:  149 12:52:42    -1498.707392        0.2060
BFGS:  150 12:52:48    -1498.709126        0.1891
BFGS:  151 12:52:52    -1498.708011        0.2376
BFGS:  152 12:52:57    -1498.708654        0.3072
BFGS:  153 12:53:02    -1498.708579        0.2865
BFGS:  154 12:53:07    -1498.711357        0.1683
BFGS:  155 12:53:10    -1498.712886        0.1279
BFGS:  156 12:53:15    -1498.713656        0.1400
BFGS:  157 12:53:19    -1498.715149        0.1325
BFGS:  158 12:53:23    -1498.716671        0.2128
BFGS:  159 12:53:29    -1498.718591        0.1208
BFGS:  160 12:53:35    -1498.720814        0.1467
BFGS:  161 12:53:38    -1498.723772        0.1762
BFGS:  162 12:53:41    -1498.727984        0.2250
BFGS:  163 12:53:46    -1498.731463        0.1728
BFGS:  164 12:53:52    -1498.734003        0.1344
BFGS:  165 12:53:59    -1498.736671        0.1381
BFGS:  166 12:54:03    -1498.740595        0.1056
BFGS:  167 12:54:06    -1498.744553        0.1348
BFGS:  168 12:54:09    -1498.747812        0.1131
BFGS:  169 12:54:15    -1498.750326        0.1207
BFGS:  170 12:54:20    -1498.753210        0.1135
BFGS:  171 12:54:26    -1498.755411        0.1214
BFGS:  172 12:54:31    -1498.757800        0.1334
BFGS:  173 12:54:37    -1498.760700        0.1383
BFGS:  174 12:54:44    -1498.764158        0.1131
BFGS:  175 12:54:50    -1498.767749        0.1490
BFGS:  176 12:54:55    -1498.769607        0.1519
BFGS:  177 12:55:01    -1498.773319        0.1822
BFGS:  178 12:55:06    -1498.776783        0.1363
BFGS:  179 12:55:09    -1498.780695        0.1558
BFGS:  180 12:55:14    -1498.783315        0.1196
BFGS:  181 12:55:19    -1498.786731        0.1122
BFGS:  182 12:55:25    -1498.791067        0.1275
BFGS:  183 12:55:32    -1498.796195        0.1910
BFGS:  184 12:55:37    -1498.801470        0.2563
BFGS:  185 12:55:44    -1498.805859        0.1647
BFGS:  186 12:55:47    -1498.809774        0.1032
BFGS:  187 12:55:53    -1498.813313        0.1000
BFGS:  188 12:56:00    -1498.816826        0.1301
BFGS:  189 12:56:05    -1498.821341        0.1492
BFGS:  190 12:56:09    -1498.826294        0.1119
BFGS:  191 12:56:15    -1498.831152        0.1170
BFGS:  192 12:56:20    -1498.834640        0.1112
BFGS:  193 12:56:25    -1498.837965        0.1076
BFGS:  194 12:56:30    -1498.840067        0.1107
BFGS:  195 12:56:34    -1498.842934        0.1221
BFGS:  196 12:56:38    -1498.845490        0.1729
BFGS:  197 12:56:41    -1498.848203        0.1503
BFGS:  198 12:56:44    -1498.851122        0.1203
BFGS:  199 12:56:48    -1498.853398        0.1055
BFGS:  200 12:56:53    -1498.855417        0.1348
BFGS:  201 12:56:56    -1498.856694        0.1175
BFGS:  202 12:57:03    -1498.857654        0.1205
BFGS:  203 12:57:08    -1498.858170        0.1064
BFGS:  204 12:57:11    -1498.859110        0.1137
BFGS:  205 12:57:15    -1498.859338        0.1342
BFGS:  206 12:57:20    -1498.860100        0.1186
BFGS:  207 12:57:25    -1498.859359        0.1029
BFGS:  208 12:57:29    -1498.859965        0.1313
BFGS:  209 12:57:35    -1498.860439        0.1264
BFGS:  210 12:57:40    -1498.861132        0.1027
BFGS:  211 12:57:47    -1498.862707        0.0889
BFGS:  212 12:57:53    -1498.864096        0.1454
BFGS:  213 12:57:58    -1498.865527        0.1570
BFGS:  214 12:58:02    -1498.865830        0.1339
BFGS:  215 12:58:07    -1498.865963        0.1081
BFGS:  216 12:58:14    -1498.864478        0.1240
BFGS:  217 12:58:20    -1498.864343        0.1268
BFGS:  218 12:58:25    -1498.861653        0.1619
BFGS:  219 12:58:29    -1498.861173        0.1346
BFGS:  220 12:58:36    -1498.860084        0.2090
BFGS:  221 12:58:44    -1498.860410        0.1287
BFGS:  222 12:58:49    -1498.861109        0.1531
BFGS:  223 12:58:55    -1498.860158        0.1535
BFGS:  224 12:59:02    -1498.857327        0.1244
BFGS:  225 12:59:08    -1498.854586        0.1815
BFGS:  226 12:59:14    -1498.850556        0.1224
BFGS:  227 12:59:21    -1498.847271        0.1467
BFGS:  228 12:59:26    -1498.846212        0.1038
BFGS:  229 12:59:33    -1498.846928        0.1439
BFGS:  230 12:59:38    -1498.849024        0.1085
BFGS:  231 12:59:41    -1498.849525        0.1375
BFGS:  232 12:59:47    -1498.849128        0.1735
BFGS:  233 12:59:53    -1498.846453        0.1936
BFGS:  234 12:59:59    -1498.844477        0.1153
BFGS:  235 13:00:04    -1498.841958        0.1937
BFGS:  236 13:00:09    -1498.839861        0.1653
BFGS:  237 13:00:14    -1498.843263        0.1330
BFGS:  238 13:00:20    -1498.842595        0.2050
BFGS:  239 13:00:25    -1498.844030        0.1233
BFGS:  240 13:00:30    -1498.842682        0.1585
BFGS:  241 13:00:36    -1498.840720        0.1403
BFGS:  242 13:00:42    -1498.838349        0.1321
BFGS:  243 13:00:47    -1498.836841        0.1213
BFGS:  244 13:00:54    -1498.835608        0.1190
BFGS:  245 13:01:00    -1498.836504        0.1649
BFGS:  246 13:01:05    -1498.837571        0.0805
BFGS:  247 13:01:10    -1498.835190        0.1393
BFGS:  248 13:01:15    -1498.837116        0.1131
BFGS:  249 13:01:20    -1498.834549        0.1530
BFGS:  250 13:01:26    -1498.832041        0.1129
BFGS:  251 13:01:32    -1498.831890        0.0930
BFGS:  252 13:01:39    -1498.832761        0.1765
BFGS:  253 13:01:45    -1498.833881        0.0807
BFGS:  254 13:01:51    -1498.834519        0.0870
BFGS:  255 13:01:56    -1498.833825        0.1242
BFGS:  256 13:02:01    -1498.832673        0.0811
BFGS:  257 13:02:05    -1498.830801        0.1372
BFGS:  258 13:02:11    -1498.830643        0.0951
BFGS:  259 13:02:15    -1498.829733        0.1012
BFGS:  260 13:02:18    -1498.829889        0.1035
BFGS:  261 13:02:23    -1498.831000        0.0729
BFGS:  262 13:02:30    -1498.829295        0.1002
BFGS:  263 13:02:36    -1498.829858        0.0654
BFGS:  264 13:02:43    -1498.828707        0.0771
BFGS:  265 13:02:48    -1498.826612        0.0772
BFGS:  266 13:02:53    -1498.825159        0.0702
BFGS:  267 13:02:59    -1498.823344        0.0914
BFGS:  268 13:03:03    -1498.822085        0.0802
BFGS:  269 13:03:09    -1498.819085        0.0918
BFGS:  270 13:03:15    -1498.817639        0.0829
BFGS:  271 13:03:20    -1498.810977        0.0987
BFGS:  272 13:03:25    -1498.810774        0.0925
BFGS:  273 13:03:31    -1498.806822        0.1269
BFGS:  274 13:03:36    -1498.803968        0.1245
BFGS:  275 13:03:42    -1498.801255        0.0654
BFGS:  276 13:03:47    -1498.797453        0.0914
BFGS:  277 13:03:51    -1498.796094        0.0865
BFGS:  278 13:03:54    -1498.791335        0.0926
BFGS:  279 13:03:59    -1498.790151        0.1018
BFGS:  280 13:04:02    -1498.787108        0.1688
BFGS:  281 13:04:06    -1498.786557        0.1234
BFGS:  282 13:04:12    -1498.789077        0.0783
BFGS:  283 13:04:18    -1498.792685        0.0693
BFGS:  284 13:04:22    -1498.795624        0.1211
BFGS:  285 13:04:28    -1498.796984        0.0966
BFGS:  286 13:04:34    -1498.796514        0.1038
BFGS:  287 13:04:39    -1498.795600        0.1294
BFGS:  288 13:04:43    -1498.795283        0.1291
BFGS:  289 13:04:47    -1498.795906        0.0967
BFGS:  290 13:04:54    -1498.797864        0.0930
BFGS:  291 13:05:00    -1498.801113        0.1262
BFGS:  292 13:05:05    -1498.804294        0.1889
BFGS:  293 13:05:11    -1498.805973        0.1416
BFGS:  294 13:05:17    -1498.806025        0.0978
BFGS:  295 13:05:20    -1498.805494        0.0714
BFGS:  296 13:05:24    -1498.804921        0.1401
BFGS:  297 13:05:29    -1498.804800        0.1739
BFGS:  298 13:05:35    -1498.804746        0.1464
BFGS:  299 13:05:42    -1498.804895        0.0984
BFGS:  300 13:05:46    -1498.804597        0.0766
BFGS:  301 13:05:51    -1498.804562        0.1126
BFGS:  302 13:05:55    -1498.803732        0.1035
BFGS:  303 13:06:00    -1498.802906        0.1727
BFGS:  304 13:06:05    -1498.800699        0.1332
BFGS:  305 13:06:08    -1498.797505        0.0962
BFGS:  306 13:06:14    -1498.796031        0.1418
BFGS:  307 13:06:18    -1498.795487        0.1463
BFGS:  308 13:06:21    -1498.792927        0.2169
BFGS:  309 13:06:24    -1498.792248        0.1880
BFGS:  310 13:06:32    -1498.790360        0.0798
BFGS:  311 13:06:37    -1498.787807        0.1785
BFGS:  312 13:06:43    -1498.787053        0.1582
BFGS:  313 13:06:50    -1498.784948        0.1115
BFGS:  314 13:06:55    -1498.783571        0.1687
BFGS:  315 13:07:01    -1498.783016        0.1487
BFGS:  316 13:07:07    -1498.782246        0.1561
BFGS:  317 13:07:11    -1498.784002        0.1450
BFGS:  318 13:07:17    -1498.781595        0.1994
BFGS:  319 13:07:23    -1498.782638        0.1721
BFGS:  320 13:07:25    -1498.785906        0.3300
BFGS:  321 13:07:30    -1498.786405        0.1959
BFGS:  322 13:07:37    -1498.787572        0.2683
BFGS:  323 13:07:39    -1498.789104        0.2402
BFGS:  324 13:07:44    -1498.790933        0.2117
BFGS:  325 13:07:47    -1498.792159        0.2786
BFGS:  326 13:07:54    -1498.793582        0.1976
BFGS:  327 13:08:00    -1498.795132        0.2665
BFGS:  328 13:08:04    -1498.794410        0.2122
BFGS:  329 13:08:10    -1498.795561        0.2023
BFGS:  330 13:08:16    -1498.796111        0.1690
BFGS:  331 13:08:23    -1498.794715        0.1646
BFGS:  332 13:08:29    -1498.795015        0.2357
BFGS:  333 13:08:33    -1498.795925        0.1877
BFGS:  334 13:08:39    -1498.797312        0.1579
BFGS:  335 13:08:46    -1498.796727        0.1463
BFGS:  336 13:08:49    -1498.795303        0.1418
BFGS:  337 13:08:53    -1498.795176        0.1363
BFGS:  338 13:08:58    -1498.795221        0.2263
BFGS:  339 13:09:01    -1498.797670        0.1805
BFGS:  340 13:09:06    -1498.802271        0.1637
BFGS:  341 13:09:11    -1498.807146        0.2414
BFGS:  342 13:09:17    -1498.810074        0.1991
BFGS:  343 13:09:20    -1498.812148        0.1600
BFGS:  344 13:09:26    -1498.811969        0.1886
BFGS:  345 13:09:32    -1498.811330        0.3879
BFGS:  346 13:09:36    -1498.810155        0.4816
BFGS:  347 13:09:40    -1498.809125        0.6205
BFGS:  348 13:09:47    -1498.807669        0.6029
BFGS:  349 13:09:51    -1498.807046        0.7301
BFGS:  350 13:09:55    -1498.805919        0.5952
BFGS:  351 13:09:59    -1498.805879        0.6234
BFGS:  352 13:10:06    -1498.806390        0.4233
BFGS:  353 13:10:10    -1498.806650        0.2957
BFGS:  354 13:10:14    -1498.811167        0.2792
BFGS:  355 13:10:19    -1498.810119        0.6172
BFGS:  356 13:10:25    -1498.812681        0.4036
BFGS:  357 13:10:31    -1498.815489        0.3639
BFGS:  358 13:10:35    -1498.816029        0.2356
BFGS:  359 13:10:42    -1498.816918        0.1294
BFGS:  360 13:10:45    -1498.817364        0.1304
BFGS:  361 13:10:51    -1498.817081        0.1666
BFGS:  362 13:10:58    -1498.817618        0.1650
BFGS:  363 13:11:01    -1498.818711        0.1633
BFGS:  364 13:11:07    -1498.821162        0.1322
BFGS:  365 13:11:13    -1498.823609        0.1231
BFGS:  366 13:11:18    -1498.826967        0.1055
BFGS:  367 13:11:21    -1498.830179        0.1366
BFGS:  368 13:11:28    -1498.832621        0.1770
BFGS:  369 13:11:35    -1498.833876        0.1636
BFGS:  370 13:11:42    -1498.833790        0.1562
BFGS:  371 13:11:48    -1498.833658        0.1667
BFGS:  372 13:11:54    -1498.833818        0.1446
BFGS:  373 13:12:00    -1498.836413        0.1455
BFGS:  374 13:12:07    -1498.838757        0.1763
BFGS:  375 13:12:10    -1498.841850        0.1000
BFGS:  376 13:12:15    -1498.844956        0.1012
BFGS:  377 13:12:21    -1498.849097        0.1227
BFGS:  378 13:12:27    -1498.853466        0.1684
BFGS:  379 13:12:30    -1498.856448        0.2037
BFGS:  380 13:12:36    -1498.858508        0.2107
BFGS:  381 13:12:41    -1498.859571        0.1665
BFGS:  382 13:12:47    -1498.862286        0.1603
BFGS:  383 13:12:53    -1498.865811        0.3063
BFGS:  384 13:12:58    -1498.867959        0.2531
BFGS:  385 13:13:05    -1498.869892        0.1535
BFGS:  386 13:13:11    -1498.870548        0.1164
BFGS:  387 13:13:16    -1498.872313        0.1479
BFGS:  388 13:13:22    -1498.876237        0.2960
BFGS:  389 13:13:29    -1498.878713        0.1797
BFGS:  390 13:13:34    -1498.889459        0.1516
BFGS:  391 13:13:39    -1498.892800        0.2738
BFGS:  392 13:13:44    -1498.892467        0.2512
BFGS:  393 13:13:50    -1498.893842        0.1303
BFGS:  394 13:13:57    -1498.896728        0.1121
BFGS:  395 13:14:01    -1498.901253        0.2132
BFGS:  396 13:14:05    -1498.906691        0.2617
BFGS:  397 13:14:12    -1498.913189        0.2090
BFGS:  398 13:14:18    -1498.918734        0.1143
BFGS:  399 13:14:23    -1498.923924        0.1326
BFGS:  400 13:14:29    -1498.927429        0.1222
BFGS:  401 13:14:36    -1498.928064        0.1486
BFGS:  402 13:14:41    -1498.931014        0.1915
BFGS:  403 13:14:47    -1498.931447        0.1273
BFGS:  404 13:14:51    -1498.934711        0.2454
BFGS:  405 13:14:56    -1498.937365        0.2715
BFGS:  406 13:15:02    -1498.938738        0.2727
BFGS:  407 13:15:06    -1498.939530        0.2101
BFGS:  408 13:15:11    -1498.940679        0.3367
BFGS:  409 13:15:17    -1498.940281        0.3261
BFGS:  410 13:15:21    -1498.943287        0.2818
BFGS:  411 13:15:28    -1498.942696        0.2001
BFGS:  412 13:15:32    -1498.945480        0.1714
BFGS:  413 13:15:38    -1498.946474        0.2113
BFGS:  414 13:15:45    -1498.946347        0.2016
BFGS:  415 13:15:51    -1498.945762        0.3109
BFGS:  416 13:15:58    -1498.943301        0.2275
BFGS:  417 13:16:03    -1498.942275        0.3043
BFGS:  418 13:16:08    -1498.939487        0.2389
BFGS:  419 13:16:14    -1498.937640        0.3855
BFGS:  420 13:16:18    -1498.934913        0.1646
BFGS:  421 13:16:24    -1498.932357        0.2844
BFGS:  422 13:16:30    -1498.928641        0.2759
BFGS:  423 13:16:35    -1498.926090        0.2584
BFGS:  424 13:16:39    -1498.923151        0.3036
BFGS:  425 13:16:46    -1498.921790        0.3716
BFGS:  426 13:16:51    -1498.923405        0.2593
BFGS:  427 13:16:55    -1498.922310        0.2103
BFGS:  428 13:17:01    -1498.921121        0.3910
BFGS:  429 13:17:08    -1498.918475        0.3020
BFGS:  430 13:17:13    -1498.914738        0.3789
BFGS:  431 13:17:20    -1498.912846        0.2520
BFGS:  432 13:17:23    -1498.909177        0.3297
BFGS:  433 13:17:30    -1498.908935        0.2029
BFGS:  434 13:17:34    -1498.905345        0.3318
BFGS:  435 13:17:39    -1498.904356        0.4406
BFGS:  436 13:17:46    -1498.903621        0.3882
BFGS:  437 13:17:50    -1498.902523        0.4709
BFGS:  438 13:17:57    -1498.902949        0.3969
BFGS:  439 13:18:01    -1498.902027        0.4861
BFGS:  440 13:18:05    -1498.902442        0.3939
BFGS:  441 13:18:11    -1498.901686        0.4514
BFGS:  442 13:18:16    -1498.901340        0.4186
BFGS:  443 13:18:23    -1498.900640        0.4153
BFGS:  444 13:18:28    -1498.899654        0.3930
BFGS:  445 13:18:33    -1498.898241        0.3494
BFGS:  446 13:18:38    -1498.896127        0.3126
BFGS:  447 13:18:43    -1498.892395        0.2741
BFGS:  448 13:18:49    -1498.888919        0.3187
BFGS:  449 13:18:55    -1498.885314        0.1847
BFGS:  450 13:19:01    -1498.882484        0.1771
BFGS:  451 13:19:08    -1498.880293        0.1482
BFGS:  452 13:19:15    -1498.877745        0.1763
BFGS:  453 13:19:21    -1498.877195        0.1702
BFGS:  454 13:19:27    -1498.874594        0.1799
BFGS:  455 13:19:33    -1498.872865        0.1906
BFGS:  456 13:19:37    -1498.868146        0.1548
BFGS:  457 13:19:42    -1498.866563        0.1656
BFGS:  458 13:19:44    -1498.864292        0.1064
BFGS:  459 13:19:51    -1498.862129        0.1914
BFGS:  460 13:19:57    -1498.860381        0.2351
BFGS:  461 13:20:03    -1498.859862        0.2088
BFGS:  462 13:20:08    -1498.859712        0.1719
BFGS:  463 13:20:13    -1498.860601        0.1597
BFGS:  464 13:20:19    -1498.860317        0.1490
BFGS:  465 13:20:25    -1498.858413        0.1065
BFGS:  466 13:20:32    -1498.853997        0.1219
BFGS:  467 13:20:37    -1498.850148        0.2002
BFGS:  468 13:20:42    -1498.847715        0.1752
BFGS:  469 13:20:48    -1498.848401        0.1432
BFGS:  470 13:20:52    -1498.849687        0.1024
BFGS:  471 13:20:56    -1498.851852        0.0953
BFGS:  472 13:21:02    -1498.850819        0.0778
BFGS:  473 13:21:06    -1498.848898        0.1185
BFGS:  474 13:21:12    -1498.843241        0.1197
BFGS:  475 13:21:18    -1498.841609        0.1422
BFGS:  476 13:21:22    -1498.841526        0.1040
BFGS:  477 13:21:28    -1498.843699        0.1124
BFGS:  478 13:21:32    -1498.847073        0.1122
BFGS:  479 13:21:36    -1498.850061        0.1149
BFGS:  480 13:21:41    -1498.853057        0.1189
BFGS:  481 13:21:46    -1498.853127        0.1031
BFGS:  482 13:21:49    -1498.850843        0.1274
BFGS:  483 13:21:53    -1498.849087        0.2151
BFGS:  484 13:21:58    -1498.847944        0.3424
BFGS:  485 13:22:03    -1498.847169        0.4179
BFGS:  486 13:22:08    -1498.846607        0.4886
BFGS:  487 13:22:11    -1498.846032        0.5450
BFGS:  488 13:22:14    -1498.845458        0.5983
BFGS:  489 13:22:18    -1498.844778        0.6439
BFGS:  490 13:22:25    -1498.844028        0.6862
BFGS:  491 13:22:30    -1498.843129        0.7226
BFGS:  492 13:22:36    -1498.842128        0.7541
BFGS:  493 13:22:43    -1498.840953        0.7812
BFGS:  494 13:22:47    -1498.839659        0.7994
BFGS:  495 13:22:53    -1498.838185        0.8208
BFGS:  496 13:22:58    -1498.836556        0.8150
BFGS:  497 13:23:04    -1498.834823        0.8507
BFGS:  498 13:23:09    -1498.832719        0.7716
BFGS:  499 13:23:14    -1498.830882        0.8644
BFGS:  500 13:23:21    -1498.828388        0.7648
BFGS:  501 13:23:27    -1498.826239        0.8038
BFGS:  502 13:23:32    -1498.823689        0.7536
BFGS:  503 13:23:36    -1498.821361        0.7524
BFGS:  504 13:23:42    -1498.818779        0.7066
BFGS:  505 13:23:48    -1498.816488        0.6822
BFGS:  506 13:23:52    -1498.814036        0.6350
BFGS:  507 13:23:57    -1498.811984        0.6532
BFGS:  508 13:24:00    -1498.809948        0.6937
BFGS:  509 13:24:06    -1498.808298        0.7065
BFGS:  510 13:24:09    -1498.807014        0.7326
BFGS:  511 13:24:12    -1498.806121        0.7417
BFGS:  512 13:24:18    -1498.805744        0.7551
BFGS:  513 13:24:23    -1498.806320        0.7305
BFGS:  514 13:24:29    -1498.806645        0.7666
BFGS:  515 13:24:33    -1498.809191        0.6660
BFGS:  516 13:24:39    -1498.810244        0.7583
BFGS:  517 13:24:43    -1498.814066        0.6013
BFGS:  518 13:24:48    -1498.816010        0.7664
BFGS:  519 13:24:53    -1498.820981        0.4863
BFGS:  520 13:24:56    -1498.821754        0.5575
BFGS:  521 13:25:02    -1498.824879        0.4428
BFGS:  522 13:25:06    -1498.825848        0.4496
BFGS:  523 13:25:12    -1498.827486        0.4371
BFGS:  524 13:25:17    -1498.827906        0.4021
BFGS:  525 13:25:21    -1498.828655        0.4676
BFGS:  526 13:25:26    -1498.827984        0.3682
BFGS:  527 13:25:31    -1498.827754        0.4348
BFGS:  528 13:25:37    -1498.826106        0.3178
BFGS:  529 13:25:42    -1498.824518        0.3138
BFGS:  530 13:25:48    -1498.821847        0.2652
BFGS:  531 13:25:52    -1498.818743        0.2125
BFGS:  532 13:25:56    -1498.814395        0.2167
BFGS:  533 13:25:59    -1498.808716        0.1720
BFGS:  534 13:26:05    -1498.804948        0.2010
BFGS:  535 13:26:10    -1498.805292        0.2220
BFGS:  536 13:26:16    -1498.806630        0.1923
BFGS:  537 13:26:22    -1498.810458        0.1622
BFGS:  538 13:26:28    -1498.813347        0.2488
BFGS:  539 13:26:33    -1498.820547        0.2789
BFGS:  540 13:26:39    -1498.824909        0.2202
BFGS:  541 13:26:45    -1498.831615        0.2387
BFGS:  542 13:26:50    -1498.835663        0.2275
BFGS:  543 13:26:54    -1498.838052        0.2613
BFGS:  544 13:26:58    -1498.841618        0.1710
BFGS:  545 13:27:05    -1498.846006        0.2213
BFGS:  546 13:27:11    -1498.851524        0.2264
BFGS:  547 13:27:17    -1498.857631        0.2206
BFGS:  548 13:27:21    -1498.864739        0.1274
BFGS:  549 13:27:25    -1498.868648        0.1837
BFGS:  550 13:27:28    -1498.871118        0.2202
BFGS:  551 13:27:34    -1498.869624        0.2655
BFGS:  552 13:27:40    -1498.867167        0.2029
BFGS:  553 13:27:46    -1498.865754        0.1358
BFGS:  554 13:27:51    -1498.866664        0.1727
BFGS:  555 13:27:58    -1498.868271        0.1448
BFGS:  556 13:28:03    -1498.870569        0.2002
BFGS:  557 13:28:10    -1498.871493        0.1455
BFGS:  558 13:28:14    -1498.871176        0.1640
BFGS:  559 13:28:20    -1498.868565        0.1659
BFGS:  560 13:28:26    -1498.864063        0.1594
BFGS:  561 13:28:32    -1498.857542        0.1739
BFGS:  562 13:28:39    -1498.848052        0.1479
BFGS:  563 13:28:44    -1498.839294        0.2998
BFGS:  564 13:28:51    -1498.834862        0.1700
BFGS:  565 13:28:56    -1498.834303        0.2541
BFGS:  566 13:29:00    -1498.834634        0.2282
BFGS:  567 13:29:04    -1498.832308        0.2801
BFGS:  568 13:29:10    -1498.829180        0.1696
BFGS:  569 13:29:17    -1498.824178        0.1206
BFGS:  570 13:29:21    -1498.818763        0.2087
BFGS:  571 13:29:28    -1498.817165        0.1540
BFGS:  572 13:29:33    -1498.815861        0.1658
BFGS:  573 13:29:39    -1498.818982        0.2876
BFGS:  574 13:29:46    -1498.819712        0.4252
BFGS:  575 13:29:52    -1498.817900        0.5330
BFGS:  576 13:29:57    -1498.814771        0.2290
BFGS:  577 13:30:03    -1498.812267        0.1051
BFGS:  578 13:30:06    -1498.808993        0.1138
BFGS:  579 13:30:10    -1498.807711        0.1816
BFGS:  580 13:30:17    -1498.809468        0.1223
BFGS:  581 13:30:22    -1498.815263        0.1072
BFGS:  582 13:30:26    -1498.817183        0.2180
BFGS:  583 13:30:31    -1498.819355        0.1198
BFGS:  584 13:30:38    -1498.818673        0.4410
BFGS:  585 13:30:43    -1498.818214        0.1442
BFGS:  586 13:30:50    -1498.817770        0.0913
BFGS:  587 13:30:55    -1498.817776        0.0671
BFGS:  588 13:31:02    -1498.819913        0.1946
BFGS:  589 13:31:08    -1498.821754        0.0865
BFGS:  590 13:31:12    -1498.827929        0.1893
BFGS:  591 13:31:18    -1498.828521        0.1933
BFGS:  592 13:31:25    -1498.830142        0.3020
BFGS:  593 13:31:30    -1498.831124        0.2880
BFGS:  594 13:31:33    -1498.832104        0.2866
BFGS:  595 13:31:38    -1498.835076        0.1113
BFGS:  596 13:31:43    -1498.834505        0.2083
BFGS:  597 13:31:50    -1498.835762        0.1545
BFGS:  598 13:31:56    -1498.837103        0.0834
BFGS:  599 13:32:03    -1498.837238        0.1109
BFGS:  600 13:32:09    -1498.836783        0.0956
BFGS:  601 13:32:15    -1498.836405        0.2211
BFGS:  602 13:32:21    -1498.836717        0.2781
BFGS:  603 13:32:25    -1498.836647        0.0640
BFGS:  604 13:32:32    -1498.837461        0.1858
BFGS:  605 13:32:37    -1498.837409        0.0980
BFGS:  606 13:32:43    -1498.835171        0.1647
BFGS:  607 13:32:46    -1498.833266        0.1450
BFGS:  608 13:32:52    -1498.831527        0.1828
BFGS:  609 13:32:57    -1498.831359        0.1960
BFGS:  610 13:33:00    -1498.831103        0.2398
BFGS:  611 13:33:06    -1498.834065        0.0974
BFGS:  612 13:33:11    -1498.837367        0.1840
BFGS:  613 13:33:16    -1498.836915        0.1854
BFGS:  614 13:33:21    -1498.837366        0.1613
BFGS:  615 13:33:27    -1498.836927        0.2931
BFGS:  616 13:33:33    -1498.835627        0.0965
BFGS:  617 13:33:40    -1498.834502        0.1639
BFGS:  618 13:33:46    -1498.835320        0.1341
BFGS:  619 13:33:52    -1498.836399        0.1042
BFGS:  620 13:33:58    -1498.836527        0.1449
BFGS:  621 13:34:03    -1498.837712        0.1488
BFGS:  622 13:34:08    -1498.837872        0.1592
BFGS:  623 13:34:11    -1498.838958        0.1522
BFGS:  624 13:34:18    -1498.842750        0.2078
BFGS:  625 13:34:25    -1498.845286        0.1042
BFGS:  626 13:34:29    -1498.849398        0.1467
BFGS:  627 13:34:32    -1498.850971        0.1117
BFGS:  628 13:34:36    -1498.851941        0.1149
BFGS:  629 13:34:39    -1498.852941        0.1447
BFGS:  630 13:34:45    -1498.854263        0.1526
BFGS:  631 13:34:51    -1498.857036        0.1016
BFGS:  632 13:34:56    -1498.862421        0.2794
BFGS:  633 13:35:00    -1498.867231        0.2259
BFGS:  634 13:35:04    -1498.870675        0.1591
BFGS:  635 13:35:10    -1498.868669        0.2345
BFGS:  636 13:35:15    -1498.869039        0.2225
BFGS:  637 13:35:18    -1498.867445        0.1322
BFGS:  638 13:35:23    -1498.870371        0.1275
BFGS:  639 13:35:30    -1498.873241        0.0670
BFGS:  640 13:35:35    -1498.878490        0.1253
BFGS:  641 13:35:42    -1498.880369        0.1067
BFGS:  642 13:35:47    -1498.884170        0.1617
BFGS:  643 13:35:52    -1498.884479        0.1069
BFGS:  644 13:35:57    -1498.885667        0.1018
BFGS:  645 13:36:01    -1498.888822        0.0935
BFGS:  646 13:36:06    -1498.894493        0.2096
BFGS:  647 13:36:13    -1498.898312        0.1326
BFGS:  648 13:36:16    -1498.905631        0.1487
BFGS:  649 13:36:21    -1498.907085        0.0753
BFGS:  650 13:36:26    -1498.911942        0.0939
BFGS:  651 13:36:33    -1498.911880        0.0950
BFGS:  652 13:36:38    -1498.911397        0.1120
BFGS:  653 13:36:45    -1498.913138        0.1125
BFGS:  654 13:36:48    -1498.915996        0.1065
BFGS:  655 13:36:52    -1498.920249        0.2394
BFGS:  656 13:36:59    -1498.922945        0.0936
BFGS:  657 13:37:03    -1498.926076        0.1132
BFGS:  658 13:37:10    -1498.928775        0.0955
BFGS:  659 13:37:14    -1498.930049        0.1073
BFGS:  660 13:37:20    -1498.930255        0.1434
BFGS:  661 13:37:27    -1498.933519        0.3854
BFGS:  662 13:37:32    -1498.931406        0.1127
BFGS:  663 13:37:36    -1498.932914        0.0706
BFGS:  664 13:37:39    -1498.936674        0.0728
BFGS:  665 13:37:46    -1498.939145        0.1028
BFGS:  666 13:37:52    -1498.940919        0.1661
BFGS:  667 13:37:57    -1498.940014        0.1252
BFGS:  668 13:38:03    -1498.939233        0.1552
BFGS:  669 13:38:09    -1498.939227        0.0964
BFGS:  670 13:38:16    -1498.941118        0.2192
BFGS:  671 13:38:21    -1498.942610        0.1008
BFGS:  672 13:38:27    -1498.944648        0.1426
BFGS:  673 13:38:32    -1498.946289        0.1211
BFGS:  674 13:38:36    -1498.947016        0.1221
BFGS:  675 13:38:43    -1498.947128        0.1046
BFGS:  676 13:38:47    -1498.946633        0.0884
BFGS:  677 13:38:53    -1498.946135        0.1524
BFGS:  678 13:38:56    -1498.945403        0.1892
BFGS:  679 13:39:02    -1498.945829        0.0709
BFGS:  680 13:39:08    -1498.947351        0.0983
BFGS:  681 13:39:13    -1498.947371        0.4597
BFGS:  682 13:39:15    -1498.947666        0.1538
BFGS:  683 13:39:19    -1498.945830        0.2359
BFGS:  684 13:39:25    -1498.945679        0.5155
BFGS:  685 13:39:30    -1498.943757        0.3953
BFGS:  686 13:39:36    -1498.944655        0.0668
BFGS:  687 13:39:39    -1498.944868        0.2218
BFGS:  688 13:39:41    -1498.945415        0.3184
BFGS:  689 13:39:47    -1498.944336        0.1492
BFGS:  690 13:39:53    -1498.943049        0.4047
BFGS:  691 13:39:57    -1498.942256        0.5899
BFGS:  692 13:40:02    -1498.941582        0.3745
BFGS:  693 13:40:08    -1498.942558        0.1001
BFGS:  694 13:40:13    -1498.943975        0.3691
BFGS:  695 13:40:20    -1498.943829        0.4252
BFGS:  696 13:40:25    -1498.942466        0.1649
BFGS:  697 13:40:32    -1498.941228        0.3509
BFGS:  698 13:40:35    -1498.940619        0.6171
BFGS:  699 13:40:42    -1498.939873        0.4422
BFGS:  700 13:40:48    -1498.941463        0.1579
BFGS:  701 13:40:54    -1498.943141        0.3819
BFGS:  702 13:41:00    -1498.943314        0.4857
BFGS:  703 13:41:06    -1498.941601        0.2744
BFGS:  704 13:41:09    -1498.940582        0.1898
BFGS:  705 13:41:15    -1498.939915        0.5254
BFGS:  706 13:41:20    -1498.939300        0.4329
BFGS:  707 13:41:26    -1498.940526        0.1670
BFGS:  708 13:41:31    -1498.942434        0.3194
BFGS:  709 13:41:38    -1498.942579        0.4586
BFGS:  710 13:41:43    -1498.940942        0.2221
BFGS:  711 13:41:48    -1498.939741        0.2145
BFGS:  712 13:41:53    -1498.939000        0.5154
BFGS:  713 13:41:59    -1498.938744        0.3334
BFGS:  714 13:42:04    -1498.940404        0.1023
BFGS:  715 13:42:08    -1498.942129        0.4028
BFGS:  716 13:42:14    -1498.941844        0.3969
BFGS:  717 13:42:21    -1498.939450        0.1378
BFGS:  718 13:42:25    -1498.938555        0.3977
BFGS:  719 13:42:30    -1498.938351        0.4568
BFGS:  720 13:42:35    -1498.939488        0.1116
BFGS:  721 13:42:39    -1498.940728        0.1332
BFGS:  722 13:42:43    -1498.941038        0.3663
BFGS:  723 13:42:48    -1498.940150        0.1913
BFGS:  724 13:42:54    -1498.937042        0.5342
BFGS:  725 13:43:00    -1498.937892        0.3302
BFGS:  726 13:43:05    -1498.940785        0.2078
BFGS:  727 13:43:11    -1498.939508        0.0520
BFGS:  728 13:43:17    -1498.939204        0.0668
BFGS:  729 13:43:22    -1498.937902        0.2005
BFGS:  730 13:43:28    -1498.935508        0.3679
BFGS:  731 13:43:32    -1498.932409        0.3583
BFGS:  732 13:43:37    -1498.931278        0.3126
BFGS:  733 13:43:43    -1498.931780        0.3393
BFGS:  734 13:43:49    -1498.933197        0.2136
BFGS:  735 13:43:54    -1498.933565        0.0535
BFGS:  736 13:43:59    -1498.934177        0.1564
BFGS:  737 13:44:02    -1498.934691        0.1379
BFGS:  738 13:44:08    -1498.935650        0.0849
BFGS:  739 13:44:15    -1498.935346        0.2708
BFGS:  740 13:44:17    -1498.935129        0.1405
BFGS:  741 13:44:22    -1498.935116        0.0375
Neb Done!
Thu Sep 12 13:44:26 PDT 2019
