 Fermi distribution function

Calculation with static geometry


********************************************************************************
 iSCC Total electronic   Diff electronic      SCC error    
   12   -0.57523907E+02   -0.11253576E-09    0.28390745E-05
********************************************************************************

 Total charge:    -0.00000000

 Atomic gross charges (e)
 Atom           Charge
    1       0.04481639
    2      -0.27015524
    3       0.31839409
    4      -0.24159557
    5      -0.09352960
    6       0.00783391
    7      -0.05947965
    8      -0.10690496
    9       0.15218598
   10      -0.22856929
   11       0.42610903
   12      -0.25469273
   13      -0.20196522
   14      -0.05063455
   15      -0.16496011
   16       0.67566968
   17      -0.53733959
   18      -0.49171586
   19       0.28392881
   20      -0.30840318
   21       0.03520670
   22      -0.13038095
   23       0.18759424
   24      -0.31341733
   25       0.05225259
   26       0.07061770
   27       0.05272366
   28       0.10380604
   29       0.10198314
   30       0.11746579
   31       0.11612667
   32       0.12186081
   33       0.36727312
   34       0.07283090
   35       0.06892397
   36       0.07614063

Nr. of electrons (up):     61.00000000
Atom populations (up)
 Atom       Population
    1       1.97759181
    2       3.13507762
    3       1.84080296
    4       2.12079779
    5       2.04676480
    6       1.99608305
    7       2.52973983
    8       2.55345248
    9       1.92390701
   10       2.11428465
   11       1.78694549
   12       3.62734637
   13       2.10098261
   14       2.02531727
   15       2.08248005
   16       1.66216516
   17       3.26866979
   18       3.24585793
   19       1.85803560
   20       3.15420159
   21       1.98239665
   22       2.06519048
   23       1.90620288
   24       2.65670867
   25       0.47387370
   26       0.46469115
   27       0.47363817
   28       0.44809698
   29       0.44900843
   30       0.44126710
   31       0.44193666
   32       0.43906959
   33       0.31636344
   34       0.46358455
   35       0.46553802
   36       0.46192969

l-shell populations (up)
 Atom Sh.   l       Population
    1   1   0       0.61432140
    1   2   1       1.36327041
    2   1   0       0.85119823
    2   2   1       2.28387939
    3   1   0       0.55995620
    3   2   1       1.28084676
    4   1   0       0.61507613
    4   2   1       1.50572165
    5   1   0       0.61427488
    5   2   1       1.43248992
    6   1   0       0.58221939
    6   2   1       1.41386365
    7   1   0       0.75551244
    7   2   1       1.77422739
    8   1   0       0.75129390
    8   2   1       1.80215858
    9   1   0       0.58107766
    9   2   1       1.34282935
   10   1   0       0.61865595
   10   2   1       1.49562869
   11   1   0       0.55149412
   11   2   1       1.23545137
   12   1   0       0.94427857
   12   2   1       2.68306780
   13   1   0       0.61665009
   13   2   1       1.48433252
   14   1   0       0.61577043
   14   2   1       1.40954685
   15   1   0       0.60853736
   15   2   1       1.47394269
   16   1   0       0.52130642
   16   2   1       1.14085874
   17   1   0       0.87852833
   17   2   1       2.39014146
   18   1   0       0.86989494
   18   2   1       2.37596299
   19   1   0       0.56369131
   19   2   1       1.29434428
   20   1   0       0.85438344
   20   2   1       2.29981815
   21   1   0       0.61730930
   21   2   1       1.36508735
   22   1   0       0.58755706
   22   2   1       1.47763342
   23   1   0       0.57928450
   23   2   1       1.32691838
   24   1   0       0.81690887
   24   2   1       1.83979980
   25   1   0       0.47387370
   26   1   0       0.46469115
   27   1   0       0.47363817
   28   1   0       0.44809698
   29   1   0       0.44900843
   30   1   0       0.44126710
   31   1   0       0.44193666
   32   1   0       0.43906959
   33   1   0       0.31636344
   34   1   0       0.46358455
   35   1   0       0.46553802
   36   1   0       0.46192969

Orbital populations (up)
 Atom Sh.   l   m       Population
    1   1   0   0       0.61432140
    1   2   1  -1       0.44307016
    1   2   1   0       0.47118200
    1   2   1   1       0.44901825
    2   1   0   0       0.85119823
    2   2   1  -1       0.68549675
    2   2   1   0       0.83114025
    2   2   1   1       0.76724240
    3   1   0   0       0.55995620
    3   2   1  -1       0.41627566
    3   2   1   0       0.42134984
    3   2   1   1       0.44322126
    4   1   0   0       0.61507613
    4   2   1  -1       0.51029682
    4   2   1   0       0.46314942
    4   2   1   1       0.53227541
    5   1   0   0       0.61427488
    5   2   1  -1       0.48117584
    5   2   1   0       0.47834123
    5   2   1   1       0.47297285
    6   1   0   0       0.58221939
    6   2   1  -1       0.45686067
    6   2   1   0       0.44478092
    6   2   1   1       0.51222206
    7   1   0   0       0.75551244
    7   2   1  -1       0.60231622
    7   2   1   0       0.57419783
    7   2   1   1       0.59771334
    8   1   0   0       0.75129390
    8   2   1  -1       0.70374350
    8   2   1   0       0.58976842
    8   2   1   1       0.50864666
    9   1   0   0       0.58107766
    9   2   1  -1       0.42847719
    9   2   1   0       0.45984972
    9   2   1   1       0.45450244
   10   1   0   0       0.61865595
   10   2   1  -1       0.46997496
   10   2   1   0       0.53312173
   10   2   1   1       0.49253200
   11   1   0   0       0.55149412
   11   2   1  -1       0.34373644
   11   2   1   0       0.43704231
   11   2   1   1       0.45467263
   12   1   0   0       0.94427857
   12   2   1  -1       0.77562110
   12   2   1   0       0.92504640
   12   2   1   1       0.98240030
   13   1   0   0       0.61665009
   13   2   1  -1       0.48122802
   13   2   1   0       0.51703140
   13   2   1   1       0.48607311
   14   1   0   0       0.61577043
   14   2   1  -1       0.45707669
   14   2   1   0       0.47756010
   14   2   1   1       0.47491005
   15   1   0   0       0.60853736
   15   2   1  -1       0.48073887
   15   2   1   0       0.52557818
   15   2   1   1       0.46762565
   16   1   0   0       0.52130642
   16   2   1  -1       0.39370964
   16   2   1   0       0.39168765
   16   2   1   1       0.35546145
   17   1   0   0       0.87852833
   17   2   1  -1       0.89218344
   17   2   1   0       0.73250086
   17   2   1   1       0.76545716
   18   1   0   0       0.86989494
   18   2   1  -1       0.85554500
   18   2   1   0       0.89583463
   18   2   1   1       0.62458336
   19   1   0   0       0.56369131
   19   2   1  -1       0.41884477
   19   2   1   0       0.44232438
   19   2   1   1       0.43317513
   20   1   0   0       0.85438344
   20   2   1  -1       0.80151539
   20   2   1   0       0.67178926
   20   2   1   1       0.82651350
   21   1   0   0       0.61730930
   21   2   1  -1       0.49631096
   21   2   1   0       0.37296708
   21   2   1   1       0.49580930
   22   1   0   0       0.58755706
   22   2   1  -1       0.50833771
   22   2   1   0       0.43368947
   22   2   1   1       0.53560624
   23   1   0   0       0.57928450
   23   2   1  -1       0.45024362
   23   2   1   0       0.42463045
   23   2   1   1       0.45204431
   24   1   0   0       0.81690887
   24   2   1  -1       0.56974757
   24   2   1   0       0.70137653
   24   2   1   1       0.56867571
   25   1   0   0       0.47387370
   26   1   0   0       0.46469115
   27   1   0   0       0.47363817
   28   1   0   0       0.44809698
   29   1   0   0       0.44900843
   30   1   0   0       0.44126710
   31   1   0   0       0.44193666
   32   1   0   0       0.43906959
   33   1   0   0       0.31636344
   34   1   0   0       0.46358455
   35   1   0   0       0.46553802
   36   1   0   0       0.46192969

Nr. of electrons (down):     61.00000000
Atom populations (down)
 Atom       Population
    1       1.97759181
    2       3.13507762
    3       1.84080296
    4       2.12079779
    5       2.04676480
    6       1.99608305
    7       2.52973983
    8       2.55345248
    9       1.92390701
   10       2.11428465
   11       1.78694549
   12       3.62734637
   13       2.10098261
   14       2.02531727
   15       2.08248005
   16       1.66216516
   17       3.26866979
   18       3.24585793
   19       1.85803560
   20       3.15420159
   21       1.98239665
   22       2.06519048
   23       1.90620288
   24       2.65670867
   25       0.47387370
   26       0.46469115
   27       0.47363817
   28       0.44809698
   29       0.44900843
   30       0.44126710
   31       0.44193666
   32       0.43906959
   33       0.31636344
   34       0.46358455
   35       0.46553802
   36       0.46192969

l-shell populations (down)
 Atom Sh.   l       Population
    1   1   0       0.61432140
    1   2   1       1.36327041
    2   1   0       0.85119823
    2   2   1       2.28387939
    3   1   0       0.55995620
    3   2   1       1.28084676
    4   1   0       0.61507613
    4   2   1       1.50572165
    5   1   0       0.61427488
    5   2   1       1.43248992
    6   1   0       0.58221939
    6   2   1       1.41386365
    7   1   0       0.75551244
    7   2   1       1.77422739
    8   1   0       0.75129390
    8   2   1       1.80215858
    9   1   0       0.58107766
    9   2   1       1.34282935
   10   1   0       0.61865595
   10   2   1       1.49562869
   11   1   0       0.55149412
   11   2   1       1.23545137
   12   1   0       0.94427857
   12   2   1       2.68306780
   13   1   0       0.61665009
   13   2   1       1.48433252
   14   1   0       0.61577043
   14   2   1       1.40954685
   15   1   0       0.60853736
   15   2   1       1.47394269
   16   1   0       0.52130642
   16   2   1       1.14085874
   17   1   0       0.87852833
   17   2   1       2.39014146
   18   1   0       0.86989494
   18   2   1       2.37596299
   19   1   0       0.56369131
   19   2   1       1.29434428
   20   1   0       0.85438344
   20   2   1       2.29981815
   21   1   0       0.61730930
   21   2   1       1.36508735
   22   1   0       0.58755706
   22   2   1       1.47763342
   23   1   0       0.57928450
   23   2   1       1.32691838
   24   1   0       0.81690887
   24   2   1       1.83979980
   25   1   0       0.47387370
   26   1   0       0.46469115
   27   1   0       0.47363817
   28   1   0       0.44809698
   29   1   0       0.44900843
   30   1   0       0.44126710
   31   1   0       0.44193666
   32   1   0       0.43906959
   33   1   0       0.31636344
   34   1   0       0.46358455
   35   1   0       0.46553802
   36   1   0       0.46192969

Orbital populations (down)
 Atom Sh.   l   m       Population
    1   1   0   0       0.61432140
    1   2   1  -1       0.44307016
    1   2   1   0       0.47118200
    1   2   1   1       0.44901825
    2   1   0   0       0.85119823
    2   2   1  -1       0.68549675
    2   2   1   0       0.83114025
    2   2   1   1       0.76724240
    3   1   0   0       0.55995620
    3   2   1  -1       0.41627566
    3   2   1   0       0.42134984
    3   2   1   1       0.44322126
    4   1   0   0       0.61507613
    4   2   1  -1       0.51029682
    4   2   1   0       0.46314942
    4   2   1   1       0.53227541
    5   1   0   0       0.61427488
    5   2   1  -1       0.48117584
    5   2   1   0       0.47834123
    5   2   1   1       0.47297285
    6   1   0   0       0.58221939
    6   2   1  -1       0.45686067
    6   2   1   0       0.44478092
    6   2   1   1       0.51222206
    7   1   0   0       0.75551244
    7   2   1  -1       0.60231622
    7   2   1   0       0.57419783
    7   2   1   1       0.59771334
    8   1   0   0       0.75129390
    8   2   1  -1       0.70374350
    8   2   1   0       0.58976842
    8   2   1   1       0.50864666
    9   1   0   0       0.58107766
    9   2   1  -1       0.42847719
    9   2   1   0       0.45984972
    9   2   1   1       0.45450244
   10   1   0   0       0.61865595
   10   2   1  -1       0.46997496
   10   2   1   0       0.53312173
   10   2   1   1       0.49253200
   11   1   0   0       0.55149412
   11   2   1  -1       0.34373644
   11   2   1   0       0.43704231
   11   2   1   1       0.45467263
   12   1   0   0       0.94427857
   12   2   1  -1       0.77562110
   12   2   1   0       0.92504640
   12   2   1   1       0.98240030
   13   1   0   0       0.61665009
   13   2   1  -1       0.48122802
   13   2   1   0       0.51703140
   13   2   1   1       0.48607311
   14   1   0   0       0.61577043
   14   2   1  -1       0.45707669
   14   2   1   0       0.47756010
   14   2   1   1       0.47491005
   15   1   0   0       0.60853736
   15   2   1  -1       0.48073887
   15   2   1   0       0.52557818
   15   2   1   1       0.46762565
   16   1   0   0       0.52130642
   16   2   1  -1       0.39370964
   16   2   1   0       0.39168765
   16   2   1   1       0.35546145
   17   1   0   0       0.87852833
   17   2   1  -1       0.89218344
   17   2   1   0       0.73250086
   17   2   1   1       0.76545716
   18   1   0   0       0.86989494
   18   2   1  -1       0.85554500
   18   2   1   0       0.89583463
   18   2   1   1       0.62458336
   19   1   0   0       0.56369131
   19   2   1  -1       0.41884477
   19   2   1   0       0.44232438
   19   2   1   1       0.43317513
   20   1   0   0       0.85438344
   20   2   1  -1       0.80151539
   20   2   1   0       0.67178926
   20   2   1   1       0.82651350
   21   1   0   0       0.61730930
   21   2   1  -1       0.49631096
   21   2   1   0       0.37296708
   21   2   1   1       0.49580930
   22   1   0   0       0.58755706
   22   2   1  -1       0.50833771
   22   2   1   0       0.43368947
   22   2   1   1       0.53560624
   23   1   0   0       0.57928450
   23   2   1  -1       0.45024362
   23   2   1   0       0.42463045
   23   2   1   1       0.45204431
   24   1   0   0       0.81690887
   24   2   1  -1       0.56974757
   24   2   1   0       0.70137653
   24   2   1   1       0.56867571
   25   1   0   0       0.47387370
   26   1   0   0       0.46469115
   27   1   0   0       0.47363817
   28   1   0   0       0.44809698
   29   1   0   0       0.44900843
   30   1   0   0       0.44126710
   31   1   0   0       0.44193666
   32   1   0   0       0.43906959
   33   1   0   0       0.31636344
   34   1   0   0       0.46358455
   35   1   0   0       0.46553802
   36   1   0   0       0.46192969

Spin  up
Fermi level:                        -0.1732911665 H           -4.7155 eV
Band energy:                       -28.9493197721 H         -787.7511 eV
TS:                                  0.0000000000 H            0.0000 eV
Band free energy (E-TS):           -28.9493197721 H         -787.7511 eV
Extrapolated E(0K):                -28.9493197721 H         -787.7511 eV
Input / Output electrons (up):     61.0000000000     61.0000000000

Spin  down
Fermi level:                        -0.1732911665 H           -4.7155 eV
Band energy:                       -28.9493197721 H         -787.7511 eV
TS:                                  0.0000000000 H            0.0000 eV
Band free energy (E-TS):           -28.9493197721 H         -787.7511 eV
Extrapolated E(0K):                -28.9493197721 H         -787.7511 eV
Input / Output electrons (down):     61.0000000000     61.0000000000

Energy H0:                         -57.5869607538 H        -1567.0209 eV
Energy SCC:                          0.0675368912 H            1.8378 eV
Energy SPIN:                         0.0000000000 H            0.0000 eV
Total Electronic energy:           -57.5239066693 H        -1565.3051 eV
Repulsive energy:                    0.9415643028 H           25.6213 eV
Total energy:                      -56.5823423664 H        -1539.6839 eV
Extrapolated to 0:                 -56.5823423664 H        -1539.6839 eV
Total Mermin free energy:          -56.5823423664 H        -1539.6839 eV
Force related energy:              -56.5823423664 H        -1539.6839 eV

SCC converged

Total Forces
    1     -0.000004850460     -0.000041432965     -0.000087147555
    2      0.000080248273     -0.000019323775      0.000017185593
    3      0.000020105269     -0.000045319613      0.000090837790
    4     -0.000017299704     -0.000039057254      0.000116953724
    5      0.000115218142     -0.000071411073      0.000002872653
    6      0.000044257931     -0.000022116142      0.000067830769
    7     -0.000176340352     -0.000009069427      0.000249467952
    8     -0.000105202977      0.000159096401     -0.000044050450
    9      0.000004994143      0.000107518397      0.000276483046
   10      0.000101702380      0.000080456242     -0.000151832186
   11      0.000069188812     -0.000038565004     -0.000008094571
   12     -0.000140847500     -0.000085550495     -0.000066955464
   13      0.000140106524     -0.000137880584     -0.000223184006
   14     -0.000120577369     -0.000039105461      0.000000432481
   15     -0.000148572225      0.000043895832     -0.000278587034
   16     -0.000092581129      0.000004879060     -0.000024423225
   17     -0.000135313080      0.000003533713     -0.000068948508
   18     -0.000085796735     -0.000073466235      0.000060028352
   19      0.000110577688     -0.000098055187      0.000000873090
   20      0.000081444189      0.000005085820     -0.000099103096
   21      0.000120171898      0.000003558451      0.000005780705
   22     -0.000011037138     -0.000011668327      0.000039573243
   23      0.000117215573      0.000010428090      0.000146104943
   24      0.000194890411      0.000081301102      0.000007288906
   25      0.000006271680      0.000070443010     -0.000036127739
   26     -0.000003231346      0.000053335385      0.000011696158
   27     -0.000110079996     -0.000084084841     -0.000046339052
   28     -0.000069014233      0.000037272599     -0.000013031829
   29     -0.000087783607     -0.000054931948      0.000022217658
   30     -0.000056247704     -0.000097514663      0.000016652094
   31     -0.000149817371      0.000105040140     -0.000117941499
   32     -0.000163190535      0.000084236915     -0.000078327922
   33      0.000089587122     -0.000006849631     -0.000015986379
   34      0.000226517900     -0.000101053162      0.000096853112
   35      0.000129487744      0.000230329585      0.000083276891
   36      0.000025797781     -0.000003954955      0.000047671355

Maximal derivative component:        0.278587E-03 au

Dipole moment:   -1.89137049    1.46763906    1.00951867 au
Dipole moment:   -4.80738466    3.73036670    2.56594071 Debye


