 Fermi distribution function

Geometry optimization step: 1163


********************************************************************************
 iSCC Total electronic   Diff electronic      SCC error    
    4   -0.58449517E+02   -0.11208101E-09    0.63965865E-05
********************************************************************************

Coordinates of moved atoms (au):
    1      1.93873196      6.24532303     -3.29191918
    2      2.89613434      5.56044155     -1.45583566
    3      4.14634261      4.76252630      0.83086220
    4      5.76151441      6.45127782      2.09596556
    5      7.04594640      5.69742476      4.26254665
    6      6.81089144      3.21730404      5.19215488
    7      8.25885903      2.42160699      7.48216102
    8      8.26994217      0.29205135      8.38223269
    9      9.65641278      4.29707366      8.58032457
   10      5.23000964      1.48537558      3.91546487
   11      4.94019330     -1.09753695      4.74686990
   12      4.61892189     -3.19652876      5.24477417
   13      3.81895315      2.28230976      1.78297504
   14      2.45290882      0.42235204      0.37215018
   15      0.14682193      0.63528420     -0.17698421
   16     -1.40596684      2.60699852      0.90817392
   17     -3.07625730      3.92410713     -0.68068396
   18     -4.80017346      5.67721857      0.31744386
   19     -6.53118625      7.13938034     -1.34845519
   20     -8.04776314      8.72751625     -0.59314003
   21     -6.36064645      6.61051109     -3.86145642
   22     -4.93585999      6.04640432      2.94857566
   23     -3.37035346      4.68398740      4.56881922
   24     -1.62976964      2.97870060      3.54354310
   25     -0.17474821      1.64052882      5.12364358
   26      6.00160089      8.35410396      1.36459663
   27      8.27649202      7.01729740      5.23899432
   28     10.52729754      3.61002397     10.04191088
   29     -2.96574113      3.64989938     -2.71206298
   30     -7.55051594      7.66349081     -4.77761133
   31     -6.29829215      7.39208978      3.68825841
   32     -3.48187530      4.92036854      6.60387103

 Total charge:    -0.00000000

 Atomic gross charges (e)
 Atom           Charge
    1      -0.27190364
    2       0.16841404
    3       0.03188120
    4      -0.08167803
    5      -0.09502865
    6      -0.07096141
    7       0.66121392
    8      -0.52432127
    9      -0.50859372
   10       0.05185584
   11       0.17807742
   12      -0.24155461
   13       0.12274675
   14      -0.05432602
   15      -0.04598389
   16       0.03393540
   17      -0.09157743
   18      -0.09100998
   19       0.68179422
   20      -0.56979504
   21      -0.50296557
   22      -0.06726265
   23      -0.17719819
   24       0.37341037
   25      -0.24713188
   26       0.10401413
   27       0.11408906
   28       0.38119657
   29       0.12332979
   30       0.37901363
   31       0.12017893
   32       0.11614070

Nr. of electrons (up):     61.00000000
Atom populations (up)
 Atom       Population
    1       2.63595182
    2       1.91579298
    3       1.98405940
    4       2.04083902
    5       2.04751433
    6       2.03548070
    7       1.66939304
    8       3.26216064
    9       3.25429686
   10       1.97407208
   11       1.91096129
   12       2.62077730
   13       1.93862662
   14       2.52716301
   15       2.52299195
   16       1.98303230
   17       2.04578872
   18       2.04550499
   19       1.65910289
   20       3.28489752
   21       3.25148279
   22       2.03363133
   23       2.08859909
   24       1.81329481
   25       3.62356594
   26       0.44799293
   27       0.44295547
   28       0.30940172
   29       0.43833511
   30       0.31049319
   31       0.43991053
   32       0.44192965

l-shell populations (up)
 Atom Sh.   l       Population
    1   1   0       0.81637536
    1   2   1       1.81957646
    2   1   0       0.58191158
    2   2   1       1.33388140
    3   1   0       0.58452283
    3   2   1       1.39953657
    4   1   0       0.61444735
    4   2   1       1.42639166
    5   1   0       0.61471867
    5   2   1       1.43279566
    6   1   0       0.60389978
    6   2   1       1.43158093
    7   1   0       0.52286878
    7   2   1       1.14652426
    8   1   0       0.87867603
    8   2   1       2.38348460
    9   1   0       0.87456766
    9   2   1       2.37972920
   10   1   0       0.58599448
   10   2   1       1.38807760
   11   1   0       0.57726652
   11   2   1       1.33369477
   12   1   0       0.81595181
   12   2   1       1.80482549
   13   1   0       0.58419984
   13   2   1       1.35442678
   14   1   0       0.74593247
   14   2   1       1.78123054
   15   1   0       0.75230246
   15   2   1       1.77068949
   16   1   0       0.58420263
   16   2   1       1.39882967
   17   1   0       0.61762749
   17   2   1       1.42816123
   18   1   0       0.60008369
   18   2   1       1.44542130
   19   1   0       0.52146248
   19   2   1       1.13764041
   20   1   0       0.88105861
   20   2   1       2.40383891
   21   1   0       0.87360621
   21   2   1       2.37787657
   22   1   0       0.61567938
   22   2   1       1.41795195
   23   1   0       0.61585028
   23   2   1       1.47274881
   24   1   0       0.55652070
   24   2   1       1.25677412
   25   1   0       0.94418751
   25   2   1       2.67937843
   26   1   0       0.44799293
   27   1   0       0.44295547
   28   1   0       0.30940172
   29   1   0       0.43833511
   30   1   0       0.31049319
   31   1   0       0.43991053
   32   1   0       0.44192965

Orbital populations (up)
 Atom Sh.   l   m       Population
    1   1   0   0       0.81637536
    1   2   1  -1       0.57190256
    1   2   1   0       0.66126728
    1   2   1   1       0.58640662
    2   1   0   0       0.58191158
    2   2   1  -1       0.44893747
    2   2   1   0       0.43608523
    2   2   1   1       0.44885870
    3   1   0   0       0.58452283
    3   2   1  -1       0.45361627
    3   2   1   0       0.45775476
    3   2   1   1       0.48816553
    4   1   0   0       0.61444735
    4   2   1  -1       0.47607398
    4   2   1   0       0.47216525
    4   2   1   1       0.47815243
    5   1   0   0       0.61471867
    5   2   1  -1       0.46768974
    5   2   1   0       0.47441043
    5   2   1   1       0.49069548
    6   1   0   0       0.60389978
    6   2   1  -1       0.46388768
    6   2   1   0       0.47915571
    6   2   1   1       0.48853754
    7   1   0   0       0.52286878
    7   2   1  -1       0.35780554
    7   2   1   0       0.40187430
    7   2   1   1       0.38684442
    8   1   0   0       0.87867603
    8   2   1  -1       0.73933867
    8   2   1   0       0.83610966
    8   2   1   1       0.80803627
    9   1   0   0       0.87456766
    9   2   1  -1       0.83435971
    9   2   1   0       0.74538474
    9   2   1   1       0.79998475
   10   1   0   0       0.58599448
   10   2   1  -1       0.44094405
   10   2   1   0       0.47338212
   10   2   1   1       0.47375143
   11   1   0   0       0.57726652
   11   2   1  -1       0.42633633
   11   2   1   0       0.45141685
   11   2   1   1       0.45594158
   12   1   0   0       0.81595181
   12   2   1  -1       0.69071903
   12   2   1   0       0.56209616
   12   2   1   1       0.55201030
   13   1   0   0       0.58419984
   13   2   1  -1       0.42663264
   13   2   1   0       0.44565007
   13   2   1   1       0.48214407
   14   1   0   0       0.74593247
   14   2   1  -1       0.67983529
   14   2   1   0       0.54650384
   14   2   1   1       0.55489142
   15   1   0   0       0.75230246
   15   2   1  -1       0.62562078
   15   2   1   0       0.61344390
   15   2   1   1       0.53162481
   16   1   0   0       0.58420263
   16   2   1  -1       0.45793987
   16   2   1   0       0.44975696
   16   2   1   1       0.49113284
   17   1   0   0       0.61762749
   17   2   1  -1       0.48300090
   17   2   1   0       0.48185121
   17   2   1   1       0.46330911
   18   1   0   0       0.60008369
   18   2   1  -1       0.49221588
   18   2   1   0       0.46301530
   18   2   1   1       0.49019012
   19   1   0   0       0.52146248
   19   2   1  -1       0.38423802
   19   2   1   0       0.36294375
   19   2   1   1       0.39045864
   20   1   0   0       0.88105861
   20   2   1  -1       0.72831616
   20   2   1   0       0.93255864
   20   2   1   1       0.74296411
   21   1   0   0       0.87360621
   21   2   1  -1       0.87297960
   21   2   1   0       0.64792690
   21   2   1   1       0.85697008
   22   1   0   0       0.61567938
   22   2   1  -1       0.48051170
   22   2   1   0       0.45789711
   22   2   1   1       0.47954314
   23   1   0   0       0.61585028
   23   2   1  -1       0.49980380
   23   2   1   0       0.47895951
   23   2   1   1       0.49398549
   24   1   0   0       0.55652070
   24   2   1  -1       0.43133440
   24   2   1   0       0.40115053
   24   2   1   1       0.42428919
   25   1   0   0       0.94418751
   25   2   1  -1       0.89921056
   25   2   1   0       0.89132258
   25   2   1   1       0.88884528
   26   1   0   0       0.44799293
   27   1   0   0       0.44295547
   28   1   0   0       0.30940172
   29   1   0   0       0.43833511
   30   1   0   0       0.31049319
   31   1   0   0       0.43991053
   32   1   0   0       0.44192965

Nr. of electrons (down):     61.00000000
Atom populations (down)
 Atom       Population
    1       2.63595182
    2       1.91579298
    3       1.98405940
    4       2.04083902
    5       2.04751433
    6       2.03548070
    7       1.66939304
    8       3.26216064
    9       3.25429686
   10       1.97407208
   11       1.91096129
   12       2.62077730
   13       1.93862662
   14       2.52716301
   15       2.52299195
   16       1.98303230
   17       2.04578872
   18       2.04550499
   19       1.65910289
   20       3.28489752
   21       3.25148279
   22       2.03363133
   23       2.08859909
   24       1.81329481
   25       3.62356594
   26       0.44799293
   27       0.44295547
   28       0.30940172
   29       0.43833511
   30       0.31049319
   31       0.43991053
   32       0.44192965

l-shell populations (down)
 Atom Sh.   l       Population
    1   1   0       0.81637536
    1   2   1       1.81957646
    2   1   0       0.58191158
    2   2   1       1.33388140
    3   1   0       0.58452283
    3   2   1       1.39953657
    4   1   0       0.61444735
    4   2   1       1.42639166
    5   1   0       0.61471867
    5   2   1       1.43279566
    6   1   0       0.60389978
    6   2   1       1.43158093
    7   1   0       0.52286878
    7   2   1       1.14652426
    8   1   0       0.87867603
    8   2   1       2.38348460
    9   1   0       0.87456766
    9   2   1       2.37972920
   10   1   0       0.58599448
   10   2   1       1.38807760
   11   1   0       0.57726652
   11   2   1       1.33369477
   12   1   0       0.81595181
   12   2   1       1.80482549
   13   1   0       0.58419984
   13   2   1       1.35442678
   14   1   0       0.74593247
   14   2   1       1.78123054
   15   1   0       0.75230246
   15   2   1       1.77068949
   16   1   0       0.58420263
   16   2   1       1.39882967
   17   1   0       0.61762749
   17   2   1       1.42816123
   18   1   0       0.60008369
   18   2   1       1.44542130
   19   1   0       0.52146248
   19   2   1       1.13764041
   20   1   0       0.88105861
   20   2   1       2.40383891
   21   1   0       0.87360621
   21   2   1       2.37787657
   22   1   0       0.61567938
   22   2   1       1.41795195
   23   1   0       0.61585028
   23   2   1       1.47274881
   24   1   0       0.55652070
   24   2   1       1.25677412
   25   1   0       0.94418751
   25   2   1       2.67937843
   26   1   0       0.44799293
   27   1   0       0.44295547
   28   1   0       0.30940172
   29   1   0       0.43833511
   30   1   0       0.31049319
   31   1   0       0.43991053
   32   1   0       0.44192965

Orbital populations (down)
 Atom Sh.   l   m       Population
    1   1   0   0       0.81637536
    1   2   1  -1       0.57190256
    1   2   1   0       0.66126728
    1   2   1   1       0.58640662
    2   1   0   0       0.58191158
    2   2   1  -1       0.44893747
    2   2   1   0       0.43608523
    2   2   1   1       0.44885870
    3   1   0   0       0.58452283
    3   2   1  -1       0.45361627
    3   2   1   0       0.45775476
    3   2   1   1       0.48816553
    4   1   0   0       0.61444735
    4   2   1  -1       0.47607398
    4   2   1   0       0.47216525
    4   2   1   1       0.47815243
    5   1   0   0       0.61471867
    5   2   1  -1       0.46768974
    5   2   1   0       0.47441043
    5   2   1   1       0.49069548
    6   1   0   0       0.60389978
    6   2   1  -1       0.46388768
    6   2   1   0       0.47915571
    6   2   1   1       0.48853754
    7   1   0   0       0.52286878
    7   2   1  -1       0.35780554
    7   2   1   0       0.40187430
    7   2   1   1       0.38684442
    8   1   0   0       0.87867603
    8   2   1  -1       0.73933867
    8   2   1   0       0.83610966
    8   2   1   1       0.80803627
    9   1   0   0       0.87456766
    9   2   1  -1       0.83435971
    9   2   1   0       0.74538474
    9   2   1   1       0.79998475
   10   1   0   0       0.58599448
   10   2   1  -1       0.44094405
   10   2   1   0       0.47338212
   10   2   1   1       0.47375143
   11   1   0   0       0.57726652
   11   2   1  -1       0.42633633
   11   2   1   0       0.45141685
   11   2   1   1       0.45594158
   12   1   0   0       0.81595181
   12   2   1  -1       0.69071903
   12   2   1   0       0.56209616
   12   2   1   1       0.55201030
   13   1   0   0       0.58419984
   13   2   1  -1       0.42663264
   13   2   1   0       0.44565007
   13   2   1   1       0.48214407
   14   1   0   0       0.74593247
   14   2   1  -1       0.67983529
   14   2   1   0       0.54650384
   14   2   1   1       0.55489142
   15   1   0   0       0.75230246
   15   2   1  -1       0.62562078
   15   2   1   0       0.61344390
   15   2   1   1       0.53162481
   16   1   0   0       0.58420263
   16   2   1  -1       0.45793987
   16   2   1   0       0.44975696
   16   2   1   1       0.49113284
   17   1   0   0       0.61762749
   17   2   1  -1       0.48300090
   17   2   1   0       0.48185121
   17   2   1   1       0.46330911
   18   1   0   0       0.60008369
   18   2   1  -1       0.49221588
   18   2   1   0       0.46301530
   18   2   1   1       0.49019012
   19   1   0   0       0.52146248
   19   2   1  -1       0.38423802
   19   2   1   0       0.36294375
   19   2   1   1       0.39045864
   20   1   0   0       0.88105861
   20   2   1  -1       0.72831616
   20   2   1   0       0.93255864
   20   2   1   1       0.74296411
   21   1   0   0       0.87360621
   21   2   1  -1       0.87297960
   21   2   1   0       0.64792690
   21   2   1   1       0.85697008
   22   1   0   0       0.61567938
   22   2   1  -1       0.48051170
   22   2   1   0       0.45789711
   22   2   1   1       0.47954314
   23   1   0   0       0.61585028
   23   2   1  -1       0.49980380
   23   2   1   0       0.47895951
   23   2   1   1       0.49398549
   24   1   0   0       0.55652070
   24   2   1  -1       0.43133440
   24   2   1   0       0.40115053
   24   2   1   1       0.42428919
   25   1   0   0       0.94418751
   25   2   1  -1       0.89921056
   25   2   1   0       0.89132258
   25   2   1   1       0.88884528
   26   1   0   0       0.44799293
   27   1   0   0       0.44295547
   28   1   0   0       0.30940172
   29   1   0   0       0.43833511
   30   1   0   0       0.31049319
   31   1   0   0       0.43991053
   32   1   0   0       0.44192965

Spin  up
Fermi level:                        -0.1869047341 H           -5.0859 eV
Band energy:                       -29.6553861450 H         -806.9641 eV
TS:                                  0.0000000000 H            0.0000 eV
Band free energy (E-TS):           -29.6553861450 H         -806.9641 eV
Extrapolated E(0K):                -29.6553861450 H         -806.9641 eV
Input / Output electrons (up):     61.0000000000     61.0000000000

Spin  down
Fermi level:                        -0.1869047341 H           -5.0859 eV
Band energy:                       -29.6553861450 H         -806.9641 eV
TS:                                  0.0000000000 H            0.0000 eV
Band free energy (E-TS):           -29.6553861450 H         -806.9641 eV
Extrapolated E(0K):                -29.6553861450 H         -806.9641 eV
Input / Output electrons (down):     61.0000000000     61.0000000000

Energy H0:                         -58.5297588130 H        -1592.6758 eV
Energy SCC:                          0.0865950091 H            2.3564 eV
Energy SPIN:                         0.0000000000 H            0.0000 eV
Total Electronic energy:           -58.4495168931 H        -1590.4923 eV
Repulsive energy:                    1.3305776109 H           36.2069 eV
Total energy:                      -57.1189392822 H        -1554.2854 eV
Extrapolated to 0:                 -57.1189392822 H        -1554.2854 eV
Total Mermin free energy:          -57.1189392822 H        -1554.2854 eV
Force related energy:              -57.1189392822 H        -1554.2854 eV

SCC converged

Full geometry written in opt.{xyz|gen}

Dipole moment:    0.60607058    1.35045210    0.01501246 au
Dipole moment:    1.54047789    3.43250714    0.03815787 Debye

Geometry converged

