 Fermi distribution function

Geometry optimization step: 700


********************************************************************************
 iSCC Total electronic   Diff electronic      SCC error    
    2   -0.59603222E+02   -0.11682744E-09    0.87552212E-05
********************************************************************************

Coordinates of moved atoms (au):
    1     -0.32939334      4.11398039     -4.38810928
    2     -2.36198849      4.65610906     -2.47936750
    3     -3.49066112      7.05053554     -2.48091045
    4     -5.39688002      7.67384892     -0.77805812
    5     -6.32759733      5.89140818      0.95869618
    6     -8.45564643      6.65145061      2.64811931
    7     -8.39566754      9.00557971      3.87891239
    8    -10.39598143      9.77776430      5.41128403
    9    -12.50606631      8.22517485      5.72095006
   10    -12.60049687      5.89429101      4.48793513
   11    -10.59623975      5.11044021      2.96767113
   12     -5.26754517      3.44064692      0.96894326
   13     -6.12001496      1.49405437      2.84272081
   14     -7.01604416     -0.87524159      2.04084520
   15     -7.80012627     -2.67773300      3.79686066
   16     -7.68621151     -2.15482192      6.38110372
   17     -6.79217289      0.18825434      7.19894734
   18     -6.02159005      2.00120552      5.44712979
   19     -3.24263974      2.84509902     -0.69889843
   20     -2.30552266      0.32420020     -0.53886539
   21      0.00280471     -0.02251394     -1.24938268
   22      0.83490233     -2.59276434     -1.07437562
   23     -0.49710063     -4.50820164      0.21484198
   24      0.47447865     -6.95201671      0.34515883
   25      2.78631579     -7.54374788     -0.79777554
   26      4.15715069     -5.68291630     -2.07499911
   27      3.17309664     -3.23592691     -2.18357558
   28      4.47980330     -1.44652989     -3.41861271
   29     -0.50475018      2.21980543     -5.17572799
   30     -0.41405927      5.47558028     -5.93049884
   31      1.55102140      4.24781630     -3.55153348
   32     -2.85769855      8.45480038     -3.84244080
   33     -6.22771400      9.55262878     -0.83437734
   34     -6.75537092     10.22538944      3.65733558
   35    -10.30832332     11.59704520      6.36362687
   36    -14.06916953      8.83040326      6.90934282
   37    -14.24601049      4.68250065      4.70755900
   38    -10.70659121      3.30333939      1.99652335
   39     -7.12978924     -1.29569721      0.03216999
   40     -8.50544173     -4.49586048      3.14674935
   41     -8.29376635     -3.56433107      7.74712810
   42     -6.69758830      0.60676935      9.20893005
   43     -5.32276591      3.81973509      6.10129328
   44     -2.28262243     -4.04298614      1.11836185
   45     -0.56543165     -8.41178452      1.34702618
   46      3.52521976     -9.45632982     -0.68558029
   47      5.95663976     -6.11072217     -2.96241837

 Total charge:    -0.00000000

 Atomic gross charges (e)
 Atom           Charge
    1      -0.23767578
    2       0.02938894
    3      -0.11622451
    4      -0.10346743
    5       0.00776166
    6       0.05079776
    7      -0.10649319
    8      -0.07528766
    9      -0.08430898
   10      -0.07407751
   11      -0.09474975
   12      -0.02019925
   13       0.05905533
   14      -0.10324685
   15      -0.08127186
   16      -0.08625133
   17      -0.07388300
   18      -0.09531099
   19       0.12125122
   20      -0.12322530
   21      -0.11444389
   22       0.06100255
   23      -0.09589833
   24      -0.11118121
   25      -0.07304356
   26      -0.18748251
   27       0.37410448
   28      -0.25743097
   29       0.09761505
   30       0.07386459
   31       0.09801485
   32       0.08366662
   33       0.08457661
   34       0.07770486
   35       0.07640590
   36       0.07698085
   37       0.07688147
   38       0.08378066
   39       0.08066781
   40       0.07573758
   41       0.07690899
   42       0.07727377
   43       0.08214416
   44       0.10454198
   45       0.08901157
   46       0.08928534
   47       0.10672925

Nr. of electrons (up):     68.00000000
Atom populations (up)
 Atom       Population
    1       2.11883789
    2       1.98530553
    3       2.05811225
    4       2.05173372
    5       1.99611917
    6       1.97460112
    7       2.05324659
    8       2.03764383
    9       2.04215449
   10       2.03703876
   11       2.04737487
   12       2.01009962
   13       1.97047234
   14       2.05162343
   15       2.04063593
   16       2.04312566
   17       2.03694150
   18       2.04765550
   19       1.93937439
   20       2.56161265
   21       2.55722194
   22       1.96949872
   23       2.04794916
   24       2.05559060
   25       2.03652178
   26       2.09374125
   27       1.81294776
   28       3.62871549
   29       0.45119248
   30       0.46306770
   31       0.45099257
   32       0.45816669
   33       0.45771170
   34       0.46114757
   35       0.46179705
   36       0.46150958
   37       0.46155927
   38       0.45810967
   39       0.45966610
   40       0.46213121
   41       0.46154550
   42       0.46136311
   43       0.45892792
   44       0.44772901
   45       0.45549421
   46       0.45535733
   47       0.44663537

l-shell populations (up)
 Atom Sh.   l       Population
    1   1   0       0.63873828
    1   2   1       1.48009962
    2   1   0       0.59535207
    2   2   1       1.38995346
    3   1   0       0.61412259
    3   2   1       1.44398966
    4   1   0       0.61468552
    4   2   1       1.43704820
    5   1   0       0.59510152
    5   2   1       1.40101765
    6   1   0       0.59146336
    6   2   1       1.38313776
    7   1   0       0.61430993
    7   2   1       1.43893666
    8   1   0       0.61090819
    8   2   1       1.42673564
    9   1   0       0.61115296
    9   2   1       1.43100153
   10   1   0       0.61099047
   10   2   1       1.42604828
   11   1   0       0.61382749
   11   2   1       1.43354738
   12   1   0       0.60222471
   12   2   1       1.40787492
   13   1   0       0.59132393
   13   2   1       1.37914840
   14   1   0       0.61407276
   14   2   1       1.43755067
   15   1   0       0.61130511
   15   2   1       1.42933082
   16   1   0       0.61109406
   16   2   1       1.43203160
   17   1   0       0.61097854
   17   2   1       1.42596296
   18   1   0       0.61364879
   18   2   1       1.43400671
   19   1   0       0.57987145
   19   2   1       1.35950294
   20   1   0       0.76381316
   20   2   1       1.79779949
   21   1   0       0.76621299
   21   2   1       1.79100895
   22   1   0       0.58055283
   22   2   1       1.38894590
   23   1   0       0.61631908
   23   2   1       1.43163009
   24   1   0       0.61177993
   24   2   1       1.44381068
   25   1   0       0.61279249
   25   2   1       1.42372929
   26   1   0       0.61622165
   26   2   1       1.47751960
   27   1   0       0.55760124
   27   2   1       1.25534653
   28   1   0       0.94505075
   28   2   1       2.68366474
   29   1   0       0.45119248
   30   1   0       0.46306770
   31   1   0       0.45099257
   32   1   0       0.45816669
   33   1   0       0.45771170
   34   1   0       0.46114757
   35   1   0       0.46179705
   36   1   0       0.46150958
   37   1   0       0.46155927
   38   1   0       0.45810967
   39   1   0       0.45966610
   40   1   0       0.46213121
   41   1   0       0.46154550
   42   1   0       0.46136311
   43   1   0       0.45892792
   44   1   0       0.44772901
   45   1   0       0.45549421
   46   1   0       0.45535733
   47   1   0       0.44663537

Orbital populations (up)
 Atom Sh.   l   m       Population
    1   1   0   0       0.63873828
    1   2   1  -1       0.50076343
    1   2   1   0       0.48872655
    1   2   1   1       0.49060964
    2   1   0   0       0.59535207
    2   2   1  -1       0.45651895
    2   2   1   0       0.46879093
    2   2   1   1       0.46464358
    3   1   0   0       0.61412259
    3   2   1  -1       0.47018985
    3   2   1   0       0.48822309
    3   2   1   1       0.48557671
    4   1   0   0       0.61468552
    4   2   1  -1       0.47322504
    4   2   1   0       0.48061595
    4   2   1   1       0.48320720
    5   1   0   0       0.59510152
    5   2   1  -1       0.45365688
    5   2   1   0       0.47551366
    5   2   1   1       0.47184711
    6   1   0   0       0.59146336
    6   2   1  -1       0.45961656
    6   2   1   0       0.46860646
    6   2   1   1       0.45491475
    7   1   0   0       0.61430993
    7   2   1  -1       0.46968380
    7   2   1   0       0.49366230
    7   2   1   1       0.47559056
    8   1   0   0       0.61090819
    8   2   1  -1       0.47383699
    8   2   1   0       0.48615106
    8   2   1   1       0.46674759
    9   1   0   0       0.61115296
    9   2   1  -1       0.46860363
    9   2   1   0       0.49017954
    9   2   1   1       0.47221836
   10   1   0   0       0.61099047
   10   2   1  -1       0.46948415
   10   2   1   0       0.48425260
   10   2   1   1       0.47231153
   11   1   0   0       0.61382749
   11   2   1  -1       0.47639170
   11   2   1   0       0.49036150
   11   2   1   1       0.46679418
   12   1   0   0       0.60222471
   12   2   1  -1       0.45743224
   12   2   1   0       0.47846395
   12   2   1   1       0.47197873
   13   1   0   0       0.59132393
   13   2   1  -1       0.45228768
   13   2   1   0       0.44977884
   13   2   1   1       0.47708188
   14   1   0   0       0.61407276
   14   2   1  -1       0.46392431
   14   2   1   0       0.46957369
   14   2   1   1       0.50405267
   15   1   0   0       0.61130511
   15   2   1  -1       0.47206112
   15   2   1   0       0.46024707
   15   2   1   1       0.49702262
   16   1   0   0       0.61109406
   16   2   1  -1       0.46960808
   16   2   1   0       0.46248383
   16   2   1   1       0.49993969
   17   1   0   0       0.61097854
   17   2   1  -1       0.46431418
   17   2   1   0       0.46787775
   17   2   1   1       0.49377103
   18   1   0   0       0.61364879
   18   2   1  -1       0.47425936
   18   2   1   0       0.45749344
   18   2   1   1       0.50225391
   19   1   0   0       0.57987145
   19   2   1  -1       0.41721419
   19   2   1   0       0.47049489
   19   2   1   1       0.47179385
   20   1   0   0       0.76381316
   20   2   1  -1       0.66801455
   20   2   1   0       0.55067280
   20   2   1   1       0.57911214
   21   1   0   0       0.76621299
   21   2   1  -1       0.65428467
   21   2   1   0       0.54869966
   21   2   1   1       0.58802463
   22   1   0   0       0.58055283
   22   2   1  -1       0.42508639
   22   2   1   0       0.49790714
   22   2   1   1       0.46595237
   23   1   0   0       0.61631908
   23   2   1  -1       0.45971063
   23   2   1   0       0.49248408
   23   2   1   1       0.47943537
   24   1   0   0       0.61177993
   24   2   1  -1       0.46828518
   24   2   1   0       0.50196934
   24   2   1   1       0.47355615
   25   1   0   0       0.61279249
   25   2   1  -1       0.47123540
   25   2   1   0       0.48359714
   25   2   1   1       0.46889674
   26   1   0   0       0.61622165
   26   2   1  -1       0.46676554
   26   2   1   0       0.52062691
   26   2   1   1       0.49012716
   27   1   0   0       0.55760124
   27   2   1  -1       0.39111926
   27   2   1   0       0.43960172
   27   2   1   1       0.42462555
   28   1   0   0       0.94505075
   28   2   1  -1       0.86505590
   28   2   1   0       0.90314514
   28   2   1   1       0.91546370
   29   1   0   0       0.45119248
   30   1   0   0       0.46306770
   31   1   0   0       0.45099257
   32   1   0   0       0.45816669
   33   1   0   0       0.45771170
   34   1   0   0       0.46114757
   35   1   0   0       0.46179705
   36   1   0   0       0.46150958
   37   1   0   0       0.46155927
   38   1   0   0       0.45810967
   39   1   0   0       0.45966610
   40   1   0   0       0.46213121
   41   1   0   0       0.46154550
   42   1   0   0       0.46136311
   43   1   0   0       0.45892792
   44   1   0   0       0.44772901
   45   1   0   0       0.45549421
   46   1   0   0       0.45535733
   47   1   0   0       0.44663537

Nr. of electrons (down):     68.00000000
Atom populations (down)
 Atom       Population
    1       2.11883789
    2       1.98530553
    3       2.05811225
    4       2.05173372
    5       1.99611917
    6       1.97460112
    7       2.05324659
    8       2.03764383
    9       2.04215449
   10       2.03703876
   11       2.04737487
   12       2.01009962
   13       1.97047234
   14       2.05162343
   15       2.04063593
   16       2.04312566
   17       2.03694150
   18       2.04765550
   19       1.93937439
   20       2.56161265
   21       2.55722194
   22       1.96949872
   23       2.04794916
   24       2.05559060
   25       2.03652178
   26       2.09374125
   27       1.81294776
   28       3.62871549
   29       0.45119248
   30       0.46306770
   31       0.45099257
   32       0.45816669
   33       0.45771170
   34       0.46114757
   35       0.46179705
   36       0.46150958
   37       0.46155927
   38       0.45810967
   39       0.45966610
   40       0.46213121
   41       0.46154550
   42       0.46136311
   43       0.45892792
   44       0.44772901
   45       0.45549421
   46       0.45535733
   47       0.44663537

l-shell populations (down)
 Atom Sh.   l       Population
    1   1   0       0.63873828
    1   2   1       1.48009962
    2   1   0       0.59535207
    2   2   1       1.38995346
    3   1   0       0.61412259
    3   2   1       1.44398966
    4   1   0       0.61468552
    4   2   1       1.43704820
    5   1   0       0.59510152
    5   2   1       1.40101765
    6   1   0       0.59146336
    6   2   1       1.38313776
    7   1   0       0.61430993
    7   2   1       1.43893666
    8   1   0       0.61090819
    8   2   1       1.42673564
    9   1   0       0.61115296
    9   2   1       1.43100153
   10   1   0       0.61099047
   10   2   1       1.42604828
   11   1   0       0.61382749
   11   2   1       1.43354738
   12   1   0       0.60222471
   12   2   1       1.40787492
   13   1   0       0.59132393
   13   2   1       1.37914840
   14   1   0       0.61407276
   14   2   1       1.43755067
   15   1   0       0.61130511
   15   2   1       1.42933082
   16   1   0       0.61109406
   16   2   1       1.43203160
   17   1   0       0.61097854
   17   2   1       1.42596296
   18   1   0       0.61364879
   18   2   1       1.43400671
   19   1   0       0.57987145
   19   2   1       1.35950294
   20   1   0       0.76381316
   20   2   1       1.79779949
   21   1   0       0.76621299
   21   2   1       1.79100895
   22   1   0       0.58055283
   22   2   1       1.38894590
   23   1   0       0.61631908
   23   2   1       1.43163009
   24   1   0       0.61177993
   24   2   1       1.44381068
   25   1   0       0.61279249
   25   2   1       1.42372929
   26   1   0       0.61622165
   26   2   1       1.47751960
   27   1   0       0.55760124
   27   2   1       1.25534653
   28   1   0       0.94505075
   28   2   1       2.68366474
   29   1   0       0.45119248
   30   1   0       0.46306770
   31   1   0       0.45099257
   32   1   0       0.45816669
   33   1   0       0.45771170
   34   1   0       0.46114757
   35   1   0       0.46179705
   36   1   0       0.46150958
   37   1   0       0.46155927
   38   1   0       0.45810967
   39   1   0       0.45966610
   40   1   0       0.46213121
   41   1   0       0.46154550
   42   1   0       0.46136311
   43   1   0       0.45892792
   44   1   0       0.44772901
   45   1   0       0.45549421
   46   1   0       0.45535733
   47   1   0       0.44663537

Orbital populations (down)
 Atom Sh.   l   m       Population
    1   1   0   0       0.63873828
    1   2   1  -1       0.50076343
    1   2   1   0       0.48872655
    1   2   1   1       0.49060964
    2   1   0   0       0.59535207
    2   2   1  -1       0.45651895
    2   2   1   0       0.46879093
    2   2   1   1       0.46464358
    3   1   0   0       0.61412259
    3   2   1  -1       0.47018985
    3   2   1   0       0.48822309
    3   2   1   1       0.48557671
    4   1   0   0       0.61468552
    4   2   1  -1       0.47322504
    4   2   1   0       0.48061595
    4   2   1   1       0.48320720
    5   1   0   0       0.59510152
    5   2   1  -1       0.45365688
    5   2   1   0       0.47551366
    5   2   1   1       0.47184711
    6   1   0   0       0.59146336
    6   2   1  -1       0.45961656
    6   2   1   0       0.46860646
    6   2   1   1       0.45491475
    7   1   0   0       0.61430993
    7   2   1  -1       0.46968380
    7   2   1   0       0.49366230
    7   2   1   1       0.47559056
    8   1   0   0       0.61090819
    8   2   1  -1       0.47383699
    8   2   1   0       0.48615106
    8   2   1   1       0.46674759
    9   1   0   0       0.61115296
    9   2   1  -1       0.46860363
    9   2   1   0       0.49017954
    9   2   1   1       0.47221836
   10   1   0   0       0.61099047
   10   2   1  -1       0.46948415
   10   2   1   0       0.48425260
   10   2   1   1       0.47231153
   11   1   0   0       0.61382749
   11   2   1  -1       0.47639170
   11   2   1   0       0.49036150
   11   2   1   1       0.46679418
   12   1   0   0       0.60222471
   12   2   1  -1       0.45743224
   12   2   1   0       0.47846395
   12   2   1   1       0.47197873
   13   1   0   0       0.59132393
   13   2   1  -1       0.45228768
   13   2   1   0       0.44977884
   13   2   1   1       0.47708188
   14   1   0   0       0.61407276
   14   2   1  -1       0.46392431
   14   2   1   0       0.46957369
   14   2   1   1       0.50405267
   15   1   0   0       0.61130511
   15   2   1  -1       0.47206112
   15   2   1   0       0.46024707
   15   2   1   1       0.49702262
   16   1   0   0       0.61109406
   16   2   1  -1       0.46960808
   16   2   1   0       0.46248383
   16   2   1   1       0.49993969
   17   1   0   0       0.61097854
   17   2   1  -1       0.46431418
   17   2   1   0       0.46787775
   17   2   1   1       0.49377103
   18   1   0   0       0.61364879
   18   2   1  -1       0.47425936
   18   2   1   0       0.45749344
   18   2   1   1       0.50225391
   19   1   0   0       0.57987145
   19   2   1  -1       0.41721419
   19   2   1   0       0.47049489
   19   2   1   1       0.47179385
   20   1   0   0       0.76381316
   20   2   1  -1       0.66801455
   20   2   1   0       0.55067280
   20   2   1   1       0.57911214
   21   1   0   0       0.76621299
   21   2   1  -1       0.65428467
   21   2   1   0       0.54869966
   21   2   1   1       0.58802463
   22   1   0   0       0.58055283
   22   2   1  -1       0.42508639
   22   2   1   0       0.49790714
   22   2   1   1       0.46595237
   23   1   0   0       0.61631908
   23   2   1  -1       0.45971063
   23   2   1   0       0.49248408
   23   2   1   1       0.47943537
   24   1   0   0       0.61177993
   24   2   1  -1       0.46828518
   24   2   1   0       0.50196934
   24   2   1   1       0.47355615
   25   1   0   0       0.61279249
   25   2   1  -1       0.47123540
   25   2   1   0       0.48359714
   25   2   1   1       0.46889674
   26   1   0   0       0.61622165
   26   2   1  -1       0.46676554
   26   2   1   0       0.52062691
   26   2   1   1       0.49012716
   27   1   0   0       0.55760124
   27   2   1  -1       0.39111926
   27   2   1   0       0.43960172
   27   2   1   1       0.42462555
   28   1   0   0       0.94505075
   28   2   1  -1       0.86505590
   28   2   1   0       0.90314514
   28   2   1   1       0.91546370
   29   1   0   0       0.45119248
   30   1   0   0       0.46306770
   31   1   0   0       0.45099257
   32   1   0   0       0.45816669
   33   1   0   0       0.45771170
   34   1   0   0       0.46114757
   35   1   0   0       0.46179705
   36   1   0   0       0.46150958
   37   1   0   0       0.46155927
   38   1   0   0       0.45810967
   39   1   0   0       0.45966610
   40   1   0   0       0.46213121
   41   1   0   0       0.46154550
   42   1   0   0       0.46136311
   43   1   0   0       0.45892792
   44   1   0   0       0.44772901
   45   1   0   0       0.45549421
   46   1   0   0       0.45535733
   47   1   0   0       0.44663537

Spin  up
Fermi level:                        -0.1520985410 H           -4.1388 eV
Band energy:                       -28.7930615231 H         -783.4991 eV
TS:                                  0.0000000000 H            0.0000 eV
Band free energy (E-TS):           -28.7930615231 H         -783.4991 eV
Extrapolated E(0K):                -28.7930615231 H         -783.4991 eV
Input / Output electrons (up):     68.0000000000     68.0000000000

Spin  down
Fermi level:                        -0.1520985410 H           -4.1388 eV
Band energy:                       -28.7930615231 H         -783.4991 eV
TS:                                  0.0000000000 H            0.0000 eV
Band free energy (E-TS):           -28.7930615231 H         -783.4991 eV
Extrapolated E(0K):                -28.7930615231 H         -783.4991 eV
Input / Output electrons (down):     68.0000000000     68.0000000000

Energy H0:                         -59.6224137617 H        -1622.4084 eV
Energy SCC:                          0.0197415670 H            0.5372 eV
Energy SPIN:                         0.0000000000 H            0.0000 eV
Total Electronic energy:           -59.6032223306 H        -1621.8862 eV
Repulsive energy:                    0.6205910639 H           16.8871 eV
Total energy:                      -58.9826312666 H        -1604.9991 eV
Extrapolated to 0:                 -58.9826312666 H        -1604.9991 eV
Total Mermin free energy:          -58.9826312666 H        -1604.9991 eV
Force related energy:              -58.9826312666 H        -1604.9991 eV

SCC converged

Full geometry written in opt.{xyz|gen}

Dipole moment:   -0.23969698   -0.41580328    0.15964299 au
Dipole moment:   -0.60924899   -1.05686661    0.40577203 Debye

Geometry converged

