 Fermi distribution function

Calculation with static geometry


********************************************************************************
 iSCC Total electronic   Diff electronic      SCC error    
   15   -0.60194469E+02   -0.36784797E-10    0.70518994E-05
********************************************************************************

 Total charge:    -0.00000000

 Atomic gross charges (e)
 Atom           Charge
    1       0.04408976
    2      -0.27885169
    3       0.31669814
    4      -0.22387518
    5      -0.05843709
    6       0.68341841
    7      -0.56912339
    8      -0.49537560
    9      -0.15247817
   10       0.15149680
   11      -0.05546903
   12      -0.01044945
   13       0.15637089
   14      -0.13976198
   15      -0.05767233
   16      -0.21178158
   17       0.41500812
   18      -0.23865851
   19      -0.22304904
   20       0.67245985
   21      -0.55774587
   22      -0.47452362
   23      -0.08039838
   24       0.18920668
   25      -0.30804886
   26       0.05492899
   27       0.06800208
   28       0.05432624
   29       0.11814279
   30       0.37559585
   31       0.13895491
   32       0.10838255
   33       0.10000943
   34       0.11534821
   35       0.37326009

Nr. of electrons (up):     63.00000000
Atom populations (up)
 Atom       Population
    1       1.97795759
    2       3.13884256
    3       1.83494706
    4       2.15006619
    5       2.02661805
    6       1.65912875
    7       3.27761447
    8       3.24754554
    9       2.08368768
   10       1.90802567
   11       2.48846400
   12       2.45385608
   13       1.92355596
   14       2.06674454
   15       2.03981181
   16       2.12398553
   17       1.78840236
   18       3.61911898
   19       2.13570556
   20       1.67091072
   21       3.25968780
   22       3.23704964
   23       2.08042978
   24       1.90207561
   25       2.66488230
   26       0.47250926
   27       0.46600072
   28       0.47278578
   29       0.43882598
   30       0.31217860
   31       0.43005018
   32       0.44607697
   33       0.44803297
   34       0.44109725
   35       0.31332805

l-shell populations (up)
 Atom Sh.   l       Population
    1   1   0       0.61463094
    1   2   1       1.36332665
    2   1   0       0.85234505
    2   2   1       2.28649752
    3   1   0       0.55842176
    3   2   1       1.27652530
    4   1   0       0.61928489
    4   2   1       1.53078130
    5   1   0       0.59972895
    5   2   1       1.42688911
    6   1   0       0.52214042
    6   2   1       1.13698833
    7   1   0       0.88184950
    7   2   1       2.39576498
    8   1   0       0.87271484
    8   2   1       2.37483070
    9   1   0       0.61929674
    9   2   1       1.46439094
   10   1   0       0.57407009
   10   2   1       1.33395558
   11   1   0       0.74504549
   11   2   1       1.74341851
   12   1   0       0.73460265
   12   2   1       1.71925343
   13   1   0       0.57409099
   13   2   1       1.34946497
   14   1   0       0.61460047
   14   2   1       1.45214408
   15   1   0       0.61253685
   15   2   1       1.42727496
   16   1   0       0.61645838
   16   2   1       1.50752715
   17   1   0       0.55350146
   17   2   1       1.23490091
   18   1   0       0.94304135
   18   2   1       2.67607763
   19   1   0       0.60599329
   19   2   1       1.52971226
   20   1   0       0.52034547
   20   2   1       1.15056525
   21   1   0       0.88260920
   21   2   1       2.37707860
   22   1   0       0.87091516
   22   2   1       2.36613448
   23   1   0       0.58910741
   23   2   1       1.49132236
   24   1   0       0.57803464
   24   2   1       1.32404097
   25   1   0       0.81727196
   25   2   1       1.84761034
   26   1   0       0.47250926
   27   1   0       0.46600072
   28   1   0       0.47278578
   29   1   0       0.43882598
   30   1   0       0.31217860
   31   1   0       0.43005018
   32   1   0       0.44607697
   33   1   0       0.44803297
   34   1   0       0.44109725
   35   1   0       0.31332805

Orbital populations (up)
 Atom Sh.   l   m       Population
    1   1   0   0       0.61463094
    1   2   1  -1       0.47394833
    1   2   1   0       0.45927686
    1   2   1   1       0.43010146
    2   1   0   0       0.85234505
    2   2   1  -1       0.75670450
    2   2   1   0       0.83573026
    2   2   1   1       0.69406275
    3   1   0   0       0.55842176
    3   2   1  -1       0.41695224
    3   2   1   0       0.43312407
    3   2   1   1       0.42644899
    4   1   0   0       0.61928489
    4   2   1  -1       0.53638725
    4   2   1   0       0.47388139
    4   2   1   1       0.52051266
    5   1   0   0       0.59972895
    5   2   1  -1       0.48667165
    5   2   1   0       0.46482403
    5   2   1   1       0.47539343
    6   1   0   0       0.52214042
    6   2   1  -1       0.36661970
    6   2   1   0       0.40942935
    6   2   1   1       0.36093927
    7   1   0   0       0.88184950
    7   2   1  -1       0.80468059
    7   2   1   0       0.84442021
    7   2   1   1       0.74666419
    8   1   0   0       0.87271484
    8   2   1  -1       0.81122514
    8   2   1   0       0.70936033
    8   2   1   1       0.85424523
    9   1   0   0       0.61929674
    9   2   1  -1       0.50613168
    9   2   1   0       0.46221274
    9   2   1   1       0.49604652
   10   1   0   0       0.57407009
   10   2   1  -1       0.46431625
   10   2   1   0       0.41700329
   10   2   1   1       0.45263604
   11   1   0   0       0.74504549
   11   2   1  -1       0.70412469
   11   2   1   0       0.50713004
   11   2   1   1       0.53216379
   12   1   0   0       0.73460265
   12   2   1  -1       0.70356721
   12   2   1   0       0.48180004
   12   2   1   1       0.53388618
   13   1   0   0       0.57409099
   13   2   1  -1       0.45759329
   13   2   1   0       0.43280907
   13   2   1   1       0.45906260
   14   1   0   0       0.61460047
   14   2   1  -1       0.48425036
   14   2   1   0       0.48888554
   14   2   1   1       0.47900817
   15   1   0   0       0.61253685
   15   2   1  -1       0.47387861
   15   2   1   0       0.47955834
   15   2   1   1       0.47383801
   16   1   0   0       0.61645838
   16   2   1  -1       0.50670317
   16   2   1   0       0.48718863
   16   2   1   1       0.51363535
   17   1   0   0       0.55350146
   17   2   1  -1       0.37337223
   17   2   1   0       0.44218709
   17   2   1   1       0.41934158
   18   1   0   0       0.94304135
   18   2   1  -1       0.81287207
   18   2   1   0       0.95240588
   18   2   1   1       0.91079969
   19   1   0   0       0.60599329
   19   2   1  -1       0.50730743
   19   2   1   0       0.51027895
   19   2   1   1       0.51212589
   20   1   0   0       0.52034547
   20   2   1  -1       0.37688056
   20   2   1   0       0.40302011
   20   2   1   1       0.37066458
   21   1   0   0       0.88260920
   21   2   1  -1       0.83341414
   21   2   1   0       0.81404219
   21   2   1   1       0.72962227
   22   1   0   0       0.87091516
   22   2   1  -1       0.77872558
   22   2   1   0       0.73257883
   22   2   1   1       0.85483006
   23   1   0   0       0.58910741
   23   2   1  -1       0.52772508
   23   2   1   0       0.44873837
   23   2   1   1       0.51485891
   24   1   0   0       0.57803464
   24   2   1  -1       0.44872651
   24   2   1   0       0.42684272
   24   2   1   1       0.44847174
   25   1   0   0       0.81727196
   25   2   1  -1       0.58598567
   25   2   1   0       0.69180735
   25   2   1   1       0.56981731
   26   1   0   0       0.47250926
   27   1   0   0       0.46600072
   28   1   0   0       0.47278578
   29   1   0   0       0.43882598
   30   1   0   0       0.31217860
   31   1   0   0       0.43005018
   32   1   0   0       0.44607697
   33   1   0   0       0.44803297
   34   1   0   0       0.44109725
   35   1   0   0       0.31332805

Nr. of electrons (down):     63.00000000
Atom populations (down)
 Atom       Population
    1       1.97795264
    2       3.14000913
    3       1.84835480
    4       2.07380899
    5       2.03181904
    6       1.65745284
    7       3.29150891
    8       3.24783006
    9       2.06879049
   10       1.94047753
   11       2.56700503
   12       2.55659337
   13       1.92007316
   14       2.07301744
   15       2.01786052
   16       2.08779606
   17       1.79658952
   18       3.61953953
   19       2.08734349
   20       1.65662942
   21       3.29805806
   22       3.23747398
   23       1.99996860
   24       1.90871771
   25       2.64316656
   26       0.47256175
   27       0.46599721
   28       0.47288797
   29       0.44303123
   30       0.31222555
   31       0.43099491
   32       0.44554049
   33       0.45195760
   34       0.44355454
   35       0.31341186

l-shell populations (down)
 Atom Sh.   l       Population
    1   1   0       0.61462536
    1   2   1       1.36332728
    2   1   0       0.85227687
    2   2   1       2.28773227
    3   1   0       0.56083780
    3   2   1       1.28751700
    4   1   0       0.61598080
    4   2   1       1.45782819
    5   1   0       0.60103201
    5   2   1       1.43078703
    6   1   0       0.52242372
    6   2   1       1.13502912
    7   1   0       0.88199515
    7   2   1       2.40951377
    8   1   0       0.87276740
    8   2   1       2.37506266
    9   1   0       0.61856110
    9   2   1       1.45022939
   10   1   0       0.58010419
   10   2   1       1.36037335
   11   1   0       0.76685908
   11   2   1       1.80014595
   12   1   0       0.75967354
   12   2   1       1.79691983
   13   1   0       0.57823226
   13   2   1       1.34184090
   14   1   0       0.61553136
   14   2   1       1.45748608
   15   1   0       0.61205683
   15   2   1       1.40580370
   16   1   0       0.61513408
   16   2   1       1.47266198
   17   1   0       0.55489078
   17   2   1       1.24169873
   18   1   0       0.94299698
   18   2   1       2.67654256
   19   1   0       0.60412813
   19   2   1       1.48321536
   20   1   0       0.52066437
   20   2   1       1.13596505
   21   1   0       0.88310408
   21   2   1       2.41495398
   22   1   0       0.87110643
   22   2   1       2.36636754
   23   1   0       0.58519654
   23   2   1       1.41477206
   24   1   0       0.58028389
   24   2   1       1.32843382
   25   1   0       0.81697669
   25   2   1       1.82618987
   26   1   0       0.47256175
   27   1   0       0.46599721
   28   1   0       0.47288797
   29   1   0       0.44303123
   30   1   0       0.31222555
   31   1   0       0.43099491
   32   1   0       0.44554049
   33   1   0       0.45195760
   34   1   0       0.44355454
   35   1   0       0.31341186

Orbital populations (down)
 Atom Sh.   l   m       Population
    1   1   0   0       0.61462536
    1   2   1  -1       0.47394008
    1   2   1   0       0.45928913
    1   2   1   1       0.43009807
    2   1   0   0       0.85227687
    2   2   1  -1       0.75718401
    2   2   1   0       0.83608139
    2   2   1   1       0.69446687
    3   1   0   0       0.56083780
    3   2   1  -1       0.42074932
    3   2   1   0       0.43662856
    3   2   1   1       0.43013912
    4   1   0   0       0.61598080
    4   2   1  -1       0.49558941
    4   2   1   0       0.46638155
    4   2   1   1       0.49585722
    5   1   0   0       0.60103201
    5   2   1  -1       0.48586539
    5   2   1   0       0.46766751
    5   2   1   1       0.47725413
    6   1   0   0       0.52242372
    6   2   1  -1       0.36497933
    6   2   1   0       0.41037289
    6   2   1   1       0.35967691
    7   1   0   0       0.88199515
    7   2   1  -1       0.80641436
    7   2   1   0       0.85535323
    7   2   1   1       0.74774617
    8   1   0   0       0.87276740
    8   2   1  -1       0.81122039
    8   2   1   0       0.70934989
    8   2   1   1       0.85449238
    9   1   0   0       0.61856110
    9   2   1  -1       0.50427217
    9   2   1   0       0.45813415
    9   2   1   1       0.48782307
   10   1   0   0       0.58010419
   10   2   1  -1       0.46403317
   10   2   1   0       0.43849946
   10   2   1   1       0.45784072
   11   1   0   0       0.76685908
   11   2   1  -1       0.52535938
   11   2   1   0       0.77037085
   11   2   1   1       0.50441572
   12   1   0   0       0.75967354
   12   2   1  -1       0.52865901
   12   2   1   0       0.76748933
   12   2   1   1       0.50077149
   13   1   0   0       0.57823226
   13   2   1  -1       0.44898130
   13   2   1   0       0.43611200
   13   2   1   1       0.45674760
   14   1   0   0       0.61553136
   14   2   1  -1       0.49910886
   14   2   1   0       0.46844894
   14   2   1   1       0.48992827
   15   1   0   0       0.61205683
   15   2   1  -1       0.46602722
   15   2   1   0       0.47485659
   15   2   1   1       0.46491989
   16   1   0   0       0.61513408
   16   2   1  -1       0.48948363
   16   2   1   0       0.48329769
   16   2   1   1       0.49988066
   17   1   0   0       0.55489078
   17   2   1  -1       0.37443397
   17   2   1   0       0.44419912
   17   2   1   1       0.42306564
   18   1   0   0       0.94299698
   18   2   1  -1       0.81299984
   18   2   1   0       0.95249795
   18   2   1   1       0.91104478
   19   1   0   0       0.60412813
   19   2   1  -1       0.50726375
   19   2   1   0       0.48453524
   19   2   1   1       0.49141637
   20   1   0   0       0.52066437
   20   2   1  -1       0.36959481
   20   2   1   0       0.40096140
   20   2   1   1       0.36540884
   21   1   0   0       0.88310408
   21   2   1  -1       0.83227097
   21   2   1   0       0.85103157
   21   2   1   1       0.73165145
   22   1   0   0       0.87110643
   22   2   1  -1       0.77530809
   22   2   1   0       0.73288648
   22   2   1   1       0.85817298
   23   1   0   0       0.58519654
   23   2   1  -1       0.49978938
   23   2   1   0       0.43784488
   23   2   1   1       0.47713780
   24   1   0   0       0.58028389
   24   2   1  -1       0.44966376
   24   2   1   0       0.42887145
   24   2   1   1       0.44989861
   25   1   0   0       0.81697669
   25   2   1  -1       0.57168480
   25   2   1   0       0.69095122
   25   2   1   1       0.56355386
   26   1   0   0       0.47256175
   27   1   0   0       0.46599721
   28   1   0   0       0.47288797
   29   1   0   0       0.44303123
   30   1   0   0       0.31222555
   31   1   0   0       0.43099491
   32   1   0   0       0.44554049
   33   1   0   0       0.45195760
   34   1   0   0       0.44355454
   35   1   0   0       0.31341186

Spin  up
Fermi level:                        -0.1805397939 H           -4.9127 eV
Band energy:                       -29.9490453777 H         -814.9550 eV
TS:                                  0.0000000000 H            0.0000 eV
Band free energy (E-TS):           -29.9490453777 H         -814.9550 eV
Extrapolated E(0K):                -29.9490453777 H         -814.9550 eV
Input / Output electrons (up):     63.0000000000     63.0000000000

Spin  down
Fermi level:                        -0.1829787429 H           -4.9791 eV
Band energy:                       -29.9594261928 H         -815.2375 eV
TS:                                  0.0000000000 H            0.0000 eV
Band free energy (E-TS):           -29.9594261928 H         -815.2375 eV
Extrapolated E(0K):                -29.9594261928 H         -815.2375 eV
Input / Output electrons (down):     63.0000000000     63.0000000000

Energy H0:                         -60.2748040171 H        -1640.1609 eV
Energy SCC:                          0.0874497320 H            2.3796 eV
Energy SPIN:                        -0.0004584442 H           -0.0125 eV
Total Electronic energy:           -60.1944686892 H        -1637.9748 eV
Repulsive energy:                    1.0916388285 H           29.7050 eV
Total energy:                      -59.1028298607 H        -1608.2698 eV
Extrapolated to 0:                 -59.1028298607 H        -1608.2698 eV
Total Mermin free energy:          -59.1028298607 H        -1608.2698 eV
Force related energy:              -59.1028298607 H        -1608.2698 eV

SCC converged

Dipole moment:   -0.54702892   -0.13985683    0.36302936 au
Dipole moment:   -1.39040893   -0.35548064    0.92272868 Debye


