 Fermi distribution function

Geometry optimization step: 1590


********************************************************************************
 iSCC Total electronic   Diff electronic      SCC error    
    3   -0.56232787E+02   -0.38247805E-09    0.74870051E-05
********************************************************************************

Coordinates of moved atoms (au):
    1     12.08990862     -3.41758266      5.57373917
    2     11.04936597     -1.25254434      4.38359552
    3      8.70531586     -1.38292482      3.37381054
    4      7.18074745     -3.56238873      3.47849804
    5      4.77697024     -3.52042249      2.36238663
    6      3.21220808     -5.75233619      2.43151644
    7      1.95119450     -7.53410630      2.46410703
    8      3.86873109     -1.32320846      1.12863667
    9      1.44217861     -1.42477948      0.00716166
   10      0.85990856      0.52339806     -1.33954629
   11     -1.61601652      0.46664126     -2.38501407
   12     -2.26040893      2.36715664     -4.13145519
   13     -4.65717856      2.42055837     -5.21637349
   14     -6.44213539      0.59099905     -4.55868429
   15     -5.82960305     -1.29815299     -2.81557045
   16     -3.43047096     -1.39770823     -1.71007564
   17     -2.84099203     -3.42316678      0.22133109
   18     -3.16610877     -3.19980223      2.50705662
   19     -2.09399396     -5.67168745     -0.78669318
   20      5.40854721      0.88335653      1.07366322
   21      4.50691124      3.28936560     -0.18348847
   22      5.26897532      4.08152200     -2.22512446
   23      2.95780554      4.74668036      1.27920761
   24      7.79946099      0.82710854      2.17342733
   25     12.22058278     -5.00925317      4.24426033
   26     10.94612265     -3.99680130      7.20930094
   27     13.98608881     -2.91408573      6.21673074
   28      7.82896835     -5.27544277      4.39974640
   29     -0.85401509      3.77466464     -4.64226333
   30     -5.13918998      3.88657794     -6.57230331
   31     -8.31599981      0.63278447     -5.39904487
   32     -7.23502519     -2.70977081     -2.30895888
   33     -1.59751755     -6.82176077      0.56796596
   34      2.55219590      6.28796343      0.37193919
   35      8.99543274      2.49619256      2.12834993

 Total charge:     0.00000000

 Atomic gross charges (e)
 Atom           Charge
    1       0.04299711
    2      -0.27914148
    3       0.32664530
    4      -0.20891265
    5       0.05860342
    6       0.20236390
    7      -0.30906823
    8       0.10891583
    9      -0.09997711
   10      -0.11412079
   11       0.15439217
   12      -0.09875676
   13      -0.07551278
   14      -0.06732414
   15      -0.07423832
   16      -0.07464554
   17       0.68490168
   18      -0.56868960
   19      -0.51210145
   20      -0.06355521
   21       0.68766237
   22      -0.57049294
   23      -0.49917277
   24      -0.16643126
   25       0.05525907
   26       0.05546191
   27       0.07041013
   28       0.10255072
   29       0.09551111
   30       0.08520981
   31       0.08521653
   32       0.08881004
   33       0.38951860
   34       0.37494843
   35       0.11276291

Nr. of electrons (up):     60.00000000
Atom populations (up)
 Atom       Population
    1       1.97850144
    2       3.13957074
    3       1.83667735
    4       2.10445632
    5       1.97069829
    6       1.89881805
    7       2.65453411
    8       1.94554208
    9       2.54998856
   10       2.55706040
   11       1.92280392
   12       2.04937838
   13       2.03775639
   14       2.03366207
   15       2.03711916
   16       2.03732277
   17       1.65754916
   18       3.28434480
   19       3.25605072
   20       2.03177760
   21       1.65616882
   22       3.28524647
   23       3.24958639
   24       2.08321563
   25       0.47237047
   26       0.47226905
   27       0.46479493
   28       0.44872464
   29       0.45224444
   30       0.45739510
   31       0.45739174
   32       0.45559498
   33       0.30524070
   34       0.31252578
   35       0.44361855

l-shell populations (up)
 Atom Sh.   l       Population
    1   1   0       0.61479663
    1   2   1       1.36370482
    2   1   0       0.85271117
    2   2   1       2.28685957
    3   1   0       0.55790552
    3   2   1       1.27877183
    4   1   0       0.61811485
    4   2   1       1.48634147
    5   1   0       0.58489836
    5   2   1       1.38579993
    6   1   0       0.58218848
    6   2   1       1.31662957
    7   1   0       0.81703604
    7   2   1       1.83749808
    8   1   0       0.57724832
    8   2   1       1.36829377
    9   1   0       0.76046091
    9   2   1       1.78952765
   10   1   0       0.76360809
   10   2   1       1.79345230
   11   1   0       0.57609174
   11   2   1       1.34671217
   12   1   0       0.61652802
   12   2   1       1.43285037
   13   1   0       0.61165232
   13   2   1       1.42610408
   14   1   0       0.61224881
   14   2   1       1.42141326
   15   1   0       0.61232829
   15   2   1       1.42479087
   16   1   0       0.60596192
   16   2   1       1.43136085
   17   1   0       0.52370805
   17   2   1       1.13384112
   18   1   0       0.88049881
   18   2   1       2.40384599
   19   1   0       0.87502796
   19   2   1       2.38102276
   20   1   0       0.60542371
   20   2   1       1.42635390
   21   1   0       0.52325725
   21   2   1       1.13291156
   22   1   0       0.88039551
   22   2   1       2.40485096
   23   1   0       0.87361377
   23   2   1       2.37597261
   24   1   0       0.61719260
   24   2   1       1.46602303
   25   1   0       0.47237047
   26   1   0       0.47226905
   27   1   0       0.46479493
   28   1   0       0.44872464
   29   1   0       0.45224444
   30   1   0       0.45739510
   31   1   0       0.45739174
   32   1   0       0.45559498
   33   1   0       0.30524070
   34   1   0       0.31252578
   35   1   0       0.44361855

Orbital populations (up)
 Atom Sh.   l   m       Population
    1   1   0   0       0.61479663
    1   2   1  -1       0.41466569
    1   2   1   0       0.46950310
    1   2   1   1       0.47953603
    2   1   0   0       0.85271117
    2   2   1  -1       0.78175340
    2   2   1   0       0.81546316
    2   2   1   1       0.68964300
    3   1   0   0       0.55790552
    3   2   1  -1       0.45263738
    3   2   1   0       0.44570254
    3   2   1   1       0.38043192
    4   1   0   0       0.61811485
    4   2   1  -1       0.47854630
    4   2   1   0       0.53216934
    4   2   1   1       0.47562583
    5   1   0   0       0.58489836
    5   2   1  -1       0.44483740
    5   2   1   0       0.48717109
    5   2   1   1       0.45379145
    6   1   0   0       0.58218848
    6   2   1  -1       0.43214042
    6   2   1   0       0.44691952
    6   2   1   1       0.43756963
    7   1   0   0       0.81703604
    7   2   1  -1       0.66079176
    7   2   1   0       0.56449305
    7   2   1   1       0.61221327
    8   1   0   0       0.57724832
    8   2   1  -1       0.44897185
    8   2   1   0       0.49027006
    8   2   1   1       0.42905185
    9   1   0   0       0.76046091
    9   2   1  -1       0.66440898
    9   2   1   0       0.51664408
    9   2   1   1       0.60847459
   10   1   0   0       0.76360809
   10   2   1  -1       0.65073577
   10   2   1   0       0.52319267
   10   2   1   1       0.61952386
   11   1   0   0       0.57609174
   11   2   1  -1       0.46000952
   11   2   1   0       0.46691142
   11   2   1   1       0.41979123
   12   1   0   0       0.61652802
   12   2   1  -1       0.47860172
   12   2   1   0       0.48395507
   12   2   1   1       0.47029357
   13   1   0   0       0.61165232
   13   2   1  -1       0.47778664
   13   2   1   0       0.48492513
   13   2   1   1       0.46339231
   14   1   0   0       0.61224881
   14   2   1  -1       0.47014362
   14   2   1   0       0.47907267
   14   2   1   1       0.47219696
   15   1   0   0       0.61232829
   15   2   1  -1       0.47924593
   15   2   1   0       0.48074308
   15   2   1   1       0.46480185
   16   1   0   0       0.60596192
   16   2   1  -1       0.47917051
   16   2   1   0       0.48436643
   16   2   1   1       0.46782391
   17   1   0   0       0.52370805
   17   2   1  -1       0.37901961
   17   2   1   0       0.38155505
   17   2   1   1       0.37326645
   18   1   0   0       0.88049881
   18   2   1  -1       0.93300927
   18   2   1   0       0.71766096
   18   2   1   1       0.75317575
   19   1   0   0       0.87502796
   19   2   1  -1       0.65374451
   19   2   1   0       0.84390470
   19   2   1   1       0.88337356
   20   1   0   0       0.60542371
   20   2   1  -1       0.47121496
   20   2   1   0       0.48805389
   20   2   1   1       0.46708504
   21   1   0   0       0.52325725
   21   2   1  -1       0.39865208
   21   2   1   0       0.36712265
   21   2   1   1       0.36713683
   22   1   0   0       0.88039551
   22   2   1  -1       0.87891267
   22   2   1   0       0.72683574
   22   2   1   1       0.79910255
   23   1   0   0       0.87361377
   23   2   1  -1       0.68850526
   23   2   1   0       0.85398437
   23   2   1   1       0.83348297
   24   1   0   0       0.61719260
   24   2   1  -1       0.47815018
   24   2   1   0       0.51419066
   24   2   1   1       0.47368220
   25   1   0   0       0.47237047
   26   1   0   0       0.47226905
   27   1   0   0       0.46479493
   28   1   0   0       0.44872464
   29   1   0   0       0.45224444
   30   1   0   0       0.45739510
   31   1   0   0       0.45739174
   32   1   0   0       0.45559498
   33   1   0   0       0.30524070
   34   1   0   0       0.31252578
   35   1   0   0       0.44361855

Nr. of electrons (down):     60.00000000
Atom populations (down)
 Atom       Population
    1       1.97850144
    2       3.13957074
    3       1.83667735
    4       2.10445632
    5       1.97069829
    6       1.89881805
    7       2.65453411
    8       1.94554208
    9       2.54998856
   10       2.55706040
   11       1.92280392
   12       2.04937838
   13       2.03775639
   14       2.03366207
   15       2.03711916
   16       2.03732277
   17       1.65754916
   18       3.28434480
   19       3.25605072
   20       2.03177760
   21       1.65616882
   22       3.28524647
   23       3.24958639
   24       2.08321563
   25       0.47237047
   26       0.47226905
   27       0.46479493
   28       0.44872464
   29       0.45224444
   30       0.45739510
   31       0.45739174
   32       0.45559498
   33       0.30524070
   34       0.31252578
   35       0.44361855

l-shell populations (down)
 Atom Sh.   l       Population
    1   1   0       0.61479663
    1   2   1       1.36370482
    2   1   0       0.85271117
    2   2   1       2.28685957
    3   1   0       0.55790552
    3   2   1       1.27877183
    4   1   0       0.61811485
    4   2   1       1.48634147
    5   1   0       0.58489836
    5   2   1       1.38579993
    6   1   0       0.58218848
    6   2   1       1.31662957
    7   1   0       0.81703604
    7   2   1       1.83749808
    8   1   0       0.57724832
    8   2   1       1.36829377
    9   1   0       0.76046091
    9   2   1       1.78952765
   10   1   0       0.76360809
   10   2   1       1.79345230
   11   1   0       0.57609174
   11   2   1       1.34671217
   12   1   0       0.61652802
   12   2   1       1.43285037
   13   1   0       0.61165232
   13   2   1       1.42610408
   14   1   0       0.61224881
   14   2   1       1.42141326
   15   1   0       0.61232829
   15   2   1       1.42479087
   16   1   0       0.60596192
   16   2   1       1.43136085
   17   1   0       0.52370805
   17   2   1       1.13384112
   18   1   0       0.88049881
   18   2   1       2.40384599
   19   1   0       0.87502796
   19   2   1       2.38102276
   20   1   0       0.60542371
   20   2   1       1.42635390
   21   1   0       0.52325725
   21   2   1       1.13291156
   22   1   0       0.88039551
   22   2   1       2.40485096
   23   1   0       0.87361377
   23   2   1       2.37597261
   24   1   0       0.61719260
   24   2   1       1.46602303
   25   1   0       0.47237047
   26   1   0       0.47226905
   27   1   0       0.46479493
   28   1   0       0.44872464
   29   1   0       0.45224444
   30   1   0       0.45739510
   31   1   0       0.45739174
   32   1   0       0.45559498
   33   1   0       0.30524070
   34   1   0       0.31252578
   35   1   0       0.44361855

Orbital populations (down)
 Atom Sh.   l   m       Population
    1   1   0   0       0.61479663
    1   2   1  -1       0.41466569
    1   2   1   0       0.46950310
    1   2   1   1       0.47953603
    2   1   0   0       0.85271117
    2   2   1  -1       0.78175340
    2   2   1   0       0.81546316
    2   2   1   1       0.68964300
    3   1   0   0       0.55790552
    3   2   1  -1       0.45263738
    3   2   1   0       0.44570254
    3   2   1   1       0.38043192
    4   1   0   0       0.61811485
    4   2   1  -1       0.47854630
    4   2   1   0       0.53216934
    4   2   1   1       0.47562583
    5   1   0   0       0.58489836
    5   2   1  -1       0.44483740
    5   2   1   0       0.48717109
    5   2   1   1       0.45379145
    6   1   0   0       0.58218848
    6   2   1  -1       0.43214042
    6   2   1   0       0.44691952
    6   2   1   1       0.43756963
    7   1   0   0       0.81703604
    7   2   1  -1       0.66079176
    7   2   1   0       0.56449305
    7   2   1   1       0.61221327
    8   1   0   0       0.57724832
    8   2   1  -1       0.44897185
    8   2   1   0       0.49027006
    8   2   1   1       0.42905185
    9   1   0   0       0.76046091
    9   2   1  -1       0.66440898
    9   2   1   0       0.51664408
    9   2   1   1       0.60847459
   10   1   0   0       0.76360809
   10   2   1  -1       0.65073577
   10   2   1   0       0.52319267
   10   2   1   1       0.61952386
   11   1   0   0       0.57609174
   11   2   1  -1       0.46000952
   11   2   1   0       0.46691142
   11   2   1   1       0.41979123
   12   1   0   0       0.61652802
   12   2   1  -1       0.47860172
   12   2   1   0       0.48395507
   12   2   1   1       0.47029357
   13   1   0   0       0.61165232
   13   2   1  -1       0.47778664
   13   2   1   0       0.48492513
   13   2   1   1       0.46339231
   14   1   0   0       0.61224881
   14   2   1  -1       0.47014362
   14   2   1   0       0.47907267
   14   2   1   1       0.47219696
   15   1   0   0       0.61232829
   15   2   1  -1       0.47924593
   15   2   1   0       0.48074308
   15   2   1   1       0.46480185
   16   1   0   0       0.60596192
   16   2   1  -1       0.47917051
   16   2   1   0       0.48436643
   16   2   1   1       0.46782391
   17   1   0   0       0.52370805
   17   2   1  -1       0.37901961
   17   2   1   0       0.38155505
   17   2   1   1       0.37326645
   18   1   0   0       0.88049881
   18   2   1  -1       0.93300927
   18   2   1   0       0.71766096
   18   2   1   1       0.75317575
   19   1   0   0       0.87502796
   19   2   1  -1       0.65374451
   19   2   1   0       0.84390470
   19   2   1   1       0.88337356
   20   1   0   0       0.60542371
   20   2   1  -1       0.47121496
   20   2   1   0       0.48805389
   20   2   1   1       0.46708504
   21   1   0   0       0.52325725
   21   2   1  -1       0.39865208
   21   2   1   0       0.36712265
   21   2   1   1       0.36713683
   22   1   0   0       0.88039551
   22   2   1  -1       0.87891267
   22   2   1   0       0.72683574
   22   2   1   1       0.79910255
   23   1   0   0       0.87361377
   23   2   1  -1       0.68850526
   23   2   1   0       0.85398437
   23   2   1   1       0.83348297
   24   1   0   0       0.61719260
   24   2   1  -1       0.47815018
   24   2   1   0       0.51419066
   24   2   1   1       0.47368220
   25   1   0   0       0.47237047
   26   1   0   0       0.47226905
   27   1   0   0       0.46479493
   28   1   0   0       0.44872464
   29   1   0   0       0.45224444
   30   1   0   0       0.45739510
   31   1   0   0       0.45739174
   32   1   0   0       0.45559498
   33   1   0   0       0.30524070
   34   1   0   0       0.31252578
   35   1   0   0       0.44361855

Spin  up
Fermi level:                        -0.1746423244 H           -4.7523 eV
Band energy:                       -27.8779466004 H         -758.5975 eV
TS:                                  0.0000000000 H            0.0000 eV
Band free energy (E-TS):           -27.8779466004 H         -758.5975 eV
Extrapolated E(0K):                -27.8779466004 H         -758.5975 eV
Input / Output electrons (up):     60.0000000000     60.0000000000

Spin  down
Fermi level:                        -0.1746423244 H           -4.7523 eV
Band energy:                       -27.8779466004 H         -758.5975 eV
TS:                                  0.0000000000 H            0.0000 eV
Band free energy (E-TS):           -27.8779466004 H         -758.5975 eV
Extrapolated E(0K):                -27.8779466004 H         -758.5975 eV
Input / Output electrons (down):     60.0000000000     60.0000000000

Energy H0:                         -56.3100072859 H        -1532.2733 eV
Energy SCC:                          0.0845294940 H            2.3002 eV
Energy SPIN:                         0.0000000000 H            0.0000 eV
Total Electronic energy:           -56.2327874601 H        -1530.1720 eV
Repulsive energy:                    1.0550348051 H           28.7090 eV
Total energy:                      -55.1777526550 H        -1501.4630 eV
Extrapolated to 0:                 -55.1777526550 H        -1501.4630 eV
Total Mermin free energy:          -55.1777526550 H        -1501.4630 eV
Force related energy:              -55.1777526550 H        -1501.4630 eV

SCC converged

Full geometry written in opt.{xyz|gen}

Dipole moment:    1.18332873    0.20054181    0.27148896 au
Dipole moment:    3.00772186    0.50972647    0.69005616 Debye

Geometry converged

