 Fermi distribution function

Geometry optimization step: 977


********************************************************************************
 iSCC Total electronic   Diff electronic      SCC error    
    1   -0.60267825E+02    0.00000000E+00    0.35487617E-05
********************************************************************************

Coordinates of moved atoms (au):
    1     11.42085669      6.74653141      1.26410119
    2      9.42372931      5.62399110     -0.12735403
    3      7.93375419      3.88625010      1.01383156
    4      8.24192934      3.11576594      3.53833632
    5      6.61640769      1.28848526      4.58354238
    6      7.04435427      0.52049954      7.25943795
    7      8.74007442      1.36469534      8.60815348
    8      5.40885601     -1.22484870      8.19446708
    9      4.66098240      0.23408711      3.13636012
   10      4.32603414      1.01247808      0.61443976
   11      2.46391880     -0.14263695     -0.97152592
   12      0.48737256     -0.91022040      0.20153488
   13     -1.43273569     -2.04597350     -1.28642217
   14     -2.25332259     -0.88991648     -3.53829978
   15     -4.32248851     -1.86215923     -4.84888073
   16     -5.61712419     -3.97922273     -3.94435474
   17     -4.81156133     -5.10824159     -1.69197065
   18     -6.06397783     -7.13572569     -0.86920821
   19     -2.73410064     -4.18417685     -0.29596637
   20     -1.77477461     -5.34755491      2.07534091
   21      0.21655665     -4.71296217      3.11189080
   22     -3.22503175     -7.17986949      3.12537305
   23      5.98063209      2.80769030     -0.47474209
   24      5.63479847      3.59305817     -3.05703483
   25      5.33971749      4.20851080     -5.13037776
   26     12.78593399      5.31523135      1.90248336
   27     12.37303707      8.07774842      0.00558069
   28     10.69604213      7.77231270      2.91997563
   29      9.72509108      3.87866789      4.73299348
   30      5.85501314     -1.59768636      9.93311309
   31      3.42689572     -1.20926234      3.91917648
   32     -1.25577625      0.76493991     -4.22858413
   33     -4.93118628     -0.97318748     -6.59687676
   34     -7.22254683     -4.75563860     -4.95641473
   35     -2.41197907     -7.78742476      4.65160499

 Total charge:    -0.00000000

 Atomic gross charges (e)
 Atom           Charge
    1       0.04387866
    2      -0.27891861
    3       0.30511059
    4      -0.19840211
    5      -0.05903401
    6       0.68254550
    7      -0.57618238
    8      -0.49389383
    9      -0.14713187
   10       0.15328808
   11      -0.09820825
   12      -0.04923734
   13       0.17010097
   14      -0.14627136
   15      -0.04916562
   16      -0.20124005
   17       0.40565032
   18      -0.23835534
   19      -0.20328696
   20       0.67786103
   21      -0.57435537
   22      -0.48006735
   23      -0.05194259
   24       0.19072217
   25      -0.29663783
   26       0.05508685
   27       0.06921031
   28       0.05445882
   29       0.11850940
   30       0.37588703
   31       0.14413331
   32       0.11047706
   33       0.09722492
   34       0.11435159
   35       0.37383425

Nr. of electrons (up):     63.00000000
Atom populations (up)
 Atom       Population
    1       1.97806067
    2       3.13945931
    3       1.84744471
    4       2.09920106
    5       2.02951700
    6       1.65872725
    7       3.28809119
    8       3.24694692
    9       2.07356594
   10       1.92335596
   11       2.54910412
   12       2.52461867
   13       1.91494951
   14       2.07313568
   15       2.02458281
   16       2.10062002
   17       1.79717484
   18       3.61917767
   19       2.10164348
   20       1.66106948
   21       3.28717768
   22       3.24003367
   23       2.02597129
   24       1.90463891
   25       2.64831891
   26       0.47245657
   27       0.46539485
   28       0.47277059
   29       0.44074530
   30       0.31205648
   31       0.42793335
   32       0.44476147
   33       0.45138754
   34       0.44282421
   35       0.31308287

l-shell populations (up)
 Atom Sh.   l       Population
    1   1   0       0.61467348
    1   2   1       1.36338719
    2   1   0       0.85220003
    2   2   1       2.28725928
    3   1   0       0.56028836
    3   2   1       1.28715635
    4   1   0       0.61858519
    4   2   1       1.48061586
    5   1   0       0.60125188
    5   2   1       1.42826513
    6   1   0       0.52232121
    6   2   1       1.13640604
    7   1   0       0.88177812
    7   2   1       2.40631307
    8   1   0       0.87264852
    8   2   1       2.37429840
    9   1   0       0.61959610
    9   2   1       1.45396983
   10   1   0       0.57881641
   10   2   1       1.34453955
   11   1   0       0.76455659
   11   2   1       1.78454754
   12   1   0       0.75647588
   12   2   1       1.76814279
   13   1   0       0.57848005
   13   2   1       1.33646947
   14   1   0       0.61535608
   14   2   1       1.45777960
   15   1   0       0.61312495
   15   2   1       1.41145786
   16   1   0       0.61616372
   16   2   1       1.48445631
   17   1   0       0.55457844
   17   2   1       1.24259640
   18   1   0       0.94291793
   18   2   1       2.67625974
   19   1   0       0.60664827
   19   2   1       1.49499521
   20   1   0       0.52052102
   20   2   1       1.14054846
   21   1   0       0.88226345
   21   2   1       2.40491423
   22   1   0       0.87124551
   22   2   1       2.36878816
   23   1   0       0.58886057
   23   2   1       1.43711072
   24   1   0       0.57920303
   24   2   1       1.32543589
   25   1   0       0.81710393
   25   2   1       1.83121499
   26   1   0       0.47245657
   27   1   0       0.46539485
   28   1   0       0.47277059
   29   1   0       0.44074530
   30   1   0       0.31205648
   31   1   0       0.42793335
   32   1   0       0.44476147
   33   1   0       0.45138754
   34   1   0       0.44282421
   35   1   0       0.31308287

Orbital populations (up)
 Atom Sh.   l   m       Population
    1   1   0   0       0.61467348
    1   2   1  -1       0.47406616
    1   2   1   0       0.45937999
    1   2   1   1       0.42994104
    2   1   0   0       0.85220003
    2   2   1  -1       0.75681744
    2   2   1   0       0.83603729
    2   2   1   1       0.69440455
    3   1   0   0       0.56028836
    3   2   1  -1       0.42103505
    3   2   1   0       0.43585334
    3   2   1   1       0.43026795
    4   1   0   0       0.61858519
    4   2   1  -1       0.50640027
    4   2   1   0       0.46989217
    4   2   1   1       0.50432343
    5   1   0   0       0.60125188
    5   2   1  -1       0.48361844
    5   2   1   0       0.46858702
    5   2   1   1       0.47605967
    6   1   0   0       0.52232121
    6   2   1  -1       0.36594792
    6   2   1   0       0.40992840
    6   2   1   1       0.36052972
    7   1   0   0       0.88177812
    7   2   1  -1       0.80498905
    7   2   1   0       0.85478470
    7   2   1   1       0.74653932
    8   1   0   0       0.87264852
    8   2   1  -1       0.81081274
    8   2   1   0       0.70932390
    8   2   1   1       0.85416175
    9   1   0   0       0.61959610
    9   2   1  -1       0.50579319
    9   2   1   0       0.45988942
    9   2   1   1       0.48828722
   10   1   0   0       0.57881641
   10   2   1  -1       0.45419164
   10   2   1   0       0.43587944
   10   2   1   1       0.45446848
   11   1   0   0       0.76455659
   11   2   1  -1       0.52106497
   11   2   1   0       0.76168682
   11   2   1   1       0.50179575
   12   1   0   0       0.75647588
   12   2   1  -1       0.51597591
   12   2   1   0       0.75648999
   12   2   1   1       0.49567689
   13   1   0   0       0.57848005
   13   2   1  -1       0.44481655
   13   2   1   0       0.43303349
   13   2   1   1       0.45861943
   14   1   0   0       0.61535608
   14   2   1  -1       0.49949370
   14   2   1   0       0.46917909
   14   2   1   1       0.48910681
   15   1   0   0       0.61312495
   15   2   1  -1       0.46752858
   15   2   1   0       0.47677656
   15   2   1   1       0.46715272
   16   1   0   0       0.61616372
   16   2   1  -1       0.49360537
   16   2   1   0       0.48676075
   16   2   1   1       0.50409019
   17   1   0   0       0.55457844
   17   2   1  -1       0.37494350
   17   2   1   0       0.44402231
   17   2   1   1       0.42363059
   18   1   0   0       0.94291793
   18   2   1  -1       0.81277044
   18   2   1   0       0.95244991
   18   2   1   1       0.91103940
   19   1   0   0       0.60664827
   19   2   1  -1       0.51159959
   19   2   1   0       0.48846784
   19   2   1   1       0.49492778
   20   1   0   0       0.52052102
   20   2   1  -1       0.37170387
   20   2   1   0       0.40152933
   20   2   1   1       0.36731526
   21   1   0   0       0.88226345
   21   2   1  -1       0.82803565
   21   2   1   0       0.84836554
   21   2   1   1       0.72851304
   22   1   0   0       0.87124551
   22   2   1  -1       0.77639673
   22   2   1   0       0.73361978
   22   2   1   1       0.85877165
   23   1   0   0       0.58886057
   23   2   1  -1       0.50986950
   23   2   1   0       0.44141720
   23   2   1   1       0.48582402
   24   1   0   0       0.57920303
   24   2   1  -1       0.44856580
   24   2   1   0       0.42796829
   24   2   1   1       0.44890181
   25   1   0   0       0.81710393
   25   2   1  -1       0.57402956
   25   2   1   0       0.69141517
   25   2   1   1       0.56577026
   26   1   0   0       0.47245657
   27   1   0   0       0.46539485
   28   1   0   0       0.47277059
   29   1   0   0       0.44074530
   30   1   0   0       0.31205648
   31   1   0   0       0.42793335
   32   1   0   0       0.44476147
   33   1   0   0       0.45138754
   34   1   0   0       0.44282421
   35   1   0   0       0.31308287

Nr. of electrons (down):     63.00000000
Atom populations (down)
 Atom       Population
    1       1.97806067
    2       3.13945931
    3       1.84744471
    4       2.09920106
    5       2.02951700
    6       1.65872725
    7       3.28809119
    8       3.24694692
    9       2.07356594
   10       1.92335596
   11       2.54910412
   12       2.52461867
   13       1.91494951
   14       2.07313568
   15       2.02458281
   16       2.10062002
   17       1.79717484
   18       3.61917767
   19       2.10164348
   20       1.66106948
   21       3.28717768
   22       3.24003367
   23       2.02597129
   24       1.90463891
   25       2.64831891
   26       0.47245657
   27       0.46539485
   28       0.47277059
   29       0.44074530
   30       0.31205648
   31       0.42793335
   32       0.44476147
   33       0.45138754
   34       0.44282421
   35       0.31308287

l-shell populations (down)
 Atom Sh.   l       Population
    1   1   0       0.61467348
    1   2   1       1.36338719
    2   1   0       0.85220003
    2   2   1       2.28725928
    3   1   0       0.56028836
    3   2   1       1.28715635
    4   1   0       0.61858519
    4   2   1       1.48061586
    5   1   0       0.60125188
    5   2   1       1.42826513
    6   1   0       0.52232121
    6   2   1       1.13640604
    7   1   0       0.88177812
    7   2   1       2.40631307
    8   1   0       0.87264852
    8   2   1       2.37429840
    9   1   0       0.61959610
    9   2   1       1.45396983
   10   1   0       0.57881641
   10   2   1       1.34453955
   11   1   0       0.76455659
   11   2   1       1.78454754
   12   1   0       0.75647588
   12   2   1       1.76814279
   13   1   0       0.57848005
   13   2   1       1.33646947
   14   1   0       0.61535608
   14   2   1       1.45777960
   15   1   0       0.61312495
   15   2   1       1.41145786
   16   1   0       0.61616372
   16   2   1       1.48445631
   17   1   0       0.55457844
   17   2   1       1.24259640
   18   1   0       0.94291793
   18   2   1       2.67625974
   19   1   0       0.60664827
   19   2   1       1.49499521
   20   1   0       0.52052102
   20   2   1       1.14054846
   21   1   0       0.88226345
   21   2   1       2.40491423
   22   1   0       0.87124551
   22   2   1       2.36878816
   23   1   0       0.58886057
   23   2   1       1.43711072
   24   1   0       0.57920303
   24   2   1       1.32543589
   25   1   0       0.81710393
   25   2   1       1.83121499
   26   1   0       0.47245657
   27   1   0       0.46539485
   28   1   0       0.47277059
   29   1   0       0.44074530
   30   1   0       0.31205648
   31   1   0       0.42793335
   32   1   0       0.44476147
   33   1   0       0.45138754
   34   1   0       0.44282421
   35   1   0       0.31308287

Orbital populations (down)
 Atom Sh.   l   m       Population
    1   1   0   0       0.61467348
    1   2   1  -1       0.47406616
    1   2   1   0       0.45937999
    1   2   1   1       0.42994104
    2   1   0   0       0.85220003
    2   2   1  -1       0.75681744
    2   2   1   0       0.83603729
    2   2   1   1       0.69440455
    3   1   0   0       0.56028836
    3   2   1  -1       0.42103505
    3   2   1   0       0.43585334
    3   2   1   1       0.43026795
    4   1   0   0       0.61858519
    4   2   1  -1       0.50640027
    4   2   1   0       0.46989217
    4   2   1   1       0.50432343
    5   1   0   0       0.60125188
    5   2   1  -1       0.48361844
    5   2   1   0       0.46858702
    5   2   1   1       0.47605967
    6   1   0   0       0.52232121
    6   2   1  -1       0.36594792
    6   2   1   0       0.40992840
    6   2   1   1       0.36052972
    7   1   0   0       0.88177812
    7   2   1  -1       0.80498905
    7   2   1   0       0.85478470
    7   2   1   1       0.74653932
    8   1   0   0       0.87264852
    8   2   1  -1       0.81081274
    8   2   1   0       0.70932390
    8   2   1   1       0.85416175
    9   1   0   0       0.61959610
    9   2   1  -1       0.50579319
    9   2   1   0       0.45988942
    9   2   1   1       0.48828722
   10   1   0   0       0.57881641
   10   2   1  -1       0.45419164
   10   2   1   0       0.43587944
   10   2   1   1       0.45446848
   11   1   0   0       0.76455659
   11   2   1  -1       0.52106497
   11   2   1   0       0.76168682
   11   2   1   1       0.50179575
   12   1   0   0       0.75647588
   12   2   1  -1       0.51597591
   12   2   1   0       0.75648999
   12   2   1   1       0.49567689
   13   1   0   0       0.57848005
   13   2   1  -1       0.44481655
   13   2   1   0       0.43303349
   13   2   1   1       0.45861943
   14   1   0   0       0.61535608
   14   2   1  -1       0.49949370
   14   2   1   0       0.46917909
   14   2   1   1       0.48910681
   15   1   0   0       0.61312495
   15   2   1  -1       0.46752858
   15   2   1   0       0.47677656
   15   2   1   1       0.46715272
   16   1   0   0       0.61616372
   16   2   1  -1       0.49360537
   16   2   1   0       0.48676075
   16   2   1   1       0.50409019
   17   1   0   0       0.55457844
   17   2   1  -1       0.37494350
   17   2   1   0       0.44402231
   17   2   1   1       0.42363059
   18   1   0   0       0.94291793
   18   2   1  -1       0.81277044
   18   2   1   0       0.95244991
   18   2   1   1       0.91103940
   19   1   0   0       0.60664827
   19   2   1  -1       0.51159959
   19   2   1   0       0.48846784
   19   2   1   1       0.49492778
   20   1   0   0       0.52052102
   20   2   1  -1       0.37170387
   20   2   1   0       0.40152933
   20   2   1   1       0.36731526
   21   1   0   0       0.88226345
   21   2   1  -1       0.82803565
   21   2   1   0       0.84836554
   21   2   1   1       0.72851304
   22   1   0   0       0.87124551
   22   2   1  -1       0.77639673
   22   2   1   0       0.73361978
   22   2   1   1       0.85877165
   23   1   0   0       0.58886057
   23   2   1  -1       0.50986950
   23   2   1   0       0.44141720
   23   2   1   1       0.48582402
   24   1   0   0       0.57920303
   24   2   1  -1       0.44856580
   24   2   1   0       0.42796829
   24   2   1   1       0.44890181
   25   1   0   0       0.81710393
   25   2   1  -1       0.57402956
   25   2   1   0       0.69141517
   25   2   1   1       0.56577026
   26   1   0   0       0.47245657
   27   1   0   0       0.46539485
   28   1   0   0       0.47277059
   29   1   0   0       0.44074530
   30   1   0   0       0.31205648
   31   1   0   0       0.42793335
   32   1   0   0       0.44476147
   33   1   0   0       0.45138754
   34   1   0   0       0.44282421
   35   1   0   0       0.31308287

Spin  up
Fermi level:                        -0.1723394357 H           -4.6896 eV
Band energy:                       -29.8811351177 H         -813.1071 eV
TS:                                  0.0000000000 H            0.0000 eV
Band free energy (E-TS):           -29.8811351177 H         -813.1071 eV
Extrapolated E(0K):                -29.8811351177 H         -813.1071 eV
Input / Output electrons (up):     63.0000000000     63.0000000000

Spin  down
Fermi level:                        -0.1723394357 H           -4.6896 eV
Band energy:                       -29.8811351177 H         -813.1071 eV
TS:                                  0.0000000000 H            0.0000 eV
Band free energy (E-TS):           -29.8811351177 H         -813.1071 eV
Extrapolated E(0K):                -29.8811351177 H         -813.1071 eV
Input / Output electrons (down):     63.0000000000     63.0000000000

Energy H0:                         -60.3511446598 H        -1642.2382 eV
Energy SCC:                          0.0902558504 H            2.4560 eV
Energy SPIN:                         0.0000000000 H            0.0000 eV
Total Electronic energy:           -60.2678251913 H        -1639.9710 eV
Repulsive energy:                    1.0916388286 H           29.7050 eV
Total energy:                      -59.1761863627 H        -1610.2660 eV
Extrapolated to 0:                 -59.1761863627 H        -1610.2660 eV
Total Mermin free energy:          -59.1761863627 H        -1610.2660 eV
Force related energy:              -59.1761863627 H        -1610.2660 eV

SCC converged

Full geometry written in opt.{xyz|gen}

Dipole moment:   -0.39654286    0.04080570    0.27554694 au
Dipole moment:   -1.00791151    0.10371776    0.70037052 Debye

Geometry converged

