 KPT            1  SPIN            1  KWEIGHT    1.0000000000000000     
     1   -25.381  1.00000
     2   -25.182  1.00000
     3   -23.591  1.00000
     4   -23.460  1.00000
     5   -23.420  1.00000
     6   -20.013  1.00000
     7   -19.684  1.00000
     8   -19.327  1.00000
     9   -18.409  1.00000
    10   -17.994  1.00000
    11   -17.811  1.00000
    12   -17.488  1.00000
    13   -17.151  1.00000
    14   -16.717  1.00000
    15   -16.143  1.00000
    16   -15.522  1.00000
    17   -14.926  1.00000
    18   -14.710  1.00000
    19   -14.203  1.00000
    20   -13.797  1.00000
    21   -13.640  1.00000
    22   -13.478  1.00000
    23   -13.321  1.00000
    24   -12.744  1.00000
    25   -12.248  1.00000
    26   -11.586  1.00000
    27   -11.385  1.00000
    28   -11.299  1.00000
    29   -11.188  1.00000
    30   -11.162  1.00000
    31   -11.034  1.00000
    32   -10.883  1.00000
    33   -10.693  1.00000
    34   -10.582  1.00000
    35   -10.510  1.00000
    36   -10.348  1.00000
    37   -10.297  1.00000
    38   -10.081  1.00000
    39   -10.049  1.00000
    40    -9.874  1.00000
    41    -9.628  1.00000
    42    -9.554  1.00000
    43    -9.523  1.00000
    44    -9.470  1.00000
    45    -9.398  1.00000
    46    -9.368  1.00000
    47    -9.202  1.00000
    48    -9.137  1.00000
    49    -8.958  1.00000
    50    -8.910  1.00000
    51    -8.858  1.00000
    52    -8.581  1.00000
    53    -8.522  1.00000
    54    -8.158  1.00000
    55    -8.072  1.00000
    56    -8.032  1.00000
    57    -7.946  1.00000
    58    -7.801  1.00000
    59    -7.610  1.00000
    60    -7.284  1.00000
    61    -7.150  1.00000
    62    -7.123  1.00000
    63    -6.929  1.00000
    64    -6.679  1.00000
    65    -6.477  1.00000
    66    -6.397  1.00000
    67    -5.996  0.00000
    68    -3.406  1.00000
    69    -2.866  0.00000
    70    -2.470  0.00000
    71    -2.099  0.00000
    72    -1.852  0.00000
    73    -1.780  0.00000
    74    -1.014  0.00000
    75    -0.001  0.00000
    76     0.145  0.00000
    77     1.836  0.00000
    78     2.436  0.00000
    79     2.687  0.00000
    80     8.291  0.00000
    81     8.619  0.00000
    82     8.655  0.00000
    83     8.870  0.00000
    84     9.028  0.00000
    85     9.271  0.00000
    86     9.602  0.00000
    87     9.866  0.00000
    88     9.882  0.00000
    89    10.299  0.00000
    90    10.913  0.00000
    91    11.223  0.00000
    92    11.753  0.00000
    93    13.516  0.00000
    94    13.901  0.00000
    95    14.041  0.00000
    96    14.232  0.00000
    97    14.508  0.00000
    98    14.688  0.00000
    99    15.340  0.00000
   100    15.782  0.00000
   101    16.383  0.00000
   102    16.911  0.00000
   103    17.331  0.00000
   104    18.004  0.00000
   105    18.925  0.00000
   106    19.239  0.00000
   107    19.588  0.00000
   108    19.733  0.00000
   109    20.009  0.00000
   110    20.517  0.00000
   111    20.682  0.00000
   112    21.111  0.00000
   113    21.882  0.00000
   114    22.123  0.00000
   115    22.466  0.00000
   116    24.253  0.00000
   117    24.887  0.00000
   118    26.301  0.00000
   119    27.888  0.00000
   120    28.761  0.00000
   121    29.319  0.00000
   122    29.705  0.00000
   123    31.229  0.00000
   124    31.959  0.00000

 KPT            1  SPIN            2  KWEIGHT    1.0000000000000000     
     1   -25.383  1.00000
     2   -25.174  1.00000
     3   -23.597  1.00000
     4   -23.468  1.00000
     5   -23.409  1.00000
     6   -20.013  1.00000
     7   -19.689  1.00000
     8   -19.330  1.00000
     9   -18.411  1.00000
    10   -17.993  1.00000
    11   -17.810  1.00000
    12   -17.490  1.00000
    13   -17.152  1.00000
    14   -16.714  1.00000
    15   -16.144  1.00000
    16   -15.522  1.00000
    17   -14.919  1.00000
    18   -14.711  1.00000
    19   -14.202  1.00000
    20   -13.798  1.00000
    21   -13.644  1.00000
    22   -13.481  1.00000
    23   -13.321  1.00000
    24   -12.744  1.00000
    25   -12.252  1.00000
    26   -11.588  1.00000
    27   -11.383  1.00000
    28   -11.293  1.00000
    29   -11.183  1.00000
    30   -11.156  1.00000
    31   -11.035  1.00000
    32   -10.884  1.00000
    33   -10.692  1.00000
    34   -10.582  1.00000
    35   -10.504  1.00000
    36   -10.350  1.00000
    37   -10.299  1.00000
    38   -10.084  1.00000
    39   -10.051  1.00000
    40    -9.875  1.00000
    41    -9.628  1.00000
    42    -9.556  1.00000
    43    -9.524  1.00000
    44    -9.471  1.00000
    45    -9.396  1.00000
    46    -9.366  1.00000
    47    -9.201  1.00000
    48    -9.131  1.00000
    49    -8.958  1.00000
    50    -8.906  1.00000
    51    -8.849  1.00000
    52    -8.574  1.00000
    53    -8.524  1.00000
    54    -8.159  1.00000
    55    -8.073  1.00000
    56    -8.035  1.00000
    57    -7.947  1.00000
    58    -7.795  1.00000
    59    -7.617  1.00000
    60    -7.277  1.00000
    61    -7.151  1.00000
    62    -7.121  1.00000
    63    -6.935  1.00000
    64    -6.677  1.00000
    65    -6.484  1.00000
    66    -6.387  1.00000
    67    -6.004  1.00000
    68    -3.400  0.00000
    69    -2.862  0.00000
    70    -2.467  0.00000
    71    -2.097  0.00000
    72    -1.849  0.00000
    73    -1.781  0.00000
    74    -1.026  0.00000
    75     0.003  0.00000
    76     0.140  0.00000
    77     1.835  0.00000
    78     2.439  0.00000
    79     2.690  0.00000
    80     8.292  0.00000
    81     8.621  0.00000
    82     8.655  0.00000
    83     8.869  0.00000
    84     9.029  0.00000
    85     9.267  0.00000
    86     9.600  0.00000
    87     9.866  0.00000
    88     9.883  0.00000
    89    10.302  0.00000
    90    10.913  0.00000
    91    11.224  0.00000
    92    11.754  0.00000
    93    13.508  0.00000
    94    13.900  0.00000
    95    14.035  0.00000
    96    14.229  0.00000
    97    14.511  0.00000
    98    14.696  0.00000
    99    15.345  0.00000
   100    15.783  0.00000
   101    16.383  0.00000
   102    16.909  0.00000
   103    17.322  0.00000
   104    18.009  0.00000
   105    18.914  0.00000
   106    19.233  0.00000
   107    19.597  0.00000
   108    19.734  0.00000
   109    20.000  0.00000
   110    20.517  0.00000
   111    20.683  0.00000
   112    21.110  0.00000
   113    21.882  0.00000
   114    22.123  0.00000
   115    22.459  0.00000
   116    24.256  0.00000
   117    24.885  0.00000
   118    26.305  0.00000
   119    27.885  0.00000
   120    28.763  0.00000
   121    29.315  0.00000
   122    29.704  0.00000
   123    31.247  0.00000
   124    31.961  0.00000

