 Fermi distribution function

Calculation with static geometry


********************************************************************************
 iSCC Total electronic   Diff electronic      SCC error    
   16   -0.56161060E+02   -0.90306429E-09    0.65330264E-05
********************************************************************************

 Total charge:    -0.00000000

 Atomic gross charges (e)
 Atom           Charge
    1       0.04467327
    2      -0.27664282
    3       0.31433634
    4      -0.21646675
    5       0.05794307
    6       0.16952609
    7      -0.27219406
    8       0.11615462
    9      -0.01710794
   10      -0.00611787
   11       0.15322957
   12      -0.11251882
   13      -0.07544697
   14      -0.09839225
   15      -0.06099704
   16      -0.12085559
   17       0.66876533
   18      -0.54419450
   19      -0.51206671
   20      -0.13892173
   21       0.66663242
   22      -0.57845193
   23      -0.51601427
   24      -0.17371075
   25       0.05532800
   26       0.05427808
   27       0.06797719
   28       0.10211109
   29       0.10230819
   30       0.08565233
   31       0.08594862
   32       0.09956549
   33       0.37641317
   34       0.37703488
   35       0.12222226

Nr. of electrons (up):     60.00000000
Atom populations (up)
 Atom       Population
    1       1.97879733
    2       3.12039992
    3       1.83724096
    4       2.12787023
    5       1.94857412
    6       1.91791032
    7       2.63049082
    8       1.91998832
    9       2.48505710
   10       2.47763252
   11       1.91341898
   12       2.04486553
   13       2.05451242
   14       2.05792120
   15       2.02614277
   16       2.08310591
   17       1.67730529
   18       3.25988777
   19       3.25668608
   20       2.11276151
   21       1.68184189
   22       3.30109378
   23       3.26087617
   24       2.09671861
   25       0.47122994
   26       0.47150090
   27       0.46594911
   28       0.44752001
   29       0.44929235
   30       0.45546202
   31       0.45603201
   32       0.45039692
   33       0.31172745
   34       0.31132684
   35       0.43846292

l-shell populations (up)
 Atom Sh.   l       Population
    1   1   0       0.61470709
    1   2   1       1.36409024
    2   1   0       0.85434961
    2   2   1       2.26605030
    3   1   0       0.55640895
    3   2   1       1.28083200
    4   1   0       0.61887108
    4   2   1       1.50899915
    5   1   0       0.58367874
    5   2   1       1.36489538
    6   1   0       0.58299639
    6   2   1       1.33491393
    7   1   0       0.81642910
    7   2   1       1.81406172
    8   1   0       0.57785904
    8   2   1       1.34212928
    9   1   0       0.71404740
    9   2   1       1.77100971
   10   1   0       0.71855264
   10   2   1       1.75907988
   11   1   0       0.57445699
   11   2   1       1.33896198
   12   1   0       0.61501378
   12   2   1       1.42985175
   13   1   0       0.61195525
   13   2   1       1.44255718
   14   1   0       0.61129229
   14   2   1       1.44662891
   15   1   0       0.61351043
   15   2   1       1.41263233
   16   1   0       0.60145810
   16   2   1       1.48164781
   17   1   0       0.52163261
   17   2   1       1.15567268
   18   1   0       0.88098865
   18   2   1       2.37889911
   19   1   0       0.87488035
   19   2   1       2.38180573
   20   1   0       0.60267246
   20   2   1       1.51008905
   21   1   0       0.51921397
   21   2   1       1.16262791
   22   1   0       0.88126111
   22   2   1       2.41983267
   23   1   0       0.87442138
   23   2   1       2.38645478
   24   1   0       0.61860960
   24   2   1       1.47810902
   25   1   0       0.47122994
   26   1   0       0.47150090
   27   1   0       0.46594911
   28   1   0       0.44752001
   29   1   0       0.44929235
   30   1   0       0.45546202
   31   1   0       0.45603201
   32   1   0       0.45039692
   33   1   0       0.31172745
   34   1   0       0.31132684
   35   1   0       0.43846292

Orbital populations (up)
 Atom Sh.   l   m       Population
    1   1   0   0       0.61470709
    1   2   1  -1       0.42856438
    1   2   1   0       0.44682386
    1   2   1   1       0.48870200
    2   1   0   0       0.85434961
    2   2   1  -1       0.78845933
    2   2   1   0       0.76488112
    2   2   1   1       0.71270985
    3   1   0   0       0.55640895
    3   2   1  -1       0.45914204
    3   2   1   0       0.44722580
    3   2   1   1       0.37446415
    4   1   0   0       0.61887108
    4   2   1  -1       0.50591576
    4   2   1   0       0.53846945
    4   2   1   1       0.46461394
    5   1   0   0       0.58367874
    5   2   1  -1       0.44124266
    5   2   1   0       0.48084176
    5   2   1   1       0.44281096
    6   1   0   0       0.58299639
    6   2   1  -1       0.44197170
    6   2   1   0       0.45328855
    6   2   1   1       0.43965367
    7   1   0   0       0.81642910
    7   2   1  -1       0.62873947
    7   2   1   0       0.56518577
    7   2   1   1       0.62013649
    8   1   0   0       0.57785904
    8   2   1  -1       0.47720291
    8   2   1   0       0.42599443
    8   2   1   1       0.43893194
    9   1   0   0       0.71404740
    9   2   1  -1       0.70634484
    9   2   1   0       0.59227342
    9   2   1   1       0.47239144
   10   1   0   0       0.71855264
   10   2   1  -1       0.70332917
   10   2   1   0       0.45713283
   10   2   1   1       0.59861788
   11   1   0   0       0.57445699
   11   2   1  -1       0.47614932
   11   2   1   0       0.36253431
   11   2   1   1       0.50027835
   12   1   0   0       0.61501378
   12   2   1  -1       0.45789917
   12   2   1   0       0.47354373
   12   2   1   1       0.49840884
   13   1   0   0       0.61195525
   13   2   1  -1       0.48278323
   13   2   1   0       0.46361195
   13   2   1   1       0.49616200
   14   1   0   0       0.61129229
   14   2   1  -1       0.47891647
   14   2   1   0       0.47412604
   14   2   1   1       0.49358640
   15   1   0   0       0.61351043
   15   2   1  -1       0.46972813
   15   2   1   0       0.46136907
   15   2   1   1       0.48153513
   16   1   0   0       0.60145810
   16   2   1  -1       0.48340047
   16   2   1   0       0.47403117
   16   2   1   1       0.52421616
   17   1   0   0       0.52163261
   17   2   1  -1       0.40353185
   17   2   1   0       0.36326518
   17   2   1   1       0.38887566
   18   1   0   0       0.88098865
   18   2   1  -1       0.85732910
   18   2   1   0       0.72799187
   18   2   1   1       0.79357815
   19   1   0   0       0.87488035
   19   2   1  -1       0.72274177
   19   2   1   0       0.84925372
   19   2   1   1       0.80981025
   20   1   0   0       0.60267246
   20   2   1  -1       0.49405560
   20   2   1   0       0.54963687
   20   2   1   1       0.46639657
   21   1   0   0       0.51921397
   21   2   1  -1       0.40212781
   21   2   1   0       0.40930100
   21   2   1   1       0.35119910
   22   1   0   0       0.88126111
   22   2   1  -1       0.87452774
   22   2   1   0       0.79482343
   22   2   1   1       0.75048150
   23   1   0   0       0.87442138
   23   2   1  -1       0.73836580
   23   2   1   0       0.82559703
   23   2   1   1       0.82249195
   24   1   0   0       0.61860960
   24   2   1  -1       0.49449333
   24   2   1   0       0.51006915
   24   2   1   1       0.47354654
   25   1   0   0       0.47122994
   26   1   0   0       0.47150090
   27   1   0   0       0.46594911
   28   1   0   0       0.44752001
   29   1   0   0       0.44929235
   30   1   0   0       0.45546202
   31   1   0   0       0.45603201
   32   1   0   0       0.45039692
   33   1   0   0       0.31172745
   34   1   0   0       0.31132684
   35   1   0   0       0.43846292

Nr. of electrons (down):     60.00000000
Atom populations (down)
 Atom       Population
    1       1.97652940
    2       3.15624290
    3       1.84842271
    4       2.08859652
    5       1.99348281
    6       1.91256359
    7       2.64170324
    8       1.96385706
    9       2.53205084
   10       2.52848535
   11       1.93335146
   12       2.06765329
   13       2.02093455
   14       2.04047104
   15       2.03485427
   16       2.03774968
   17       1.65392938
   18       3.28430674
   19       3.25538063
   20       2.02616022
   21       1.65152570
   22       3.27735815
   23       3.25513810
   24       2.07699214
   25       0.47344206
   26       0.47422102
   27       0.46607371
   28       0.45036890
   29       0.44839947
   30       0.45888564
   31       0.45801937
   32       0.45003758
   33       0.31185938
   34       0.31163828
   35       0.43931482

l-shell populations (down)
 Atom Sh.   l       Population
    1   1   0       0.61413410
    1   2   1       1.36239529
    2   1   0       0.85486616
    2   2   1       2.30137674
    3   1   0       0.55720082
    3   2   1       1.29122188
    4   1   0       0.61677436
    4   2   1       1.47182216
    5   1   0       0.58512875
    5   2   1       1.40835406
    6   1   0       0.58181441
    6   2   1       1.33074919
    7   1   0       0.81659878
    7   2   1       1.82510446
    8   1   0       0.58551767
    8   2   1       1.37833939
    9   1   0       0.74657190
    9   2   1       1.78547894
   10   1   0       0.74865419
   10   2   1       1.77983116
   11   1   0       0.58120736
   11   2   1       1.35214410
   12   1   0       0.61644324
   12   2   1       1.45121005
   13   1   0       0.61064344
   13   2   1       1.41029110
   14   1   0       0.61083669
   14   2   1       1.42963436
   15   1   0       0.61490795
   15   2   1       1.41994632
   16   1   0       0.60020768
   16   2   1       1.43754200
   17   1   0       0.52176936
   17   2   1       1.13216002
   18   1   0       0.88139322
   18   2   1       2.40291352
   19   1   0       0.87508064
   19   2   1       2.38029999
   20   1   0       0.59956823
   20   2   1       1.42659199
   21   1   0       0.52003606
   21   2   1       1.13148964
   22   1   0       0.88126019
   22   2   1       2.39609796
   23   1   0       0.87452829
   23   2   1       2.38060981
   24   1   0       0.61884659
   24   2   1       1.45814555
   25   1   0       0.47344206
   26   1   0       0.47422102
   27   1   0       0.46607371
   28   1   0       0.45036890
   29   1   0       0.44839947
   30   1   0       0.45888564
   31   1   0       0.45801937
   32   1   0       0.45003758
   33   1   0       0.31185938
   34   1   0       0.31163828
   35   1   0       0.43931482

Orbital populations (down)
 Atom Sh.   l   m       Population
    1   1   0   0       0.61413410
    1   2   1  -1       0.42769972
    1   2   1   0       0.44631866
    1   2   1   1       0.48837692
    2   1   0   0       0.85486616
    2   2   1  -1       0.79928993
    2   2   1   0       0.78667962
    2   2   1   1       0.71540718
    3   1   0   0       0.55720082
    3   2   1  -1       0.45987317
    3   2   1   0       0.45560007
    3   2   1   1       0.37574864
    4   1   0   0       0.61677436
    4   2   1  -1       0.49408265
    4   2   1   0       0.51440879
    4   2   1   1       0.46333072
    5   1   0   0       0.58512875
    5   2   1  -1       0.46465511
    5   2   1   0       0.49200554
    5   2   1   1       0.45169341
    6   1   0   0       0.58181441
    6   2   1  -1       0.44088733
    6   2   1   0       0.45201025
    6   2   1   1       0.43785160
    7   1   0   0       0.81659878
    7   2   1  -1       0.63379018
    7   2   1   0       0.56932114
    7   2   1   1       0.62199314
    8   1   0   0       0.58551767
    8   2   1  -1       0.47369112
    8   2   1   0       0.45142168
    8   2   1   1       0.45322659
    9   1   0   0       0.74657190
    9   2   1  -1       0.53378275
    9   2   1   0       0.77607808
    9   2   1   1       0.47561812
   10   1   0   0       0.74865419
   10   2   1  -1       0.51907264
   10   2   1   0       0.59278575
   10   2   1   1       0.66797277
   11   1   0   0       0.58120736
   11   2   1  -1       0.46706179
   11   2   1   0       0.41197351
   11   2   1   1       0.47310881
   12   1   0   0       0.61644324
   12   2   1  -1       0.48045338
   12   2   1   0       0.47155961
   12   2   1   1       0.49919706
   13   1   0   0       0.61064344
   13   2   1  -1       0.47297950
   13   2   1   0       0.46149693
   13   2   1   1       0.47581467
   14   1   0   0       0.61083669
   14   2   1  -1       0.46966032
   14   2   1   0       0.47325685
   14   2   1   1       0.48671719
   15   1   0   0       0.61490795
   15   2   1  -1       0.47236261
   15   2   1   0       0.46470377
   15   2   1   1       0.48287994
   16   1   0   0       0.60020768
   16   2   1  -1       0.48413139
   16   2   1   0       0.46918666
   16   2   1   1       0.48422395
   17   1   0   0       0.52176936
   17   2   1  -1       0.39580319
   17   2   1   0       0.36148211
   17   2   1   1       0.37487472
   18   1   0   0       0.88139322
   18   2   1  -1       0.85723589
   18   2   1   0       0.72617713
   18   2   1   1       0.81950050
   19   1   0   0       0.87508064
   19   2   1  -1       0.72074081
   19   2   1   0       0.84978696
   19   2   1   1       0.80977222
   20   1   0   0       0.59956823
   20   2   1  -1       0.48166281
   20   2   1   0       0.49160575
   20   2   1   1       0.45332343
   21   1   0   0       0.52003606
   21   2   1  -1       0.39158022
   21   2   1   0       0.38957078
   21   2   1   1       0.35033864
   22   1   0   0       0.88126019
   22   2   1  -1       0.85568786
   22   2   1   0       0.78844009
   22   2   1   1       0.75197000
   23   1   0   0       0.87452829
   23   2   1  -1       0.73466465
   23   2   1   0       0.82228754
   23   2   1   1       0.82365762
   24   1   0   0       0.61884659
   24   2   1  -1       0.48767870
   24   2   1   0       0.49557676
   24   2   1   1       0.47489010
   25   1   0   0       0.47344206
   26   1   0   0       0.47422102
   27   1   0   0       0.46607371
   28   1   0   0       0.45036890
   29   1   0   0       0.44839947
   30   1   0   0       0.45888564
   31   1   0   0       0.45801937
   32   1   0   0       0.45003758
   33   1   0   0       0.31185938
   34   1   0   0       0.31163828
   35   1   0   0       0.43931482

Spin  up
Fermi level:                        -0.1623647088 H           -4.4182 eV
Band energy:                       -27.7231312219 H         -754.3848 eV
TS:                                  0.0000000000 H            0.0000 eV
Band free energy (E-TS):           -27.7231312219 H         -754.3848 eV
Extrapolated E(0K):                -27.7231312219 H         -754.3848 eV
Input / Output electrons (up):     60.0000000000     60.0000000000

Spin  down
Fermi level:                        -0.1633295683 H           -4.4444 eV
Band energy:                       -27.7297951924 H         -754.5661 eV
TS:                                  0.0000000000 H            0.0000 eV
Band free energy (E-TS):           -27.7297951924 H         -754.5661 eV
Extrapolated E(0K):                -27.7297951924 H         -754.5661 eV
Input / Output electrons (down):     60.0000000000     60.0000000000

Energy H0:                         -56.2344070250 H        -1530.2161 eV
Energy SCC:                          0.0823327709 H            2.2404 eV
Energy SPIN:                        -0.0003240339 H           -0.0088 eV
Total Electronic energy:           -56.1610599477 H        -1528.2202 eV
Repulsive energy:                    1.0732580221 H           29.2048 eV
Total energy:                      -55.0878019255 H        -1499.0154 eV
Extrapolated to 0:                 -55.0878019255 H        -1499.0154 eV
Total Mermin free energy:          -55.0878019255 H        -1499.0154 eV
Force related energy:              -55.0878019255 H        -1499.0154 eV

SCC converged

Dipole moment:    1.77991583    0.24051215    1.60075816 au
Dipole moment:    4.52409515    0.61132095    4.06872174 Debye


