 Fermi distribution function

Calculation with static geometry


********************************************************************************
 iSCC Total electronic   Diff electronic      SCC error    
   12   -0.58450493E+02   -0.85272234E-10    0.23642509E-05
********************************************************************************

 Total charge:    -0.00000000

 Atomic gross charges (e)
 Atom           Charge
    1      -0.27336913
    2       0.16821937
    3       0.03115931
    4      -0.08075764
    5      -0.09566738
    6      -0.07067855
    7       0.66135072
    8      -0.52447050
    9      -0.50910242
   10       0.05038998
   11       0.17762347
   12      -0.24224286
   13       0.12361425
   14      -0.05359032
   15      -0.04629487
   16       0.03475534
   17      -0.08991640
   18      -0.09065079
   19       0.68171987
   20      -0.56927359
   21      -0.50342679
   22      -0.06623232
   23      -0.17669748
   24       0.37421493
   25      -0.24722150
   26       0.10366270
   27       0.11416806
   28       0.38113232
   29       0.12238945
   30       0.37899734
   31       0.12012226
   32       0.11607319

Nr. of electrons (up):     61.00000000
Atom populations (up)
 Atom       Population
    1       2.63668457
    2       1.91589032
    3       1.98442034
    4       2.04037882
    5       2.04783369
    6       2.03533928
    7       1.66932464
    8       3.26223525
    9       3.25455121
   10       1.97480501
   11       1.91118827
   12       2.62112143
   13       1.93819288
   14       2.52679516
   15       2.52314743
   16       1.98262233
   17       2.04495820
   18       2.04532539
   19       1.65914006
   20       3.28463680
   21       3.25171339
   22       2.03311616
   23       2.08834874
   24       1.81289253
   25       3.62361075
   26       0.44816865
   27       0.44291597
   28       0.30943384
   29       0.43880528
   30       0.31050133
   31       0.43993887
   32       0.44196341

l-shell populations (up)
 Atom Sh.   l       Population
    1   1   0       0.81637583
    1   2   1       1.82030874
    2   1   0       0.58197556
    2   2   1       1.33391475
    3   1   0       0.58452565
    3   2   1       1.39989470
    4   1   0       0.61437547
    4   2   1       1.42600335
    5   1   0       0.61468881
    5   2   1       1.43314487
    6   1   0       0.60383475
    6   2   1       1.43150453
    7   1   0       0.52292966
    7   2   1       1.14639498
    8   1   0       0.87869150
    8   2   1       2.38354375
    9   1   0       0.87456029
    9   2   1       2.37999092
   10   1   0       0.58613373
   10   2   1       1.38867128
   11   1   0       0.57742565
   11   2   1       1.33376262
   12   1   0       0.81596455
   12   2   1       1.80515688
   13   1   0       0.58390516
   13   2   1       1.35428772
   14   1   0       0.74407168
   14   2   1       1.78272348
   15   1   0       0.75094778
   15   2   1       1.77219966
   16   1   0       0.58378569
   16   2   1       1.39883664
   17   1   0       0.61767894
   17   2   1       1.42727926
   18   1   0       0.60000701
   18   2   1       1.44531838
   19   1   0       0.52146255
   19   2   1       1.13767752
   20   1   0       0.88098178
   20   2   1       2.40365502
   21   1   0       0.87362184
   21   2   1       2.37809155
   22   1   0       0.61569655
   22   2   1       1.41741961
   23   1   0       0.61578029
   23   2   1       1.47256845
   24   1   0       0.55665424
   24   2   1       1.25623830
   25   1   0       0.94420199
   25   2   1       2.67940876
   26   1   0       0.44816865
   27   1   0       0.44291597
   28   1   0       0.30943384
   29   1   0       0.43880528
   30   1   0       0.31050133
   31   1   0       0.43993887
   32   1   0       0.44196341

Orbital populations (up)
 Atom Sh.   l   m       Population
    1   1   0   0       0.81637583
    1   2   1  -1       0.56073958
    1   2   1   0       0.69892102
    1   2   1   1       0.56064813
    2   1   0   0       0.58197556
    2   2   1  -1       0.44982101
    2   2   1   0       0.42841823
    2   2   1   1       0.45567551
    3   1   0   0       0.58452565
    3   2   1  -1       0.45929859
    3   2   1   0       0.43482715
    3   2   1   1       0.50576896
    4   1   0   0       0.61437547
    4   2   1  -1       0.46918898
    4   2   1   0       0.46318941
    4   2   1   1       0.49362496
    5   1   0   0       0.61468881
    5   2   1  -1       0.47467002
    5   2   1   0       0.46440378
    5   2   1   1       0.49407108
    6   1   0   0       0.60383475
    6   2   1  -1       0.46215824
    6   2   1   0       0.46760168
    6   2   1   1       0.50174460
    7   1   0   0       0.52292966
    7   2   1  -1       0.35003175
    7   2   1   0       0.40888622
    7   2   1   1       0.38747700
    8   1   0   0       0.87869150
    8   2   1  -1       0.80178443
    8   2   1   0       0.86783875
    8   2   1   1       0.71392057
    9   1   0   0       0.87456029
    9   2   1  -1       0.77903621
    9   2   1   0       0.69310001
    9   2   1   1       0.90785471
   10   1   0   0       0.58613373
   10   2   1  -1       0.44361271
   10   2   1   0       0.45435394
   10   2   1   1       0.49070462
   11   1   0   0       0.57742565
   11   2   1  -1       0.43238701
   11   2   1   0       0.44650391
   11   2   1   1       0.45487170
   12   1   0   0       0.81596455
   12   2   1  -1       0.66308985
   12   2   1   0       0.57682859
   12   2   1   1       0.56523844
   13   1   0   0       0.58390516
   13   2   1  -1       0.44508704
   13   2   1   0       0.44327281
   13   2   1   1       0.46592787
   14   1   0   0       0.74407168
   14   2   1  -1       0.51614283
   14   2   1   0       0.50169290
   14   2   1   1       0.76488775
   15   1   0   0       0.75094778
   15   2   1  -1       0.65008339
   15   2   1   0       0.60156987
   15   2   1   1       0.52054639
   16   1   0   0       0.58378569
   16   2   1  -1       0.51852817
   16   2   1   0       0.45945467
   16   2   1   1       0.42085381
   17   1   0   0       0.61767894
   17   2   1  -1       0.49336684
   17   2   1   0       0.47183000
   17   2   1   1       0.46208242
   18   1   0   0       0.60000701
   18   2   1  -1       0.52266486
   18   2   1   0       0.46517607
   18   2   1   1       0.45747746
   19   1   0   0       0.52146255
   19   2   1  -1       0.38083585
   19   2   1   0       0.39000791
   19   2   1   1       0.36683376
   20   1   0   0       0.88098178
   20   2   1  -1       0.72758079
   20   2   1   0       0.95715350
   20   2   1   1       0.71892072
   21   1   0   0       0.87362184
   21   2   1  -1       0.91850097
   21   2   1   0       0.61318520
   21   2   1   1       0.84640538
   22   1   0   0       0.61569655
   22   2   1  -1       0.48235017
   22   2   1   0       0.45322645
   22   2   1   1       0.48184299
   23   1   0   0       0.61578029
   23   2   1  -1       0.53360868
   23   2   1   0       0.47702575
   23   2   1   1       0.46193403
   24   1   0   0       0.55665424
   24   2   1  -1       0.47766940
   24   2   1   0       0.34910533
   24   2   1   1       0.42946356
   25   1   0   0       0.94420199
   25   2   1  -1       0.94906537
   25   2   1   0       0.79170836
   25   2   1   1       0.93863503
   26   1   0   0       0.44816865
   27   1   0   0       0.44291597
   28   1   0   0       0.30943384
   29   1   0   0       0.43880528
   30   1   0   0       0.31050133
   31   1   0   0       0.43993887
   32   1   0   0       0.44196341

Nr. of electrons (down):     61.00000000
Atom populations (down)
 Atom       Population
    1       2.63668457
    2       1.91589032
    3       1.98442034
    4       2.04037882
    5       2.04783369
    6       2.03533928
    7       1.66932464
    8       3.26223525
    9       3.25455121
   10       1.97480501
   11       1.91118827
   12       2.62112143
   13       1.93819288
   14       2.52679516
   15       2.52314743
   16       1.98262233
   17       2.04495820
   18       2.04532539
   19       1.65914006
   20       3.28463680
   21       3.25171339
   22       2.03311616
   23       2.08834874
   24       1.81289253
   25       3.62361075
   26       0.44816865
   27       0.44291597
   28       0.30943384
   29       0.43880528
   30       0.31050133
   31       0.43993887
   32       0.44196341

l-shell populations (down)
 Atom Sh.   l       Population
    1   1   0       0.81637583
    1   2   1       1.82030874
    2   1   0       0.58197556
    2   2   1       1.33391475
    3   1   0       0.58452565
    3   2   1       1.39989470
    4   1   0       0.61437547
    4   2   1       1.42600335
    5   1   0       0.61468881
    5   2   1       1.43314487
    6   1   0       0.60383475
    6   2   1       1.43150453
    7   1   0       0.52292966
    7   2   1       1.14639498
    8   1   0       0.87869150
    8   2   1       2.38354375
    9   1   0       0.87456029
    9   2   1       2.37999092
   10   1   0       0.58613373
   10   2   1       1.38867128
   11   1   0       0.57742565
   11   2   1       1.33376262
   12   1   0       0.81596455
   12   2   1       1.80515688
   13   1   0       0.58390516
   13   2   1       1.35428772
   14   1   0       0.74407168
   14   2   1       1.78272348
   15   1   0       0.75094778
   15   2   1       1.77219966
   16   1   0       0.58378569
   16   2   1       1.39883664
   17   1   0       0.61767894
   17   2   1       1.42727926
   18   1   0       0.60000701
   18   2   1       1.44531838
   19   1   0       0.52146255
   19   2   1       1.13767752
   20   1   0       0.88098178
   20   2   1       2.40365502
   21   1   0       0.87362184
   21   2   1       2.37809155
   22   1   0       0.61569655
   22   2   1       1.41741961
   23   1   0       0.61578029
   23   2   1       1.47256845
   24   1   0       0.55665424
   24   2   1       1.25623830
   25   1   0       0.94420199
   25   2   1       2.67940876
   26   1   0       0.44816865
   27   1   0       0.44291597
   28   1   0       0.30943384
   29   1   0       0.43880528
   30   1   0       0.31050133
   31   1   0       0.43993887
   32   1   0       0.44196341

Orbital populations (down)
 Atom Sh.   l   m       Population
    1   1   0   0       0.81637583
    1   2   1  -1       0.56073958
    1   2   1   0       0.69892102
    1   2   1   1       0.56064813
    2   1   0   0       0.58197556
    2   2   1  -1       0.44982101
    2   2   1   0       0.42841823
    2   2   1   1       0.45567551
    3   1   0   0       0.58452565
    3   2   1  -1       0.45929859
    3   2   1   0       0.43482715
    3   2   1   1       0.50576896
    4   1   0   0       0.61437547
    4   2   1  -1       0.46918898
    4   2   1   0       0.46318941
    4   2   1   1       0.49362496
    5   1   0   0       0.61468881
    5   2   1  -1       0.47467002
    5   2   1   0       0.46440378
    5   2   1   1       0.49407108
    6   1   0   0       0.60383475
    6   2   1  -1       0.46215824
    6   2   1   0       0.46760168
    6   2   1   1       0.50174460
    7   1   0   0       0.52292966
    7   2   1  -1       0.35003175
    7   2   1   0       0.40888622
    7   2   1   1       0.38747700
    8   1   0   0       0.87869150
    8   2   1  -1       0.80178443
    8   2   1   0       0.86783875
    8   2   1   1       0.71392057
    9   1   0   0       0.87456029
    9   2   1  -1       0.77903621
    9   2   1   0       0.69310001
    9   2   1   1       0.90785471
   10   1   0   0       0.58613373
   10   2   1  -1       0.44361271
   10   2   1   0       0.45435394
   10   2   1   1       0.49070462
   11   1   0   0       0.57742565
   11   2   1  -1       0.43238701
   11   2   1   0       0.44650391
   11   2   1   1       0.45487170
   12   1   0   0       0.81596455
   12   2   1  -1       0.66308985
   12   2   1   0       0.57682859
   12   2   1   1       0.56523844
   13   1   0   0       0.58390516
   13   2   1  -1       0.44508704
   13   2   1   0       0.44327281
   13   2   1   1       0.46592787
   14   1   0   0       0.74407168
   14   2   1  -1       0.51614283
   14   2   1   0       0.50169290
   14   2   1   1       0.76488775
   15   1   0   0       0.75094778
   15   2   1  -1       0.65008339
   15   2   1   0       0.60156987
   15   2   1   1       0.52054639
   16   1   0   0       0.58378569
   16   2   1  -1       0.51852817
   16   2   1   0       0.45945467
   16   2   1   1       0.42085381
   17   1   0   0       0.61767894
   17   2   1  -1       0.49336684
   17   2   1   0       0.47183000
   17   2   1   1       0.46208242
   18   1   0   0       0.60000701
   18   2   1  -1       0.52266486
   18   2   1   0       0.46517607
   18   2   1   1       0.45747746
   19   1   0   0       0.52146255
   19   2   1  -1       0.38083585
   19   2   1   0       0.39000791
   19   2   1   1       0.36683376
   20   1   0   0       0.88098178
   20   2   1  -1       0.72758079
   20   2   1   0       0.95715350
   20   2   1   1       0.71892072
   21   1   0   0       0.87362184
   21   2   1  -1       0.91850097
   21   2   1   0       0.61318520
   21   2   1   1       0.84640538
   22   1   0   0       0.61569655
   22   2   1  -1       0.48235017
   22   2   1   0       0.45322645
   22   2   1   1       0.48184299
   23   1   0   0       0.61578029
   23   2   1  -1       0.53360868
   23   2   1   0       0.47702575
   23   2   1   1       0.46193403
   24   1   0   0       0.55665424
   24   2   1  -1       0.47766940
   24   2   1   0       0.34910533
   24   2   1   1       0.42946356
   25   1   0   0       0.94420199
   25   2   1  -1       0.94906537
   25   2   1   0       0.79170836
   25   2   1   1       0.93863503
   26   1   0   0       0.44816865
   27   1   0   0       0.44291597
   28   1   0   0       0.30943384
   29   1   0   0       0.43880528
   30   1   0   0       0.31050133
   31   1   0   0       0.43993887
   32   1   0   0       0.44196341

Spin  up
Fermi level:                        -0.1864419992 H           -5.0733 eV
Band energy:                       -29.6378250107 H         -806.4863 eV
TS:                                  0.0000000000 H            0.0000 eV
Band free energy (E-TS):           -29.6378250107 H         -806.4863 eV
Extrapolated E(0K):                -29.6378250107 H         -806.4863 eV
Input / Output electrons (up):     61.0000000000     61.0000000000

Spin  down
Fermi level:                        -0.1864419992 H           -5.0733 eV
Band energy:                       -29.6378250107 H         -806.4863 eV
TS:                                  0.0000000000 H            0.0000 eV
Band free energy (E-TS):           -29.6378250107 H         -806.4863 eV
Extrapolated E(0K):                -29.6378250107 H         -806.4863 eV
Input / Output electrons (down):     61.0000000000     61.0000000000

Energy H0:                         -58.5307024719 H        -1592.7015 eV
Energy SCC:                          0.0865756323 H            2.3558 eV
Energy SPIN:                         0.0000000000 H            0.0000 eV
Total Electronic energy:           -58.4504930704 H        -1590.5188 eV
Repulsive energy:                    1.3318419329 H           36.2413 eV
Total energy:                      -57.1186511375 H        -1554.2776 eV
Extrapolated to 0:                 -57.1186511375 H        -1554.2776 eV
Total Mermin free energy:          -57.1186511375 H        -1554.2776 eV
Force related energy:              -57.1186511375 H        -1554.2776 eV

SCC converged

Total Forces
    1     -0.000087047898      0.000036396642     -0.000245797096
    2      0.000114423064     -0.000142527778     -0.000155384014
    3     -0.000149014774      0.000022229089     -0.000074845995
    4      0.000056702792     -0.000102034243      0.000032463675
    5      0.000033021675      0.000017342062     -0.000104301960
    6     -0.000025477794      0.000008185217      0.000108890092
    7      0.000055570101      0.000041973514      0.000123254132
    8     -0.000097481003     -0.000037155330     -0.000120068224
    9     -0.000087134299      0.000077254783      0.000059272802
   10     -0.000038494032     -0.000057811122     -0.000002634394
   11      0.000086189758      0.000095552505     -0.000037208438
   12      0.000138998116     -0.000139062246      0.000023777516
   13      0.000008255280      0.000025129978     -0.000066540387
   14      0.000114035494      0.000023511035     -0.000036906647
   15      0.000058005683     -0.000039223542      0.000037082177
   16     -0.000046632481     -0.000144092048      0.000177107762
   17      0.000095988044      0.000083560452     -0.000029949486
   18     -0.000054161162     -0.000022510878      0.000009339786
   19      0.000380796715      0.000013628430      0.000033173147
   20     -0.000412159453      0.000170877956     -0.000045634579
   21      0.000043936286      0.000006310282     -0.000103851916
   22     -0.000006580533     -0.000001835835     -0.000022292027
   23     -0.000089768682      0.000050241454      0.000143212852
   24     -0.000025483468      0.000141754685      0.000124802260
   25      0.000183470755     -0.000028418226      0.000062204379
   26     -0.000016950924     -0.000069003313     -0.000048195703
   27     -0.000201812388      0.000005890767     -0.000053040965
   28     -0.000133474617     -0.000151916792      0.000074458992
   29      0.000116877117     -0.000032079582     -0.000110260072
   30     -0.000050911194      0.000022442617      0.000032431816
   31     -0.000022071313      0.000071677178      0.000094244350
   32      0.000058385138      0.000053712288      0.000121196164

Maximal derivative component:        0.412159E-03 au

Dipole moment:   -0.31840419    1.45699011   -0.04034456 au
Dipole moment:   -0.80930280    3.70329977   -0.10254564 Debye


