 Fermi distribution function

Geometry optimization step: 1509


********************************************************************************
 iSCC Total electronic   Diff electronic      SCC error    
    4   -0.60256259E+02   -0.52992277E-10    0.54730976E-05
********************************************************************************

Coordinates of moved atoms (au):
    1      5.99298437      3.68082316     -1.37982330
    2      6.43752098      2.29572523     -3.62074877
    3      5.13870141      0.22287356     -4.29686441
    4      5.95164350     -0.95928860     -6.58314427
    5      8.02078928      0.01461987     -8.22333508
    6      8.70479261     -1.06007164    -10.17340144
    7      9.18616762      2.19357261     -7.51469839
    8      4.75168702     -3.18072915     -7.41069247
    9      2.78923511     -4.28006865     -6.04505513
   10      2.01996914     -3.13728937     -3.79060889
   11      0.09538368     -4.18206096     -2.54679424
   12      3.13607667     -0.88409413     -2.84912661
   13      2.11495736      0.41055600     -0.71674426
   14      0.98028047     -0.98794430      0.93117573
   15     -0.26879869      0.38630006      2.88929146
   16     -0.72080928     -0.84941455      5.19946441
   17     -2.03220836      0.39125569      7.14154126
   18     -2.45208224     -0.87113543      9.52618978
   19     -2.77764522     -1.87954280     11.43046081
   20     -2.94775079      2.85269600      6.76271768
   21     -2.54791283      4.07828453      4.44076327
   22     -3.57396594      6.67710152      4.08702874
   23     -4.77100944      7.85050185      5.68956328
   24     -3.09597899      7.75517495      1.79203737
   25     -1.21047675      2.84869557      2.51142896
   26      4.20349451      4.72969416     -1.48185040
   27      5.97740571      2.44047064      0.28492951
   28      7.54470032      5.03861740     -1.19922914
   29     10.48028876      2.58823634     -8.75257267
   30      5.40473258     -4.02190327     -9.16592806
   31      1.86056724     -5.98705420     -6.69755188
   32     -0.01476272     -2.75629992      5.48770237
   33     -3.98648835      3.83110446      8.23903602
   34     -3.85242953      9.42602718      1.75307711
   35     -0.92243175      3.78350654      0.70460815

 Total charge:     0.00000000

 Atomic gross charges (e)
 Atom           Charge
    1       0.04812586
    2      -0.24492533
    3       0.29190146
    4      -0.18860318
    5       0.68840989
    6      -0.59049285
    7      -0.49574128
    8      -0.05871406
    9      -0.22702192
   10       0.40223368
   11      -0.23208619
   12      -0.04829389
   13      -0.11411736
   14      -0.11804164
   15       0.16500570
   16      -0.11079967
   17       0.07464615
   18       0.16536031
   19      -0.27214666
   20      -0.08704052
   21      -0.07043661
   22       0.67528856
   23      -0.55825678
   24      -0.50969856
   25      -0.11075727
   26       0.05960298
   27       0.06599449
   28       0.06489676
   29       0.37505329
   30       0.12818044
   31       0.12050430
   32       0.10437537
   33       0.11895577
   34       0.37971519
   35       0.10892358

Nr. of electrons (up):     63.00000000
Atom populations (up)
 Atom       Population
    1       1.97593707
    2       3.12246267
    3       1.85404927
    4       2.09430159
    5       1.65579505
    6       3.29524643
    7       3.24787064
    8       2.02935703
    9       2.11351096
   10       1.79888316
   11       3.61604309
   12       2.02414694
   13       2.55705868
   14       2.55902082
   15       1.91749715
   16       2.05539984
   17       1.96267693
   18       1.91731984
   19       2.63607333
   20       2.04352026
   21       2.03521830
   22       1.66235572
   23       3.27912839
   24       3.25484928
   25       2.05537864
   26       0.47019851
   27       0.46700276
   28       0.46755162
   29       0.31247336
   30       0.43590978
   31       0.43974785
   32       0.44781232
   33       0.44052212
   34       0.31014241
   35       0.44553821

l-shell populations (up)
 Atom Sh.   l       Population
    1   1   0       0.61426128
    1   2   1       1.36167579
    2   1   0       0.84625803
    2   2   1       2.27620463
    3   1   0       0.56580387
    3   2   1       1.28824540
    4   1   0       0.60340799
    4   2   1       1.49089360
    5   1   0       0.52034432
    5   2   1       1.13545074
    6   1   0       0.88204535
    6   2   1       2.41320108
    7   1   0       0.87318431
    7   2   1       2.37468633
    8   1   0       0.61720707
    8   2   1       1.41214997
    9   1   0       0.61546682
    9   2   1       1.49804414
   10   1   0       0.55632503
   10   2   1       1.24255813
   11   1   0       0.94277004
   11   2   1       2.67327305
   12   1   0       0.58395944
   12   2   1       1.44018750
   13   1   0       0.76320781
   13   2   1       1.79385088
   14   1   0       0.76415527
   14   2   1       1.79486555
   15   1   0       0.57525462
   15   2   1       1.34224253
   16   1   0       0.61988213
   16   2   1       1.43551770
   17   1   0       0.58137989
   17   2   1       1.38129704
   18   1   0       0.58384761
   18   2   1       1.33347223
   19   1   0       0.81637324
   19   2   1       1.81970009
   20   1   0       0.61770098
   20   2   1       1.42581928
   21   1   0       0.60071674
   21   2   1       1.43450157
   22   1   0       0.52313495
   22   2   1       1.13922077
   23   1   0       0.88051989
   23   2   1       2.39860850
   24   1   0       0.87456756
   24   2   1       2.38028172
   25   1   0       0.61930955
   25   2   1       1.43606909
   26   1   0       0.47019851
   27   1   0       0.46700276
   28   1   0       0.46755162
   29   1   0       0.31247336
   30   1   0       0.43590978
   31   1   0       0.43974785
   32   1   0       0.44781232
   33   1   0       0.44052212
   34   1   0       0.31014241
   35   1   0       0.44553821

Orbital populations (up)
 Atom Sh.   l   m       Population
    1   1   0   0       0.61426128
    1   2   1  -1       0.46329154
    1   2   1   0       0.40826180
    1   2   1   1       0.49012245
    2   1   0   0       0.84625803
    2   2   1  -1       0.69111988
    2   2   1   0       0.73591151
    2   2   1   1       0.84917324
    3   1   0   0       0.56580387
    3   2   1  -1       0.39716539
    3   2   1   0       0.44980135
    3   2   1   1       0.44127866
    4   1   0   0       0.60340799
    4   2   1  -1       0.49565637
    4   2   1   0       0.48436705
    4   2   1   1       0.51087018
    5   1   0   0       0.52034432
    5   2   1  -1       0.35872036
    5   2   1   0       0.38353949
    5   2   1   1       0.39319089
    6   1   0   0       0.88204535
    6   2   1  -1       0.84763300
    6   2   1   0       0.72667883
    6   2   1   1       0.83888925
    7   1   0   0       0.87318431
    7   2   1  -1       0.75812761
    7   2   1   0       0.85516298
    7   2   1   1       0.76139575
    8   1   0   0       0.61720707
    8   2   1  -1       0.46557316
    8   2   1   0       0.48250957
    8   2   1   1       0.46406723
    9   1   0   0       0.61546682
    9   2   1  -1       0.50346511
    9   2   1   0       0.48507931
    9   2   1   1       0.50949973
   10   1   0   0       0.55632503
   10   2   1  -1       0.42903262
   10   2   1   0       0.42788761
   10   2   1   1       0.38563790
   11   1   0   0       0.94277004
   11   2   1  -1       0.92902954
   11   2   1   0       0.91954198
   11   2   1   1       0.82470153
   12   1   0   0       0.58395944
   12   2   1  -1       0.46932893
   12   2   1   0       0.47504494
   12   2   1   1       0.49581363
   13   1   0   0       0.76320781
   13   2   1  -1       0.77451634
   13   2   1   0       0.49640039
   13   2   1   1       0.52293414
   14   1   0   0       0.76415527
   14   2   1  -1       0.77499954
   14   2   1   0       0.50142011
   14   2   1   1       0.51844590
   15   1   0   0       0.57525462
   15   2   1  -1       0.43686634
   15   2   1   0       0.43535320
   15   2   1   1       0.47002299
   16   1   0   0       0.61988213
   16   2   1  -1       0.47869335
   16   2   1   0       0.46852261
   16   2   1   1       0.48830174
   17   1   0   0       0.58137989
   17   2   1  -1       0.45545355
   17   2   1   0       0.43996382
   17   2   1   1       0.48587966
   18   1   0   0       0.58384761
   18   2   1  -1       0.44537732
   18   2   1   0       0.43433813
   18   2   1   1       0.45375678
   19   1   0   0       0.81637324
   19   2   1  -1       0.59063592
   19   2   1   0       0.67053271
   19   2   1   1       0.55853146
   20   1   0   0       0.61770098
   20   2   1  -1       0.46428769
   20   2   1   0       0.47234519
   20   2   1   1       0.48918640
   21   1   0   0       0.60071674
   21   2   1  -1       0.47075125
   21   2   1   0       0.46719916
   21   2   1   1       0.49655116
   22   1   0   0       0.52313495
   22   2   1  -1       0.40782257
   22   2   1   0       0.34946978
   22   2   1   1       0.38192842
   23   1   0   0       0.88051989
   23   2   1  -1       0.86054362
   23   2   1   0       0.81499653
   23   2   1   1       0.72306835
   24   1   0   0       0.87456756
   24   2   1  -1       0.71021465
   24   2   1   0       0.77447509
   24   2   1   1       0.89559198
   25   1   0   0       0.61930955
   25   2   1  -1       0.46537911
   25   2   1   0       0.47946072
   25   2   1   1       0.49122925
   26   1   0   0       0.47019851
   27   1   0   0       0.46700276
   28   1   0   0       0.46755162
   29   1   0   0       0.31247336
   30   1   0   0       0.43590978
   31   1   0   0       0.43974785
   32   1   0   0       0.44781232
   33   1   0   0       0.44052212
   34   1   0   0       0.31014241
   35   1   0   0       0.44553821

Nr. of electrons (down):     63.00000000
Atom populations (down)
 Atom       Population
    1       1.97593707
    2       3.12246267
    3       1.85404927
    4       2.09430159
    5       1.65579505
    6       3.29524643
    7       3.24787064
    8       2.02935703
    9       2.11351096
   10       1.79888316
   11       3.61604309
   12       2.02414694
   13       2.55705868
   14       2.55902082
   15       1.91749715
   16       2.05539984
   17       1.96267693
   18       1.91731984
   19       2.63607333
   20       2.04352026
   21       2.03521830
   22       1.66235572
   23       3.27912839
   24       3.25484928
   25       2.05537864
   26       0.47019851
   27       0.46700276
   28       0.46755162
   29       0.31247336
   30       0.43590978
   31       0.43974785
   32       0.44781232
   33       0.44052212
   34       0.31014241
   35       0.44553821

l-shell populations (down)
 Atom Sh.   l       Population
    1   1   0       0.61426128
    1   2   1       1.36167579
    2   1   0       0.84625803
    2   2   1       2.27620463
    3   1   0       0.56580387
    3   2   1       1.28824540
    4   1   0       0.60340799
    4   2   1       1.49089360
    5   1   0       0.52034432
    5   2   1       1.13545074
    6   1   0       0.88204535
    6   2   1       2.41320108
    7   1   0       0.87318431
    7   2   1       2.37468633
    8   1   0       0.61720707
    8   2   1       1.41214997
    9   1   0       0.61546682
    9   2   1       1.49804414
   10   1   0       0.55632503
   10   2   1       1.24255813
   11   1   0       0.94277004
   11   2   1       2.67327305
   12   1   0       0.58395944
   12   2   1       1.44018750
   13   1   0       0.76320781
   13   2   1       1.79385088
   14   1   0       0.76415527
   14   2   1       1.79486555
   15   1   0       0.57525462
   15   2   1       1.34224253
   16   1   0       0.61988213
   16   2   1       1.43551770
   17   1   0       0.58137989
   17   2   1       1.38129704
   18   1   0       0.58384761
   18   2   1       1.33347223
   19   1   0       0.81637324
   19   2   1       1.81970009
   20   1   0       0.61770098
   20   2   1       1.42581928
   21   1   0       0.60071674
   21   2   1       1.43450157
   22   1   0       0.52313495
   22   2   1       1.13922077
   23   1   0       0.88051989
   23   2   1       2.39860850
   24   1   0       0.87456756
   24   2   1       2.38028172
   25   1   0       0.61930955
   25   2   1       1.43606909
   26   1   0       0.47019851
   27   1   0       0.46700276
   28   1   0       0.46755162
   29   1   0       0.31247336
   30   1   0       0.43590978
   31   1   0       0.43974785
   32   1   0       0.44781232
   33   1   0       0.44052212
   34   1   0       0.31014241
   35   1   0       0.44553821

Orbital populations (down)
 Atom Sh.   l   m       Population
    1   1   0   0       0.61426128
    1   2   1  -1       0.46329154
    1   2   1   0       0.40826180
    1   2   1   1       0.49012245
    2   1   0   0       0.84625803
    2   2   1  -1       0.69111988
    2   2   1   0       0.73591151
    2   2   1   1       0.84917324
    3   1   0   0       0.56580387
    3   2   1  -1       0.39716539
    3   2   1   0       0.44980135
    3   2   1   1       0.44127866
    4   1   0   0       0.60340799
    4   2   1  -1       0.49565637
    4   2   1   0       0.48436705
    4   2   1   1       0.51087018
    5   1   0   0       0.52034432
    5   2   1  -1       0.35872036
    5   2   1   0       0.38353949
    5   2   1   1       0.39319089
    6   1   0   0       0.88204535
    6   2   1  -1       0.84763300
    6   2   1   0       0.72667883
    6   2   1   1       0.83888925
    7   1   0   0       0.87318431
    7   2   1  -1       0.75812761
    7   2   1   0       0.85516298
    7   2   1   1       0.76139575
    8   1   0   0       0.61720707
    8   2   1  -1       0.46557316
    8   2   1   0       0.48250957
    8   2   1   1       0.46406723
    9   1   0   0       0.61546682
    9   2   1  -1       0.50346511
    9   2   1   0       0.48507931
    9   2   1   1       0.50949973
   10   1   0   0       0.55632503
   10   2   1  -1       0.42903262
   10   2   1   0       0.42788761
   10   2   1   1       0.38563790
   11   1   0   0       0.94277004
   11   2   1  -1       0.92902954
   11   2   1   0       0.91954198
   11   2   1   1       0.82470153
   12   1   0   0       0.58395944
   12   2   1  -1       0.46932893
   12   2   1   0       0.47504494
   12   2   1   1       0.49581363
   13   1   0   0       0.76320781
   13   2   1  -1       0.77451634
   13   2   1   0       0.49640039
   13   2   1   1       0.52293414
   14   1   0   0       0.76415527
   14   2   1  -1       0.77499954
   14   2   1   0       0.50142011
   14   2   1   1       0.51844590
   15   1   0   0       0.57525462
   15   2   1  -1       0.43686634
   15   2   1   0       0.43535320
   15   2   1   1       0.47002299
   16   1   0   0       0.61988213
   16   2   1  -1       0.47869335
   16   2   1   0       0.46852261
   16   2   1   1       0.48830174
   17   1   0   0       0.58137989
   17   2   1  -1       0.45545355
   17   2   1   0       0.43996382
   17   2   1   1       0.48587966
   18   1   0   0       0.58384761
   18   2   1  -1       0.44537732
   18   2   1   0       0.43433813
   18   2   1   1       0.45375678
   19   1   0   0       0.81637324
   19   2   1  -1       0.59063592
   19   2   1   0       0.67053271
   19   2   1   1       0.55853146
   20   1   0   0       0.61770098
   20   2   1  -1       0.46428769
   20   2   1   0       0.47234519
   20   2   1   1       0.48918640
   21   1   0   0       0.60071674
   21   2   1  -1       0.47075125
   21   2   1   0       0.46719916
   21   2   1   1       0.49655116
   22   1   0   0       0.52313495
   22   2   1  -1       0.40782257
   22   2   1   0       0.34946978
   22   2   1   1       0.38192842
   23   1   0   0       0.88051989
   23   2   1  -1       0.86054362
   23   2   1   0       0.81499653
   23   2   1   1       0.72306835
   24   1   0   0       0.87456756
   24   2   1  -1       0.71021465
   24   2   1   0       0.77447509
   24   2   1   1       0.89559198
   25   1   0   0       0.61930955
   25   2   1  -1       0.46537911
   25   2   1   0       0.47946072
   25   2   1   1       0.49122925
   26   1   0   0       0.47019851
   27   1   0   0       0.46700276
   28   1   0   0       0.46755162
   29   1   0   0       0.31247336
   30   1   0   0       0.43590978
   31   1   0   0       0.43974785
   32   1   0   0       0.44781232
   33   1   0   0       0.44052212
   34   1   0   0       0.31014241
   35   1   0   0       0.44553821

Spin  up
Fermi level:                        -0.1763751316 H           -4.7994 eV
Band energy:                       -30.2851127130 H         -824.0998 eV
TS:                                  0.0000000000 H            0.0000 eV
Band free energy (E-TS):           -30.2851127130 H         -824.0998 eV
Extrapolated E(0K):                -30.2851127130 H         -824.0998 eV
Input / Output electrons (up):     63.0000000000     63.0000000000

Spin  down
Fermi level:                        -0.1763751316 H           -4.7994 eV
Band energy:                       -30.2851127130 H         -824.0998 eV
TS:                                  0.0000000000 H            0.0000 eV
Band free energy (E-TS):           -30.2851127130 H         -824.0998 eV
Extrapolated E(0K):                -30.2851127130 H         -824.0998 eV
Input / Output electrons (down):     63.0000000000     63.0000000000

Energy H0:                         -60.3402364040 H        -1641.9414 eV
Energy SCC:                          0.0918886590 H            2.5004 eV
Energy SPIN:                         0.0000000000 H            0.0000 eV
Total Electronic energy:           -60.2562586393 H        -1639.6562 eV
Repulsive energy:                    1.0861215840 H           29.5549 eV
Total energy:                      -59.1701370553 H        -1610.1014 eV
Extrapolated to 0:                 -59.1701370553 H        -1610.1014 eV
Total Mermin free energy:          -59.1701370553 H        -1610.1014 eV
Force related energy:              -59.1701370553 H        -1610.1014 eV

SCC converged

Full geometry written in opt.{xyz|gen}

Dipole moment:    0.86196566    0.92905425   -0.86508682 au
Dipole moment:    2.19089836    2.36142056   -2.19883154 Debye

Geometry converged

