 Fermi distribution function

Calculation with static geometry


********************************************************************************
 iSCC Total electronic   Diff electronic      SCC error    
   14   -0.59515025E+02   -0.20492052E-10    0.73448109E-05
********************************************************************************

 Total charge:    -0.00000000

 Atomic gross charges (e)
 Atom           Charge
    1      -0.24313166
    2       0.01867478
    3      -0.11504252
    4      -0.11080055
    5       0.01862349
    6       0.04928681
    7      -0.10652957
    8      -0.07471350
    9      -0.08252176
   10      -0.07335859
   11      -0.09300298
   12      -0.04193152
   13       0.05035735
   14      -0.09812456
   15      -0.07357102
   16      -0.08170326
   17      -0.07573113
   18      -0.09785961
   19       0.15342068
   20      -0.10449083
   21      -0.08072925
   22       0.07338519
   23      -0.13520038
   24      -0.09680836
   25      -0.11292837
   26      -0.18948283
   27       0.35751006
   28      -0.26139316
   29       0.09723646
   30       0.08289679
   31       0.09468881
   32       0.08809361
   33       0.08768380
   34       0.07777138
   35       0.07736233
   36       0.07801862
   37       0.07813181
   38       0.08453943
   39       0.08406067
   40       0.07799413
   41       0.07802999
   42       0.07818498
   43       0.08078045
   44       0.09914931
   45       0.08755649
   46       0.08986177
   47       0.10575626

Nr. of electrons (up):     68.00000000
Atom populations (up)
 Atom       Population
    1       2.12191428
    2       1.97556866
    3       2.06505292
    4       2.04498420
    5       1.98862687
    6       1.97514359
    7       2.05298333
    8       2.03738759
    9       2.04101649
   10       2.03673488
   11       2.04629275
   12       2.02403916
   13       1.97589882
   14       2.04948043
   15       2.03734822
   16       2.03945159
   17       2.04005351
   18       2.04608125
   19       1.88341517
   20       2.56733480
   21       2.56028880
   22       1.93214686
   23       2.09578427
   24       2.03756150
   25       2.09097238
   26       2.09824545
   27       1.83019097
   28       3.62810273
   29       0.45148337
   30       0.45790336
   31       0.45086982
   32       0.45510781
   33       0.45637283
   34       0.46113008
   35       0.46129402
   36       0.46100281
   37       0.46093114
   38       0.45771501
   39       0.45760720
   40       0.46097073
   41       0.46102124
   42       0.46065921
   43       0.45976350
   44       0.44837104
   45       0.45607504
   46       0.45290485
   47       0.44671547

l-shell populations (up)
 Atom Sh.   l       Population
    1   1   0       0.63921309
    1   2   1       1.48270119
    2   1   0       0.59511751
    2   2   1       1.38045115
    3   1   0       0.61384584
    3   2   1       1.45120707
    4   1   0       0.61395712
    4   2   1       1.43102708
    5   1   0       0.59502319
    5   2   1       1.39360368
    6   1   0       0.59138835
    6   2   1       1.38375524
    7   1   0       0.61432989
    7   2   1       1.43865345
    8   1   0       0.61094106
    8   2   1       1.42644653
    9   1   0       0.61124995
    9   2   1       1.42976654
   10   1   0       0.61106509
   10   2   1       1.42566979
   11   1   0       0.61382868
   11   2   1       1.43246407
   12   1   0       0.60133380
   12   2   1       1.42270536
   13   1   0       0.59122267
   13   2   1       1.38467615
   14   1   0       0.61381862
   14   2   1       1.43566180
   15   1   0       0.61113227
   15   2   1       1.42621595
   16   1   0       0.61113548
   16   2   1       1.42831611
   17   1   0       0.61100295
   17   2   1       1.42905057
   18   1   0       0.61391881
   18   2   1       1.43216244
   19   1   0       0.57892702
   19   2   1       1.30448815
   20   1   0       0.71883905
   20   2   1       1.84849575
   21   1   0       0.71875910
   21   2   1       1.84152970
   22   1   0       0.57571829
   22   2   1       1.35642857
   23   1   0       0.61569685
   23   2   1       1.48008742
   24   1   0       0.60968066
   24   2   1       1.42788083
   25   1   0       0.61241516
   25   2   1       1.47855722
   26   1   0       0.61497396
   26   2   1       1.48327149
   27   1   0       0.55722503
   27   2   1       1.27296594
   28   1   0       0.94563403
   28   2   1       2.68246870
   29   1   0       0.45148337
   30   1   0       0.45790336
   31   1   0       0.45086982
   32   1   0       0.45510781
   33   1   0       0.45637283
   34   1   0       0.46113008
   35   1   0       0.46129402
   36   1   0       0.46100281
   37   1   0       0.46093114
   38   1   0       0.45771501
   39   1   0       0.45760720
   40   1   0       0.46097073
   41   1   0       0.46102124
   42   1   0       0.46065921
   43   1   0       0.45976350
   44   1   0       0.44837104
   45   1   0       0.45607504
   46   1   0       0.45290485
   47   1   0       0.44671547

Orbital populations (up)
 Atom Sh.   l   m       Population
    1   1   0   0       0.63921309
    1   2   1  -1       0.50525449
    1   2   1   0       0.49008868
    1   2   1   1       0.48735802
    2   1   0   0       0.59511751
    2   2   1  -1       0.46263183
    2   2   1   0       0.45233133
    2   2   1   1       0.46548799
    3   1   0   0       0.61384584
    3   2   1  -1       0.46679677
    3   2   1   0       0.49625582
    3   2   1   1       0.48815448
    4   1   0   0       0.61395712
    4   2   1  -1       0.46971342
    4   2   1   0       0.48305532
    4   2   1   1       0.47825834
    5   1   0   0       0.59502319
    5   2   1  -1       0.44910433
    5   2   1   0       0.47669768
    5   2   1   1       0.46780167
    6   1   0   0       0.59138835
    6   2   1  -1       0.46136755
    6   2   1   0       0.46889552
    6   2   1   1       0.45349217
    7   1   0   0       0.61432989
    7   2   1  -1       0.47207533
    7   2   1   0       0.49171988
    7   2   1   1       0.47485824
    8   1   0   0       0.61094106
    8   2   1  -1       0.47519426
    8   2   1   0       0.48517051
    8   2   1   1       0.46608176
    9   1   0   0       0.61124995
    9   2   1  -1       0.46984939
    9   2   1   0       0.48794597
    9   2   1   1       0.47197119
   10   1   0   0       0.61106509
   10   2   1  -1       0.47158578
   10   2   1   0       0.48234045
   10   2   1   1       0.47174356
   11   1   0   0       0.61382868
   11   2   1  -1       0.47722102
   11   2   1   0       0.48912286
   11   2   1   1       0.46612019
   12   1   0   0       0.60133380
   12   2   1  -1       0.46019899
   12   2   1   0       0.48416827
   12   2   1   1       0.47833810
   13   1   0   0       0.59122267
   13   2   1  -1       0.45065082
   13   2   1   0       0.44839790
   13   2   1   1       0.48562742
   14   1   0   0       0.61381862
   14   2   1  -1       0.46124213
   14   2   1   0       0.47016080
   14   2   1   1       0.50425887
   15   1   0   0       0.61113227
   15   2   1  -1       0.47032493
   15   2   1   0       0.45994061
   15   2   1   1       0.49595041
   16   1   0   0       0.61113548
   16   2   1  -1       0.46727151
   16   2   1   0       0.46236457
   16   2   1   1       0.49868003
   17   1   0   0       0.61100295
   17   2   1  -1       0.46284788
   17   2   1   0       0.46814862
   17   2   1   1       0.49805406
   18   1   0   0       0.61391881
   18   2   1  -1       0.47201710
   18   2   1   0       0.45763225
   18   2   1   1       0.50251309
   19   1   0   0       0.57892702
   19   2   1  -1       0.34840651
   19   2   1   0       0.47002725
   19   2   1   1       0.48605440
   20   1   0   0       0.71883905
   20   2   1  -1       0.50234089
   20   2   1   0       0.73766995
   20   2   1   1       0.60848492
   21   1   0   0       0.71875910
   21   2   1  -1       0.54104310
   21   2   1   0       0.74518573
   21   2   1   1       0.55530087
   22   1   0   0       0.57571829
   22   2   1  -1       0.43159257
   22   2   1   0       0.48005266
   22   2   1   1       0.44478334
   23   1   0   0       0.61569685
   23   2   1  -1       0.53821625
   23   2   1   0       0.45768988
   23   2   1   1       0.48418129
   24   1   0   0       0.60968066
   24   2   1  -1       0.49588958
   24   2   1   0       0.47469020
   24   2   1   1       0.45730106
   25   1   0   0       0.61241516
   25   2   1  -1       0.52141677
   25   2   1   0       0.48502185
   25   2   1   1       0.47211860
   26   1   0   0       0.61497396
   26   2   1  -1       0.51854158
   26   2   1   0       0.48730303
   26   2   1   1       0.47742687
   27   1   0   0       0.55722503
   27   2   1  -1       0.45733747
   27   2   1   0       0.37081530
   27   2   1   1       0.44481317
   28   1   0   0       0.94563403
   28   2   1  -1       0.91981031
   28   2   1   0       0.79650208
   28   2   1   1       0.96615631
   29   1   0   0       0.45148337
   30   1   0   0       0.45790336
   31   1   0   0       0.45086982
   32   1   0   0       0.45510781
   33   1   0   0       0.45637283
   34   1   0   0       0.46113008
   35   1   0   0       0.46129402
   36   1   0   0       0.46100281
   37   1   0   0       0.46093114
   38   1   0   0       0.45771501
   39   1   0   0       0.45760720
   40   1   0   0       0.46097073
   41   1   0   0       0.46102124
   42   1   0   0       0.46065921
   43   1   0   0       0.45976350
   44   1   0   0       0.44837104
   45   1   0   0       0.45607504
   46   1   0   0       0.45290485
   47   1   0   0       0.44671547

Nr. of electrons (down):     68.00000000
Atom populations (down)
 Atom       Population
    1       2.12121739
    2       2.00575656
    3       2.04998961
    4       2.06581636
    5       1.99274964
    6       1.97556959
    7       2.05354624
    8       2.03732591
    9       2.04150527
   10       2.03662371
   11       2.04671023
   12       2.01789236
   13       1.97374383
   14       2.04864414
   15       2.03622280
   16       2.04225167
   17       2.03567762
   18       2.05177836
   19       1.96316415
   20       2.53715603
   21       2.52044045
   22       1.99446795
   23       2.03941611
   24       2.05924687
   25       2.02195599
   26       2.09123737
   27       1.81229897
   28       3.63329043
   29       0.45128017
   30       0.45919986
   31       0.45444137
   32       0.45679857
   33       0.45594337
   34       0.46109854
   35       0.46134365
   36       0.46097857
   37       0.46093705
   38       0.45774556
   39       0.45833213
   40       0.46103514
   41       0.46094877
   42       0.46115581
   43       0.45945605
   44       0.45247965
   45       0.45636847
   46       0.45723338
   47       0.44752828

l-shell populations (down)
 Atom Sh.   l       Population
    1   1   0       0.63880293
    1   2   1       1.48241445
    2   1   0       0.59467329
    2   2   1       1.41108327
    3   1   0       0.61281114
    3   2   1       1.43717847
    4   1   0       0.61489600
    4   2   1       1.45092035
    5   1   0       0.59532114
    5   2   1       1.39742850
    6   1   0       0.59138028
    6   2   1       1.38418931
    7   1   0       0.61435075
    7   2   1       1.43919549
    8   1   0       0.61092414
    8   2   1       1.42640178
    9   1   0       0.61127125
    9   2   1       1.43023402
   10   1   0       0.61105250
   10   2   1       1.42557121
   11   1   0       0.61384198
   11   2   1       1.43286826
   12   1   0       0.59925403
   12   2   1       1.41863833
   13   1   0       0.59131716
   13   2   1       1.38242667
   14   1   0       0.61348976
   14   2   1       1.43515438
   15   1   0       0.61102986
   15   2   1       1.42519294
   16   1   0       0.61131391
   16   2   1       1.43093776
   17   1   0       0.61072211
   17   2   1       1.42495551
   18   1   0       0.61427413
   18   2   1       1.43750423
   19   1   0       0.58730513
   19   2   1       1.37585902
   20   1   0       0.75261121
   20   2   1       1.78454482
   21   1   0       0.75225731
   21   2   1       1.76818313
   22   1   0       0.58643274
   22   2   1       1.40803521
   23   1   0       0.61240723
   23   2   1       1.42700888
   24   1   0       0.61231067
   24   2   1       1.44693620
   25   1   0       0.60941218
   25   2   1       1.41254381
   26   1   0       0.61575018
   26   2   1       1.47548720
   27   1   0       0.55493148
   27   2   1       1.25736749
   28   1   0       0.94575554
   28   2   1       2.68753489
   29   1   0       0.45128017
   30   1   0       0.45919986
   31   1   0       0.45444137
   32   1   0       0.45679857
   33   1   0       0.45594337
   34   1   0       0.46109854
   35   1   0       0.46134365
   36   1   0       0.46097857
   37   1   0       0.46093705
   38   1   0       0.45774556
   39   1   0       0.45833213
   40   1   0       0.46103514
   41   1   0       0.46094877
   42   1   0       0.46115581
   43   1   0       0.45945605
   44   1   0       0.45247965
   45   1   0       0.45636847
   46   1   0       0.45723338
   47   1   0       0.44752828

Orbital populations (down)
 Atom Sh.   l   m       Population
    1   1   0   0       0.63880293
    1   2   1  -1       0.50507066
    1   2   1   0       0.48945298
    1   2   1   1       0.48789081
    2   1   0   0       0.59467329
    2   2   1  -1       0.45757405
    2   2   1   0       0.47691813
    2   2   1   1       0.47659109
    3   1   0   0       0.61281114
    3   2   1  -1       0.46725464
    3   2   1   0       0.48801555
    3   2   1   1       0.48190827
    4   1   0   0       0.61489600
    4   2   1  -1       0.47372689
    4   2   1   0       0.48970895
    4   2   1   1       0.48748451
    5   1   0   0       0.59532114
    5   2   1  -1       0.45192777
    5   2   1   0       0.47645342
    5   2   1   1       0.46904731
    6   1   0   0       0.59138028
    6   2   1  -1       0.46157216
    6   2   1   0       0.46851926
    6   2   1   1       0.45409789
    7   1   0   0       0.61435075
    7   2   1  -1       0.47203158
    7   2   1   0       0.49221893
    7   2   1   1       0.47494498
    8   1   0   0       0.61092414
    8   2   1  -1       0.47517377
    8   2   1   0       0.48516924
    8   2   1   1       0.46605877
    9   1   0   0       0.61127125
    9   2   1  -1       0.47005158
    9   2   1   0       0.48813521
    9   2   1   1       0.47204722
   10   1   0   0       0.61105250
   10   2   1  -1       0.47153196
   10   2   1   0       0.48234232
   10   2   1   1       0.47169693
   11   1   0   0       0.61384198
   11   2   1  -1       0.47716832
   11   2   1   0       0.48955462
   11   2   1   1       0.46614531
   12   1   0   0       0.59925403
   12   2   1  -1       0.45840796
   12   2   1   0       0.48523016
   12   2   1   1       0.47500021
   13   1   0   0       0.59131716
   13   2   1  -1       0.45062793
   13   2   1   0       0.44983850
   13   2   1   1       0.48196024
   14   1   0   0       0.61348976
   14   2   1  -1       0.46043287
   14   2   1   0       0.47059306
   14   2   1   1       0.50412845
   15   1   0   0       0.61102986
   15   2   1  -1       0.46999532
   15   2   1   0       0.45994621
   15   2   1   1       0.49525142
   16   1   0   0       0.61131391
   16   2   1  -1       0.46759503
   16   2   1   0       0.46276994
   16   2   1   1       0.50057279
   17   1   0   0       0.61072211
   17   2   1  -1       0.46204271
   17   2   1   0       0.46793799
   17   2   1   1       0.49497482
   18   1   0   0       0.61427413
   18   2   1  -1       0.47258486
   18   2   1   0       0.45863141
   18   2   1   1       0.50628796
   19   1   0   0       0.58730513
   19   2   1  -1       0.41927324
   19   2   1   0       0.47662134
   19   2   1   1       0.47996444
   20   1   0   0       0.75261121
   20   2   1  -1       0.63039742
   20   2   1   0       0.56861530
   20   2   1   1       0.58553209
   21   1   0   0       0.75225731
   21   2   1  -1       0.74145943
   21   2   1   0       0.51610549
   21   2   1   1       0.51061822
   22   1   0   0       0.58643274
   22   2   1  -1       0.46965002
   22   2   1   0       0.48045141
   22   2   1   1       0.45793378
   23   1   0   0       0.61240723
   23   2   1  -1       0.48421602
   23   2   1   0       0.46754141
   23   2   1   1       0.47525145
   24   1   0   0       0.61231067
   24   2   1  -1       0.50078430
   24   2   1   0       0.48248253
   24   2   1   1       0.46366936
   25   1   0   0       0.60941218
   25   2   1  -1       0.48237107
   25   2   1   0       0.46524877
   25   2   1   1       0.46492397
   26   1   0   0       0.61575018
   26   2   1  -1       0.51066413
   26   2   1   0       0.48668042
   26   2   1   1       0.47814264
   27   1   0   0       0.55493148
   27   2   1  -1       0.44970658
   27   2   1   0       0.36814170
   27   2   1   1       0.43951922
   28   1   0   0       0.94575554
   28   2   1  -1       0.91981901
   28   2   1   0       0.80046441
   28   2   1   1       0.96725147
   29   1   0   0       0.45128017
   30   1   0   0       0.45919986
   31   1   0   0       0.45444137
   32   1   0   0       0.45679857
   33   1   0   0       0.45594337
   34   1   0   0       0.46109854
   35   1   0   0       0.46134365
   36   1   0   0       0.46097857
   37   1   0   0       0.46093705
   38   1   0   0       0.45774556
   39   1   0   0       0.45833213
   40   1   0   0       0.46103514
   41   1   0   0       0.46094877
   42   1   0   0       0.46115581
   43   1   0   0       0.45945605
   44   1   0   0       0.45247965
   45   1   0   0       0.45636847
   46   1   0   0       0.45723338
   47   1   0   0       0.44752828

Spin  up
Fermi level:                        -0.1488260602 H           -4.0498 eV
Band energy:                       -29.0058151563 H         -789.2884 eV
TS:                                  0.0000000000 H            0.0000 eV
Band free energy (E-TS):           -29.0058151563 H         -789.2884 eV
Extrapolated E(0K):                -29.0058151563 H         -789.2884 eV
Input / Output electrons (up):     68.0000000000     68.0000000000

Spin  down
Fermi level:                        -0.1479127256 H           -4.0249 eV
Band energy:                       -29.0029633921 H         -789.2108 eV
TS:                                  0.0000000000 H            0.0000 eV
Band free energy (E-TS):           -29.0029633921 H         -789.2108 eV
Extrapolated E(0K):                -29.0029633921 H         -789.2108 eV
Input / Output electrons (down):     68.0000000000     68.0000000000

Energy H0:                         -59.5336448505 H        -1619.9929 eV
Energy SCC:                          0.0195430347 H            0.5318 eV
Energy SPIN:                        -0.0002730922 H           -0.0074 eV
Total Electronic energy:           -59.5150250278 H        -1619.4862 eV
Repulsive energy:                    0.6371912528 H           17.3389 eV
Total energy:                      -58.8778337750 H        -1602.1474 eV
Extrapolated to 0:                 -58.8778337750 H        -1602.1474 eV
Total Mermin free energy:          -58.8778337750 H        -1602.1474 eV
Force related energy:              -58.8778337750 H        -1602.1474 eV

SCC converged

Dipole moment:   -0.51905600    0.73023286    0.41077868 au
Dipole moment:   -1.31930887    1.85606694    1.04409535 Debye


