 Fermi distribution function

Geometry optimization step: 1340


********************************************************************************
 iSCC Total electronic   Diff electronic      SCC error    
    4   -0.51758969E+02   -0.42511772E-10    0.52233964E-05
********************************************************************************

Coordinates of moved atoms (au):
    1     -7.84059918      0.37596629      2.29154327
    2     -5.52826784      0.56695066      0.94189291
    3     -5.29291784      2.16364985     -1.08043532
    4     -7.07126393      4.01182994     -1.83041361
    5     -9.20739931      4.40018037     -0.47011937
    6     -6.69590784      5.52356941     -3.95801307
    7     -4.52207755      5.19298420     -5.42678698
    8     -2.74867887      3.36190831     -4.76174449
    9     -3.07012141      1.90921991     -2.55974407
   10     -1.27166533     -0.09868723     -2.06309504
   11     -0.10170992     -0.21217290      0.01434965
   12     -0.35340375      1.78943017      1.87320928
   13     -1.22415722      1.15763444      4.31257167
   14     -1.94034488     -1.22835781      4.77110125
   15     -1.41682197      2.94555834      6.24040168
   16     -0.65782275      5.43049806      5.75099481
   17      0.30651907      6.07785629      3.38781734
   18      0.51037588      4.28378920      1.43113528
   19      1.72127440      5.17495204     -1.00188229
   20      1.64309758      7.38108909     -1.67254863
   21      3.03677395      3.42603614     -2.36088349
   22     -7.62495579     -1.19297236      3.62129680
   23     -9.42668227     -0.03217786      1.01775305
   24     -8.24127468      2.10824542      3.36444426
   25     -8.10065759      6.93524974     -4.44594890
   26     -4.21937801      6.35931197     -7.08545270
   27     -1.04840196      3.11487745     -5.88214018
   28     -2.13555734      2.39620412      8.08152339
   29     -0.79698068      6.85000313      7.22610922
   30      0.94174697      7.99247557      3.00796016
   31      2.94184407      1.74491954     -1.63925929

 Total charge:    -0.00000000

 Atomic gross charges (e)
 Atom           Charge
    1       0.04876477
    2      -0.29193185
    3       0.18822950
    4       0.29826002
    5      -0.27155228
    6      -0.17268911
    7      -0.09998751
    8      -0.13440484
    9       0.04733888
   10      -0.05447821
   11      -0.09829018
   12       0.03942631
   13       0.38391290
   14      -0.25021295
   15      -0.17451391
   16      -0.08271365
   17      -0.09333441
   18      -0.13172903
   19       0.67260620
   20      -0.51969906
   21      -0.48731069
   22       0.06181177
   23       0.05903716
   24       0.05887735
   25       0.11073973
   26       0.10108470
   27       0.10705355
   28       0.11074237
   29       0.09754708
   30       0.11621158
   31       0.36120378

Nr. of electrons (up):     54.00000000
Atom populations (up)
 Atom       Population
    1       1.97561762
    2       3.14596592
    3       1.90588525
    4       1.85086999
    5       3.63577614
    6       2.08634455
    7       2.04999375
    8       2.06720242
    9       1.97633056
   10       2.52723910
   11       2.54914509
   12       1.98028684
   13       1.80804355
   14       3.62510647
   15       2.08725695
   16       2.04135682
   17       2.04666721
   18       2.06586452
   19       1.66369690
   20       3.25984953
   21       3.24365534
   22       0.46909411
   23       0.47048142
   24       0.47056132
   25       0.44463014
   26       0.44945765
   27       0.44647322
   28       0.44462882
   29       0.45122646
   30       0.44189421
   31       0.31939811

l-shell populations (up)
 Atom Sh.   l       Population
    1   1   0       0.61460039
    1   2   1       1.36101723
    2   1   0       0.85311857
    2   2   1       2.29284735
    3   1   0       0.56572291
    3   2   1       1.34016234
    4   1   0       0.55812387
    4   2   1       1.29274612
    5   1   0       0.94724875
    5   2   1       2.68852739
    6   1   0       0.61492051
    6   2   1       1.47142404
    7   1   0       0.61096865
    7   2   1       1.43902510
    8   1   0       0.61416162
    8   2   1       1.45304080
    9   1   0       0.58334562
    9   2   1       1.39298494
   10   1   0       0.75599973
   10   2   1       1.77123938
   11   1   0       0.75531006
   11   2   1       1.79383503
   12   1   0       0.58633713
   12   2   1       1.39394971
   13   1   0       0.55249244
   13   2   1       1.25555111
   14   1   0       0.94414831
   14   2   1       2.68095817
   15   1   0       0.61678170
   15   2   1       1.47047525
   16   1   0       0.61210709
   16   2   1       1.42924973
   17   1   0       0.61397212
   17   2   1       1.43269509
   18   1   0       0.60957312
   18   2   1       1.45629139
   19   1   0       0.52232912
   19   2   1       1.14136778
   20   1   0       0.87747382
   20   2   1       2.38237571
   21   1   0       0.86906197
   21   2   1       2.37459337
   22   1   0       0.46909411
   23   1   0       0.47048142
   24   1   0       0.47056132
   25   1   0       0.44463014
   26   1   0       0.44945765
   27   1   0       0.44647322
   28   1   0       0.44462882
   29   1   0       0.45122646
   30   1   0       0.44189421
   31   1   0       0.31939811

Orbital populations (up)
 Atom Sh.   l   m       Population
    1   1   0   0       0.61460039
    1   2   1  -1       0.49316159
    1   2   1   0       0.46492660
    1   2   1   1       0.40292904
    2   1   0   0       0.85311857
    2   2   1  -1       0.83116436
    2   2   1   0       0.70822555
    2   2   1   1       0.75345744
    3   1   0   0       0.56572291
    3   2   1  -1       0.44957013
    3   2   1   0       0.41887575
    3   2   1   1       0.47171646
    4   1   0   0       0.55812387
    4   2   1  -1       0.47978897
    4   2   1   0       0.43972797
    4   2   1   1       0.37322918
    5   1   0   0       0.94724875
    5   2   1  -1       0.97031192
    5   2   1   0       0.91114756
    5   2   1   1       0.80706790
    6   1   0   0       0.61492051
    6   2   1  -1       0.50028642
    6   2   1   0       0.48355629
    6   2   1   1       0.48758134
    7   1   0   0       0.61096865
    7   2   1  -1       0.48688401
    7   2   1   0       0.48508533
    7   2   1   1       0.46705576
    8   1   0   0       0.61416162
    8   2   1  -1       0.49453715
    8   2   1   0       0.47220772
    8   2   1   1       0.48629594
    9   1   0   0       0.58334562
    9   2   1  -1       0.45409372
    9   2   1   0       0.47838680
    9   2   1   1       0.46050442
   10   1   0   0       0.75599973
   10   2   1  -1       0.64269980
   10   2   1   0       0.62515606
   10   2   1   1       0.50338352
   11   1   0   0       0.75531006
   11   2   1  -1       0.67660978
   11   2   1   0       0.49569333
   11   2   1   1       0.62153193
   12   1   0   0       0.58633713
   12   2   1  -1       0.43056014
   12   2   1   0       0.45503536
   12   2   1   1       0.50835421
   13   1   0   0       0.55249244
   13   2   1  -1       0.34119777
   13   2   1   0       0.44465359
   13   2   1   1       0.46969975
   14   1   0   0       0.94414831
   14   2   1  -1       0.76520933
   14   2   1   0       0.97881703
   14   2   1   1       0.93693181
   15   1   0   0       0.61678170
   15   2   1  -1       0.46854729
   15   2   1   0       0.47878846
   15   2   1   1       0.52313950
   16   1   0   0       0.61210709
   16   2   1  -1       0.46481958
   16   2   1   0       0.47186772
   16   2   1   1       0.49256243
   17   1   0   0       0.61397212
   17   2   1  -1       0.47734684
   17   2   1   0       0.45781947
   17   2   1   1       0.49752877
   18   1   0   0       0.60957312
   18   2   1  -1       0.45537568
   18   2   1   0       0.48229226
   18   2   1   1       0.51862345
   19   1   0   0       0.52232912
   19   2   1  -1       0.36503926
   19   2   1   0       0.39190880
   19   2   1   1       0.38441972
   20   1   0   0       0.87747382
   20   2   1  -1       0.72707725
   20   2   1   0       0.86866488
   20   2   1   1       0.78663358
   21   1   0   0       0.86906197
   21   2   1  -1       0.63393896
   21   2   1   0       0.86823674
   21   2   1   1       0.87241767
   22   1   0   0       0.46909411
   23   1   0   0       0.47048142
   24   1   0   0       0.47056132
   25   1   0   0       0.44463014
   26   1   0   0       0.44945765
   27   1   0   0       0.44647322
   28   1   0   0       0.44462882
   29   1   0   0       0.45122646
   30   1   0   0       0.44189421
   31   1   0   0       0.31939811

Nr. of electrons (down):     54.00000000
Atom populations (down)
 Atom       Population
    1       1.97561762
    2       3.14596592
    3       1.90588525
    4       1.85086999
    5       3.63577614
    6       2.08634455
    7       2.04999375
    8       2.06720242
    9       1.97633056
   10       2.52723910
   11       2.54914509
   12       1.98028684
   13       1.80804355
   14       3.62510647
   15       2.08725695
   16       2.04135682
   17       2.04666721
   18       2.06586452
   19       1.66369690
   20       3.25984953
   21       3.24365534
   22       0.46909411
   23       0.47048142
   24       0.47056132
   25       0.44463014
   26       0.44945765
   27       0.44647322
   28       0.44462882
   29       0.45122646
   30       0.44189421
   31       0.31939811

l-shell populations (down)
 Atom Sh.   l       Population
    1   1   0       0.61460039
    1   2   1       1.36101723
    2   1   0       0.85311857
    2   2   1       2.29284735
    3   1   0       0.56572291
    3   2   1       1.34016234
    4   1   0       0.55812387
    4   2   1       1.29274612
    5   1   0       0.94724875
    5   2   1       2.68852739
    6   1   0       0.61492051
    6   2   1       1.47142404
    7   1   0       0.61096865
    7   2   1       1.43902510
    8   1   0       0.61416162
    8   2   1       1.45304080
    9   1   0       0.58334562
    9   2   1       1.39298494
   10   1   0       0.75599973
   10   2   1       1.77123938
   11   1   0       0.75531006
   11   2   1       1.79383503
   12   1   0       0.58633713
   12   2   1       1.39394971
   13   1   0       0.55249244
   13   2   1       1.25555111
   14   1   0       0.94414831
   14   2   1       2.68095817
   15   1   0       0.61678170
   15   2   1       1.47047525
   16   1   0       0.61210709
   16   2   1       1.42924973
   17   1   0       0.61397212
   17   2   1       1.43269509
   18   1   0       0.60957312
   18   2   1       1.45629139
   19   1   0       0.52232912
   19   2   1       1.14136778
   20   1   0       0.87747382
   20   2   1       2.38237571
   21   1   0       0.86906197
   21   2   1       2.37459337
   22   1   0       0.46909411
   23   1   0       0.47048142
   24   1   0       0.47056132
   25   1   0       0.44463014
   26   1   0       0.44945765
   27   1   0       0.44647322
   28   1   0       0.44462882
   29   1   0       0.45122646
   30   1   0       0.44189421
   31   1   0       0.31939811

Orbital populations (down)
 Atom Sh.   l   m       Population
    1   1   0   0       0.61460039
    1   2   1  -1       0.49316159
    1   2   1   0       0.46492660
    1   2   1   1       0.40292904
    2   1   0   0       0.85311857
    2   2   1  -1       0.83116436
    2   2   1   0       0.70822555
    2   2   1   1       0.75345744
    3   1   0   0       0.56572291
    3   2   1  -1       0.44957013
    3   2   1   0       0.41887575
    3   2   1   1       0.47171646
    4   1   0   0       0.55812387
    4   2   1  -1       0.47978897
    4   2   1   0       0.43972797
    4   2   1   1       0.37322918
    5   1   0   0       0.94724875
    5   2   1  -1       0.97031192
    5   2   1   0       0.91114756
    5   2   1   1       0.80706790
    6   1   0   0       0.61492051
    6   2   1  -1       0.50028642
    6   2   1   0       0.48355629
    6   2   1   1       0.48758134
    7   1   0   0       0.61096865
    7   2   1  -1       0.48688401
    7   2   1   0       0.48508533
    7   2   1   1       0.46705576
    8   1   0   0       0.61416162
    8   2   1  -1       0.49453715
    8   2   1   0       0.47220772
    8   2   1   1       0.48629594
    9   1   0   0       0.58334562
    9   2   1  -1       0.45409372
    9   2   1   0       0.47838680
    9   2   1   1       0.46050442
   10   1   0   0       0.75599973
   10   2   1  -1       0.64269980
   10   2   1   0       0.62515606
   10   2   1   1       0.50338352
   11   1   0   0       0.75531006
   11   2   1  -1       0.67660978
   11   2   1   0       0.49569333
   11   2   1   1       0.62153193
   12   1   0   0       0.58633713
   12   2   1  -1       0.43056014
   12   2   1   0       0.45503536
   12   2   1   1       0.50835421
   13   1   0   0       0.55249244
   13   2   1  -1       0.34119777
   13   2   1   0       0.44465359
   13   2   1   1       0.46969975
   14   1   0   0       0.94414831
   14   2   1  -1       0.76520933
   14   2   1   0       0.97881703
   14   2   1   1       0.93693181
   15   1   0   0       0.61678170
   15   2   1  -1       0.46854729
   15   2   1   0       0.47878846
   15   2   1   1       0.52313950
   16   1   0   0       0.61210709
   16   2   1  -1       0.46481958
   16   2   1   0       0.47186772
   16   2   1   1       0.49256243
   17   1   0   0       0.61397212
   17   2   1  -1       0.47734684
   17   2   1   0       0.45781947
   17   2   1   1       0.49752877
   18   1   0   0       0.60957312
   18   2   1  -1       0.45537568
   18   2   1   0       0.48229226
   18   2   1   1       0.51862345
   19   1   0   0       0.52232912
   19   2   1  -1       0.36503926
   19   2   1   0       0.39190880
   19   2   1   1       0.38441972
   20   1   0   0       0.87747382
   20   2   1  -1       0.72707725
   20   2   1   0       0.86866488
   20   2   1   1       0.78663358
   21   1   0   0       0.86906197
   21   2   1  -1       0.63393896
   21   2   1   0       0.86823674
   21   2   1   1       0.87241767
   22   1   0   0       0.46909411
   23   1   0   0       0.47048142
   24   1   0   0       0.47056132
   25   1   0   0       0.44463014
   26   1   0   0       0.44945765
   27   1   0   0       0.44647322
   28   1   0   0       0.44462882
   29   1   0   0       0.45122646
   30   1   0   0       0.44189421
   31   1   0   0       0.31939811

Spin  up
Fermi level:                        -0.1674054481 H           -4.5553 eV
Band energy:                       -25.6906089112 H         -699.0770 eV
TS:                                  0.0000000000 H            0.0000 eV
Band free energy (E-TS):           -25.6906089112 H         -699.0770 eV
Extrapolated E(0K):                -25.6906089112 H         -699.0770 eV
Input / Output electrons (up):     54.0000000000     54.0000000000

Spin  down
Fermi level:                        -0.1674054481 H           -4.5553 eV
Band energy:                       -25.6906089112 H         -699.0770 eV
TS:                                  0.0000000000 H            0.0000 eV
Band free energy (E-TS):           -25.6906089112 H         -699.0770 eV
Extrapolated E(0K):                -25.6906089112 H         -699.0770 eV
Input / Output electrons (down):     54.0000000000     54.0000000000

Energy H0:                         -51.8175222519 H        -1410.0265 eV
Energy SCC:                          0.0616677683 H            1.6781 eV
Energy SPIN:                         0.0000000000 H            0.0000 eV
Total Electronic energy:           -51.7589690552 H        -1408.4332 eV
Repulsive energy:                    0.6894738610 H           18.7615 eV
Total energy:                      -51.0694951941 H        -1389.6717 eV
Extrapolated to 0:                 -51.0694951941 H        -1389.6717 eV
Total Mermin free energy:          -51.0694951941 H        -1389.6717 eV
Force related energy:              -51.0694951941 H        -1389.6717 eV

SCC converged

Full geometry written in opt.{xyz|gen}

Dipole moment:   -0.52137421   -0.55837289    0.88420179 au
Dipole moment:   -1.32520117   -1.41924243    2.24741695 Debye

Geometry converged

