 Fermi distribution function

Calculation with static geometry


********************************************************************************
 iSCC Total electronic   Diff electronic      SCC error    
   18   -0.51683146E+02   -0.38428993E-09    0.87429822E-05
********************************************************************************

 Total charge:     0.00000000

 Atomic gross charges (e)
 Atom           Charge
    1       0.04472996
    2      -0.25379008
    3       0.18081913
    4       0.29916044
    5      -0.26937495
    6      -0.19505190
    7      -0.08665402
    8      -0.16132548
    9       0.08982373
   10      -0.04815192
   11      -0.14045393
   12       0.05723792
   13       0.38034512
   14      -0.23753124
   15      -0.17875704
   16      -0.09254738
   17      -0.07812106
   18      -0.15646355
   19       0.67333266
   20      -0.53059408
   21      -0.49030715
   22       0.06133386
   23       0.06751373
   24       0.06575212
   25       0.11259447
   26       0.10091732
   27       0.09891722
   28       0.11150577
   29       0.09735850
   30       0.12012965
   31       0.35765219

Nr. of electrons (up):     54.00000000
Atom populations (up)
 Atom       Population
    1       1.97797950
    2       3.11611032
    3       1.93773769
    4       1.84522571
    5       3.63341948
    6       2.14424262
    7       2.02063064
    8       2.11954096
    9       1.92077179
   10       2.50742845
   11       2.52799571
   12       1.95744340
   13       1.80871281
   14       3.61135935
   15       2.09517102
   16       2.07018161
   17       2.02950380
   18       2.11181666
   19       1.66578715
   20       3.26558376
   21       3.23971406
   22       0.46922101
   23       0.46466658
   24       0.46647996
   25       0.44117446
   26       0.44906138
   27       0.44813827
   28       0.44312612
   29       0.44956161
   30       0.44052059
   31       0.32169355

l-shell populations (up)
 Atom Sh.   l       Population
    1   1   0       0.61531506
    1   2   1       1.36266444
    2   1   0       0.85117146
    2   2   1       2.26493885
    3   1   0       0.56867808
    3   2   1       1.36905962
    4   1   0       0.55674627
    4   2   1       1.28847943
    5   1   0       0.94720881
    5   2   1       2.68621067
    6   1   0       0.61667866
    6   2   1       1.52756395
    7   1   0       0.60968172
    7   2   1       1.41094892
    8   1   0       0.61607834
    8   2   1       1.50346262
    9   1   0       0.57383992
    9   2   1       1.34693186
   10   1   0       0.74204263
   10   2   1       1.76538582
   11   1   0       0.74508979
   11   2   1       1.78290592
   12   1   0       0.57872161
   12   2   1       1.37872179
   13   1   0       0.55447952
   13   2   1       1.25423329
   14   1   0       0.94422847
   14   2   1       2.66713089
   15   1   0       0.61584447
   15   2   1       1.47932655
   16   1   0       0.61292241
   16   2   1       1.45725919
   17   1   0       0.61362416
   17   2   1       1.41587963
   18   1   0       0.61125121
   18   2   1       1.50056545
   19   1   0       0.52066829
   19   2   1       1.14511886
   20   1   0       0.87867831
   20   2   1       2.38690546
   21   1   0       0.87052513
   21   2   1       2.36918893
   22   1   0       0.46922101
   23   1   0       0.46466658
   24   1   0       0.46647996
   25   1   0       0.44117446
   26   1   0       0.44906138
   27   1   0       0.44813827
   28   1   0       0.44312612
   29   1   0       0.44956161
   30   1   0       0.44052059
   31   1   0       0.32169355

Orbital populations (up)
 Atom Sh.   l   m       Population
    1   1   0   0       0.61531506
    1   2   1  -1       0.49397158
    1   2   1   0       0.46681351
    1   2   1   1       0.40187936
    2   1   0   0       0.85117146
    2   2   1  -1       0.84264378
    2   2   1   0       0.68250337
    2   2   1   1       0.73979170
    3   1   0   0       0.56867808
    3   2   1  -1       0.47165797
    3   2   1   0       0.42130882
    3   2   1   1       0.47609283
    4   1   0   0       0.55674627
    4   2   1  -1       0.47989918
    4   2   1   0       0.45702555
    4   2   1   1       0.35155470
    5   1   0   0       0.94720881
    5   2   1  -1       0.96641735
    5   2   1   0       0.94237531
    5   2   1   1       0.77741801
    6   1   0   0       0.61667866
    6   2   1  -1       0.53670751
    6   2   1   0       0.50383641
    6   2   1   1       0.48702004
    7   1   0   0       0.60968172
    7   2   1  -1       0.48334574
    7   2   1   0       0.47103155
    7   2   1   1       0.45657163
    8   1   0   0       0.61607834
    8   2   1  -1       0.52777894
    8   2   1   0       0.48451685
    8   2   1   1       0.49116682
    9   1   0   0       0.57383992
    9   2   1  -1       0.42382811
    9   2   1   0       0.47324607
    9   2   1   1       0.44985769
   10   1   0   0       0.74204263
   10   2   1  -1       0.59320327
   10   2   1   0       0.68161013
   10   2   1   1       0.49057242
   11   1   0   0       0.74508979
   11   2   1  -1       0.67663533
   11   2   1   0       0.59102684
   11   2   1   1       0.51524374
   12   1   0   0       0.57872161
   12   2   1  -1       0.42845455
   12   2   1   0       0.50440823
   12   2   1   1       0.44585901
   13   1   0   0       0.55447952
   13   2   1  -1       0.43150580
   13   2   1   0       0.49053499
   13   2   1   1       0.33219250
   14   1   0   0       0.94422847
   14   2   1  -1       0.96352252
   14   2   1   0       0.95035445
   14   2   1   1       0.75325392
   15   1   0   0       0.61584447
   15   2   1  -1       0.47517837
   15   2   1   0       0.53781189
   15   2   1   1       0.46633629
   16   1   0   0       0.61292241
   16   2   1  -1       0.47497115
   16   2   1   0       0.52021307
   16   2   1   1       0.46207497
   17   1   0   0       0.61362416
   17   2   1  -1       0.45094287
   17   2   1   0       0.48430654
   17   2   1   1       0.48063023
   18   1   0   0       0.61125121
   18   2   1  -1       0.47458263
   18   2   1   0       0.56804810
   18   2   1   1       0.45793471
   19   1   0   0       0.52066829
   19   2   1  -1       0.38089925
   19   2   1   0       0.39288580
   19   2   1   1       0.37133382
   20   1   0   0       0.87867831
   20   2   1  -1       0.93325616
   20   2   1   0       0.73759808
   20   2   1   1       0.71605122
   21   1   0   0       0.87052513
   21   2   1  -1       0.81086518
   21   2   1   0       0.90434930
   21   2   1   1       0.65397444
   22   1   0   0       0.46922101
   23   1   0   0       0.46466658
   24   1   0   0       0.46647996
   25   1   0   0       0.44117446
   26   1   0   0       0.44906138
   27   1   0   0       0.44813827
   28   1   0   0       0.44312612
   29   1   0   0       0.44956161
   30   1   0   0       0.44052059
   31   1   0   0       0.32169355

Nr. of electrons (down):     54.00000000
Atom populations (down)
 Atom       Population
    1       1.97729053
    2       3.13767977
    3       1.88144318
    4       1.85561386
    5       3.63595547
    6       2.05080928
    7       2.06602338
    8       2.04178452
    9       1.98940449
   10       2.54072347
   11       2.61245822
   12       1.98531868
   13       1.81094208
   14       3.62617189
   15       2.08358603
   16       2.02236577
   17       2.04861726
   18       2.04464689
   19       1.66088019
   20       3.26501032
   21       3.25059309
   22       0.46944513
   23       0.46781969
   24       0.46776792
   25       0.44623107
   26       0.45002131
   27       0.45294451
   28       0.44536811
   29       0.45307989
   30       0.43934976
   31       0.32065426

l-shell populations (down)
 Atom Sh.   l       Population
    1   1   0       0.61493915
    1   2   1       1.36235138
    2   1   0       0.85189908
    2   2   1       2.28578069
    3   1   0       0.56574424
    3   2   1       1.31569893
    4   1   0       0.55905553
    4   2   1       1.29655833
    5   1   0       0.94717376
    5   2   1       2.68878171
    6   1   0       0.61228257
    6   2   1       1.43852671
    7   1   0       0.61353921
    7   2   1       1.45248417
    8   1   0       0.61209403
    8   2   1       1.42969050
    9   1   0       0.58141767
    9   2   1       1.40798682
   10   1   0       0.76312601
   10   2   1       1.77759746
   11   1   0       0.76349906
   11   2   1       1.84895916
   12   1   0       0.58341439
   12   2   1       1.40190429
   13   1   0       0.55515586
   13   2   1       1.25578622
   14   1   0       0.94430985
   14   2   1       2.68186204
   15   1   0       0.61613779
   15   2   1       1.46744823
   16   1   0       0.61084776
   16   2   1       1.41151801
   17   1   0       0.61581741
   17   2   1       1.43279985
   18   1   0       0.60842919
   18   2   1       1.43621771
   19   1   0       0.52173163
   19   2   1       1.13914855
   20   1   0       0.87870878
   20   2   1       2.38630154
   21   1   0       0.87085831
   21   2   1       2.37973479
   22   1   0       0.46944513
   23   1   0       0.46781969
   24   1   0       0.46776792
   25   1   0       0.44623107
   26   1   0       0.45002131
   27   1   0       0.45294451
   28   1   0       0.44536811
   29   1   0       0.45307989
   30   1   0       0.43934976
   31   1   0       0.32065426

Orbital populations (down)
 Atom Sh.   l   m       Population
    1   1   0   0       0.61493915
    1   2   1  -1       0.49407034
    1   2   1   0       0.46682860
    1   2   1   1       0.40145244
    2   1   0   0       0.85189908
    2   2   1  -1       0.84519710
    2   2   1   0       0.69541702
    2   2   1   1       0.74516656
    3   1   0   0       0.56574424
    3   2   1  -1       0.44570637
    3   2   1   0       0.40804509
    3   2   1   1       0.46194747
    4   1   0   0       0.55905553
    4   2   1  -1       0.48543324
    4   2   1   0       0.45873291
    4   2   1   1       0.35239217
    5   1   0   0       0.94717376
    5   2   1  -1       0.96859189
    5   2   1   0       0.94252698
    5   2   1   1       0.77766284
    6   1   0   0       0.61228257
    6   2   1  -1       0.49107319
    6   2   1   0       0.47337336
    6   2   1   1       0.47408017
    7   1   0   0       0.61353921
    7   2   1  -1       0.49697104
    7   2   1   0       0.48948942
    7   2   1   1       0.46602372
    8   1   0   0       0.61209403
    8   2   1  -1       0.47909544
    8   2   1   0       0.47468944
    8   2   1   1       0.47590561
    9   1   0   0       0.58141767
    9   2   1  -1       0.47651837
    9   2   1   0       0.47705972
    9   2   1   1       0.45440873
   10   1   0   0       0.76312601
   10   2   1  -1       0.63275173
   10   2   1   0       0.64277579
   10   2   1   1       0.50206993
   11   1   0   0       0.76349906
   11   2   1  -1       0.66893123
   11   2   1   0       0.65985694
   11   2   1   1       0.52017099
   12   1   0   0       0.58341439
   12   2   1  -1       0.44116683
   12   2   1   0       0.51117387
   12   2   1   1       0.44956359
   13   1   0   0       0.55515586
   13   2   1  -1       0.45047555
   13   2   1   0       0.47435153
   13   2   1   1       0.33095915
   14   1   0   0       0.94430985
   14   2   1  -1       0.97655266
   14   2   1   0       0.95088057
   14   2   1   1       0.75442881
   15   1   0   0       0.61613779
   15   2   1  -1       0.47499157
   15   2   1   0       0.52498071
   15   2   1   1       0.46747595
   16   1   0   0       0.61084776
   16   2   1  -1       0.46830972
   16   2   1   0       0.48335355
   16   2   1   1       0.45985473
   17   1   0   0       0.61581741
   17   2   1  -1       0.45642235
   17   2   1   0       0.49306792
   17   2   1   1       0.48330958
   18   1   0   0       0.60842919
   18   2   1  -1       0.47842985
   18   2   1   0       0.50767402
   18   2   1   1       0.45011383
   19   1   0   0       0.52173163
   19   2   1  -1       0.38188805
   19   2   1   0       0.38502289
   19   2   1   1       0.37223761
   20   1   0   0       0.87870878
   20   2   1  -1       0.94083639
   20   2   1   0       0.72798276
   20   2   1   1       0.71748240
   21   1   0   0       0.87085831
   21   2   1  -1       0.81868046
   21   2   1   0       0.90231290
   21   2   1   1       0.65874143
   22   1   0   0       0.46944513
   23   1   0   0       0.46781969
   24   1   0   0       0.46776792
   25   1   0   0       0.44623107
   26   1   0   0       0.45002131
   27   1   0   0       0.45294451
   28   1   0   0       0.44536811
   29   1   0   0       0.45307989
   30   1   0   0       0.43934976
   31   1   0   0       0.32065426

Spin  up
Fermi level:                        -0.1816414685 H           -4.9427 eV
Band energy:                       -25.7710762760 H         -701.2667 eV
TS:                                  0.0000000000 H            0.0000 eV
Band free energy (E-TS):           -25.7710762760 H         -701.2667 eV
Extrapolated E(0K):                -25.7710762760 H         -701.2667 eV
Input / Output electrons (up):     54.0000000000     54.0000000000

Spin  down
Fermi level:                        -0.1827331750 H           -4.9724 eV
Band energy:                       -25.7798448235 H         -701.5053 eV
TS:                                  0.0000000000 H            0.0000 eV
Band free energy (E-TS):           -25.7798448235 H         -701.5053 eV
Extrapolated E(0K):                -25.7798448235 H         -701.5053 eV
Input / Output electrons (down):     54.0000000000     54.0000000000

Energy H0:                         -51.7405615149 H        -1407.9323 eV
Energy SCC:                          0.0613386191 H            1.6691 eV
Energy SPIN:                        -0.0005000805 H           -0.0136 eV
Total Electronic energy:           -51.6831459530 H        -1406.3700 eV
Repulsive energy:                    0.6747314912 H           18.3604 eV
Total energy:                      -51.0084144618 H        -1388.0096 eV
Extrapolated to 0:                 -51.0084144618 H        -1388.0096 eV
Total Mermin free energy:          -51.0084144618 H        -1388.0096 eV
Force related energy:              -51.0084144618 H        -1388.0096 eV

SCC converged

Dipole moment:   -1.86210688   -0.75819609    0.23805604 au
Dipole moment:   -4.73300396   -1.92714239    0.60507816 Debye


