 Fermi distribution function

Calculation with static geometry


********************************************************************************
 iSCC Total electronic   Diff electronic      SCC error    
   11   -0.54171955E+02   -0.57676885E-09    0.75173259E-05
********************************************************************************

 Total charge:    -0.00000000

 Atomic gross charges (e)
 Atom           Charge
    1       0.04812901
    2      -0.26699761
    3       0.27292259
    4       0.01391403
    5      -0.08239071
    6      -0.05242903
    7       0.14915090
    8       0.00997353
    9      -0.24340375
   10      -0.07956982
   11      -0.09296551
   12      -0.09691893
   13      -0.15815261
   14       0.66450236
   15      -0.51836474
   16      -0.48312102
   17      -0.09065305
   18      -0.22573504
   19       0.39314252
   20      -0.24018072
   21      -0.12072222
   22       0.19492187
   23      -0.28888850
   24       0.06593668
   25       0.05742920
   26       0.06395336
   27       0.08671387
   28       0.08699023
   29       0.09071925
   30       0.08647197
   31       0.08977962
   32       0.07083728
   33       0.35100517
   34       0.12356963
   35       0.12043019

Nr. of electrons (up):     58.00000000
Atom populations (up)
 Atom       Population
    1       1.97593550
    2       3.13349880
    3       1.86353870
    4       1.99304298
    5       2.54119535
    6       2.52621451
    7       1.92542455
    8       1.99501323
    9       2.12170188
   10       2.03978491
   11       2.04648276
   12       2.04845947
   13       2.07907631
   14       1.66774882
   15       3.25918237
   16       3.24156051
   17       2.04532652
   18       2.11286752
   19       1.80342874
   20       3.62009036
   21       2.06036111
   22       1.90253907
   23       2.64444425
   24       0.46703166
   25       0.47128540
   26       0.46802332
   27       0.45664306
   28       0.45650489
   29       0.45464037
   30       0.45676402
   31       0.45511019
   32       0.46458136
   33       0.32449742
   34       0.43821518
   35       0.43978491

l-shell populations (up)
 Atom Sh.   l       Population
    1   1   0       0.61435720
    1   2   1       1.36157829
    2   1   0       0.84948335
    2   2   1       2.28401545
    3   1   0       0.56623745
    3   2   1       1.29730125
    4   1   0       0.58253110
    4   2   1       1.41051189
    5   1   0       0.75259928
    5   2   1       1.78859607
    6   1   0       0.74210713
    6   2   1       1.78410738
    7   1   0       0.58190889
    7   2   1       1.34351566
    8   1   0       0.59393470
    8   2   1       1.40107853
    9   1   0       0.63886453
    9   2   1       1.48283734
   10   1   0       0.61383929
   10   2   1       1.42594562
   11   1   0       0.60949528
   11   2   1       1.43698748
   12   1   0       0.61265234
   12   2   1       1.43580713
   13   1   0       0.60816715
   13   2   1       1.47090915
   14   1   0       0.52299183
   14   2   1       1.14475699
   15   1   0       0.87828294
   15   2   1       2.38089943
   16   1   0       0.86810407
   16   2   1       2.37345644
   17   1   0       0.61681472
   17   2   1       1.42851181
   18   1   0       0.61563561
   18   2   1       1.49723191
   19   1   0       0.55384615
   19   2   1       1.24958259
   20   1   0       0.94308267
   20   2   1       2.67700769
   21   1   0       0.58828786
   21   2   1       1.47207325
   22   1   0       0.57593069
   22   2   1       1.32660837
   23   1   0       0.81646501
   23   2   1       1.82797924
   24   1   0       0.46703166
   25   1   0       0.47128540
   26   1   0       0.46802332
   27   1   0       0.45664306
   28   1   0       0.45650489
   29   1   0       0.45464037
   30   1   0       0.45676402
   31   1   0       0.45511019
   32   1   0       0.46458136
   33   1   0       0.32449742
   34   1   0       0.43821518
   35   1   0       0.43978491

Orbital populations (up)
 Atom Sh.   l   m       Population
    1   1   0   0       0.61435720
    1   2   1  -1       0.47502269
    1   2   1   0       0.42519737
    1   2   1   1       0.46135824
    2   1   0   0       0.84948335
    2   2   1  -1       0.83931066
    2   2   1   0       0.73258011
    2   2   1   1       0.71212468
    3   1   0   0       0.56623745
    3   2   1  -1       0.44603568
    3   2   1   0       0.43961285
    3   2   1   1       0.41165271
    4   1   0   0       0.58253110
    4   2   1  -1       0.46238775
    4   2   1   0       0.47425069
    4   2   1   1       0.47387345
    5   1   0   0       0.75259928
    5   2   1  -1       0.50484729
    5   2   1   0       0.49680670
    5   2   1   1       0.78694208
    6   1   0   0       0.74210713
    6   2   1  -1       0.61340320
    6   2   1   0       0.63345430
    6   2   1   1       0.53724989
    7   1   0   0       0.58190889
    7   2   1  -1       0.44847751
    7   2   1   0       0.48264785
    7   2   1   1       0.41239030
    8   1   0   0       0.59393470
    8   2   1  -1       0.44772140
    8   2   1   0       0.49667425
    8   2   1   1       0.45668289
    9   1   0   0       0.63886453
    9   2   1  -1       0.48614976
    9   2   1   0       0.50139216
    9   2   1   1       0.49529542
   10   1   0   0       0.61383929
   10   2   1  -1       0.47146787
   10   2   1   0       0.49330190
   10   2   1   1       0.46117585
   11   1   0   0       0.60949528
   11   2   1  -1       0.46015581
   11   2   1   0       0.50388311
   11   2   1   1       0.47294856
   12   1   0   0       0.61265234
   12   2   1  -1       0.47142132
   12   2   1   0       0.50276219
   12   2   1   1       0.46162362
   13   1   0   0       0.60816715
   13   2   1  -1       0.46951352
   13   2   1   0       0.53338400
   13   2   1   1       0.46801163
   14   1   0   0       0.52299183
   14   2   1  -1       0.37725939
   14   2   1   0       0.39074061
   14   2   1   1       0.37675698
   15   1   0   0       0.87828294
   15   2   1  -1       0.94812585
   15   2   1   0       0.71814896
   15   2   1   1       0.71462461
   16   1   0   0       0.86810407
   16   2   1  -1       0.79444901
   16   2   1   0       0.84993190
   16   2   1   1       0.72907554
   17   1   0   0       0.61681472
   17   2   1  -1       0.48839143
   17   2   1   0       0.46940675
   17   2   1   1       0.47071362
   18   1   0   0       0.61563561
   18   2   1  -1       0.48808264
   18   2   1   0       0.49334684
   18   2   1   1       0.51580243
   19   1   0   0       0.55384615
   19   2   1  -1       0.43465232
   19   2   1   0       0.36870348
   19   2   1   1       0.44622679
   20   1   0   0       0.94308267
   20   2   1  -1       0.93131868
   20   2   1   0       0.80189566
   20   2   1   1       0.94379335
   21   1   0   0       0.58828786
   21   2   1  -1       0.47628270
   21   2   1   0       0.49187142
   21   2   1   1       0.50391914
   22   1   0   0       0.57593069
   22   2   1  -1       0.43193146
   22   2   1   0       0.44786835
   22   2   1   1       0.44680856
   23   1   0   0       0.81646501
   23   2   1  -1       0.66241076
   23   2   1   0       0.57773761
   23   2   1   1       0.58783087
   24   1   0   0       0.46703166
   25   1   0   0       0.47128540
   26   1   0   0       0.46802332
   27   1   0   0       0.45664306
   28   1   0   0       0.45650489
   29   1   0   0       0.45464037
   30   1   0   0       0.45676402
   31   1   0   0       0.45511019
   32   1   0   0       0.46458136
   33   1   0   0       0.32449742
   34   1   0   0       0.43821518
   35   1   0   0       0.43978491

Nr. of electrons (down):     58.00000000
Atom populations (down)
 Atom       Population
    1       1.97593550
    2       3.13349880
    3       1.86353870
    4       1.99304298
    5       2.54119535
    6       2.52621451
    7       1.92542455
    8       1.99501323
    9       2.12170188
   10       2.03978491
   11       2.04648276
   12       2.04845947
   13       2.07907631
   14       1.66774882
   15       3.25918237
   16       3.24156051
   17       2.04532652
   18       2.11286752
   19       1.80342874
   20       3.62009036
   21       2.06036111
   22       1.90253907
   23       2.64444425
   24       0.46703166
   25       0.47128540
   26       0.46802332
   27       0.45664306
   28       0.45650489
   29       0.45464037
   30       0.45676402
   31       0.45511019
   32       0.46458136
   33       0.32449742
   34       0.43821518
   35       0.43978491

l-shell populations (down)
 Atom Sh.   l       Population
    1   1   0       0.61435720
    1   2   1       1.36157829
    2   1   0       0.84948335
    2   2   1       2.28401545
    3   1   0       0.56623745
    3   2   1       1.29730125
    4   1   0       0.58253110
    4   2   1       1.41051189
    5   1   0       0.75259928
    5   2   1       1.78859607
    6   1   0       0.74210713
    6   2   1       1.78410738
    7   1   0       0.58190889
    7   2   1       1.34351566
    8   1   0       0.59393470
    8   2   1       1.40107853
    9   1   0       0.63886453
    9   2   1       1.48283734
   10   1   0       0.61383929
   10   2   1       1.42594562
   11   1   0       0.60949528
   11   2   1       1.43698748
   12   1   0       0.61265234
   12   2   1       1.43580713
   13   1   0       0.60816715
   13   2   1       1.47090915
   14   1   0       0.52299183
   14   2   1       1.14475699
   15   1   0       0.87828294
   15   2   1       2.38089943
   16   1   0       0.86810407
   16   2   1       2.37345644
   17   1   0       0.61681472
   17   2   1       1.42851181
   18   1   0       0.61563561
   18   2   1       1.49723191
   19   1   0       0.55384615
   19   2   1       1.24958259
   20   1   0       0.94308267
   20   2   1       2.67700769
   21   1   0       0.58828786
   21   2   1       1.47207325
   22   1   0       0.57593069
   22   2   1       1.32660837
   23   1   0       0.81646501
   23   2   1       1.82797924
   24   1   0       0.46703166
   25   1   0       0.47128540
   26   1   0       0.46802332
   27   1   0       0.45664306
   28   1   0       0.45650489
   29   1   0       0.45464037
   30   1   0       0.45676402
   31   1   0       0.45511019
   32   1   0       0.46458136
   33   1   0       0.32449742
   34   1   0       0.43821518
   35   1   0       0.43978491

Orbital populations (down)
 Atom Sh.   l   m       Population
    1   1   0   0       0.61435720
    1   2   1  -1       0.47502269
    1   2   1   0       0.42519737
    1   2   1   1       0.46135824
    2   1   0   0       0.84948335
    2   2   1  -1       0.83931066
    2   2   1   0       0.73258011
    2   2   1   1       0.71212468
    3   1   0   0       0.56623745
    3   2   1  -1       0.44603568
    3   2   1   0       0.43961285
    3   2   1   1       0.41165271
    4   1   0   0       0.58253110
    4   2   1  -1       0.46238775
    4   2   1   0       0.47425069
    4   2   1   1       0.47387345
    5   1   0   0       0.75259928
    5   2   1  -1       0.50484729
    5   2   1   0       0.49680670
    5   2   1   1       0.78694208
    6   1   0   0       0.74210713
    6   2   1  -1       0.61340320
    6   2   1   0       0.63345430
    6   2   1   1       0.53724989
    7   1   0   0       0.58190889
    7   2   1  -1       0.44847751
    7   2   1   0       0.48264785
    7   2   1   1       0.41239030
    8   1   0   0       0.59393470
    8   2   1  -1       0.44772140
    8   2   1   0       0.49667425
    8   2   1   1       0.45668289
    9   1   0   0       0.63886453
    9   2   1  -1       0.48614976
    9   2   1   0       0.50139216
    9   2   1   1       0.49529542
   10   1   0   0       0.61383929
   10   2   1  -1       0.47146787
   10   2   1   0       0.49330190
   10   2   1   1       0.46117585
   11   1   0   0       0.60949528
   11   2   1  -1       0.46015581
   11   2   1   0       0.50388311
   11   2   1   1       0.47294856
   12   1   0   0       0.61265234
   12   2   1  -1       0.47142132
   12   2   1   0       0.50276219
   12   2   1   1       0.46162362
   13   1   0   0       0.60816715
   13   2   1  -1       0.46951352
   13   2   1   0       0.53338400
   13   2   1   1       0.46801163
   14   1   0   0       0.52299183
   14   2   1  -1       0.37725939
   14   2   1   0       0.39074061
   14   2   1   1       0.37675698
   15   1   0   0       0.87828294
   15   2   1  -1       0.94812585
   15   2   1   0       0.71814896
   15   2   1   1       0.71462461
   16   1   0   0       0.86810407
   16   2   1  -1       0.79444901
   16   2   1   0       0.84993190
   16   2   1   1       0.72907554
   17   1   0   0       0.61681472
   17   2   1  -1       0.48839143
   17   2   1   0       0.46940675
   17   2   1   1       0.47071362
   18   1   0   0       0.61563561
   18   2   1  -1       0.48808264
   18   2   1   0       0.49334684
   18   2   1   1       0.51580243
   19   1   0   0       0.55384615
   19   2   1  -1       0.43465232
   19   2   1   0       0.36870348
   19   2   1   1       0.44622679
   20   1   0   0       0.94308267
   20   2   1  -1       0.93131868
   20   2   1   0       0.80189566
   20   2   1   1       0.94379335
   21   1   0   0       0.58828786
   21   2   1  -1       0.47628270
   21   2   1   0       0.49187142
   21   2   1   1       0.50391914
   22   1   0   0       0.57593069
   22   2   1  -1       0.43193146
   22   2   1   0       0.44786835
   22   2   1   1       0.44680856
   23   1   0   0       0.81646501
   23   2   1  -1       0.66241076
   23   2   1   0       0.57773761
   23   2   1   1       0.58783087
   24   1   0   0       0.46703166
   25   1   0   0       0.47128540
   26   1   0   0       0.46802332
   27   1   0   0       0.45664306
   28   1   0   0       0.45650489
   29   1   0   0       0.45464037
   30   1   0   0       0.45676402
   31   1   0   0       0.45511019
   32   1   0   0       0.46458136
   33   1   0   0       0.32449742
   34   1   0   0       0.43821518
   35   1   0   0       0.43978491

Spin  up
Fermi level:                        -0.1633603250 H           -4.4453 eV
Band energy:                       -27.1145310649 H         -737.8239 eV
TS:                                  0.0000000000 H            0.0000 eV
Band free energy (E-TS):           -27.1145310649 H         -737.8239 eV
Extrapolated E(0K):                -27.1145310649 H         -737.8239 eV
Input / Output electrons (up):     58.0000000000     58.0000000000

Spin  down
Fermi level:                        -0.1633603250 H           -4.4453 eV
Band energy:                       -27.1145310649 H         -737.8239 eV
TS:                                  0.0000000000 H            0.0000 eV
Band free energy (E-TS):           -27.1145310649 H         -737.8239 eV
Extrapolated E(0K):                -27.1145310649 H         -737.8239 eV
Input / Output electrons (down):     58.0000000000     58.0000000000

Energy H0:                         -54.2299159888 H        -1475.6711 eV
Energy SCC:                          0.0610999928 H            1.6626 eV
Energy SPIN:                         0.0000000000 H            0.0000 eV
Total Electronic energy:           -54.1719547250 H        -1474.0939 eV
Repulsive energy:                    0.8915236340 H           24.2596 eV
Total energy:                      -53.2804310910 H        -1449.8343 eV
Extrapolated to 0:                 -53.2804310910 H        -1449.8343 eV
Total Mermin free energy:          -53.2804310910 H        -1449.8343 eV
Force related energy:              -53.2804310910 H        -1449.8343 eV

SCC converged

Total Forces
    1     -0.000046950233     -0.000017090285      0.000035488116
    2      0.000001875626     -0.000043508930      0.000076735210
    3     -0.000022760569      0.000042862313      0.000000829448
    4     -0.000041883840     -0.000049588796      0.000063423893
    5     -0.000072790603      0.000083277656      0.000039804013
    6      0.000134934919     -0.000004019491     -0.000168144235
    7     -0.000061807473     -0.000141755592      0.000007990890
    8     -0.000089615863     -0.000128842308     -0.000102862739
    9     -0.000047020278     -0.000088489641     -0.000017703200
   10     -0.000174823494      0.000177584794     -0.000140273406
   11      0.000083841555      0.000058331318      0.000021407392
   12      0.000073627950      0.000132050545     -0.000111250181
   13      0.000110573193     -0.000128120492      0.000142446469
   14     -0.000041577506      0.000071762366     -0.000035918710
   15     -0.000014051452     -0.000124104626      0.000023598313
   16     -0.000044240792      0.000160855436      0.000072042404
   17     -0.000001596312      0.000018992942      0.000015597485
   18      0.000065630369     -0.000044730645      0.000212581659
   19     -0.000058593915     -0.000033086582     -0.000111035986
   20      0.000123719456      0.000035514710      0.000034436893
   21      0.000133467537      0.000072146938      0.000203918380
   22      0.000043700780     -0.000022963482      0.000127496945
   23      0.000162490541      0.000151072633      0.000120069467
   24     -0.000034884292      0.000026215448     -0.000107291483
   25     -0.000021622568     -0.000044860884      0.000009798173
   26     -0.000083869427      0.000056377009     -0.000083201661
   27     -0.000182461338     -0.000264596719      0.000178627484
   28      0.000137275319      0.000293866553     -0.000138858608
   29     -0.000110496101     -0.000043175040     -0.000265919431
   30      0.000035315009      0.000037445937     -0.000065545380
   31      0.000118031415      0.000013945785     -0.000034356206
   32      0.000054825254     -0.000016930763     -0.000061617070
   33     -0.000038332919     -0.000005758343      0.000027129913
   34     -0.000072645790     -0.000163632801      0.000016123349
   35     -0.000017284159     -0.000067046962      0.000014432397

Maximal derivative component:        0.293867E-03 au

Dipole moment:    1.26209094   -0.29693922    2.19082532 au
Dipole moment:    3.20791546   -0.75474427    5.56852298 Debye


