 Fermi distribution function

Geometry optimization step: 987


********************************************************************************
 iSCC Total electronic   Diff electronic      SCC error    
    4   -0.57524089E+02   -0.39115378E-10    0.53606510E-05
********************************************************************************

Coordinates of moved atoms (au):
    1    -13.52519577      3.38988098     -2.06642383
    2    -11.53638308      2.20244199     -3.40828498
    3     -9.34478818      1.67915596     -2.20919127
    4     -8.91559548      2.23123892      0.35692279
    5     -6.58539002      1.62195935      1.43294845
    6     -4.62014386      0.59666333     -0.01769833
    7     -2.33249146     -0.13214689      1.28039167
    8     -0.18262266      0.41159348      0.37321663
    9      0.12503498      2.14991550     -1.68998031
   10     -0.77637080      4.63505983     -1.38574123
   11     -0.18944291      6.44928238     -3.21137564
   12     -1.06000972      8.80246553     -2.91028763
   13      1.27079124      5.87456545     -5.34363534
   14      2.16250602      3.41403526     -5.61264390
   15      1.65826450      1.52586716     -3.80541047
   16      2.67271523     -1.07558539     -4.38521356
   17      3.73572324     -1.53232683     -6.39247217
   18      2.36979719     -2.91648190     -2.62295627
   19     -5.06660305     -0.08346646     -2.59218527
   20     -3.15040460     -1.32040588     -3.74406751
   21     -3.36898264     -2.36319740     -6.21303236
   22     -7.44491470      0.47905470     -3.69871593
   23     -8.10515428     -0.03932919     -6.29003179
   24     -8.77652578     -0.37219731     -8.34226954
   25    -14.17234625      2.21038033     -0.48115864
   26    -15.08638160      3.65690556     -3.39100127
   27    -12.93319412      5.24122125     -1.32890196
   28    -10.36597342      3.10159892      1.51199824
   29     -6.23899715      2.04989535      3.41056298
   30     -1.88694325      5.13683876      0.26431342
   31      1.69062163      7.31816818     -6.73782991
   32      3.29672518      2.88959158     -7.24316942
   33      1.49503656     -2.32103816     -1.11358636
   34     -3.57962949     -0.86832687     -7.63333524
   35     -4.97165514     -3.67347190     -6.32221202
   36     -1.61819041     -3.39614664     -6.57749824

 Total charge:    -0.00000000

 Atomic gross charges (e)
 Atom           Charge
    1       0.04471724
    2      -0.26871830
    3       0.32104252
    4      -0.24448993
    5      -0.09108366
    6       0.00768310
    7      -0.05559703
    8      -0.12654982
    9       0.16168241
   10      -0.23204034
   11       0.42637225
   12      -0.25432904
   13      -0.20406168
   14      -0.05216106
   15      -0.16744521
   16       0.67772004
   17      -0.54576880
   18      -0.48938250
   19       0.28811549
   20      -0.28902423
   21       0.03321647
   22      -0.13532527
   23       0.18763826
   24      -0.31414874
   25       0.05234923
   26       0.07057589
   27       0.05271359
   28       0.10353461
   29       0.10129587
   30       0.11772918
   31       0.11630551
   32       0.12285098
   33       0.36345784
   34       0.07163485
   35       0.06818875
   36       0.08130149

Nr. of electrons (up):     61.00000000
Atom populations (up)
 Atom       Population
    1       1.97764138
    2       3.13435915
    3       1.83947874
    4       2.12224496
    5       2.04554183
    6       1.99615845
    7       2.52779852
    8       2.56327491
    9       1.91915879
   10       2.11602017
   11       1.78681388
   12       3.62716452
   13       2.10203084
   14       2.02608053
   15       2.08372260
   16       1.66113998
   17       3.27288440
   18       3.24469125
   19       1.85594225
   20       3.14451211
   21       1.98339176
   22       2.06766263
   23       1.90618087
   24       2.65707437
   25       0.47382538
   26       0.46471205
   27       0.47364320
   28       0.44823269
   29       0.44935206
   30       0.44113541
   31       0.44184724
   32       0.43857451
   33       0.31827108
   34       0.46418257
   35       0.46590562
   36       0.45934925

l-shell populations (up)
 Atom Sh.   l       Population
    1   1   0       0.61426668
    1   2   1       1.36337470
    2   1   0       0.85104392
    2   2   1       2.28331523
    3   1   0       0.56003182
    3   2   1       1.27944692
    4   1   0       0.61507178
    4   2   1       1.50717318
    5   1   0       0.61464251
    5   2   1       1.43089932
    6   1   0       0.58159602
    6   2   1       1.41456244
    7   1   0       0.75547639
    7   2   1       1.77232212
    8   1   0       0.75151988
    8   2   1       1.81175503
    9   1   0       0.58020962
    9   2   1       1.33894917
   10   1   0       0.61850700
   10   2   1       1.49751316
   11   1   0       0.55148128
   11   2   1       1.23533260
   12   1   0       0.94422374
   12   2   1       2.68294079
   13   1   0       0.61657117
   13   2   1       1.48545967
   14   1   0       0.61595236
   14   2   1       1.41012817
   15   1   0       0.60856129
   15   2   1       1.47516131
   16   1   0       0.52141314
   16   2   1       1.13972684
   17   1   0       0.87911481
   17   2   1       2.39376959
   18   1   0       0.86974295
   18   2   1       2.37494830
   19   1   0       0.56352564
   19   2   1       1.29241661
   20   1   0       0.85192896
   20   2   1       2.29258316
   21   1   0       0.61725420
   21   2   1       1.36613757
   22   1   0       0.58772527
   22   2   1       1.47993736
   23   1   0       0.57920622
   23   2   1       1.32697465
   24   1   0       0.81690262
   24   2   1       1.84017175
   25   1   0       0.47382538
   26   1   0       0.46471205
   27   1   0       0.47364320
   28   1   0       0.44823269
   29   1   0       0.44935206
   30   1   0       0.44113541
   31   1   0       0.44184724
   32   1   0       0.43857451
   33   1   0       0.31827108
   34   1   0       0.46418257
   35   1   0       0.46590562
   36   1   0       0.45934925

Orbital populations (up)
 Atom Sh.   l   m       Population
    1   1   0   0       0.61426668
    1   2   1  -1       0.46785627
    1   2   1   0       0.46152844
    1   2   1   1       0.43398998
    2   1   0   0       0.85104392
    2   2   1  -1       0.84176125
    2   2   1   0       0.83598181
    2   2   1   1       0.60557217
    3   1   0   0       0.56003182
    3   2   1  -1       0.45627107
    3   2   1   0       0.43155833
    3   2   1   1       0.39161752
    4   1   0   0       0.61507178
    4   2   1  -1       0.55584154
    4   2   1   0       0.46834125
    4   2   1   1       0.48299040
    5   1   0   0       0.61464251
    5   2   1  -1       0.49898687
    5   2   1   0       0.47649040
    5   2   1   1       0.45542205
    6   1   0   0       0.58159602
    6   2   1  -1       0.52441606
    6   2   1   0       0.44190258
    6   2   1   1       0.44824379
    7   1   0   0       0.75547639
    7   2   1  -1       0.58702275
    7   2   1   0       0.71048781
    7   2   1   1       0.47481156
    8   1   0   0       0.75151988
    8   2   1  -1       0.55904696
    8   2   1   0       0.57308825
    8   2   1   1       0.67961983
    9   1   0   0       0.58020962
    9   2   1  -1       0.44528876
    9   2   1   0       0.42494765
    9   2   1   1       0.46871276
   10   1   0   0       0.61850700
   10   2   1  -1       0.46630113
   10   2   1   0       0.49798927
   10   2   1   1       0.53322277
   11   1   0   0       0.55148128
   11   2   1  -1       0.34007594
   11   2   1   0       0.45379811
   11   2   1   1       0.44145854
   12   1   0   0       0.94422374
   12   2   1  -1       0.77321640
   12   2   1   0       0.97673146
   12   2   1   1       0.93299293
   13   1   0   0       0.61657117
   13   2   1  -1       0.47733126
   13   2   1   0       0.48809219
   13   2   1   1       0.52003622
   14   1   0   0       0.61595236
   14   2   1  -1       0.45484934
   14   2   1   0       0.47760938
   14   2   1   1       0.47766945
   15   1   0   0       0.60856129
   15   2   1  -1       0.47824946
   15   2   1   0       0.48441607
   15   2   1   1       0.51249579
   16   1   0   0       0.52141314
   16   2   1  -1       0.38700981
   16   2   1   0       0.36407817
   16   2   1   1       0.38863885
   17   1   0   0       0.87911481
   17   2   1  -1       0.93339211
   17   2   1   0       0.73609916
   17   2   1   1       0.72427833
   18   1   0   0       0.86974295
   18   2   1  -1       0.83273329
   18   2   1   0       0.66732589
   18   2   1   1       0.87488912
   19   1   0   0       0.56352564
   19   2   1  -1       0.45406891
   19   2   1   0       0.43491673
   19   2   1   1       0.40343097
   20   1   0   0       0.85192896
   20   2   1  -1       0.80868666
   20   2   1   0       0.67971988
   20   2   1   1       0.80417661
   21   1   0   0       0.61725420
   21   2   1  -1       0.47831849
   21   2   1   0       0.38999494
   21   2   1   1       0.49782414
   22   1   0   0       0.58772527
   22   2   1  -1       0.56625736
   22   2   1   0       0.44507805
   22   2   1   1       0.46860196
   23   1   0   0       0.57920622
   23   2   1  -1       0.45317652
   23   2   1   0       0.42653484
   23   2   1   1       0.44726329
   24   1   0   0       0.81690262
   24   2   1  -1       0.57424989
   24   2   1   0       0.68994610
   24   2   1   1       0.57597576
   25   1   0   0       0.47382538
   26   1   0   0       0.46471205
   27   1   0   0       0.47364320
   28   1   0   0       0.44823269
   29   1   0   0       0.44935206
   30   1   0   0       0.44113541
   31   1   0   0       0.44184724
   32   1   0   0       0.43857451
   33   1   0   0       0.31827108
   34   1   0   0       0.46418257
   35   1   0   0       0.46590562
   36   1   0   0       0.45934925

Nr. of electrons (down):     61.00000000
Atom populations (down)
 Atom       Population
    1       1.97764138
    2       3.13435915
    3       1.83947874
    4       2.12224496
    5       2.04554183
    6       1.99615845
    7       2.52779852
    8       2.56327491
    9       1.91915879
   10       2.11602017
   11       1.78681388
   12       3.62716452
   13       2.10203084
   14       2.02608053
   15       2.08372260
   16       1.66113998
   17       3.27288440
   18       3.24469125
   19       1.85594225
   20       3.14451211
   21       1.98339176
   22       2.06766263
   23       1.90618087
   24       2.65707437
   25       0.47382538
   26       0.46471205
   27       0.47364320
   28       0.44823269
   29       0.44935206
   30       0.44113541
   31       0.44184724
   32       0.43857451
   33       0.31827108
   34       0.46418257
   35       0.46590562
   36       0.45934925

l-shell populations (down)
 Atom Sh.   l       Population
    1   1   0       0.61426668
    1   2   1       1.36337470
    2   1   0       0.85104392
    2   2   1       2.28331523
    3   1   0       0.56003182
    3   2   1       1.27944692
    4   1   0       0.61507178
    4   2   1       1.50717318
    5   1   0       0.61464251
    5   2   1       1.43089932
    6   1   0       0.58159602
    6   2   1       1.41456244
    7   1   0       0.75547639
    7   2   1       1.77232212
    8   1   0       0.75151988
    8   2   1       1.81175503
    9   1   0       0.58020962
    9   2   1       1.33894917
   10   1   0       0.61850700
   10   2   1       1.49751316
   11   1   0       0.55148128
   11   2   1       1.23533260
   12   1   0       0.94422374
   12   2   1       2.68294079
   13   1   0       0.61657117
   13   2   1       1.48545967
   14   1   0       0.61595236
   14   2   1       1.41012817
   15   1   0       0.60856129
   15   2   1       1.47516131
   16   1   0       0.52141314
   16   2   1       1.13972684
   17   1   0       0.87911481
   17   2   1       2.39376959
   18   1   0       0.86974295
   18   2   1       2.37494830
   19   1   0       0.56352564
   19   2   1       1.29241661
   20   1   0       0.85192896
   20   2   1       2.29258316
   21   1   0       0.61725420
   21   2   1       1.36613757
   22   1   0       0.58772527
   22   2   1       1.47993736
   23   1   0       0.57920622
   23   2   1       1.32697465
   24   1   0       0.81690262
   24   2   1       1.84017175
   25   1   0       0.47382538
   26   1   0       0.46471205
   27   1   0       0.47364320
   28   1   0       0.44823269
   29   1   0       0.44935206
   30   1   0       0.44113541
   31   1   0       0.44184724
   32   1   0       0.43857451
   33   1   0       0.31827108
   34   1   0       0.46418257
   35   1   0       0.46590562
   36   1   0       0.45934925

Orbital populations (down)
 Atom Sh.   l   m       Population
    1   1   0   0       0.61426668
    1   2   1  -1       0.46785627
    1   2   1   0       0.46152844
    1   2   1   1       0.43398998
    2   1   0   0       0.85104392
    2   2   1  -1       0.84176125
    2   2   1   0       0.83598181
    2   2   1   1       0.60557217
    3   1   0   0       0.56003182
    3   2   1  -1       0.45627107
    3   2   1   0       0.43155833
    3   2   1   1       0.39161752
    4   1   0   0       0.61507178
    4   2   1  -1       0.55584154
    4   2   1   0       0.46834125
    4   2   1   1       0.48299040
    5   1   0   0       0.61464251
    5   2   1  -1       0.49898687
    5   2   1   0       0.47649040
    5   2   1   1       0.45542205
    6   1   0   0       0.58159602
    6   2   1  -1       0.52441606
    6   2   1   0       0.44190258
    6   2   1   1       0.44824379
    7   1   0   0       0.75547639
    7   2   1  -1       0.58702275
    7   2   1   0       0.71048781
    7   2   1   1       0.47481156
    8   1   0   0       0.75151988
    8   2   1  -1       0.55904696
    8   2   1   0       0.57308825
    8   2   1   1       0.67961983
    9   1   0   0       0.58020962
    9   2   1  -1       0.44528876
    9   2   1   0       0.42494765
    9   2   1   1       0.46871276
   10   1   0   0       0.61850700
   10   2   1  -1       0.46630113
   10   2   1   0       0.49798927
   10   2   1   1       0.53322277
   11   1   0   0       0.55148128
   11   2   1  -1       0.34007594
   11   2   1   0       0.45379811
   11   2   1   1       0.44145854
   12   1   0   0       0.94422374
   12   2   1  -1       0.77321640
   12   2   1   0       0.97673146
   12   2   1   1       0.93299293
   13   1   0   0       0.61657117
   13   2   1  -1       0.47733126
   13   2   1   0       0.48809219
   13   2   1   1       0.52003622
   14   1   0   0       0.61595236
   14   2   1  -1       0.45484934
   14   2   1   0       0.47760938
   14   2   1   1       0.47766945
   15   1   0   0       0.60856129
   15   2   1  -1       0.47824946
   15   2   1   0       0.48441607
   15   2   1   1       0.51249579
   16   1   0   0       0.52141314
   16   2   1  -1       0.38700981
   16   2   1   0       0.36407817
   16   2   1   1       0.38863885
   17   1   0   0       0.87911481
   17   2   1  -1       0.93339211
   17   2   1   0       0.73609916
   17   2   1   1       0.72427833
   18   1   0   0       0.86974295
   18   2   1  -1       0.83273329
   18   2   1   0       0.66732589
   18   2   1   1       0.87488912
   19   1   0   0       0.56352564
   19   2   1  -1       0.45406891
   19   2   1   0       0.43491673
   19   2   1   1       0.40343097
   20   1   0   0       0.85192896
   20   2   1  -1       0.80868666
   20   2   1   0       0.67971988
   20   2   1   1       0.80417661
   21   1   0   0       0.61725420
   21   2   1  -1       0.47831849
   21   2   1   0       0.38999494
   21   2   1   1       0.49782414
   22   1   0   0       0.58772527
   22   2   1  -1       0.56625736
   22   2   1   0       0.44507805
   22   2   1   1       0.46860196
   23   1   0   0       0.57920622
   23   2   1  -1       0.45317652
   23   2   1   0       0.42653484
   23   2   1   1       0.44726329
   24   1   0   0       0.81690262
   24   2   1  -1       0.57424989
   24   2   1   0       0.68994610
   24   2   1   1       0.57597576
   25   1   0   0       0.47382538
   26   1   0   0       0.46471205
   27   1   0   0       0.47364320
   28   1   0   0       0.44823269
   29   1   0   0       0.44935206
   30   1   0   0       0.44113541
   31   1   0   0       0.44184724
   32   1   0   0       0.43857451
   33   1   0   0       0.31827108
   34   1   0   0       0.46418257
   35   1   0   0       0.46590562
   36   1   0   0       0.45934925

Spin  up
Fermi level:                        -0.1728934191 H           -4.7047 eV
Band energy:                       -28.8783466490 H         -785.8198 eV
TS:                                  0.0000000000 H            0.0000 eV
Band free energy (E-TS):           -28.8783466490 H         -785.8198 eV
Extrapolated E(0K):                -28.8783466490 H         -785.8198 eV
Input / Output electrons (up):     61.0000000000     61.0000000000

Spin  down
Fermi level:                        -0.1728934191 H           -4.7047 eV
Band energy:                       -28.8783466490 H         -785.8198 eV
TS:                                  0.0000000000 H            0.0000 eV
Band free energy (E-TS):           -28.8783466490 H         -785.8198 eV
Extrapolated E(0K):                -28.8783466490 H         -785.8198 eV
Input / Output electrons (down):     61.0000000000     61.0000000000

Energy H0:                         -57.5875108726 H        -1567.0359 eV
Energy SCC:                          0.0679403698 H            1.8488 eV
Energy SPIN:                         0.0000000000 H            0.0000 eV
Total Electronic energy:           -57.5240892657 H        -1565.3101 eV
Repulsive energy:                    0.9409030186 H           25.6033 eV
Total energy:                      -56.5831862471 H        -1539.7068 eV
Extrapolated to 0:                 -56.5831862471 H        -1539.7068 eV
Total Mermin free energy:          -56.5831862471 H        -1539.7068 eV
Force related energy:              -56.5831862471 H        -1539.7068 eV

SCC converged

Full geometry written in opt.{xyz|gen}

Dipole moment:   -1.67088704    0.93199318    1.69558001 au
Dipole moment:   -4.24697157    2.36889056    4.30973485 Debye

Geometry converged

