 KPT            1  SPIN            1  KWEIGHT    1.0000000000000000     
     1   -29.455  1.00000
     2   -29.412  1.00000
     3   -25.296  1.00000
     4   -25.093  1.00000
     5   -23.338  1.00000
     6   -23.140  1.00000
     7   -19.936  1.00000
     8   -19.479  1.00000
     9   -18.443  1.00000
    10   -17.618  1.00000
    11   -17.438  1.00000
    12   -17.147  1.00000
    13   -16.099  1.00000
    14   -15.744  1.00000
    15   -14.714  1.00000
    16   -14.270  1.00000
    17   -13.977  1.00000
    18   -13.623  1.00000
    19   -13.359  1.00000
    20   -12.410  1.00000
    21   -12.122  1.00000
    22   -11.988  1.00000
    23   -11.772  1.00000
    24   -11.501  1.00000
    25   -11.403  1.00000
    26   -11.200  1.00000
    27   -11.167  1.00000
    28   -11.067  1.00000
    29   -10.666  1.00000
    30   -10.612  1.00000
    31   -10.449  1.00000
    32   -10.354  1.00000
    33   -10.232  1.00000
    34   -10.176  1.00000
    35   -10.165  1.00000
    36   -10.107  1.00000
    37    -9.531  1.00000
    38    -9.439  1.00000
    39    -9.318  1.00000
    40    -9.045  1.00000
    41    -9.018  1.00000
    42    -8.983  1.00000
    43    -8.758  1.00000
    44    -8.562  1.00000
    45    -8.428  1.00000
    46    -8.308  1.00000
    47    -7.894  1.00000
    48    -7.747  1.00000
    49    -7.496  1.00000
    50    -7.074  1.00000
    51    -6.743  1.00000
    52    -6.293  1.00000
    53    -6.180  1.00000
    54    -5.739  1.00000
    55    -3.851  0.00000
    56    -2.511  0.00000
    57    -1.709  0.00000
    58    -1.693  0.00000
    59    -0.918  0.00000
    60     0.009  0.00000
    61     2.094  0.00000
    62     2.372  0.00000
    63     7.682  0.00000
    64     8.168  0.00000
    65     8.507  0.00000
    66     8.871  0.00000
    67     9.196  0.00000
    68     9.273  0.00000
    69     9.376  0.00000
    70    10.003  0.00000
    71    11.126  0.00000
    72    12.003  0.00000
    73    13.137  0.00000
    74    13.433  0.00000
    75    14.296  0.00000
    76    14.640  0.00000
    77    14.882  0.00000
    78    15.023  0.00000
    79    15.497  0.00000
    80    16.765  0.00000
    81    17.669  0.00000
    82    18.503  0.00000
    83    18.903  0.00000
    84    19.436  0.00000
    85    20.334  0.00000
    86    20.916  0.00000
    87    21.484  0.00000
    88    21.966  0.00000
    89    23.847  0.00000
    90    24.780  0.00000
    91    25.920  0.00000
    92    28.867  0.00000
    93    29.046  0.00000
    94    31.707  0.00000

 KPT            1  SPIN            2  KWEIGHT    1.0000000000000000     
     1   -29.455  1.00000
     2   -29.412  1.00000
     3   -25.296  1.00000
     4   -25.093  1.00000
     5   -23.338  1.00000
     6   -23.140  1.00000
     7   -19.936  1.00000
     8   -19.479  1.00000
     9   -18.443  1.00000
    10   -17.618  1.00000
    11   -17.438  1.00000
    12   -17.147  1.00000
    13   -16.099  1.00000
    14   -15.744  1.00000
    15   -14.714  1.00000
    16   -14.270  1.00000
    17   -13.977  1.00000
    18   -13.623  1.00000
    19   -13.359  1.00000
    20   -12.410  1.00000
    21   -12.122  1.00000
    22   -11.988  1.00000
    23   -11.772  1.00000
    24   -11.501  1.00000
    25   -11.403  1.00000
    26   -11.200  1.00000
    27   -11.167  1.00000
    28   -11.067  1.00000
    29   -10.666  1.00000
    30   -10.612  1.00000
    31   -10.449  1.00000
    32   -10.354  1.00000
    33   -10.232  1.00000
    34   -10.176  1.00000
    35   -10.165  1.00000
    36   -10.107  1.00000
    37    -9.531  1.00000
    38    -9.439  1.00000
    39    -9.318  1.00000
    40    -9.045  1.00000
    41    -9.018  1.00000
    42    -8.983  1.00000
    43    -8.758  1.00000
    44    -8.562  1.00000
    45    -8.428  1.00000
    46    -8.308  1.00000
    47    -7.894  1.00000
    48    -7.747  1.00000
    49    -7.496  1.00000
    50    -7.074  1.00000
    51    -6.743  1.00000
    52    -6.293  1.00000
    53    -6.180  1.00000
    54    -5.739  1.00000
    55    -3.851  0.00000
    56    -2.511  0.00000
    57    -1.709  0.00000
    58    -1.693  0.00000
    59    -0.918  0.00000
    60     0.009  0.00000
    61     2.094  0.00000
    62     2.372  0.00000
    63     7.682  0.00000
    64     8.168  0.00000
    65     8.507  0.00000
    66     8.871  0.00000
    67     9.196  0.00000
    68     9.273  0.00000
    69     9.376  0.00000
    70    10.003  0.00000
    71    11.126  0.00000
    72    12.003  0.00000
    73    13.137  0.00000
    74    13.433  0.00000
    75    14.296  0.00000
    76    14.640  0.00000
    77    14.882  0.00000
    78    15.023  0.00000
    79    15.497  0.00000
    80    16.765  0.00000
    81    17.669  0.00000
    82    18.503  0.00000
    83    18.903  0.00000
    84    19.436  0.00000
    85    20.334  0.00000
    86    20.916  0.00000
    87    21.484  0.00000
    88    21.966  0.00000
    89    23.847  0.00000
    90    24.780  0.00000
    91    25.920  0.00000
    92    28.867  0.00000
    93    29.046  0.00000
    94    31.707  0.00000

