 Fermi distribution function

Geometry optimization step: 596


********************************************************************************
 iSCC Total electronic   Diff electronic      SCC error    
    2   -0.51753895E+02   -0.10408741E-09    0.71964101E-05
********************************************************************************

Coordinates of moved atoms (au):
    1     -8.74811926      0.56767964      2.84005180
    2     -6.41047694      0.47235034      1.52584308
    3     -6.00435509      1.87074198     -0.58426197
    4     -7.72957505      3.59932775     -1.68466295
    5    -10.05210220      3.97037882     -0.67088845
    6     -7.11932710      4.96692916     -3.84829282
    7     -4.74294422      4.64666883     -4.98698900
    8     -3.00228577      2.97999798     -3.94964943
    9     -3.59311165      1.58508955     -1.74493308
   10     -1.93239374     -0.21469076     -0.65618233
   11      0.37588861     -0.11857265     -1.46924838
   12      2.02289310     -2.05219866     -0.56825821
   13      1.14856789     -4.53369659     -0.05033168
   14     -1.31452548     -5.06264204     -0.27793698
   15      2.78110862     -6.49046613      0.62566955
   16      5.36723651     -5.98791376      0.82387126
   17      6.28385027     -3.57163194      0.31096634
   18      4.66873318     -1.59010978     -0.41113755
   19      5.93834623      0.93529765     -0.88235574
   20      8.23145890      1.17218515     -0.68253979
   21      4.46488491      2.93022402     -1.53240801
   22     -8.59431190     -0.74794633      4.42775610
   23    -10.32041259     -0.02750637      1.62508209
   24     -9.11995993      2.46997664      3.57988364
   25     -8.49961917      6.26322296     -4.63632145
   26     -4.28043983      5.70131446     -6.68414725
   27     -1.17272040      2.70286532     -4.83860581
   28      2.02955371     -8.36282196      0.99965044
   29      6.66025196     -7.48427461      1.37338904
   30      8.29091135     -3.16070447      0.45427378
   31      2.67725129      2.45451338     -1.68010543

 Total charge:     0.00000000

 Atomic gross charges (e)
 Atom           Charge
    1       0.04480572
    2      -0.26409369
    3       0.20682231
    4       0.29042960
    5      -0.26867364
    6      -0.15803493
    7      -0.11215460
    8      -0.12358774
    9       0.06393161
   10      -0.06040512
   11      -0.17720578
   12       0.05514420
   13       0.38139752
   14      -0.24473546
   15      -0.17363746
   16      -0.07594284
   17      -0.09063021
   18      -0.12906391
   19       0.67554286
   20      -0.53225150
   21      -0.49667177
   22       0.06145507
   23       0.06377132
   24       0.06315093
   25       0.11199683
   26       0.10003988
   27       0.10002747
   28       0.11049383
   29       0.09631477
   30       0.12097118
   31       0.36079353

Nr. of electrons (up):     54.00000000
Atom populations (up)
 Atom       Population
    1       1.97759714
    2       3.13204684
    3       1.89658884
    4       1.85478520
    5       3.63433682
    6       2.07901746
    7       2.05607730
    8       2.06179387
    9       1.96803419
   10       2.53020256
   11       2.58860289
   12       1.97242790
   13       1.80930124
   14       3.62236773
   15       2.08681873
   16       2.03797142
   17       2.04531511
   18       2.06453195
   19       1.66222857
   20       3.26612575
   21       3.24833589
   22       0.46927246
   23       0.46811434
   24       0.46842454
   25       0.44400158
   26       0.44998006
   27       0.44998626
   28       0.44475309
   29       0.45184261
   30       0.43951441
   31       0.31960323

l-shell populations (up)
 Atom Sh.   l       Population
    1   1   0       0.61496336
    1   2   1       1.36263378
    2   1   0       0.85086024
    2   2   1       2.28118660
    3   1   0       0.56815294
    3   2   1       1.32843590
    4   1   0       0.55886757
    4   2   1       1.29591763
    5   1   0       0.94700819
    5   2   1       2.68732863
    6   1   0       0.61579411
    6   2   1       1.46322335
    7   1   0       0.61155020
    7   2   1       1.44452710
    8   1   0       0.61563038
    8   2   1       1.44616349
    9   1   0       0.57840189
    9   2   1       1.38963230
   10   1   0       0.76218545
   10   2   1       1.76801711
   11   1   0       0.76142973
   11   2   1       1.82717316
   12   1   0       0.58221548
   12   2   1       1.39021242
   13   1   0       0.55514152
   13   2   1       1.25415972
   14   1   0       0.94394835
   14   2   1       2.67841938
   15   1   0       0.61681392
   15   2   1       1.47000481
   16   1   0       0.61261898
   16   2   1       1.42535244
   17   1   0       0.61475427
   17   2   1       1.43056084
   18   1   0       0.61181454
   18   2   1       1.45271741
   19   1   0       0.52173764
   19   2   1       1.14049093
   20   1   0       0.87864919
   20   2   1       2.38747656
   21   1   0       0.87072226
   21   2   1       2.37761362
   22   1   0       0.46927246
   23   1   0       0.46811434
   24   1   0       0.46842454
   25   1   0       0.44400158
   26   1   0       0.44998006
   27   1   0       0.44998626
   28   1   0       0.44475309
   29   1   0       0.45184261
   30   1   0       0.43951441
   31   1   0       0.31960323

Orbital populations (up)
 Atom Sh.   l   m       Population
    1   1   0   0       0.61496336
    1   2   1  -1       0.49372726
    1   2   1   0       0.46700543
    1   2   1   1       0.40190109
    2   1   0   0       0.85086024
    2   2   1  -1       0.84379861
    2   2   1   0       0.69308972
    2   2   1   1       0.74429827
    3   1   0   0       0.56815294
    3   2   1  -1       0.45022370
    3   2   1   0       0.41265391
    3   2   1   1       0.46555830
    4   1   0   0       0.55886757
    4   2   1  -1       0.48498094
    4   2   1   0       0.45775289
    4   2   1   1       0.35318380
    5   1   0   0       0.94700819
    5   2   1  -1       0.96827245
    5   2   1   0       0.94218053
    5   2   1   1       0.77687565
    6   1   0   0       0.61579411
    6   2   1  -1       0.50207171
    6   2   1   0       0.48140716
    6   2   1   1       0.47974449
    7   1   0   0       0.61155020
    7   2   1  -1       0.49430420
    7   2   1   0       0.48743259
    7   2   1   1       0.46279031
    8   1   0   0       0.61563038
    8   2   1  -1       0.48569823
    8   2   1   0       0.48094352
    8   2   1   1       0.47952174
    9   1   0   0       0.57840189
    9   2   1  -1       0.46869686
    9   2   1   0       0.47016304
    9   2   1   1       0.45077240
   10   1   0   0       0.76218545
   10   2   1  -1       0.62790755
   10   2   1   0       0.63962481
   10   2   1   1       0.50048474
   11   1   0   0       0.76142973
   11   2   1  -1       0.66067533
   11   2   1   0       0.64931223
   11   2   1   1       0.51718560
   12   1   0   0       0.58221548
   12   2   1  -1       0.44186233
   12   2   1   0       0.50129264
   12   2   1   1       0.44705746
   13   1   0   0       0.55514152
   13   2   1  -1       0.45036403
   13   2   1   0       0.47195714
   13   2   1   1       0.33183855
   14   1   0   0       0.94394835
   14   2   1  -1       0.97632426
   14   2   1   0       0.94950192
   14   2   1   1       0.75259320
   15   1   0   0       0.61681392
   15   2   1  -1       0.47639808
   15   2   1   0       0.52638201
   15   2   1   1       0.46722473
   16   1   0   0       0.61261898
   16   2   1  -1       0.47048589
   16   2   1   0       0.49311763
   16   2   1   1       0.46174892
   17   1   0   0       0.61475427
   17   2   1  -1       0.45512539
   17   2   1   0       0.49260773
   17   2   1   1       0.48282771
   18   1   0   0       0.61181454
   18   2   1  -1       0.48087054
   18   2   1   0       0.51709048
   18   2   1   1       0.45475640
   19   1   0   0       0.52173764
   19   2   1  -1       0.38188330
   19   2   1   0       0.38609566
   19   2   1   1       0.37251198
   20   1   0   0       0.87864919
   20   2   1  -1       0.94086828
   20   2   1   0       0.72918744
   20   2   1   1       0.71742085
   21   1   0   0       0.87072226
   21   2   1  -1       0.81757227
   21   2   1   0       0.90072410
   21   2   1   1       0.65931726
   22   1   0   0       0.46927246
   23   1   0   0       0.46811434
   24   1   0   0       0.46842454
   25   1   0   0       0.44400158
   26   1   0   0       0.44998006
   27   1   0   0       0.44998626
   28   1   0   0       0.44475309
   29   1   0   0       0.45184261
   30   1   0   0       0.43951441
   31   1   0   0       0.31960323

Nr. of electrons (down):     54.00000000
Atom populations (down)
 Atom       Population
    1       1.97759714
    2       3.13204684
    3       1.89658884
    4       1.85478520
    5       3.63433682
    6       2.07901746
    7       2.05607730
    8       2.06179387
    9       1.96803419
   10       2.53020256
   11       2.58860289
   12       1.97242790
   13       1.80930124
   14       3.62236773
   15       2.08681873
   16       2.03797142
   17       2.04531511
   18       2.06453195
   19       1.66222857
   20       3.26612575
   21       3.24833589
   22       0.46927246
   23       0.46811434
   24       0.46842454
   25       0.44400158
   26       0.44998006
   27       0.44998626
   28       0.44475309
   29       0.45184261
   30       0.43951441
   31       0.31960323

l-shell populations (down)
 Atom Sh.   l       Population
    1   1   0       0.61496336
    1   2   1       1.36263378
    2   1   0       0.85086024
    2   2   1       2.28118660
    3   1   0       0.56815294
    3   2   1       1.32843590
    4   1   0       0.55886757
    4   2   1       1.29591763
    5   1   0       0.94700819
    5   2   1       2.68732863
    6   1   0       0.61579411
    6   2   1       1.46322335
    7   1   0       0.61155020
    7   2   1       1.44452710
    8   1   0       0.61563038
    8   2   1       1.44616349
    9   1   0       0.57840189
    9   2   1       1.38963230
   10   1   0       0.76218545
   10   2   1       1.76801711
   11   1   0       0.76142973
   11   2   1       1.82717316
   12   1   0       0.58221548
   12   2   1       1.39021242
   13   1   0       0.55514152
   13   2   1       1.25415972
   14   1   0       0.94394835
   14   2   1       2.67841938
   15   1   0       0.61681392
   15   2   1       1.47000481
   16   1   0       0.61261898
   16   2   1       1.42535244
   17   1   0       0.61475427
   17   2   1       1.43056084
   18   1   0       0.61181454
   18   2   1       1.45271741
   19   1   0       0.52173764
   19   2   1       1.14049093
   20   1   0       0.87864919
   20   2   1       2.38747656
   21   1   0       0.87072226
   21   2   1       2.37761362
   22   1   0       0.46927246
   23   1   0       0.46811434
   24   1   0       0.46842454
   25   1   0       0.44400158
   26   1   0       0.44998006
   27   1   0       0.44998626
   28   1   0       0.44475309
   29   1   0       0.45184261
   30   1   0       0.43951441
   31   1   0       0.31960323

Orbital populations (down)
 Atom Sh.   l   m       Population
    1   1   0   0       0.61496336
    1   2   1  -1       0.49372726
    1   2   1   0       0.46700543
    1   2   1   1       0.40190109
    2   1   0   0       0.85086024
    2   2   1  -1       0.84379861
    2   2   1   0       0.69308972
    2   2   1   1       0.74429827
    3   1   0   0       0.56815294
    3   2   1  -1       0.45022370
    3   2   1   0       0.41265391
    3   2   1   1       0.46555830
    4   1   0   0       0.55886757
    4   2   1  -1       0.48498094
    4   2   1   0       0.45775289
    4   2   1   1       0.35318380
    5   1   0   0       0.94700819
    5   2   1  -1       0.96827245
    5   2   1   0       0.94218053
    5   2   1   1       0.77687565
    6   1   0   0       0.61579411
    6   2   1  -1       0.50207171
    6   2   1   0       0.48140716
    6   2   1   1       0.47974449
    7   1   0   0       0.61155020
    7   2   1  -1       0.49430420
    7   2   1   0       0.48743259
    7   2   1   1       0.46279031
    8   1   0   0       0.61563038
    8   2   1  -1       0.48569823
    8   2   1   0       0.48094352
    8   2   1   1       0.47952174
    9   1   0   0       0.57840189
    9   2   1  -1       0.46869686
    9   2   1   0       0.47016304
    9   2   1   1       0.45077240
   10   1   0   0       0.76218545
   10   2   1  -1       0.62790755
   10   2   1   0       0.63962481
   10   2   1   1       0.50048474
   11   1   0   0       0.76142973
   11   2   1  -1       0.66067533
   11   2   1   0       0.64931223
   11   2   1   1       0.51718560
   12   1   0   0       0.58221548
   12   2   1  -1       0.44186233
   12   2   1   0       0.50129264
   12   2   1   1       0.44705746
   13   1   0   0       0.55514152
   13   2   1  -1       0.45036403
   13   2   1   0       0.47195714
   13   2   1   1       0.33183855
   14   1   0   0       0.94394835
   14   2   1  -1       0.97632426
   14   2   1   0       0.94950192
   14   2   1   1       0.75259320
   15   1   0   0       0.61681392
   15   2   1  -1       0.47639808
   15   2   1   0       0.52638201
   15   2   1   1       0.46722473
   16   1   0   0       0.61261898
   16   2   1  -1       0.47048589
   16   2   1   0       0.49311763
   16   2   1   1       0.46174892
   17   1   0   0       0.61475427
   17   2   1  -1       0.45512539
   17   2   1   0       0.49260773
   17   2   1   1       0.48282771
   18   1   0   0       0.61181454
   18   2   1  -1       0.48087054
   18   2   1   0       0.51709048
   18   2   1   1       0.45475640
   19   1   0   0       0.52173764
   19   2   1  -1       0.38188330
   19   2   1   0       0.38609566
   19   2   1   1       0.37251198
   20   1   0   0       0.87864919
   20   2   1  -1       0.94086828
   20   2   1   0       0.72918744
   20   2   1   1       0.71742085
   21   1   0   0       0.87072226
   21   2   1  -1       0.81757227
   21   2   1   0       0.90072410
   21   2   1   1       0.65931726
   22   1   0   0       0.46927246
   23   1   0   0       0.46811434
   24   1   0   0       0.46842454
   25   1   0   0       0.44400158
   26   1   0   0       0.44998006
   27   1   0   0       0.44998626
   28   1   0   0       0.44475309
   29   1   0   0       0.45184261
   30   1   0   0       0.43951441
   31   1   0   0       0.31960323

Spin  up
Fermi level:                        -0.1762165527 H           -4.7951 eV
Band energy:                       -25.7071834455 H         -699.5281 eV
TS:                                  0.0000000000 H            0.0000 eV
Band free energy (E-TS):           -25.7071834455 H         -699.5281 eV
Extrapolated E(0K):                -25.7071834455 H         -699.5281 eV
Input / Output electrons (up):     54.0000000000     54.0000000000

Spin  down
Fermi level:                        -0.1762165527 H           -4.7951 eV
Band energy:                       -25.7071834455 H         -699.5281 eV
TS:                                  0.0000000000 H            0.0000 eV
Band free energy (E-TS):           -25.7071834455 H         -699.5281 eV
Extrapolated E(0K):                -25.7071834455 H         -699.5281 eV
Input / Output electrons (down):     54.0000000000     54.0000000000

Energy H0:                         -51.8137748816 H        -1409.9246 eV
Energy SCC:                          0.0632547852 H            1.7213 eV
Energy SPIN:                         0.0000000000 H            0.0000 eV
Total Electronic energy:           -51.7538945480 H        -1408.2951 eV
Repulsive energy:                    0.6747314909 H           18.3604 eV
Total energy:                      -51.0791630571 H        -1389.9347 eV
Extrapolated to 0:                 -51.0791630571 H        -1389.9347 eV
Total Mermin free energy:          -51.0791630571 H        -1389.9347 eV
Force related energy:              -51.0791630571 H        -1389.9347 eV

SCC converged

Full geometry written in opt.{xyz|gen}

Dipole moment:   -1.84000344   -0.70414734    0.15934853 au
Dipole moment:   -4.67682262   -1.78976415    0.40502360 Debye

Geometry converged

