 Fermi distribution function

Geometry optimization step: 677


********************************************************************************
 iSCC Total electronic   Diff electronic      SCC error    
    4   -0.60265197E+02   -0.54953375E-10    0.37781621E-05
********************************************************************************

Coordinates of moved atoms (au):
    1      5.16212604      3.99549488     -1.60793915
    2      5.92579403      2.68321562     -3.80753057
    3      5.15157622      0.31829172     -4.34945033
    4      6.26839836     -0.82170359     -6.52295259
    5      8.23798184      0.40244126     -8.11663674
    6      9.15859257     -0.61490473     -9.99899692
    7      9.04016807      2.74777676     -7.43705748
    8      5.54431925     -3.27864999     -7.23862301
    9      3.75144225     -4.63661437     -5.87686492
   10      2.62252808     -3.47871302     -3.78464179
   11      0.95377211     -4.81470593     -2.43158599
   12      3.21077298     -0.99366487     -3.01203433
   13      2.20349689     -0.07496952     -0.61822635
   14     -0.14990314     -0.06325528     -0.22452870
   15     -1.94442390     -0.49157773     -2.21835657
   16     -3.95506167     -2.17792039     -1.80922907
   17     -5.87415256     -2.41853698     -3.62404470
   18     -7.90716240     -4.19700178     -3.22505947
   19     -9.52902105     -5.61575519     -2.90073391
   20     -5.83752098     -0.91121588     -5.80698665
   21     -3.87343277      0.83287852     -6.18175828
   22     -3.90258374      2.43241692     -8.49987580
   23     -5.54900340      2.35516034    -10.13056685
   24     -1.92085561      4.06586767     -8.74491994
   25     -1.92671940      1.04044302     -4.38972553
   26      3.09411466      4.16016048     -1.50425437
   27      5.87124566      3.06826303      0.10868682
   28      5.98002057      5.89150140     -1.72489046
   29     10.31744042      3.29272004     -8.63450172
   30      6.45254853     -4.09908546     -8.88645930
   31      3.23142187     -6.54919054     -6.39811989
   32     -3.97548497     -3.34910875     -0.12345774
   33     -7.32177137     -1.05813810     -7.21777183
   34     -2.11662650      5.00596194    -10.30839489
   35     -0.42514063      2.41299358     -4.67434777

 Total charge:    -0.00000000

 Atomic gross charges (e)
 Atom           Charge
    1       0.04695134
    2      -0.25587194
    3       0.28851316
    4      -0.18417242
    5       0.68869262
    6      -0.59051901
    7      -0.49500036
    8      -0.06735376
    9      -0.22147753
   10       0.39244907
   11      -0.24739696
   12      -0.07504654
   13      -0.07177351
   14      -0.08522095
   15       0.16093995
   16      -0.10892681
   17       0.07933297
   18       0.16577210
   19      -0.27094669
   20      -0.09298570
   21      -0.06684812
   22       0.67546140
   23      -0.55647799
   24      -0.50959897
   25      -0.12571080
   26       0.06142141
   27       0.06106509
   28       0.06710201
   29       0.37464835
   30       0.12857245
   31       0.12154539
   32       0.10814230
   33       0.11970906
   34       0.38035393
   35       0.10465543

Nr. of electrons (up):     63.00000000
Atom populations (up)
 Atom       Population
    1       1.97652433
    2       3.12793597
    3       1.85574342
    4       2.09208621
    5       1.65565369
    6       3.29525950
    7       3.24750018
    8       2.03367688
    9       2.11073876
   10       1.80377546
   11       3.62369848
   12       2.03752327
   13       2.53588675
   14       2.54261047
   15       1.91953003
   16       2.05446341
   17       1.96033351
   18       1.91711395
   19       2.63547334
   20       2.04649285
   21       2.03342406
   22       1.66226930
   23       3.27823900
   24       3.25479949
   25       2.06285540
   26       0.46928929
   27       0.46946746
   28       0.46644899
   29       0.31267582
   30       0.43571378
   31       0.43922730
   32       0.44592885
   33       0.44014547
   34       0.30982303
   35       0.44767228

l-shell populations (up)
 Atom Sh.   l       Population
    1   1   0       0.61427457
    1   2   1       1.36224976
    2   1   0       0.84753311
    2   2   1       2.28040286
    3   1   0       0.56383936
    3   2   1       1.29190406
    4   1   0       0.60320760
    4   2   1       1.48887861
    5   1   0       0.52032187
    5   2   1       1.13533182
    6   1   0       0.88206971
    6   2   1       2.41318980
    7   1   0       0.87310069
    7   2   1       2.37439950
    8   1   0       0.61673957
    8   2   1       1.41693731
    9   1   0       0.61508288
    9   2   1       1.49565588
   10   1   0       0.55502074
   10   2   1       1.24875473
   11   1   0       0.94413551
   11   2   1       2.67956297
   12   1   0       0.58977004
   12   2   1       1.44775322
   13   1   0       0.75671704
   13   2   1       1.77916971
   14   1   0       0.75136516
   14   2   1       1.79124531
   15   1   0       0.57704616
   15   2   1       1.34248387
   16   1   0       0.61768280
   16   2   1       1.43678061
   17   1   0       0.58134988
   17   2   1       1.37898363
   18   1   0       0.58370339
   18   2   1       1.33341056
   19   1   0       0.81635119
   19   2   1       1.81912215
   20   1   0       0.61719509
   20   2   1       1.42929777
   21   1   0       0.60043173
   21   2   1       1.43299233
   22   1   0       0.52286970
   22   2   1       1.13939961
   23   1   0       0.88040959
   23   2   1       2.39782941
   24   1   0       0.87455814
   24   2   1       2.38024135
   25   1   0       0.61801438
   25   2   1       1.44484102
   26   1   0       0.46928929
   27   1   0       0.46946746
   28   1   0       0.46644899
   29   1   0       0.31267582
   30   1   0       0.43571378
   31   1   0       0.43922730
   32   1   0       0.44592885
   33   1   0       0.44014547
   34   1   0       0.30982303
   35   1   0       0.44767228

Orbital populations (up)
 Atom Sh.   l   m       Population
    1   1   0   0       0.61427457
    1   2   1  -1       0.46913183
    1   2   1   0       0.41233225
    1   2   1   1       0.48078567
    2   1   0   0       0.84753311
    2   2   1  -1       0.65897481
    2   2   1   0       0.74742375
    2   2   1   1       0.87400430
    3   1   0   0       0.56383936
    3   2   1  -1       0.38555422
    3   2   1   0       0.46256010
    3   2   1   1       0.44378974
    4   1   0   0       0.60320760
    4   2   1  -1       0.48273075
    4   2   1   0       0.48910456
    4   2   1   1       0.51704329
    5   1   0   0       0.52032187
    5   2   1  -1       0.35723822
    5   2   1   0       0.38368427
    5   2   1   1       0.39440932
    6   1   0   0       0.88206971
    6   2   1  -1       0.87819639
    6   2   1   0       0.72773572
    6   2   1   1       0.80725769
    7   1   0   0       0.87310069
    7   2   1  -1       0.71977524
    7   2   1   0       0.85910591
    7   2   1   1       0.79551834
    8   1   0   0       0.61673957
    8   2   1  -1       0.46174894
    8   2   1   0       0.48278051
    8   2   1   1       0.47240787
    9   1   0   0       0.61508288
    9   2   1  -1       0.48869812
    9   2   1   0       0.49406892
    9   2   1   1       0.51288884
   10   1   0   0       0.55502074
   10   2   1  -1       0.41807086
   10   2   1   0       0.42408838
   10   2   1   1       0.40659548
   11   1   0   0       0.94413551
   11   2   1  -1       0.91461098
   11   2   1   0       0.90492436
   11   2   1   1       0.86002763
   12   1   0   0       0.58977004
   12   2   1  -1       0.47875917
   12   2   1   0       0.45309212
   12   2   1   1       0.51590193
   13   1   0   0       0.75671704
   13   2   1  -1       0.53771339
   13   2   1   0       0.64346730
   13   2   1   1       0.59798902
   14   1   0   0       0.75136516
   14   2   1  -1       0.54120134
   14   2   1   0       0.74050671
   14   2   1   1       0.50953727
   15   1   0   0       0.57704616
   15   2   1  -1       0.46262541
   15   2   1   0       0.42287127
   15   2   1   1       0.45698719
   16   1   0   0       0.61768280
   16   2   1  -1       0.49311385
   16   2   1   0       0.48154857
   16   2   1   1       0.46211819
   17   1   0   0       0.58134988
   17   2   1  -1       0.46368645
   17   2   1   0       0.46325164
   17   2   1   1       0.45204554
   18   1   0   0       0.58370339
   18   2   1  -1       0.44395089
   18   2   1   0       0.44988948
   18   2   1   1       0.43957018
   19   1   0   0       0.81635119
   19   2   1  -1       0.61822527
   19   2   1   0       0.56193140
   19   2   1   1       0.63896549
   20   1   0   0       0.61719509
   20   2   1  -1       0.47377709
   20   2   1   0       0.47526453
   20   2   1   1       0.48025614
   21   1   0   0       0.60043173
   21   2   1  -1       0.48689089
   21   2   1   0       0.47309215
   21   2   1   1       0.47300928
   22   1   0   0       0.52286970
   22   2   1  -1       0.38143456
   22   2   1   0       0.40265993
   22   2   1   1       0.35530511
   23   1   0   0       0.88040959
   23   2   1  -1       0.84220254
   23   2   1   0       0.78088299
   23   2   1   1       0.77474387
   24   1   0   0       0.87455814
   24   2   1  -1       0.76614730
   24   2   1   0       0.79296088
   24   2   1   1       0.82113316
   25   1   0   0       0.61801438
   25   2   1  -1       0.49586337
   25   2   1   0       0.46620995
   25   2   1   1       0.48276770
   26   1   0   0       0.46928929
   27   1   0   0       0.46946746
   28   1   0   0       0.46644899
   29   1   0   0       0.31267582
   30   1   0   0       0.43571378
   31   1   0   0       0.43922730
   32   1   0   0       0.44592885
   33   1   0   0       0.44014547
   34   1   0   0       0.30982303
   35   1   0   0       0.44767228

Nr. of electrons (down):     63.00000000
Atom populations (down)
 Atom       Population
    1       1.97652433
    2       3.12793597
    3       1.85574342
    4       2.09208621
    5       1.65565369
    6       3.29525950
    7       3.24750018
    8       2.03367688
    9       2.11073876
   10       1.80377546
   11       3.62369848
   12       2.03752327
   13       2.53588675
   14       2.54261047
   15       1.91953003
   16       2.05446341
   17       1.96033351
   18       1.91711395
   19       2.63547334
   20       2.04649285
   21       2.03342406
   22       1.66226930
   23       3.27823900
   24       3.25479949
   25       2.06285540
   26       0.46928929
   27       0.46946746
   28       0.46644899
   29       0.31267582
   30       0.43571378
   31       0.43922730
   32       0.44592885
   33       0.44014547
   34       0.30982303
   35       0.44767228

l-shell populations (down)
 Atom Sh.   l       Population
    1   1   0       0.61427457
    1   2   1       1.36224976
    2   1   0       0.84753311
    2   2   1       2.28040286
    3   1   0       0.56383936
    3   2   1       1.29190406
    4   1   0       0.60320760
    4   2   1       1.48887861
    5   1   0       0.52032187
    5   2   1       1.13533182
    6   1   0       0.88206971
    6   2   1       2.41318980
    7   1   0       0.87310069
    7   2   1       2.37439950
    8   1   0       0.61673957
    8   2   1       1.41693731
    9   1   0       0.61508288
    9   2   1       1.49565588
   10   1   0       0.55502074
   10   2   1       1.24875473
   11   1   0       0.94413551
   11   2   1       2.67956297
   12   1   0       0.58977004
   12   2   1       1.44775322
   13   1   0       0.75671704
   13   2   1       1.77916971
   14   1   0       0.75136516
   14   2   1       1.79124531
   15   1   0       0.57704616
   15   2   1       1.34248387
   16   1   0       0.61768280
   16   2   1       1.43678061
   17   1   0       0.58134988
   17   2   1       1.37898363
   18   1   0       0.58370339
   18   2   1       1.33341056
   19   1   0       0.81635119
   19   2   1       1.81912215
   20   1   0       0.61719509
   20   2   1       1.42929777
   21   1   0       0.60043173
   21   2   1       1.43299233
   22   1   0       0.52286970
   22   2   1       1.13939961
   23   1   0       0.88040959
   23   2   1       2.39782941
   24   1   0       0.87455814
   24   2   1       2.38024135
   25   1   0       0.61801438
   25   2   1       1.44484102
   26   1   0       0.46928929
   27   1   0       0.46946746
   28   1   0       0.46644899
   29   1   0       0.31267582
   30   1   0       0.43571378
   31   1   0       0.43922730
   32   1   0       0.44592885
   33   1   0       0.44014547
   34   1   0       0.30982303
   35   1   0       0.44767228

Orbital populations (down)
 Atom Sh.   l   m       Population
    1   1   0   0       0.61427457
    1   2   1  -1       0.46913183
    1   2   1   0       0.41233225
    1   2   1   1       0.48078567
    2   1   0   0       0.84753311
    2   2   1  -1       0.65897481
    2   2   1   0       0.74742375
    2   2   1   1       0.87400430
    3   1   0   0       0.56383936
    3   2   1  -1       0.38555422
    3   2   1   0       0.46256010
    3   2   1   1       0.44378974
    4   1   0   0       0.60320760
    4   2   1  -1       0.48273075
    4   2   1   0       0.48910456
    4   2   1   1       0.51704329
    5   1   0   0       0.52032187
    5   2   1  -1       0.35723822
    5   2   1   0       0.38368427
    5   2   1   1       0.39440932
    6   1   0   0       0.88206971
    6   2   1  -1       0.87819639
    6   2   1   0       0.72773572
    6   2   1   1       0.80725769
    7   1   0   0       0.87310069
    7   2   1  -1       0.71977524
    7   2   1   0       0.85910591
    7   2   1   1       0.79551834
    8   1   0   0       0.61673957
    8   2   1  -1       0.46174894
    8   2   1   0       0.48278051
    8   2   1   1       0.47240787
    9   1   0   0       0.61508288
    9   2   1  -1       0.48869812
    9   2   1   0       0.49406892
    9   2   1   1       0.51288884
   10   1   0   0       0.55502074
   10   2   1  -1       0.41807086
   10   2   1   0       0.42408838
   10   2   1   1       0.40659548
   11   1   0   0       0.94413551
   11   2   1  -1       0.91461098
   11   2   1   0       0.90492436
   11   2   1   1       0.86002763
   12   1   0   0       0.58977004
   12   2   1  -1       0.47875917
   12   2   1   0       0.45309212
   12   2   1   1       0.51590193
   13   1   0   0       0.75671704
   13   2   1  -1       0.53771339
   13   2   1   0       0.64346730
   13   2   1   1       0.59798902
   14   1   0   0       0.75136516
   14   2   1  -1       0.54120134
   14   2   1   0       0.74050671
   14   2   1   1       0.50953727
   15   1   0   0       0.57704616
   15   2   1  -1       0.46262541
   15   2   1   0       0.42287127
   15   2   1   1       0.45698719
   16   1   0   0       0.61768280
   16   2   1  -1       0.49311385
   16   2   1   0       0.48154857
   16   2   1   1       0.46211819
   17   1   0   0       0.58134988
   17   2   1  -1       0.46368645
   17   2   1   0       0.46325164
   17   2   1   1       0.45204554
   18   1   0   0       0.58370339
   18   2   1  -1       0.44395089
   18   2   1   0       0.44988948
   18   2   1   1       0.43957018
   19   1   0   0       0.81635119
   19   2   1  -1       0.61822527
   19   2   1   0       0.56193140
   19   2   1   1       0.63896549
   20   1   0   0       0.61719509
   20   2   1  -1       0.47377709
   20   2   1   0       0.47526453
   20   2   1   1       0.48025614
   21   1   0   0       0.60043173
   21   2   1  -1       0.48689089
   21   2   1   0       0.47309215
   21   2   1   1       0.47300928
   22   1   0   0       0.52286970
   22   2   1  -1       0.38143456
   22   2   1   0       0.40265993
   22   2   1   1       0.35530511
   23   1   0   0       0.88040959
   23   2   1  -1       0.84220254
   23   2   1   0       0.78088299
   23   2   1   1       0.77474387
   24   1   0   0       0.87455814
   24   2   1  -1       0.76614730
   24   2   1   0       0.79296088
   24   2   1   1       0.82113316
   25   1   0   0       0.61801438
   25   2   1  -1       0.49586337
   25   2   1   0       0.46620995
   25   2   1   1       0.48276770
   26   1   0   0       0.46928929
   27   1   0   0       0.46946746
   28   1   0   0       0.46644899
   29   1   0   0       0.31267582
   30   1   0   0       0.43571378
   31   1   0   0       0.43922730
   32   1   0   0       0.44592885
   33   1   0   0       0.44014547
   34   1   0   0       0.30982303
   35   1   0   0       0.44767228

Spin  up
Fermi level:                        -0.1761320697 H           -4.7928 eV
Band energy:                       -30.3609996699 H         -826.1648 eV
TS:                                  0.0000000000 H            0.0000 eV
Band free energy (E-TS):           -30.3609996699 H         -826.1648 eV
Extrapolated E(0K):                -30.3609996699 H         -826.1648 eV
Input / Output electrons (up):     63.0000000000     63.0000000000

Spin  down
Fermi level:                        -0.1761320697 H           -4.7928 eV
Band energy:                       -30.3609996699 H         -826.1648 eV
TS:                                  0.0000000000 H            0.0000 eV
Band free energy (E-TS):           -30.3609996699 H         -826.1648 eV
Extrapolated E(0K):                -30.3609996699 H         -826.1648 eV
Input / Output electrons (down):     63.0000000000     63.0000000000

Energy H0:                         -60.3480897034 H        -1642.1551 eV
Energy SCC:                          0.0909113259 H            2.4738 eV
Energy SPIN:                         0.0000000000 H            0.0000 eV
Total Electronic energy:           -60.2651966403 H        -1639.8994 eV
Repulsive energy:                    1.0983392937 H           29.8873 eV
Total energy:                      -59.1668573466 H        -1610.0121 eV
Extrapolated to 0:                 -59.1668573466 H        -1610.0121 eV
Total Mermin free energy:          -59.1668573466 H        -1610.0121 eV
Force related energy:              -59.1668573466 H        -1610.0121 eV

SCC converged

Full geometry written in opt.{xyz|gen}

Dipole moment:    1.33008522    1.55060325    1.05364696 au
Dipole moment:    3.38073969    3.94124066    2.67810366 Debye

Geometry converged

