 Fermi distribution function

Calculation with static geometry


********************************************************************************
 iSCC Total electronic   Diff electronic      SCC error    
   17   -0.55293380E+02   -0.13301360E-10    0.64226357E-05
********************************************************************************

 Total charge:    -0.00000000

 Atomic gross charges (e)
 Atom           Charge
    1      -0.24963351
    2       0.05405681
    3      -0.11033291
    4      -0.09702817
    5       0.66675970
    6      -0.49964572
    7      -0.48023864
    8      -0.14620396
    9       0.17101226
   10      -0.08754224
   11      -0.08788846
   12       0.17855486
   13      -0.24839654
   14       0.42426857
   15      -0.25282987
   16      -0.20808641
   17      -0.06420492
   18       0.67863204
   19      -0.55614509
   20      -0.51179493
   21      -0.15465641
   22      -0.01597348
   23      -0.24495035
   24       0.09248250
   25       0.09226342
   26       0.08979863
   27       0.11399760
   28       0.35044188
   29       0.07646039
   30       0.11775393
   31       0.13640895
   32       0.37939419
   33       0.11311310
   34       0.09252121
   35       0.09370270
   36       0.09392887

Nr. of electrons (up):     59.00000000
Atom populations (up)
 Atom       Population
    1       2.12493575
    2       1.96877992
    3       2.07328434
    4       2.04129756
    5       1.66865168
    6       3.23510482
    7       3.23910005
    8       2.07080151
    9       1.87854172
   10       2.55040111
   11       2.55533685
   12       1.88874047
   13       2.15268499
   14       1.78183110
   15       3.62517737
   16       2.12556821
   17       2.03652521
   18       1.66361295
   19       3.27676674
   20       3.25642194
   21       2.06670684
   22       2.02546952
   23       2.12032567
   24       0.45374165
   25       0.45380691
   26       0.45491318
   27       0.44162791
   28       0.32483467
   29       0.46163695
   30       0.43902593
   31       0.43035591
   32       0.31025249
   33       0.44334662
   34       0.45342739
   35       0.45322440
   36       0.45373969

l-shell populations (up)
 Atom Sh.   l       Population
    1   1   0       0.63972172
    1   2   1       1.48521403
    2   1   0       0.59180122
    2   2   1       1.37697870
    3   1   0       0.61666619
    3   2   1       1.45661815
    4   1   0       0.60478082
    4   2   1       1.43651673
    5   1   0       0.52342321
    5   2   1       1.14522846
    6   1   0       0.87765978
    6   2   1       2.35744504
    7   1   0       0.86774575
    7   2   1       2.37135430
    8   1   0       0.61641607
    8   2   1       1.45438544
    9   1   0       0.57300148
    9   2   1       1.30554024
   10   1   0       0.72189940
   10   2   1       1.82850171
   11   1   0       0.72075774
   11   2   1       1.83457911
   12   1   0       0.57149034
   12   2   1       1.31725013
   13   1   0       0.62058825
   13   2   1       1.53209673
   14   1   0       0.54960872
   14   2   1       1.23222238
   15   1   0       0.94422413
   15   2   1       2.68095324
   16   1   0       0.61935668
   16   2   1       1.50621154
   17   1   0       0.60088238
   17   2   1       1.43564282
   18   1   0       0.52181131
   18   2   1       1.14180163
   19   1   0       0.88050108
   19   2   1       2.39626565
   20   1   0       0.87445977
   20   2   1       2.38196217
   21   1   0       0.61897878
   21   2   1       1.44772806
   22   1   0       0.59907969
   22   2   1       1.42638984
   23   1   0       0.63907412
   23   2   1       1.48125155
   24   1   0       0.45374165
   25   1   0       0.45380691
   26   1   0       0.45491318
   27   1   0       0.44162791
   28   1   0       0.32483467
   29   1   0       0.46163695
   30   1   0       0.43902593
   31   1   0       0.43035591
   32   1   0       0.31025249
   33   1   0       0.44334662
   34   1   0       0.45342739
   35   1   0       0.45322440
   36   1   0       0.45373969

Orbital populations (up)
 Atom Sh.   l   m       Population
    1   1   0   0       0.63972172
    1   2   1  -1       0.49529337
    1   2   1   0       0.50004822
    1   2   1   1       0.48987243
    2   1   0   0       0.59180122
    2   2   1  -1       0.45506997
    2   2   1   0       0.46270632
    2   2   1   1       0.45920242
    3   1   0   0       0.61666619
    3   2   1  -1       0.46810748
    3   2   1   0       0.50001465
    3   2   1   1       0.48849602
    4   1   0   0       0.60478082
    4   2   1  -1       0.46931413
    4   2   1   0       0.48653976
    4   2   1   1       0.48066284
    5   1   0   0       0.52342321
    5   2   1  -1       0.39264449
    5   2   1   0       0.38428636
    5   2   1   1       0.36829761
    6   1   0   0       0.87765978
    6   2   1  -1       0.89258670
    6   2   1   0       0.71295460
    6   2   1   1       0.75190374
    7   1   0   0       0.86774575
    7   2   1  -1       0.84702875
    7   2   1   0       0.76119440
    7   2   1   1       0.76313115
    8   1   0   0       0.61641607
    8   2   1  -1       0.45855726
    8   2   1   0       0.50615531
    8   2   1   1       0.48967286
    9   1   0   0       0.57300148
    9   2   1  -1       0.45890650
    9   2   1   0       0.37087824
    9   2   1   1       0.47575550
   10   1   0   0       0.72189940
   10   2   1  -1       0.80495969
   10   2   1   0       0.49261193
   10   2   1   1       0.53093009
   11   1   0   0       0.72075774
   11   2   1  -1       0.74721516
   11   2   1   0       0.54920416
   11   2   1   1       0.53815979
   12   1   0   0       0.57149034
   12   2   1  -1       0.46575069
   12   2   1   0       0.37029562
   12   2   1   1       0.48120383
   13   1   0   0       0.62058825
   13   2   1  -1       0.50779704
   13   2   1   0       0.49699733
   13   2   1   1       0.52730236
   14   1   0   0       0.54960872
   14   2   1  -1       0.41060445
   14   2   1   0       0.37079077
   14   2   1   1       0.45082716
   15   1   0   0       0.94422413
   15   2   1  -1       0.88629729
   15   2   1   0       0.82559898
   15   2   1   1       0.96905697
   16   1   0   0       0.61935668
   16   2   1  -1       0.49848917
   16   2   1   0       0.49050422
   16   2   1   1       0.51721815
   17   1   0   0       0.60088238
   17   2   1  -1       0.48696581
   17   2   1   0       0.46760992
   17   2   1   1       0.48106710
   18   1   0   0       0.52181131
   18   2   1  -1       0.39191027
   18   2   1   0       0.35183837
   18   2   1   1       0.39805300
   19   1   0   0       0.88050108
   19   2   1  -1       0.85252118
   19   2   1   0       0.78358472
   19   2   1   1       0.76015975
   20   1   0   0       0.87445977
   20   2   1  -1       0.74135909
   20   2   1   0       0.80708234
   20   2   1   1       0.83352074
   21   1   0   0       0.61897878
   21   2   1  -1       0.49548099
   21   2   1   0       0.48255098
   21   2   1   1       0.46969610
   22   1   0   0       0.59907969
   22   2   1  -1       0.45865987
   22   2   1   0       0.49110844
   22   2   1   1       0.47662152
   23   1   0   0       0.63907412
   23   2   1  -1       0.47868716
   23   2   1   0       0.50029517
   23   2   1   1       0.50226922
   24   1   0   0       0.45374165
   25   1   0   0       0.45380691
   26   1   0   0       0.45491318
   27   1   0   0       0.44162791
   28   1   0   0       0.32483467
   29   1   0   0       0.46163695
   30   1   0   0       0.43902593
   31   1   0   0       0.43035591
   32   1   0   0       0.31025249
   33   1   0   0       0.44334662
   34   1   0   0       0.45342739
   35   1   0   0       0.45322440
   36   1   0   0       0.45373969

Nr. of electrons (down):     59.00000000
Atom populations (down)
 Atom       Population
    1       2.12469777
    2       1.97716327
    3       2.03704857
    4       2.05573062
    5       1.66458862
    6       3.26454090
    7       3.24113859
    8       2.07540245
    9       1.95044603
   10       2.53714112
   11       2.53255161
   12       1.93270466
   13       2.09571155
   14       1.79390033
   15       3.62765249
   16       2.08251820
   17       2.02767971
   18       1.65775501
   19       3.27937835
   20       3.25537299
   21       2.08794958
   22       1.99050396
   23       2.12462468
   24       0.45377585
   25       0.45392967
   26       0.45528818
   27       0.44437448
   28       0.32472345
   29       0.46190266
   30       0.44322014
   31       0.43323515
   32       0.31035332
   33       0.44354028
   34       0.45405140
   35       0.45307290
   36       0.45233144

l-shell populations (down)
 Atom Sh.   l       Population
    1   1   0       0.63959673
    1   2   1       1.48510104
    2   1   0       0.59315126
    2   2   1       1.38401200
    3   1   0       0.61488812
    3   2   1       1.42216045
    4   1   0       0.60566235
    4   2   1       1.45006826
    5   1   0       0.52317107
    5   2   1       1.14141756
    6   1   0       0.87797773
    6   2   1       2.38656318
    7   1   0       0.86782367
    7   2   1       2.37331492
    8   1   0       0.61545900
    8   2   1       1.45994344
    9   1   0       0.58173394
    9   2   1       1.36871208
   10   1   0       0.75346565
   10   2   1       1.78367547
   11   1   0       0.75176885
   11   2   1       1.78078276
   12   1   0       0.58049761
   12   2   1       1.35220705
   13   1   0       0.61751802
   13   2   1       1.47819353
   14   1   0       0.55177166
   14   2   1       1.24212867
   15   1   0       0.94417909
   15   2   1       2.68347340
   16   1   0       0.61755592
   16   2   1       1.46496228
   17   1   0       0.60090329
   17   2   1       1.42677642
   18   1   0       0.52193316
   18   2   1       1.13582185
   19   1   0       0.88057155
   19   2   1       2.39880680
   20   1   0       0.87450726
   20   2   1       2.38086573
   21   1   0       0.61835291
   21   2   1       1.46959667
   22   1   0       0.59609483
   22   2   1       1.39440913
   23   1   0       0.63953350
   23   2   1       1.48509119
   24   1   0       0.45377585
   25   1   0       0.45392967
   26   1   0       0.45528818
   27   1   0       0.44437448
   28   1   0       0.32472345
   29   1   0       0.46190266
   30   1   0       0.44322014
   31   1   0       0.43323515
   32   1   0       0.31035332
   33   1   0       0.44354028
   34   1   0       0.45405140
   35   1   0       0.45307290
   36   1   0       0.45233144

Orbital populations (down)
 Atom Sh.   l   m       Population
    1   1   0   0       0.63959673
    1   2   1  -1       0.49510646
    1   2   1   0       0.50000558
    1   2   1   1       0.48998900
    2   1   0   0       0.59315126
    2   2   1  -1       0.45715777
    2   2   1   0       0.46469726
    2   2   1   1       0.46215698
    3   1   0   0       0.61488812
    3   2   1  -1       0.45887780
    3   2   1   0       0.48492740
    3   2   1   1       0.47835525
    4   1   0   0       0.60566235
    4   2   1  -1       0.47775240
    4   2   1   0       0.48635271
    4   2   1   1       0.48596315
    5   1   0   0       0.52317107
    5   2   1  -1       0.39310608
    5   2   1   0       0.38237872
    5   2   1   1       0.36593277
    6   1   0   0       0.87797773
    6   2   1  -1       0.91116883
    6   2   1   0       0.71607135
    6   2   1   1       0.75932300
    7   1   0   0       0.86782367
    7   2   1  -1       0.84871256
    7   2   1   0       0.76100101
    7   2   1   1       0.76360136
    8   1   0   0       0.61545900
    8   2   1  -1       0.47453483
    8   2   1   0       0.49293454
    8   2   1   1       0.49247407
    9   1   0   0       0.58173394
    9   2   1  -1       0.46086697
    9   2   1   0       0.43365823
    9   2   1   1       0.47418688
   10   1   0   0       0.75346565
   10   2   1  -1       0.54007001
   10   2   1   0       0.70122307
   10   2   1   1       0.54238239
   11   1   0   0       0.75176885
   11   2   1  -1       0.52434904
   11   2   1   0       0.70237098
   11   2   1   1       0.55406273
   12   1   0   0       0.58049761
   12   2   1  -1       0.46216456
   12   2   1   0       0.41986537
   12   2   1   1       0.47017712
   13   1   0   0       0.61751802
   13   2   1  -1       0.50453922
   13   2   1   0       0.46926487
   13   2   1   1       0.50438945
   14   1   0   0       0.55177166
   14   2   1  -1       0.41221811
   14   2   1   0       0.37241045
   14   2   1   1       0.45750010
   15   1   0   0       0.94417909
   15   2   1  -1       0.88621950
   15   2   1   0       0.82611671
   15   2   1   1       0.97113718
   16   1   0   0       0.61755592
   16   2   1  -1       0.48395398
   16   2   1   0       0.48416089
   16   2   1   1       0.49684741
   17   1   0   0       0.60090329
   17   2   1  -1       0.48118221
   17   2   1   0       0.46485999
   17   2   1   1       0.48073421
   18   1   0   0       0.52193316
   18   2   1  -1       0.39050723
   18   2   1   0       0.35059702
   18   2   1   1       0.39471760
   19   1   0   0       0.88057155
   19   2   1  -1       0.85701218
   19   2   1   0       0.78330725
   19   2   1   1       0.75848738
   20   1   0   0       0.87450726
   20   2   1  -1       0.74092534
   20   2   1   0       0.80711354
   20   2   1   1       0.83282686
   21   1   0   0       0.61835291
   21   2   1  -1       0.50284299
   21   2   1   0       0.48414852
   21   2   1   1       0.48260516
   22   1   0   0       0.59609483
   22   2   1  -1       0.45655209
   22   2   1   0       0.47742944
   22   2   1   1       0.46042760
   23   1   0   0       0.63953350
   23   2   1  -1       0.48171491
   23   2   1   0       0.49962583
   23   2   1   1       0.50375044
   24   1   0   0       0.45377585
   25   1   0   0       0.45392967
   26   1   0   0       0.45528818
   27   1   0   0       0.44437448
   28   1   0   0       0.32472345
   29   1   0   0       0.46190266
   30   1   0   0       0.44322014
   31   1   0   0       0.43323515
   32   1   0   0       0.31035332
   33   1   0   0       0.44354028
   34   1   0   0       0.45405140
   35   1   0   0       0.45307290
   36   1   0   0       0.45233144

Spin  up
Fermi level:                        -0.1767292220 H           -4.8090 eV
Band energy:                       -27.8854380532 H         -758.8014 eV
TS:                                  0.0000000000 H            0.0000 eV
Band free energy (E-TS):           -27.8854380532 H         -758.8014 eV
Extrapolated E(0K):                -27.8854380532 H         -758.8014 eV
Input / Output electrons (up):     59.0000000000     59.0000000000

Spin  down
Fermi level:                        -0.1761797458 H           -4.7941 eV
Band energy:                       -27.8863110420 H         -758.8251 eV
TS:                                  0.0000000000 H            0.0000 eV
Band free energy (E-TS):           -27.8863110420 H         -758.8251 eV
Extrapolated E(0K):                -27.8863110420 H         -758.8251 eV
Input / Output electrons (down):     59.0000000000     59.0000000000

Energy H0:                         -55.3621133504 H        -1506.4798 eV
Energy SCC:                          0.0753178698 H            2.0495 eV
Energy SPIN:                        -0.0002042165 H           -0.0056 eV
Total Electronic energy:           -55.2933802225 H        -1504.6094 eV
Repulsive energy:                    0.7641688830 H           20.7941 eV
Total energy:                      -54.5292113395 H        -1483.8153 eV
Extrapolated to 0:                 -54.5292113395 H        -1483.8153 eV
Total Mermin free energy:          -54.5292113395 H        -1483.8153 eV
Force related energy:              -54.5292113395 H        -1483.8153 eV

SCC converged

Dipole moment:    0.60419611   -1.16141212    1.86070775 au
Dipole moment:    1.53571345   -2.95201539    4.72944774 Debye


