 Fermi distribution function

Calculation with static geometry


********************************************************************************
 iSCC Total electronic   Diff electronic      SCC error    
   11   -0.60797668E+02   -0.53115912E-09    0.61671047E-05
********************************************************************************

 Total charge:    -0.00000000

 Atomic gross charges (e)
 Atom           Charge
    1      -0.24416362
    2       0.01550367
    3      -0.08227814
    4      -0.08286699
    5       0.67942971
    6      -0.57497003
    7      -0.51584416
    8      -0.07727858
    9      -0.12276037
   10       0.13767548
   11      -0.06720123
   12      -0.08676469
   13       0.15825343
   14      -0.10757632
   15      -0.09221548
   16       0.66758661
   17      -0.51826673
   18      -0.48260131
   19      -0.13422640
   20       0.06221162
   21       0.03879685
   22      -0.09807500
   23      -0.07097586
   24      -0.07414627
   25      -0.07059703
   26      -0.09581382
   27      -0.13890365
   28       0.08822970
   29       0.08944015
   30       0.09800167
   31       0.10961442
   32       0.37728042
   33       0.10015673
   34       0.09017714
   35       0.11568277
   36       0.35051026
   37       0.06849567
   38       0.07620169
   39       0.08047691
   40       0.08130876
   41       0.08071149
   42       0.07931633
   43       0.09246417

Nr. of electrons (up):     67.00000000
Atom populations (up)
 Atom       Population
    1       2.12208181
    2       1.99224817
    3       2.04113907
    4       2.04143350
    5       1.66028514
    6       3.28748501
    7       3.25792208
    8       2.03863929
    9       2.06138018
   10       1.93116226
   11       2.53360061
   12       2.54338234
   13       1.92087328
   14       2.05378816
   15       2.04610774
   16       1.66620669
   17       3.25913337
   18       3.24130065
   19       2.06711320
   20       1.96889419
   21       1.98060157
   22       2.04903750
   23       2.03548793
   24       2.03707313
   25       2.03529852
   26       2.04790691
   27       2.06945183
   28       0.45588515
   29       0.45527992
   30       0.45099916
   31       0.44519279
   32       0.31135979
   33       0.44992163
   34       0.45491143
   35       0.44215862
   36       0.32474487
   37       0.46575217
   38       0.46189916
   39       0.45976154
   40       0.45934562
   41       0.45964425
   42       0.46034183
   43       0.45376792

l-shell populations (up)
 Atom Sh.   l       Population
    1   1   0       0.63900156
    1   2   1       1.48308025
    2   1   0       0.59402494
    2   2   1       1.39822323
    3   1   0       0.61617294
    3   2   1       1.42496613
    4   1   0       0.59914392
    4   2   1       1.44228958
    5   1   0       0.52331130
    5   2   1       1.13697384
    6   1   0       0.88158326
    6   2   1       2.40590176
    7   1   0       0.87522661
    7   2   1       2.38269547
    8   1   0       0.61375119
    8   2   1       1.42488810
    9   1   0       0.61403234
    9   2   1       1.44734784
   10   1   0       0.58058683
   10   2   1       1.35057543
   11   1   0       0.75115233
   11   2   1       1.78244829
   12   1   0       0.75307075
   12   2   1       1.79031159
   13   1   0       0.57776205
   13   2   1       1.34311123
   14   1   0       0.61669381
   14   2   1       1.43709435
   15   1   0       0.60569242
   15   2   1       1.44041532
   16   1   0       0.52342871
   16   2   1       1.14277799
   17   1   0       0.87770980
   17   2   1       2.38142356
   18   1   0       0.86784528
   18   2   1       2.37345537
   19   1   0       0.61552243
   19   2   1       1.45159077
   20   1   0       0.59120491
   20   2   1       1.37768928
   21   1   0       0.59121572
   21   2   1       1.38938585
   22   1   0       0.61400500
   22   2   1       1.43503250
   23   1   0       0.61099799
   23   2   1       1.42448994
   24   1   0       0.61151042
   24   2   1       1.42556271
   25   1   0       0.61102716
   25   2   1       1.42427136
   26   1   0       0.61406439
   26   2   1       1.43384253
   27   1   0       0.61811499
   27   2   1       1.45133683
   28   1   0       0.45588515
   29   1   0       0.45527992
   30   1   0       0.45099916
   31   1   0       0.44519279
   32   1   0       0.31135979
   33   1   0       0.44992163
   34   1   0       0.45491143
   35   1   0       0.44215862
   36   1   0       0.32474487
   37   1   0       0.46575217
   38   1   0       0.46189916
   39   1   0       0.45976154
   40   1   0       0.45934562
   41   1   0       0.45964425
   42   1   0       0.46034183
   43   1   0       0.45376792

Orbital populations (up)
 Atom Sh.   l   m       Population
    1   1   0   0       0.63900156
    1   2   1  -1       0.50195947
    1   2   1   0       0.49240597
    1   2   1   1       0.48871480
    2   1   0   0       0.59402494
    2   2   1  -1       0.45505570
    2   2   1   0       0.47497030
    2   2   1   1       0.46819723
    3   1   0   0       0.61617294
    3   2   1  -1       0.47626626
    3   2   1   0       0.47578071
    3   2   1   1       0.47291916
    4   1   0   0       0.59914392
    4   2   1  -1       0.45950525
    4   2   1   0       0.49177432
    4   2   1   1       0.49101001
    5   1   0   0       0.52331130
    5   2   1  -1       0.39203318
    5   2   1   0       0.37808892
    5   2   1   1       0.36685174
    6   1   0   0       0.88158326
    6   2   1  -1       0.73428032
    6   2   1   0       0.84350229
    6   2   1   1       0.82811915
    7   1   0   0       0.87522661
    7   2   1  -1       0.82196887
    7   2   1   0       0.77078756
    7   2   1   1       0.78993904
    8   1   0   0       0.61375119
    8   2   1  -1       0.45713699
    8   2   1   0       0.48376328
    8   2   1   1       0.48398784
    9   1   0   0       0.61403234
    9   2   1  -1       0.47249242
    9   2   1   0       0.49381698
    9   2   1   1       0.48103844
   10   1   0   0       0.58058683
   10   2   1  -1       0.43237734
   10   2   1   0       0.47806136
   10   2   1   1       0.44013673
   11   1   0   0       0.75115233
   11   2   1  -1       0.48842042
   11   2   1   0       0.52057139
   11   2   1   1       0.77345647
   12   1   0   0       0.75307075
   12   2   1  -1       0.68440545
   12   2   1   0       0.53195006
   12   2   1   1       0.57395609
   13   1   0   0       0.57776205
   13   2   1  -1       0.45460901
   13   2   1   0       0.47523825
   13   2   1   1       0.41326397
   14   1   0   0       0.61669381
   14   2   1  -1       0.47589959
   14   2   1   0       0.48793355
   14   2   1   1       0.47326121
   15   1   0   0       0.60569242
   15   2   1  -1       0.47390603
   15   2   1   0       0.49415845
   15   2   1   1       0.47235084
   16   1   0   0       0.52342871
   16   2   1  -1       0.39984490
   16   2   1   0       0.38453733
   16   2   1   1       0.35839575
   17   1   0   0       0.87770980
   17   2   1  -1       0.75272132
   17   2   1   0       0.83098412
   17   2   1   1       0.79771813
   18   1   0   0       0.86784528
   18   2   1  -1       0.78532855
   18   2   1   0       0.86238909
   18   2   1   1       0.72573772
   19   1   0   0       0.61552243
   19   2   1  -1       0.47290341
   19   2   1   0       0.50395063
   19   2   1   1       0.47473673
   20   1   0   0       0.59120491
   20   2   1  -1       0.45497616
   20   2   1   0       0.46780676
   20   2   1   1       0.45490636
   21   1   0   0       0.59121572
   21   2   1  -1       0.44990974
   21   2   1   0       0.48927583
   21   2   1   1       0.45020028
   22   1   0   0       0.61400500
   22   2   1  -1       0.47001859
   22   2   1   0       0.50579180
   22   2   1   1       0.45922211
   23   1   0   0       0.61099799
   23   2   1  -1       0.46012364
   23   2   1   0       0.49547421
   23   2   1   1       0.46889209
   24   1   0   0       0.61151042
   24   2   1  -1       0.46594315
   24   2   1   0       0.49658829
   24   2   1   1       0.46303127
   25   1   0   0       0.61102716
   25   2   1  -1       0.46881475
   25   2   1   0       0.49553401
   25   2   1   1       0.45992260
   26   1   0   0       0.61406439
   26   2   1  -1       0.46065192
   26   2   1   0       0.50314824
   26   2   1   1       0.47004237
   27   1   0   0       0.61811499
   27   2   1  -1       0.47493798
   27   2   1   0       0.50311544
   27   2   1   1       0.47328341
   28   1   0   0       0.45588515
   29   1   0   0       0.45527992
   30   1   0   0       0.45099916
   31   1   0   0       0.44519279
   32   1   0   0       0.31135979
   33   1   0   0       0.44992163
   34   1   0   0       0.45491143
   35   1   0   0       0.44215862
   36   1   0   0       0.32474487
   37   1   0   0       0.46575217
   38   1   0   0       0.46189916
   39   1   0   0       0.45976154
   40   1   0   0       0.45934562
   41   1   0   0       0.45964425
   42   1   0   0       0.46034183
   43   1   0   0       0.45376792

Nr. of electrons (down):     67.00000000
Atom populations (down)
 Atom       Population
    1       2.12208181
    2       1.99224817
    3       2.04113907
    4       2.04143350
    5       1.66028514
    6       3.28748501
    7       3.25792208
    8       2.03863929
    9       2.06138018
   10       1.93116226
   11       2.53360061
   12       2.54338234
   13       1.92087328
   14       2.05378816
   15       2.04610774
   16       1.66620669
   17       3.25913337
   18       3.24130065
   19       2.06711320
   20       1.96889419
   21       1.98060157
   22       2.04903750
   23       2.03548793
   24       2.03707313
   25       2.03529852
   26       2.04790691
   27       2.06945183
   28       0.45588515
   29       0.45527992
   30       0.45099916
   31       0.44519279
   32       0.31135979
   33       0.44992163
   34       0.45491143
   35       0.44215862
   36       0.32474487
   37       0.46575217
   38       0.46189916
   39       0.45976154
   40       0.45934562
   41       0.45964425
   42       0.46034183
   43       0.45376792

l-shell populations (down)
 Atom Sh.   l       Population
    1   1   0       0.63900156
    1   2   1       1.48308025
    2   1   0       0.59402494
    2   2   1       1.39822323
    3   1   0       0.61617294
    3   2   1       1.42496613
    4   1   0       0.59914392
    4   2   1       1.44228958
    5   1   0       0.52331130
    5   2   1       1.13697384
    6   1   0       0.88158326
    6   2   1       2.40590176
    7   1   0       0.87522661
    7   2   1       2.38269547
    8   1   0       0.61375119
    8   2   1       1.42488810
    9   1   0       0.61403234
    9   2   1       1.44734784
   10   1   0       0.58058683
   10   2   1       1.35057543
   11   1   0       0.75115233
   11   2   1       1.78244829
   12   1   0       0.75307075
   12   2   1       1.79031159
   13   1   0       0.57776205
   13   2   1       1.34311123
   14   1   0       0.61669381
   14   2   1       1.43709435
   15   1   0       0.60569242
   15   2   1       1.44041532
   16   1   0       0.52342871
   16   2   1       1.14277799
   17   1   0       0.87770980
   17   2   1       2.38142356
   18   1   0       0.86784528
   18   2   1       2.37345537
   19   1   0       0.61552243
   19   2   1       1.45159077
   20   1   0       0.59120491
   20   2   1       1.37768928
   21   1   0       0.59121572
   21   2   1       1.38938585
   22   1   0       0.61400500
   22   2   1       1.43503250
   23   1   0       0.61099799
   23   2   1       1.42448994
   24   1   0       0.61151042
   24   2   1       1.42556271
   25   1   0       0.61102716
   25   2   1       1.42427136
   26   1   0       0.61406439
   26   2   1       1.43384253
   27   1   0       0.61811499
   27   2   1       1.45133683
   28   1   0       0.45588515
   29   1   0       0.45527992
   30   1   0       0.45099916
   31   1   0       0.44519279
   32   1   0       0.31135979
   33   1   0       0.44992163
   34   1   0       0.45491143
   35   1   0       0.44215862
   36   1   0       0.32474487
   37   1   0       0.46575217
   38   1   0       0.46189916
   39   1   0       0.45976154
   40   1   0       0.45934562
   41   1   0       0.45964425
   42   1   0       0.46034183
   43   1   0       0.45376792

Orbital populations (down)
 Atom Sh.   l   m       Population
    1   1   0   0       0.63900156
    1   2   1  -1       0.50195947
    1   2   1   0       0.49240597
    1   2   1   1       0.48871480
    2   1   0   0       0.59402494
    2   2   1  -1       0.45505570
    2   2   1   0       0.47497030
    2   2   1   1       0.46819723
    3   1   0   0       0.61617294
    3   2   1  -1       0.47626626
    3   2   1   0       0.47578071
    3   2   1   1       0.47291916
    4   1   0   0       0.59914392
    4   2   1  -1       0.45950525
    4   2   1   0       0.49177432
    4   2   1   1       0.49101001
    5   1   0   0       0.52331130
    5   2   1  -1       0.39203318
    5   2   1   0       0.37808892
    5   2   1   1       0.36685174
    6   1   0   0       0.88158326
    6   2   1  -1       0.73428032
    6   2   1   0       0.84350229
    6   2   1   1       0.82811915
    7   1   0   0       0.87522661
    7   2   1  -1       0.82196887
    7   2   1   0       0.77078756
    7   2   1   1       0.78993904
    8   1   0   0       0.61375119
    8   2   1  -1       0.45713699
    8   2   1   0       0.48376328
    8   2   1   1       0.48398784
    9   1   0   0       0.61403234
    9   2   1  -1       0.47249242
    9   2   1   0       0.49381698
    9   2   1   1       0.48103844
   10   1   0   0       0.58058683
   10   2   1  -1       0.43237734
   10   2   1   0       0.47806136
   10   2   1   1       0.44013673
   11   1   0   0       0.75115233
   11   2   1  -1       0.48842042
   11   2   1   0       0.52057139
   11   2   1   1       0.77345647
   12   1   0   0       0.75307075
   12   2   1  -1       0.68440545
   12   2   1   0       0.53195006
   12   2   1   1       0.57395609
   13   1   0   0       0.57776205
   13   2   1  -1       0.45460901
   13   2   1   0       0.47523825
   13   2   1   1       0.41326397
   14   1   0   0       0.61669381
   14   2   1  -1       0.47589959
   14   2   1   0       0.48793355
   14   2   1   1       0.47326121
   15   1   0   0       0.60569242
   15   2   1  -1       0.47390603
   15   2   1   0       0.49415845
   15   2   1   1       0.47235084
   16   1   0   0       0.52342871
   16   2   1  -1       0.39984490
   16   2   1   0       0.38453733
   16   2   1   1       0.35839575
   17   1   0   0       0.87770980
   17   2   1  -1       0.75272132
   17   2   1   0       0.83098412
   17   2   1   1       0.79771813
   18   1   0   0       0.86784528
   18   2   1  -1       0.78532855
   18   2   1   0       0.86238909
   18   2   1   1       0.72573772
   19   1   0   0       0.61552243
   19   2   1  -1       0.47290341
   19   2   1   0       0.50395063
   19   2   1   1       0.47473673
   20   1   0   0       0.59120491
   20   2   1  -1       0.45497616
   20   2   1   0       0.46780676
   20   2   1   1       0.45490636
   21   1   0   0       0.59121572
   21   2   1  -1       0.44990974
   21   2   1   0       0.48927583
   21   2   1   1       0.45020028
   22   1   0   0       0.61400500
   22   2   1  -1       0.47001859
   22   2   1   0       0.50579180
   22   2   1   1       0.45922211
   23   1   0   0       0.61099799
   23   2   1  -1       0.46012364
   23   2   1   0       0.49547421
   23   2   1   1       0.46889209
   24   1   0   0       0.61151042
   24   2   1  -1       0.46594315
   24   2   1   0       0.49658829
   24   2   1   1       0.46303127
   25   1   0   0       0.61102716
   25   2   1  -1       0.46881475
   25   2   1   0       0.49553401
   25   2   1   1       0.45992260
   26   1   0   0       0.61406439
   26   2   1  -1       0.46065192
   26   2   1   0       0.50314824
   26   2   1   1       0.47004237
   27   1   0   0       0.61811499
   27   2   1  -1       0.47493798
   27   2   1   0       0.50311544
   27   2   1   1       0.47328341
   28   1   0   0       0.45588515
   29   1   0   0       0.45527992
   30   1   0   0       0.45099916
   31   1   0   0       0.44519279
   32   1   0   0       0.31135979
   33   1   0   0       0.44992163
   34   1   0   0       0.45491143
   35   1   0   0       0.44215862
   36   1   0   0       0.32474487
   37   1   0   0       0.46575217
   38   1   0   0       0.46189916
   39   1   0   0       0.45976154
   40   1   0   0       0.45934562
   41   1   0   0       0.45964425
   42   1   0   0       0.46034183
   43   1   0   0       0.45376792

Spin  up
Fermi level:                        -0.1697548666 H           -4.6193 eV
Band energy:                       -30.1758756786 H         -821.1274 eV
TS:                                  0.0000000000 H            0.0000 eV
Band free energy (E-TS):           -30.1758756786 H         -821.1274 eV
Extrapolated E(0K):                -30.1758756786 H         -821.1274 eV
Input / Output electrons (up):     67.0000000000     67.0000000000

Spin  down
Fermi level:                        -0.1697548666 H           -4.6193 eV
Band energy:                       -30.1758756786 H         -821.1274 eV
TS:                                  0.0000000000 H            0.0000 eV
Band free energy (E-TS):           -30.1758756786 H         -821.1274 eV
Extrapolated E(0K):                -30.1758756786 H         -821.1274 eV
Input / Output electrons (down):     67.0000000000     67.0000000000

Energy H0:                         -60.8637394860 H        -1656.1866 eV
Energy SCC:                          0.0734076025 H            1.9975 eV
Energy SPIN:                         0.0000000000 H            0.0000 eV
Total Electronic energy:           -60.7976676036 H        -1654.3887 eV
Repulsive energy:                    0.8705052876 H           23.6877 eV
Total energy:                      -59.9271623160 H        -1630.7011 eV
Extrapolated to 0:                 -59.9271623160 H        -1630.7011 eV
Total Mermin free energy:          -59.9271623160 H        -1630.7011 eV
Force related energy:              -59.9271623160 H        -1630.7011 eV

SCC converged

Total Forces
    1     -0.000105766795      0.000046513984     -0.000007988406
    2      0.000000430705     -0.000063371416     -0.000025942894
    3     -0.000141339876     -0.000004348579      0.000078524372
    4      0.000083476813      0.000012091757     -0.000096446750
    5      0.000152033242     -0.000051850391     -0.000083889651
    6      0.000088371377      0.000146925265      0.000034470772
    7      0.000121171589      0.000002355634     -0.000022272332
    8      0.000029992183      0.000093049009      0.000090873812
    9     -0.000043887912      0.000012959494      0.000011710792
   10     -0.000075178310      0.000020782068     -0.000043292793
   11     -0.000099657407      0.000059621201     -0.000070474706
   12     -0.000081015220      0.000209639947      0.000044150361
   13     -0.000066760337      0.000047571881     -0.000106991750
   14      0.000059415710     -0.000035877761      0.000049852870
   15      0.000079050843      0.000000987606      0.000030777615
   16      0.000057352532     -0.000026129301      0.000071661184
   17      0.000103902768      0.000224795100      0.000092314358
   18     -0.000001616187     -0.000129065327      0.000015041886
   19      0.000023542001     -0.000048481033      0.000012532958
   20      0.000093413417     -0.000061139307      0.000080503370
   21     -0.000033332474     -0.000109029926     -0.000009165116
   22      0.000164197363      0.000091083811      0.000058027547
   23     -0.000110710283     -0.000032500555      0.000052099340
   24     -0.000055171806      0.000004256027      0.000025791029
   25     -0.000159262021     -0.000102052414     -0.000077810711
   26      0.000064246506      0.000063232634     -0.000056395477
   27     -0.000067698060     -0.000020316819     -0.000087202090
   28      0.000088565092     -0.000054874899     -0.000020098230
   29     -0.000008161531      0.000167174987     -0.000014319228
   30     -0.000170592506     -0.000009266983     -0.000007422778
   31     -0.000063929650     -0.000158994936     -0.000116031613
   32      0.000112805745     -0.000076251359     -0.000085852128
   33      0.000214720123      0.000037116897      0.000017932567
   34      0.000035959626      0.000002858224     -0.000046469719
   35     -0.000059042656      0.000077576539     -0.000005641675
   36     -0.000038641556     -0.000094700623      0.000061741308
   37      0.000008446526     -0.000009090187      0.000063175109
   38     -0.000091703431     -0.000022563500      0.000130341705
   39     -0.000068072511     -0.000155245217      0.000068904225
   40     -0.000027333576     -0.000138981727     -0.000005625319
   41     -0.000009350655      0.000033863966     -0.000061232962
   42      0.000015190882      0.000056433840     -0.000000928604
   43     -0.000018060283     -0.000006757609     -0.000038932248

Maximal derivative component:        0.224795E-03 au

Dipole moment:    0.83897646    2.50126819    0.41091316 au
Dipole moment:    2.13246563    6.35759011    1.04443716 Debye


