 Fermi distribution function

Geometry optimization step: 409


********************************************************************************
 iSCC Total electronic   Diff electronic      SCC error    
    1   -0.55378024E+02    0.00000000E+00    0.72535934E-05
********************************************************************************

Coordinates of moved atoms (au):
    1      8.41585515     -1.22274072     -7.28061733
    2      6.71833010      0.38996221     -5.66941226
    3      6.58710923      2.99456645     -6.09170561
    4      5.03156479      4.57493669     -4.62041148
    5      5.04409779      7.35731933     -5.22716268
    6      6.23993239      8.22815203     -6.99945979
    7      3.65077972      8.89969075     -3.69893802
    8      3.56756131      3.48525859     -2.70545755
    9      3.65260276      0.86048291     -2.26027007
   10      2.24704559     -0.27686128     -0.25264466
   11      0.40326328      1.07084138      0.60080760
   12     -0.99253060     -0.09327268      2.60486930
   13     -1.01924684     -2.73300111      2.97762501
   14     -2.51283438     -3.73058911      4.91159383
   15     -2.54624769     -6.23788726      5.26075112
   16     -3.97482640     -2.19879833      6.49406078
   17     -3.94862904      0.43131280      6.10840621
   18     -5.50756103      2.06035525      7.79792536
   19     -6.83812215      1.26973594      9.52561135
   20     -5.38293385      4.59065984      7.32235183
   21     -2.48533652      1.47105185      4.15490806
   22      5.25447799     -0.70450752     -3.72403330
   23      5.35546569     -3.50458543     -3.27087973
   24      9.83703129     -2.18259170     -6.13633946
   25      7.34324766     -2.68831709     -8.25573742
   26      9.38772415     -0.09173166     -8.69235979
   27      7.70933988      3.86037294     -7.57989313
   28      2.80644726      7.99573617     -2.35640486
   29      2.33944664      4.62801467     -1.50948436
   30      0.09193561     -3.96303186      1.76656901
   31     -5.12733942     -2.99878162      7.99235236
   32     -6.45583371      5.47464181      8.51915927
   33     -2.47287509      3.50409064      3.87039584
   34      7.29675824     -4.13965482     -2.99368440
   35      4.25203523     -4.03029484     -1.61961536
   36      4.61451195     -4.54124030     -4.89331986

 Total charge:    -0.00000000

 Atomic gross charges (e)
 Atom           Charge
    1      -0.24966449
    2       0.03825182
    3      -0.08314113
    4      -0.10630648
    5       0.66863053
    6      -0.52005340
    7      -0.48370303
    8      -0.12919745
    9       0.14650248
   10      -0.11152885
   11      -0.12678256
   12       0.17437166
   13      -0.20502593
   14       0.40641473
   15      -0.25532235
   16      -0.17696557
   17      -0.06366785
   18       0.67990301
   19      -0.55999288
   20      -0.50667333
   21      -0.14058617
   22       0.01735837
   23      -0.24659227
   24       0.09185068
   25       0.09170100
   26       0.08887334
   27       0.11226277
   28       0.35008336
   29       0.07894997
   30       0.11842350
   31       0.13407654
   32       0.37913200
   33       0.11136090
   34       0.09173860
   35       0.09103096
   36       0.09428750

Nr. of electrons (up):     59.00000000
Atom populations (up)
 Atom       Population
    1       2.12483225
    2       1.98087409
    3       2.04157056
    4       2.05315324
    5       1.66568473
    6       3.26002670
    7       3.24185151
    8       2.06459873
    9       1.92674876
   10       2.55576442
   11       2.56339128
   12       1.91281417
   13       2.10251297
   14       1.79679264
   15       3.62766117
   16       2.08848279
   17       2.03183393
   18       1.66004849
   19       3.27999644
   20       3.25333666
   21       2.07029309
   22       1.99132082
   23       2.12329613
   24       0.45407466
   25       0.45414950
   26       0.45556333
   27       0.44386862
   28       0.32495832
   29       0.46052502
   30       0.44078825
   31       0.43296173
   32       0.31043400
   33       0.44431955
   34       0.45413070
   35       0.45448452
   36       0.45285625

l-shell populations (up)
 Atom Sh.   l       Population
    1   1   0       0.63963163
    1   2   1       1.48520061
    2   1   0       0.59324157
    2   2   1       1.38763252
    3   1   0       0.61698168
    3   2   1       1.42458889
    4   1   0       0.60558523
    4   2   1       1.44756801
    5   1   0       0.52295666
    5   2   1       1.14272807
    6   1   0       0.87774765
    6   2   1       2.38227905
    7   1   0       0.86789695
    7   2   1       2.37395456
    8   1   0       0.61691240
    8   2   1       1.44768633
    9   1   0       0.57541978
    9   2   1       1.35132898
   10   1   0       0.76654365
   10   2   1       1.78922077
   11   1   0       0.76688974
   11   2   1       1.79650154
   12   1   0       0.57554268
   12   2   1       1.33727149
   13   1   0       0.62109515
   13   2   1       1.48141781
   14   1   0       0.55197130
   14   2   1       1.24482133
   15   1   0       0.94435855
   15   2   1       2.68330262
   16   1   0       0.61972081
   16   2   1       1.46876197
   17   1   0       0.60134508
   17   2   1       1.43048885
   18   1   0       0.52237459
   18   2   1       1.13767390
   19   1   0       0.88067684
   19   2   1       2.39931960
   20   1   0       0.87418606
   20   2   1       2.37915060
   21   1   0       0.61895032
   21   2   1       1.45134277
   22   1   0       0.59951640
   22   2   1       1.39180442
   23   1   0       0.63886968
   23   2   1       1.48442645
   24   1   0       0.45407466
   25   1   0       0.45414950
   26   1   0       0.45556333
   27   1   0       0.44386862
   28   1   0       0.32495832
   29   1   0       0.46052502
   30   1   0       0.44078825
   31   1   0       0.43296173
   32   1   0       0.31043400
   33   1   0       0.44431955
   34   1   0       0.45413070
   35   1   0       0.45448452
   36   1   0       0.45285625

Orbital populations (up)
 Atom Sh.   l   m       Population
    1   1   0   0       0.63963163
    1   2   1  -1       0.49640707
    1   2   1   0       0.49497023
    1   2   1   1       0.49382331
    2   1   0   0       0.59324157
    2   2   1  -1       0.45369247
    2   2   1   0       0.46406683
    2   2   1   1       0.46987322
    3   1   0   0       0.61698168
    3   2   1  -1       0.45871312
    3   2   1   0       0.48203696
    3   2   1   1       0.48383880
    4   1   0   0       0.60558523
    4   2   1  -1       0.47127320
    4   2   1   0       0.48340124
    4   2   1   1       0.49289357
    5   1   0   0       0.52295666
    5   2   1  -1       0.39886313
    5   2   1   0       0.37037003
    5   2   1   1       0.37349491
    6   1   0   0       0.87774765
    6   2   1  -1       0.91699701
    6   2   1   0       0.72782399
    6   2   1   1       0.73745805
    7   1   0   0       0.86789695
    7   2   1  -1       0.84784858
    7   2   1   0       0.72025903
    7   2   1   1       0.80584695
    8   1   0   0       0.61691240
    8   2   1  -1       0.46904882
    8   2   1   0       0.48618331
    8   2   1   1       0.49245420
    9   1   0   0       0.57541978
    9   2   1  -1       0.44028671
    9   2   1   0       0.44301575
    9   2   1   1       0.46802652
   10   1   0   0       0.76654365
   10   2   1  -1       0.72702688
   10   2   1   0       0.54777703
   10   2   1   1       0.51441686
   11   1   0   0       0.76688974
   11   2   1  -1       0.72886392
   11   2   1   0       0.54948849
   11   2   1   1       0.51814913
   12   1   0   0       0.57554268
   12   2   1  -1       0.43923029
   12   2   1   0       0.43639827
   12   2   1   1       0.46164292
   13   1   0   0       0.62109515
   13   2   1  -1       0.47257220
   13   2   1   0       0.49877447
   13   2   1   1       0.51007114
   14   1   0   0       0.55197130
   14   2   1  -1       0.32709680
   14   2   1   0       0.45642718
   14   2   1   1       0.46129735
   15   1   0   0       0.94435855
   15   2   1  -1       0.74534960
   15   2   1   0       0.97029556
   15   2   1   1       0.96765746
   16   1   0   0       0.61972081
   16   2   1  -1       0.46405849
   16   2   1   0       0.49817957
   16   2   1   1       0.50652391
   17   1   0   0       0.60134508
   17   2   1  -1       0.46234623
   17   2   1   0       0.47897343
   17   2   1   1       0.48916918
   18   1   0   0       0.52237459
   18   2   1  -1       0.36175122
   18   2   1   0       0.38722099
   18   2   1   1       0.38870169
   19   1   0   0       0.88067684
   19   2   1  -1       0.93063959
   19   2   1   0       0.73011679
   19   2   1   1       0.73856323
   20   1   0   0       0.87418606
   20   2   1  -1       0.65085026
   20   2   1   0       0.86028582
   20   2   1   1       0.86801452
   21   1   0   0       0.61895032
   21   2   1  -1       0.47987719
   21   2   1   0       0.48481158
   21   2   1   1       0.48665400
   22   1   0   0       0.59951640
   22   2   1  -1       0.45013262
   22   2   1   0       0.47368513
   22   2   1   1       0.46798667
   23   1   0   0       0.63886968
   23   2   1  -1       0.47899100
   23   2   1   0       0.50288928
   23   2   1   1       0.50254617
   24   1   0   0       0.45407466
   25   1   0   0       0.45414950
   26   1   0   0       0.45556333
   27   1   0   0       0.44386862
   28   1   0   0       0.32495832
   29   1   0   0       0.46052502
   30   1   0   0       0.44078825
   31   1   0   0       0.43296173
   32   1   0   0       0.31043400
   33   1   0   0       0.44431955
   34   1   0   0       0.45413070
   35   1   0   0       0.45448452
   36   1   0   0       0.45285625

Nr. of electrons (down):     59.00000000
Atom populations (down)
 Atom       Population
    1       2.12483225
    2       1.98087409
    3       2.04157056
    4       2.05315324
    5       1.66568473
    6       3.26002670
    7       3.24185151
    8       2.06459873
    9       1.92674876
   10       2.55576442
   11       2.56339128
   12       1.91281417
   13       2.10251297
   14       1.79679264
   15       3.62766117
   16       2.08848279
   17       2.03183393
   18       1.66004849
   19       3.27999644
   20       3.25333666
   21       2.07029309
   22       1.99132082
   23       2.12329613
   24       0.45407466
   25       0.45414950
   26       0.45556333
   27       0.44386862
   28       0.32495832
   29       0.46052502
   30       0.44078825
   31       0.43296173
   32       0.31043400
   33       0.44431955
   34       0.45413070
   35       0.45448452
   36       0.45285625

l-shell populations (down)
 Atom Sh.   l       Population
    1   1   0       0.63963163
    1   2   1       1.48520061
    2   1   0       0.59324157
    2   2   1       1.38763252
    3   1   0       0.61698168
    3   2   1       1.42458889
    4   1   0       0.60558523
    4   2   1       1.44756801
    5   1   0       0.52295666
    5   2   1       1.14272807
    6   1   0       0.87774765
    6   2   1       2.38227905
    7   1   0       0.86789695
    7   2   1       2.37395456
    8   1   0       0.61691240
    8   2   1       1.44768633
    9   1   0       0.57541978
    9   2   1       1.35132898
   10   1   0       0.76654365
   10   2   1       1.78922077
   11   1   0       0.76688974
   11   2   1       1.79650154
   12   1   0       0.57554268
   12   2   1       1.33727149
   13   1   0       0.62109515
   13   2   1       1.48141781
   14   1   0       0.55197130
   14   2   1       1.24482133
   15   1   0       0.94435855
   15   2   1       2.68330262
   16   1   0       0.61972081
   16   2   1       1.46876197
   17   1   0       0.60134508
   17   2   1       1.43048885
   18   1   0       0.52237459
   18   2   1       1.13767390
   19   1   0       0.88067684
   19   2   1       2.39931960
   20   1   0       0.87418606
   20   2   1       2.37915060
   21   1   0       0.61895032
   21   2   1       1.45134277
   22   1   0       0.59951640
   22   2   1       1.39180442
   23   1   0       0.63886968
   23   2   1       1.48442645
   24   1   0       0.45407466
   25   1   0       0.45414950
   26   1   0       0.45556333
   27   1   0       0.44386862
   28   1   0       0.32495832
   29   1   0       0.46052502
   30   1   0       0.44078825
   31   1   0       0.43296173
   32   1   0       0.31043400
   33   1   0       0.44431955
   34   1   0       0.45413070
   35   1   0       0.45448452
   36   1   0       0.45285625

Orbital populations (down)
 Atom Sh.   l   m       Population
    1   1   0   0       0.63963163
    1   2   1  -1       0.49640707
    1   2   1   0       0.49497023
    1   2   1   1       0.49382331
    2   1   0   0       0.59324157
    2   2   1  -1       0.45369247
    2   2   1   0       0.46406683
    2   2   1   1       0.46987322
    3   1   0   0       0.61698168
    3   2   1  -1       0.45871312
    3   2   1   0       0.48203696
    3   2   1   1       0.48383880
    4   1   0   0       0.60558523
    4   2   1  -1       0.47127320
    4   2   1   0       0.48340124
    4   2   1   1       0.49289357
    5   1   0   0       0.52295666
    5   2   1  -1       0.39886313
    5   2   1   0       0.37037003
    5   2   1   1       0.37349491
    6   1   0   0       0.87774765
    6   2   1  -1       0.91699701
    6   2   1   0       0.72782399
    6   2   1   1       0.73745805
    7   1   0   0       0.86789695
    7   2   1  -1       0.84784858
    7   2   1   0       0.72025903
    7   2   1   1       0.80584695
    8   1   0   0       0.61691240
    8   2   1  -1       0.46904882
    8   2   1   0       0.48618331
    8   2   1   1       0.49245420
    9   1   0   0       0.57541978
    9   2   1  -1       0.44028671
    9   2   1   0       0.44301575
    9   2   1   1       0.46802652
   10   1   0   0       0.76654365
   10   2   1  -1       0.72702688
   10   2   1   0       0.54777703
   10   2   1   1       0.51441686
   11   1   0   0       0.76688974
   11   2   1  -1       0.72886392
   11   2   1   0       0.54948849
   11   2   1   1       0.51814913
   12   1   0   0       0.57554268
   12   2   1  -1       0.43923029
   12   2   1   0       0.43639827
   12   2   1   1       0.46164292
   13   1   0   0       0.62109515
   13   2   1  -1       0.47257220
   13   2   1   0       0.49877447
   13   2   1   1       0.51007114
   14   1   0   0       0.55197130
   14   2   1  -1       0.32709680
   14   2   1   0       0.45642718
   14   2   1   1       0.46129735
   15   1   0   0       0.94435855
   15   2   1  -1       0.74534960
   15   2   1   0       0.97029556
   15   2   1   1       0.96765746
   16   1   0   0       0.61972081
   16   2   1  -1       0.46405849
   16   2   1   0       0.49817957
   16   2   1   1       0.50652391
   17   1   0   0       0.60134508
   17   2   1  -1       0.46234623
   17   2   1   0       0.47897343
   17   2   1   1       0.48916918
   18   1   0   0       0.52237459
   18   2   1  -1       0.36175122
   18   2   1   0       0.38722099
   18   2   1   1       0.38870169
   19   1   0   0       0.88067684
   19   2   1  -1       0.93063959
   19   2   1   0       0.73011679
   19   2   1   1       0.73856323
   20   1   0   0       0.87418606
   20   2   1  -1       0.65085026
   20   2   1   0       0.86028582
   20   2   1   1       0.86801452
   21   1   0   0       0.61895032
   21   2   1  -1       0.47987719
   21   2   1   0       0.48481158
   21   2   1   1       0.48665400
   22   1   0   0       0.59951640
   22   2   1  -1       0.45013262
   22   2   1   0       0.47368513
   22   2   1   1       0.46798667
   23   1   0   0       0.63886968
   23   2   1  -1       0.47899100
   23   2   1   0       0.50288928
   23   2   1   1       0.50254617
   24   1   0   0       0.45407466
   25   1   0   0       0.45414950
   26   1   0   0       0.45556333
   27   1   0   0       0.44386862
   28   1   0   0       0.32495832
   29   1   0   0       0.46052502
   30   1   0   0       0.44078825
   31   1   0   0       0.43296173
   32   1   0   0       0.31043400
   33   1   0   0       0.44431955
   34   1   0   0       0.45413070
   35   1   0   0       0.45448452
   36   1   0   0       0.45285625

Spin  up
Fermi level:                        -0.1802144716 H           -4.9039 eV
Band energy:                       -27.7631308155 H         -755.4732 eV
TS:                                  0.0000000000 H            0.0000 eV
Band free energy (E-TS):           -27.7631308155 H         -755.4732 eV
Extrapolated E(0K):                -27.7631308155 H         -755.4732 eV
Input / Output electrons (up):     59.0000000000     59.0000000000

Spin  down
Fermi level:                        -0.1802144716 H           -4.9039 eV
Band energy:                       -27.7631308155 H         -755.4732 eV
TS:                                  0.0000000000 H            0.0000 eV
Band free energy (E-TS):           -27.7631308155 H         -755.4732 eV
Extrapolated E(0K):                -27.7631308155 H         -755.4732 eV
Input / Output electrons (down):     59.0000000000     59.0000000000

Energy H0:                         -55.4495300534 H        -1508.8585 eV
Energy SCC:                          0.0781933955 H            2.1278 eV
Energy SPIN:                         0.0000000000 H            0.0000 eV
Total Electronic energy:           -55.3780242093 H        -1506.9127 eV
Repulsive energy:                    0.7478058650 H           20.3488 eV
Total energy:                      -54.6302183442 H        -1486.5639 eV
Extrapolated to 0:                 -54.6302183442 H        -1486.5639 eV
Total Mermin free energy:          -54.6302183442 H        -1486.5639 eV
Force related energy:              -54.6302183442 H        -1486.5639 eV

SCC converged

Full geometry written in opt.{xyz|gen}

Dipole moment:    0.29494540   -0.95516136    0.04699814 au
Dipole moment:    0.74967648   -2.42777822    0.11945736 Debye

Geometry converged

