 Fermi distribution function

Calculation with static geometry


********************************************************************************
 iSCC Total electronic   Diff electronic      SCC error    
   11   -0.56251086E+02   -0.16062529E-08    0.56541547E-05
********************************************************************************

 Total charge:    -0.00000000

 Atomic gross charges (e)
 Atom           Charge
    1       0.04779855
    2      -0.29839723
    3       0.30741062
    4      -0.19265832
    5       0.03979260
    6       0.16898272
    7      -0.26925724
    8       0.10404878
    9      -0.03833266
   10      -0.01577790
   11       0.15342894
   12      -0.13206091
   13      -0.05602151
   14      -0.09818220
   15      -0.06817634
   16      -0.11204842
   17       0.67083731
   18      -0.54659764
   19      -0.51420559
   20      -0.11150016
   21       0.67669116
   22      -0.56517785
   23      -0.50776940
   24      -0.16958229
   25       0.05143245
   26       0.05003253
   27       0.06615013
   28       0.10163683
   29       0.11242137
   30       0.08291286
   31       0.08536192
   32       0.09905098
   33       0.37835343
   34       0.37818072
   35       0.12122175

Nr. of electrons (up):     60.00000000
Atom populations (up)
 Atom       Population
    1       1.97610073
    2       3.14919861
    3       1.84629469
    4       2.09632916
    5       1.98010370
    6       1.91550864
    7       2.63462862
    8       1.94797561
    9       2.51916633
   10       2.50788895
   11       1.92328553
   12       2.06603045
   13       2.02801076
   14       2.04909110
   15       2.03408817
   16       2.05602421
   17       1.66458135
   18       3.27329882
   19       3.25710279
   20       2.05575008
   21       1.66165442
   22       3.28258892
   23       3.25388470
   24       2.08479115
   25       0.47428378
   26       0.47498373
   27       0.46692494
   28       0.44918159
   29       0.44378931
   30       0.45854357
   31       0.45731904
   32       0.45047451
   33       0.31082328
   34       0.31090964
   35       0.43938912

l-shell populations (up)
 Atom Sh.   l       Population
    1   1   0       0.61395646
    1   2   1       1.36214427
    2   1   0       0.85391629
    2   2   1       2.29528233
    3   1   0       0.55597699
    3   2   1       1.29031769
    4   1   0       0.61921240
    4   2   1       1.47711676
    5   1   0       0.58324742
    5   2   1       1.39685628
    6   1   0       0.58163032
    6   2   1       1.33387832
    7   1   0       0.81630099
    7   2   1       1.81832763
    8   1   0       0.58394497
    8   2   1       1.36403064
    9   1   0       0.74482785
    9   2   1       1.77433848
   10   1   0       0.74555978
   10   2   1       1.76232917
   11   1   0       0.58074893
   11   2   1       1.34253660
   12   1   0       0.61631863
   12   2   1       1.44971182
   13   1   0       0.61220679
   13   2   1       1.41580397
   14   1   0       0.61113892
   14   2   1       1.43795218
   15   1   0       0.61427933
   15   2   1       1.41980883
   16   1   0       0.60208748
   16   2   1       1.45393673
   17   1   0       0.52265740
   17   2   1       1.14192395
   18   1   0       0.88038124
   18   2   1       2.39291757
   19   1   0       0.87520015
   19   2   1       2.38190264
   20   1   0       0.60240716
   20   2   1       1.45334292
   21   1   0       0.52260789
   21   2   1       1.13904653
   22   1   0       0.88129362
   22   2   1       2.40129531
   23   1   0       0.87428547
   23   2   1       2.37959923
   24   1   0       0.61919255
   24   2   1       1.46559860
   25   1   0       0.47428378
   26   1   0       0.47498373
   27   1   0       0.46692494
   28   1   0       0.44918159
   29   1   0       0.44378931
   30   1   0       0.45854357
   31   1   0       0.45731904
   32   1   0       0.45047451
   33   1   0       0.31082328
   34   1   0       0.31090964
   35   1   0       0.43938912

Orbital populations (up)
 Atom Sh.   l   m       Population
    1   1   0   0       0.61395646
    1   2   1  -1       0.43165092
    1   2   1   0       0.44023100
    1   2   1   1       0.49026235
    2   1   0   0       0.85391629
    2   2   1  -1       0.81123041
    2   2   1   0       0.62687486
    2   2   1   1       0.85717705
    3   1   0   0       0.55597699
    3   2   1  -1       0.44990614
    3   2   1   0       0.39520917
    3   2   1   1       0.44520239
    4   1   0   0       0.61921240
    4   2   1  -1       0.47856497
    4   2   1   0       0.48180246
    4   2   1   1       0.51674933
    5   1   0   0       0.58324742
    5   2   1  -1       0.44069217
    5   2   1   0       0.46152845
    5   2   1   1       0.49463566
    6   1   0   0       0.58163032
    6   2   1  -1       0.43279887
    6   2   1   0       0.45035691
    6   2   1   1       0.45072254
    7   1   0   0       0.81630099
    7   2   1  -1       0.67977710
    7   2   1   0       0.55941022
    7   2   1   1       0.57914031
    8   1   0   0       0.58394497
    8   2   1  -1       0.45277061
    8   2   1   0       0.41535174
    8   2   1   1       0.49590828
    9   1   0   0       0.74482785
    9   2   1  -1       0.53771033
    9   2   1   0       0.62249349
    9   2   1   1       0.61413466
   10   1   0   0       0.74555978
   10   2   1  -1       0.53018697
   10   2   1   0       0.74051713
   10   2   1   1       0.49162507
   11   1   0   0       0.58074893
   11   2   1  -1       0.45510496
   11   2   1   0       0.43293356
   11   2   1   1       0.45449807
   12   1   0   0       0.61631863
   12   2   1  -1       0.46423775
   12   2   1   0       0.50127546
   12   2   1   1       0.48419861
   13   1   0   0       0.61220679
   13   2   1  -1       0.47053410
   13   2   1   0       0.48142830
   13   2   1   1       0.46384157
   14   1   0   0       0.61113892
   14   2   1  -1       0.46050048
   14   2   1   0       0.49998953
   14   2   1   1       0.47746218
   15   1   0   0       0.61427933
   15   2   1  -1       0.46704327
   15   2   1   0       0.48059984
   15   2   1   1       0.47216572
   16   1   0   0       0.60208748
   16   2   1  -1       0.46788277
   16   2   1   0       0.51669788
   16   2   1   1       0.46935608
   17   1   0   0       0.52265740
   17   2   1  -1       0.40473655
   17   2   1   0       0.38108163
   17   2   1   1       0.35610577
   18   1   0   0       0.88038124
   18   2   1  -1       0.90173404
   18   2   1   0       0.71977123
   18   2   1   1       0.77141230
   19   1   0   0       0.87520015
   19   2   1  -1       0.65639841
   19   2   1   0       0.89969487
   19   2   1   1       0.82580936
   20   1   0   0       0.60240716
   20   2   1  -1       0.47290843
   20   2   1   0       0.47599452
   20   2   1   1       0.50443997
   21   1   0   0       0.52260789
   21   2   1  -1       0.38322094
   21   2   1   0       0.38923415
   21   2   1   1       0.36659144
   22   1   0   0       0.88129362
   22   2   1  -1       0.91219253
   22   2   1   0       0.73346453
   22   2   1   1       0.75563825
   23   1   0   0       0.87428547
   23   2   1  -1       0.67466353
   23   2   1   0       0.84184561
   23   2   1   1       0.86309009
   24   1   0   0       0.61919255
   24   2   1  -1       0.48606040
   24   2   1   0       0.46990216
   24   2   1   1       0.50963603
   25   1   0   0       0.47428378
   26   1   0   0       0.47498373
   27   1   0   0       0.46692494
   28   1   0   0       0.44918159
   29   1   0   0       0.44378931
   30   1   0   0       0.45854357
   31   1   0   0       0.45731904
   32   1   0   0       0.45047451
   33   1   0   0       0.31082328
   34   1   0   0       0.31090964
   35   1   0   0       0.43938912

Nr. of electrons (down):     60.00000000
Atom populations (down)
 Atom       Population
    1       1.97610073
    2       3.14919861
    3       1.84629469
    4       2.09632916
    5       1.98010370
    6       1.91550864
    7       2.63462862
    8       1.94797561
    9       2.51916633
   10       2.50788895
   11       1.92328553
   12       2.06603045
   13       2.02801076
   14       2.04909110
   15       2.03408817
   16       2.05602421
   17       1.66458135
   18       3.27329882
   19       3.25710279
   20       2.05575008
   21       1.66165442
   22       3.28258892
   23       3.25388470
   24       2.08479115
   25       0.47428378
   26       0.47498373
   27       0.46692494
   28       0.44918159
   29       0.44378931
   30       0.45854357
   31       0.45731904
   32       0.45047451
   33       0.31082328
   34       0.31090964
   35       0.43938912

l-shell populations (down)
 Atom Sh.   l       Population
    1   1   0       0.61395646
    1   2   1       1.36214427
    2   1   0       0.85391629
    2   2   1       2.29528233
    3   1   0       0.55597699
    3   2   1       1.29031769
    4   1   0       0.61921240
    4   2   1       1.47711676
    5   1   0       0.58324742
    5   2   1       1.39685628
    6   1   0       0.58163032
    6   2   1       1.33387832
    7   1   0       0.81630099
    7   2   1       1.81832763
    8   1   0       0.58394497
    8   2   1       1.36403064
    9   1   0       0.74482785
    9   2   1       1.77433848
   10   1   0       0.74555978
   10   2   1       1.76232917
   11   1   0       0.58074893
   11   2   1       1.34253660
   12   1   0       0.61631863
   12   2   1       1.44971182
   13   1   0       0.61220679
   13   2   1       1.41580397
   14   1   0       0.61113892
   14   2   1       1.43795218
   15   1   0       0.61427933
   15   2   1       1.41980883
   16   1   0       0.60208748
   16   2   1       1.45393673
   17   1   0       0.52265740
   17   2   1       1.14192395
   18   1   0       0.88038124
   18   2   1       2.39291757
   19   1   0       0.87520015
   19   2   1       2.38190264
   20   1   0       0.60240716
   20   2   1       1.45334292
   21   1   0       0.52260789
   21   2   1       1.13904653
   22   1   0       0.88129362
   22   2   1       2.40129531
   23   1   0       0.87428547
   23   2   1       2.37959923
   24   1   0       0.61919255
   24   2   1       1.46559860
   25   1   0       0.47428378
   26   1   0       0.47498373
   27   1   0       0.46692494
   28   1   0       0.44918159
   29   1   0       0.44378931
   30   1   0       0.45854357
   31   1   0       0.45731904
   32   1   0       0.45047451
   33   1   0       0.31082328
   34   1   0       0.31090964
   35   1   0       0.43938912

Orbital populations (down)
 Atom Sh.   l   m       Population
    1   1   0   0       0.61395646
    1   2   1  -1       0.43165092
    1   2   1   0       0.44023100
    1   2   1   1       0.49026235
    2   1   0   0       0.85391629
    2   2   1  -1       0.81123041
    2   2   1   0       0.62687486
    2   2   1   1       0.85717705
    3   1   0   0       0.55597699
    3   2   1  -1       0.44990614
    3   2   1   0       0.39520917
    3   2   1   1       0.44520239
    4   1   0   0       0.61921240
    4   2   1  -1       0.47856497
    4   2   1   0       0.48180246
    4   2   1   1       0.51674933
    5   1   0   0       0.58324742
    5   2   1  -1       0.44069217
    5   2   1   0       0.46152845
    5   2   1   1       0.49463566
    6   1   0   0       0.58163032
    6   2   1  -1       0.43279887
    6   2   1   0       0.45035691
    6   2   1   1       0.45072254
    7   1   0   0       0.81630099
    7   2   1  -1       0.67977710
    7   2   1   0       0.55941022
    7   2   1   1       0.57914031
    8   1   0   0       0.58394497
    8   2   1  -1       0.45277061
    8   2   1   0       0.41535174
    8   2   1   1       0.49590828
    9   1   0   0       0.74482785
    9   2   1  -1       0.53771033
    9   2   1   0       0.62249349
    9   2   1   1       0.61413466
   10   1   0   0       0.74555978
   10   2   1  -1       0.53018697
   10   2   1   0       0.74051713
   10   2   1   1       0.49162507
   11   1   0   0       0.58074893
   11   2   1  -1       0.45510496
   11   2   1   0       0.43293356
   11   2   1   1       0.45449807
   12   1   0   0       0.61631863
   12   2   1  -1       0.46423775
   12   2   1   0       0.50127546
   12   2   1   1       0.48419861
   13   1   0   0       0.61220679
   13   2   1  -1       0.47053410
   13   2   1   0       0.48142830
   13   2   1   1       0.46384157
   14   1   0   0       0.61113892
   14   2   1  -1       0.46050048
   14   2   1   0       0.49998953
   14   2   1   1       0.47746218
   15   1   0   0       0.61427933
   15   2   1  -1       0.46704327
   15   2   1   0       0.48059984
   15   2   1   1       0.47216572
   16   1   0   0       0.60208748
   16   2   1  -1       0.46788277
   16   2   1   0       0.51669788
   16   2   1   1       0.46935608
   17   1   0   0       0.52265740
   17   2   1  -1       0.40473655
   17   2   1   0       0.38108163
   17   2   1   1       0.35610577
   18   1   0   0       0.88038124
   18   2   1  -1       0.90173404
   18   2   1   0       0.71977123
   18   2   1   1       0.77141230
   19   1   0   0       0.87520015
   19   2   1  -1       0.65639841
   19   2   1   0       0.89969487
   19   2   1   1       0.82580936
   20   1   0   0       0.60240716
   20   2   1  -1       0.47290843
   20   2   1   0       0.47599452
   20   2   1   1       0.50443997
   21   1   0   0       0.52260789
   21   2   1  -1       0.38322094
   21   2   1   0       0.38923415
   21   2   1   1       0.36659144
   22   1   0   0       0.88129362
   22   2   1  -1       0.91219253
   22   2   1   0       0.73346453
   22   2   1   1       0.75563825
   23   1   0   0       0.87428547
   23   2   1  -1       0.67466353
   23   2   1   0       0.84184561
   23   2   1   1       0.86309009
   24   1   0   0       0.61919255
   24   2   1  -1       0.48606040
   24   2   1   0       0.46990216
   24   2   1   1       0.50963603
   25   1   0   0       0.47428378
   26   1   0   0       0.47498373
   27   1   0   0       0.46692494
   28   1   0   0       0.44918159
   29   1   0   0       0.44378931
   30   1   0   0       0.45854357
   31   1   0   0       0.45731904
   32   1   0   0       0.45047451
   33   1   0   0       0.31082328
   34   1   0   0       0.31090964
   35   1   0   0       0.43938912

Spin  up
Fermi level:                        -0.1579323934 H           -4.2976 eV
Band energy:                       -27.6800209084 H         -753.2117 eV
TS:                                  0.0000000000 H            0.0000 eV
Band free energy (E-TS):           -27.6800209084 H         -753.2117 eV
Extrapolated E(0K):                -27.6800209084 H         -753.2117 eV
Input / Output electrons (up):     60.0000000000     60.0000000000

Spin  down
Fermi level:                        -0.1579323934 H           -4.2976 eV
Band energy:                       -27.6800209084 H         -753.2117 eV
TS:                                  0.0000000000 H            0.0000 eV
Band free energy (E-TS):           -27.6800209084 H         -753.2117 eV
Extrapolated E(0K):                -27.6800209084 H         -753.2117 eV
Input / Output electrons (down):     60.0000000000     60.0000000000

Energy H0:                         -56.3250681318 H        -1532.6831 eV
Energy SCC:                          0.0817716760 H            2.2251 eV
Energy SPIN:                         0.0000000000 H            0.0000 eV
Total Electronic energy:           -56.2510861550 H        -1530.6699 eV
Repulsive energy:                    1.0749602236 H           29.2512 eV
Total energy:                      -55.1761259315 H        -1501.4188 eV
Extrapolated to 0:                 -55.1761259315 H        -1501.4188 eV
Total Mermin free energy:          -55.1761259315 H        -1501.4188 eV
Force related energy:              -55.1761259315 H        -1501.4188 eV

SCC converged

Total Forces
    1      0.000001842491      0.000047980648      0.000030102349
    2      0.000040611213      0.000067332295     -0.000017145422
    3      0.000010955323      0.000075631593     -0.000005069374
    4     -0.000089026291      0.000069706317      0.000022865096
    5     -0.000082860789      0.000063906763      0.000047534030
    6     -0.000243034022      0.000033084135      0.000123137271
    7     -0.000466352644      0.000094275490      0.000158778851
    8      0.000021272426     -0.000000390372     -0.000022474049
    9      0.000058443809     -0.000004316067     -0.000040892841
   10      0.000043961594      0.000012474178     -0.000017340618
   11      0.000033368465     -0.000036683947      0.000011066817
   12      0.000093676033     -0.000013841400      0.000108414024
   13      0.000067645925     -0.000008901116      0.000170006744
   14      0.000133482404     -0.000058978862      0.000109785124
   15      0.000071568186     -0.000069834191      0.000012012924
   16      0.000063316516     -0.000083796637     -0.000086195107
   17     -0.000017157121     -0.000084649656     -0.000260041726
   18     -0.000148517947     -0.000001157516     -0.000658348960
   19      0.000087773996     -0.000127995271      0.000087354938
   20      0.000068960086      0.000026489498     -0.000039577126
   21      0.000038393736      0.000025174625     -0.000034664803
   22     -0.000070205040      0.000006960337      0.000036418065
   23      0.000074392320      0.000033815710     -0.000086863476
   24      0.000014400161      0.000042370837     -0.000033319070
   25     -0.000029757497     -0.000003086494      0.000046994164
   26     -0.000048980135      0.000066495451      0.000013941829
   27      0.000007690213      0.000064079879      0.000023839174
   28     -0.000136199850      0.000048308546     -0.000010792122
   29      0.000067176075     -0.000004460319      0.000103056756
   30      0.000108286564      0.000019342880      0.000195730405
   31      0.000099562187     -0.000085639609      0.000115379810
   32      0.000117991712     -0.000117077764     -0.000002684270
   33     -0.000098344859     -0.000143876470      0.000010782801
   34      0.000081105224      0.000002881783     -0.000106121216
   35      0.000024559536      0.000044374725     -0.000005670990

Maximal derivative component:        0.658349E-03 au

Dipole moment:    0.29547454    1.05473354    2.05478536 au
Dipole moment:    0.75102142    2.68086548    5.22274385 Debye


