 Fermi distribution function

Calculation with static geometry


********************************************************************************
 iSCC Total electronic   Diff electronic      SCC error    
   18   -0.56159263E+02   -0.66144423E-10    0.47566550E-05
********************************************************************************

 Total charge:    -0.00000000

 Atomic gross charges (e)
 Atom           Charge
    1       0.04456880
    2      -0.28002204
    3       0.30070603
    4      -0.19550933
    5       0.02207225
    6       0.20144863
    7      -0.32758127
    8       0.11602278
    9      -0.05799936
   10      -0.07873612
   11       0.16645764
   12      -0.13175222
   13      -0.06458231
   14      -0.09740303
   15      -0.06483413
   16      -0.10081806
   17       0.68078350
   18      -0.53892271
   19      -0.50471536
   20      -0.09035585
   21       0.68502185
   22      -0.55080869
   23      -0.49404517
   24      -0.15380322
   25       0.05460764
   26       0.05478853
   27       0.06834851
   28       0.10146107
   29       0.09559809
   30       0.08421352
   31       0.08581258
   32       0.09086396
   33       0.39092296
   34       0.37528138
   35       0.11290916

Nr. of electrons (up):     60.00000000
Atom populations (up)
 Atom       Population
    1       1.97722445
    2       3.14539407
    3       1.88835447
    4       2.08720863
    5       2.03796698
    6       1.89630155
    7       2.67700042
    8       1.91681498
    9       2.48162579
   10       2.49063215
   11       1.89067237
   12       2.10418413
   13       2.02507894
   14       2.09125648
   15       2.02345747
   16       2.07512735
   17       1.66036465
   18       3.24567460
   19       3.25145736
   20       2.07250112
   21       1.65701549
   22       3.26109656
   23       3.24504031
   24       2.06318228
   25       0.47288088
   26       0.47273897
   27       0.46583521
   28       0.44984259
   29       0.44897646
   30       0.45828604
   31       0.45477836
   32       0.45239914
   33       0.30462832
   34       0.31249099
   35       0.44251043

l-shell populations (up)
 Atom Sh.   l       Population
    1   1   0       0.61451503
    1   2   1       1.36270942
    2   1   0       0.85252492
    2   2   1       2.29286915
    3   1   0       0.55759666
    3   2   1       1.33075781
    4   1   0       0.61644589
    4   2   1       1.47076274
    5   1   0       0.58449420
    5   2   1       1.45347279
    6   1   0       0.58089713
    6   2   1       1.31540442
    7   1   0       0.81730229
    7   2   1       1.85969813
    8   1   0       0.57113946
    8   2   1       1.34567552
    9   1   0       0.73931086
    9   2   1       1.74231493
   10   1   0       0.74266845
   10   2   1       1.74796370
   11   1   0       0.57105187
   11   2   1       1.31962050
   12   1   0       0.61685722
   12   2   1       1.48732691
   13   1   0       0.60969759
   13   2   1       1.41538135
   14   1   0       0.61282646
   14   2   1       1.47843002
   15   1   0       0.61069464
   15   2   1       1.41276283
   16   1   0       0.60514870
   16   2   1       1.46997865
   17   1   0       0.52523881
   17   2   1       1.13512584
   18   1   0       0.88069781
   18   2   1       2.36497679
   19   1   0       0.87499714
   19   2   1       2.37646022
   20   1   0       0.60434562
   20   2   1       1.46815550
   21   1   0       0.52458429
   21   2   1       1.13243120
   22   1   0       0.88051443
   22   2   1       2.38058213
   23   1   0       0.87376107
   23   2   1       2.37127924
   24   1   0       0.61565985
   24   2   1       1.44752243
   25   1   0       0.47288088
   26   1   0       0.47273897
   27   1   0       0.46583521
   28   1   0       0.44984259
   29   1   0       0.44897646
   30   1   0       0.45828604
   31   1   0       0.45477836
   32   1   0       0.45239914
   33   1   0       0.30462832
   34   1   0       0.31249099
   35   1   0       0.44251043

Orbital populations (up)
 Atom Sh.   l   m       Population
    1   1   0   0       0.61451503
    1   2   1  -1       0.41483748
    1   2   1   0       0.46899190
    1   2   1   1       0.47888004
    2   1   0   0       0.85252492
    2   2   1  -1       0.78231828
    2   2   1   0       0.82031108
    2   2   1   1       0.69023979
    3   1   0   0       0.55759666
    3   2   1  -1       0.45883870
    3   2   1   0       0.48304418
    3   2   1   1       0.38887493
    4   1   0   0       0.61644589
    4   2   1  -1       0.47577808
    4   2   1   0       0.52229899
    4   2   1   1       0.47268567
    5   1   0   0       0.58449420
    5   2   1  -1       0.44811381
    5   2   1   0       0.54103279
    5   2   1   1       0.46432618
    6   1   0   0       0.58089713
    6   2   1  -1       0.43104255
    6   2   1   0       0.44819403
    6   2   1   1       0.43616784
    7   1   0   0       0.81730229
    7   2   1  -1       0.66346421
    7   2   1   0       0.57924519
    7   2   1   1       0.61698873
    8   1   0   0       0.57113946
    8   2   1  -1       0.45326408
    8   2   1   0       0.50833281
    8   2   1   1       0.38407863
    9   1   0   0       0.73931086
    9   2   1  -1       0.55618293
    9   2   1   0       0.66471998
    9   2   1   1       0.52141202
   10   1   0   0       0.74266845
   10   2   1  -1       0.49526816
   10   2   1   0       0.69565560
   10   2   1   1       0.55703994
   11   1   0   0       0.57105187
   11   2   1  -1       0.46130608
   11   2   1   0       0.46755503
   11   2   1   1       0.39075940
   12   1   0   0       0.61685722
   12   2   1  -1       0.50018187
   12   2   1   0       0.50870411
   12   2   1   1       0.47844094
   13   1   0   0       0.60969759
   13   2   1  -1       0.47513550
   13   2   1   0       0.48085823
   13   2   1   1       0.45938762
   14   1   0   0       0.61282646
   14   2   1  -1       0.48461853
   14   2   1   0       0.51411957
   14   2   1   1       0.47969192
   15   1   0   0       0.61069464
   15   2   1  -1       0.47715984
   15   2   1   0       0.47693097
   15   2   1   1       0.45867202
   16   1   0   0       0.60514870
   16   2   1  -1       0.50086841
   16   2   1   0       0.50669361
   16   2   1   1       0.46241663
   17   1   0   0       0.52523881
   17   2   1  -1       0.38083095
   17   2   1   0       0.38212041
   17   2   1   1       0.37217448
   18   1   0   0       0.88069781
   18   2   1  -1       0.93113788
   18   2   1   0       0.71793013
   18   2   1   1       0.71590878
   19   1   0   0       0.87499714
   19   2   1  -1       0.65364332
   19   2   1   0       0.84398446
   19   2   1   1       0.87883244
   20   1   0   0       0.60434562
   20   2   1  -1       0.45290564
   20   2   1   0       0.53674875
   20   2   1   1       0.47850112
   21   1   0   0       0.52458429
   21   2   1  -1       0.40041561
   21   2   1   0       0.36670893
   21   2   1   1       0.36530666
   22   1   0   0       0.88051443
   22   2   1  -1       0.87914074
   22   2   1   0       0.72379839
   22   2   1   1       0.77764301
   23   1   0   0       0.87376107
   23   2   1  -1       0.68838493
   23   2   1   0       0.85288572
   23   2   1   1       0.83000859
   24   1   0   0       0.61565985
   24   2   1  -1       0.47469894
   24   2   1   0       0.50220233
   24   2   1   1       0.47062116
   25   1   0   0       0.47288088
   26   1   0   0       0.47273897
   27   1   0   0       0.46583521
   28   1   0   0       0.44984259
   29   1   0   0       0.44897646
   30   1   0   0       0.45828604
   31   1   0   0       0.45477836
   32   1   0   0       0.45239914
   33   1   0   0       0.30462832
   34   1   0   0       0.31249099
   35   1   0   0       0.44251043

Nr. of electrons (down):     60.00000000
Atom populations (down)
 Atom       Population
    1       1.97820675
    2       3.13462797
    3       1.81093950
    4       2.10830070
    5       1.93996076
    6       1.90224982
    7       2.65058085
    8       1.96716224
    9       2.57637356
   10       2.58810397
   11       1.94286999
   12       2.02756809
   13       2.03950338
   14       2.00614655
   15       2.04137666
   16       2.02569071
   17       1.65885185
   18       3.29324812
   19       3.25325800
   20       2.01785473
   21       1.65796266
   22       3.28971213
   23       3.24900486
   24       2.09062094
   25       0.47251148
   26       0.47247250
   27       0.46581629
   28       0.44869635
   29       0.45542544
   30       0.45750044
   31       0.45940906
   32       0.45673690
   33       0.30444871
   34       0.31222763
   35       0.44458040

l-shell populations (down)
 Atom Sh.   l       Population
    1   1   0       0.61467132
    1   2   1       1.36353543
    2   1   0       0.85287065
    2   2   1       2.28175732
    3   1   0       0.55450966
    3   2   1       1.25642984
    4   1   0       0.61940304
    4   2   1       1.48889765
    5   1   0       0.58013397
    5   2   1       1.35982679
    6   1   0       0.58351169
    6   2   1       1.31873812
    7   1   0       0.81695760
    7   2   1       1.83362325
    8   1   0       0.57929448
    8   2   1       1.38786776
    9   1   0       0.76313000
    9   2   1       1.81324357
   10   1   0       0.76607757
   10   2   1       1.82202640
   11   1   0       0.57819640
   11   2   1       1.36467359
   12   1   0       0.61295962
   12   2   1       1.41460848
   13   1   0       0.61223808
   13   2   1       1.42726529
   14   1   0       0.60906964
   14   2   1       1.39707691
   15   1   0       0.61288850
   15   2   1       1.42848817
   16   1   0       0.60297942
   16   2   1       1.42271129
   17   1   0       0.52551316
   17   2   1       1.13333869
   18   1   0       0.88113464
   18   2   1       2.41211348
   19   1   0       0.87492391
   19   2   1       2.37833410
   20   1   0       0.60220262
   20   2   1       1.41565211
   21   1   0       0.52505498
   21   2   1       1.13290768
   22   1   0       0.88076108
   22   2   1       2.40895106
   23   1   0       0.87368683
   23   2   1       2.37531803
   24   1   0       0.61829492
   24   2   1       1.47232602
   25   1   0       0.47251148
   26   1   0       0.47247250
   27   1   0       0.46581629
   28   1   0       0.44869635
   29   1   0       0.45542544
   30   1   0       0.45750044
   31   1   0       0.45940906
   32   1   0       0.45673690
   33   1   0       0.30444871
   34   1   0       0.31222763
   35   1   0       0.44458040

Orbital populations (down)
 Atom Sh.   l   m       Population
    1   1   0   0       0.61467132
    1   2   1  -1       0.41512389
    1   2   1   0       0.46939056
    1   2   1   1       0.47902097
    2   1   0   0       0.85287065
    2   2   1  -1       0.78053833
    2   2   1   0       0.81140756
    2   2   1   1       0.68981143
    3   1   0   0       0.55450966
    3   2   1  -1       0.44771377
    3   2   1   0       0.43261811
    3   2   1   1       0.37609796
    4   1   0   0       0.61940304
    4   2   1  -1       0.47950680
    4   2   1   0       0.53251662
    4   2   1   1       0.47687423
    5   1   0   0       0.58013397
    5   2   1  -1       0.43804490
    5   2   1   0       0.47278746
    5   2   1   1       0.44899443
    6   1   0   0       0.58351169
    6   2   1  -1       0.43314496
    6   2   1   0       0.44748086
    6   2   1   1       0.43811230
    7   1   0   0       0.81695760
    7   2   1  -1       0.66039558
    7   2   1   0       0.56193345
    7   2   1   1       0.61129421
    8   1   0   0       0.57929448
    8   2   1  -1       0.45635978
    8   2   1   0       0.50252730
    8   2   1   1       0.42898068
    9   1   0   0       0.76313000
    9   2   1  -1       0.66810349
    9   2   1   0       0.52799369
    9   2   1   1       0.61714639
   10   1   0   0       0.76607757
   10   2   1  -1       0.65673839
   10   2   1   0       0.53706126
   10   2   1   1       0.62822675
   11   1   0   0       0.57819640
   11   2   1  -1       0.46922606
   11   2   1   0       0.47711723
   11   2   1   1       0.41833030
   12   1   0   0       0.61295962
   12   2   1  -1       0.47112424
   12   2   1   0       0.47554577
   12   2   1   1       0.46793846
   13   1   0   0       0.61223808
   13   2   1  -1       0.47846339
   13   2   1   0       0.48502077
   13   2   1   1       0.46378113
   14   1   0   0       0.60906964
   14   2   1  -1       0.46172311
   14   2   1   0       0.46721132
   14   2   1   1       0.46814248
   15   1   0   0       0.61288850
   15   2   1  -1       0.48121897
   15   2   1   0       0.48336063
   15   2   1   1       0.46390857
   16   1   0   0       0.60297942
   16   2   1  -1       0.47443988
   16   2   1   0       0.48170528
   16   2   1   1       0.46656614
   17   1   0   0       0.52551316
   17   2   1  -1       0.38103456
   17   2   1   0       0.38229793
   17   2   1   1       0.37000620
   18   1   0   0       0.88113464
   18   2   1  -1       0.93448073
   18   2   1   0       0.71936026
   18   2   1   1       0.75827249
   19   1   0   0       0.87492391
   19   2   1  -1       0.65292033
   19   2   1   0       0.84408700
   19   2   1   1       0.88132676
   20   1   0   0       0.60220262
   20   2   1  -1       0.46570978
   20   2   1   0       0.48462091
   20   2   1   1       0.46532142
   21   1   0   0       0.52505498
   21   2   1  -1       0.40070812
   21   2   1   0       0.36676934
   21   2   1   1       0.36543022
   22   1   0   0       0.88076108
   22   2   1  -1       0.88028127
   22   2   1   0       0.72801780
   22   2   1   1       0.80065198
   23   1   0   0       0.87368683
   23   2   1  -1       0.68855366
   23   2   1   0       0.85382141
   23   2   1   1       0.83294296
   24   1   0   0       0.61829492
   24   2   1  -1       0.48023211
   24   2   1   0       0.51824666
   24   2   1   1       0.47384725
   25   1   0   0       0.47251148
   26   1   0   0       0.47247250
   27   1   0   0       0.46581629
   28   1   0   0       0.44869635
   29   1   0   0       0.45542544
   30   1   0   0       0.45750044
   31   1   0   0       0.45940906
   32   1   0   0       0.45673690
   33   1   0   0       0.30444871
   34   1   0   0       0.31222763
   35   1   0   0       0.44458040

Spin  up
Fermi level:                        -0.1830405102 H           -4.9808 eV
Band energy:                       -27.9869412319 H         -761.5634 eV
TS:                                  0.0000000000 H            0.0000 eV
Band free energy (E-TS):           -27.9869412319 H         -761.5634 eV
Extrapolated E(0K):                -27.9869412319 H         -761.5634 eV
Input / Output electrons (up):     60.0000000000     60.0000000000

Spin  down
Fermi level:                        -0.1851561199 H           -5.0384 eV
Band energy:                       -28.0005590138 H         -761.9340 eV
TS:                                  0.0000000000 H            0.0000 eV
Band free energy (E-TS):           -28.0005590138 H         -761.9340 eV
Extrapolated E(0K):                -28.0005590138 H         -761.9340 eV
Input / Output electrons (down):     60.0000000000     60.0000000000

Energy H0:                         -56.2306186895 H        -1530.1130 eV
Energy SCC:                          0.0783898334 H            2.1331 eV
Energy SPIN:                        -0.0007709388 H           -0.0210 eV
Total Electronic energy:           -56.1592628609 H        -1528.1713 eV
Repulsive energy:                    1.0550348043 H           28.7090 eV
Total energy:                      -55.1042280566 H        -1499.4623 eV
Extrapolated to 0:                 -55.1042280566 H        -1499.4623 eV
Total Mermin free energy:          -55.1042280566 H        -1499.4623 eV
Force related energy:              -55.1042280566 H        -1499.4623 eV

SCC converged

Dipole moment:    1.09580519    0.32921350    0.27220743 au
Dipole moment:    2.78525920    0.83677731    0.69188233 Debye


