 Fermi distribution function

Geometry optimization step: 1340


********************************************************************************
 iSCC Total electronic   Diff electronic      SCC error    
    1   -0.55391511E+02    0.00000000E+00    0.62668604E-05
********************************************************************************

Coordinates of moved atoms (au):
    1      9.54238482     -1.68317463     -6.28682084
    2      7.48441760      0.02363209     -5.32359584
    3      7.16982550      2.43263531     -6.36984085
    4      5.28753908      4.09558531     -5.50489888
    5      5.13727454      6.66204580     -6.72965904
    6      6.47257482      7.25652051     -8.51595023
    7      3.42984832      8.33432505     -5.75459835
    8      3.65120398      3.27983951     -3.58215223
    9      3.91465524      0.84996173     -2.54405765
   10      2.42882219      0.13817549     -0.37440038
   11      0.05348036      0.34301516     -0.38159461
   12     -1.32691548      0.88351348     -2.66292223
   13     -1.09199842     -0.70339154     -4.78584503
   14     -2.69783458     -0.31031342     -6.84905550
   15     -2.47423012     -1.82042205     -8.86459699
   16     -4.51370573      1.60792085     -6.87564375
   17     -4.75436164      3.16416619     -4.73414032
   18     -6.71088003      5.19347381     -4.74731347
   19     -8.18154626      5.59152459     -6.49449773
   20     -6.79575665      6.66230628     -2.62927525
   21     -3.19970601      2.77098371     -2.61944532
   22      5.87580588     -0.77267513     -3.35137362
   23      6.15509337     -3.35013270     -2.19011711
   24     10.89884335     -2.12520959     -4.79815554
   25      8.77327915     -3.47662808     -6.94918960
   26     10.56108256     -0.80649356     -7.83935514
   27      8.40673108      3.07477051     -7.87940711
   28      2.51274297      7.66770931     -4.32449013
   29      2.17359699      4.50957512     -2.84519627
   30      0.29503944     -2.21494804     -4.81647537
   31     -5.73894017      1.90297660     -8.49489599
   32     -8.12754942      7.90910098     -2.82183523
   33     -3.40757645      3.97251076     -0.96879364
   34      8.12245077     -3.75113274     -1.73179722
   35      5.03455633     -3.50467789     -0.47354226
   36      5.52818190     -4.82548914     -3.49009379

 Total charge:     0.00000000

 Atomic gross charges (e)
 Atom           Charge
    1      -0.24978693
    2       0.04681963
    3      -0.09440299
    4      -0.10148187
    5       0.66900527
    6      -0.51800163
    7      -0.48442636
    8      -0.14670061
    9       0.13306066
   10      -0.07455104
   11      -0.07871231
   12       0.16114182
   13      -0.21903216
   14       0.41524063
   15      -0.25277204
   16      -0.18945173
   17      -0.05894129
   18       0.67971713
   19      -0.55566343
   20      -0.50870390
   21      -0.16198684
   22       0.00155934
   23      -0.24744852
   24       0.09234772
   25       0.09159196
   26       0.08939640
   27       0.11310094
   28       0.34959342
   29       0.07511616
   30       0.11737988
   31       0.13603237
   32       0.37975325
   33       0.11346196
   34       0.09156888
   35       0.09290020
   36       0.09327604

Nr. of electrons (up):     59.00000000
Atom populations (up)
 Atom       Population
    1       2.12489346
    2       1.97659018
    3       2.04720150
    4       2.05074094
    5       1.66549737
    6       3.25900082
    7       3.24221318
    8       2.07335031
    9       1.93346967
   10       2.53727552
   11       2.53935615
   12       1.91942909
   13       2.10951608
   14       1.79237969
   15       3.62638602
   16       2.09472586
   17       2.02947065
   18       1.66014143
   19       3.27783171
   20       3.25435195
   21       2.08099342
   22       1.99922033
   23       2.12372426
   24       0.45382614
   25       0.45420402
   26       0.45530180
   27       0.44344953
   28       0.32520329
   29       0.46244192
   30       0.44131006
   31       0.43198381
   32       0.31012338
   33       0.44326902
   34       0.45421556
   35       0.45354990
   36       0.45336198

l-shell populations (up)
 Atom Sh.   l       Population
    1   1   0       0.63963632
    1   2   1       1.48525714
    2   1   0       0.59280254
    2   2   1       1.38378765
    3   1   0       0.61632338
    3   2   1       1.43087811
    4   1   0       0.60528475
    4   2   1       1.44545618
    5   1   0       0.52290345
    5   2   1       1.14259392
    6   1   0       0.87765878
    6   2   1       2.38134203
    7   1   0       0.86786898
    7   2   1       2.37434420
    8   1   0       0.61544775
    8   2   1       1.45790256
    9   1   0       0.57859986
    9   2   1       1.35486981
   10   1   0       0.75424458
   10   2   1       1.78303094
   11   1   0       0.75244464
   11   2   1       1.78691151
   12   1   0       0.57838384
   12   2   1       1.34104525
   13   1   0       0.61984284
   13   2   1       1.48967324
   14   1   0       0.55119706
   14   2   1       1.24118262
   15   1   0       0.94403449
   15   2   1       2.68235154
   16   1   0       0.61904748
   16   2   1       1.47567838
   17   1   0       0.60138999
   17   2   1       1.42808066
   18   1   0       0.52231013
   18   2   1       1.13783130
   19   1   0       0.88042423
   19   2   1       2.39740748
   20   1   0       0.87438310
   20   2   1       2.37996885
   21   1   0       0.61753992
   21   2   1       1.46345350
   22   1   0       0.59739030
   22   2   1       1.40183003
   23   1   0       0.63933027
   23   2   1       1.48439399
   24   1   0       0.45382614
   25   1   0       0.45420402
   26   1   0       0.45530180
   27   1   0       0.44344953
   28   1   0       0.32520329
   29   1   0       0.46244192
   30   1   0       0.44131006
   31   1   0       0.43198381
   32   1   0       0.31012338
   33   1   0       0.44326902
   34   1   0       0.45421556
   35   1   0       0.45354990
   36   1   0       0.45336198

Orbital populations (up)
 Atom Sh.   l   m       Population
    1   1   0   0       0.63963632
    1   2   1  -1       0.49509780
    1   2   1   0       0.50003703
    1   2   1   1       0.49012231
    2   1   0   0       0.59280254
    2   2   1  -1       0.45687744
    2   2   1   0       0.46475724
    2   2   1   1       0.46215297
    3   1   0   0       0.61632338
    3   2   1  -1       0.46070325
    3   2   1   0       0.48827625
    3   2   1   1       0.48189862
    4   1   0   0       0.60528475
    4   2   1  -1       0.47730394
    4   2   1   0       0.48450002
    4   2   1   1       0.48365222
    5   1   0   0       0.52290345
    5   2   1  -1       0.39269566
    5   2   1   0       0.38312999
    5   2   1   1       0.36676826
    6   1   0   0       0.87765878
    6   2   1  -1       0.91030557
    6   2   1   0       0.71401210
    6   2   1   1       0.75702436
    7   1   0   0       0.86786898
    7   2   1  -1       0.84896505
    7   2   1   0       0.76121449
    7   2   1   1       0.76416467
    8   1   0   0       0.61544775
    8   2   1  -1       0.47458341
    8   2   1   0       0.49185072
    8   2   1   1       0.49146843
    9   1   0   0       0.57859986
    9   2   1  -1       0.45780436
    9   2   1   0       0.42864879
    9   2   1   1       0.46841666
   10   1   0   0       0.75424458
   10   2   1  -1       0.53670610
   10   2   1   0       0.70366112
   10   2   1   1       0.54266373
   11   1   0   0       0.75244464
   11   2   1  -1       0.52891497
   11   2   1   0       0.70304079
   11   2   1   1       0.55495575
   12   1   0   0       0.57838384
   12   2   1  -1       0.45808166
   12   2   1   0       0.41657078
   12   2   1   1       0.46639281
   13   1   0   0       0.61984284
   13   2   1  -1       0.50881441
   13   2   1   0       0.47253586
   13   2   1   1       0.50832297
   14   1   0   0       0.55119706
   14   2   1  -1       0.41188263
   14   2   1   0       0.37249710
   14   2   1   1       0.45680290
   15   1   0   0       0.94403449
   15   2   1  -1       0.88579962
   15   2   1   0       0.82560112
   15   2   1   1       0.97095080
   16   1   0   0       0.61904748
   16   2   1  -1       0.48798793
   16   2   1   0       0.48658770
   16   2   1   1       0.50110275
   17   1   0   0       0.60138999
   17   2   1  -1       0.48113097
   17   2   1   0       0.46532958
   17   2   1   1       0.48162011
   18   1   0   0       0.52231013
   18   2   1  -1       0.39119119
   18   2   1   0       0.35130510
   18   2   1   1       0.39533501
   19   1   0   0       0.88042423
   19   2   1  -1       0.85656281
   19   2   1   0       0.78295306
   19   2   1   1       0.75789160
   20   1   0   0       0.87438310
   20   2   1  -1       0.74061853
   20   2   1   0       0.80663183
   20   2   1   1       0.83271848
   21   1   0   0       0.61753992
   21   2   1  -1       0.50084465
   21   2   1   0       0.48244239
   21   2   1   1       0.48016646
   22   1   0   0       0.59739030
   22   2   1  -1       0.45817827
   22   2   1   0       0.48026892
   22   2   1   1       0.46338284
   23   1   0   0       0.63933027
   23   2   1  -1       0.48159480
   23   2   1   0       0.49917933
   23   2   1   1       0.50361987
   24   1   0   0       0.45382614
   25   1   0   0       0.45420402
   26   1   0   0       0.45530180
   27   1   0   0       0.44344953
   28   1   0   0       0.32520329
   29   1   0   0       0.46244192
   30   1   0   0       0.44131006
   31   1   0   0       0.43198381
   32   1   0   0       0.31012338
   33   1   0   0       0.44326902
   34   1   0   0       0.45421556
   35   1   0   0       0.45354990
   36   1   0   0       0.45336198

Nr. of electrons (down):     59.00000000
Atom populations (down)
 Atom       Population
    1       2.12489346
    2       1.97659018
    3       2.04720150
    4       2.05074094
    5       1.66549737
    6       3.25900082
    7       3.24221318
    8       2.07335031
    9       1.93346967
   10       2.53727552
   11       2.53935615
   12       1.91942909
   13       2.10951608
   14       1.79237969
   15       3.62638602
   16       2.09472586
   17       2.02947065
   18       1.66014143
   19       3.27783171
   20       3.25435195
   21       2.08099342
   22       1.99922033
   23       2.12372426
   24       0.45382614
   25       0.45420402
   26       0.45530180
   27       0.44344953
   28       0.32520329
   29       0.46244192
   30       0.44131006
   31       0.43198381
   32       0.31012338
   33       0.44326902
   34       0.45421556
   35       0.45354990
   36       0.45336198

l-shell populations (down)
 Atom Sh.   l       Population
    1   1   0       0.63963632
    1   2   1       1.48525714
    2   1   0       0.59280254
    2   2   1       1.38378765
    3   1   0       0.61632338
    3   2   1       1.43087811
    4   1   0       0.60528475
    4   2   1       1.44545618
    5   1   0       0.52290345
    5   2   1       1.14259392
    6   1   0       0.87765878
    6   2   1       2.38134203
    7   1   0       0.86786898
    7   2   1       2.37434420
    8   1   0       0.61544775
    8   2   1       1.45790256
    9   1   0       0.57859986
    9   2   1       1.35486981
   10   1   0       0.75424458
   10   2   1       1.78303094
   11   1   0       0.75244464
   11   2   1       1.78691151
   12   1   0       0.57838384
   12   2   1       1.34104525
   13   1   0       0.61984284
   13   2   1       1.48967324
   14   1   0       0.55119706
   14   2   1       1.24118262
   15   1   0       0.94403449
   15   2   1       2.68235154
   16   1   0       0.61904748
   16   2   1       1.47567838
   17   1   0       0.60138999
   17   2   1       1.42808066
   18   1   0       0.52231013
   18   2   1       1.13783130
   19   1   0       0.88042423
   19   2   1       2.39740748
   20   1   0       0.87438310
   20   2   1       2.37996885
   21   1   0       0.61753992
   21   2   1       1.46345350
   22   1   0       0.59739030
   22   2   1       1.40183003
   23   1   0       0.63933027
   23   2   1       1.48439399
   24   1   0       0.45382614
   25   1   0       0.45420402
   26   1   0       0.45530180
   27   1   0       0.44344953
   28   1   0       0.32520329
   29   1   0       0.46244192
   30   1   0       0.44131006
   31   1   0       0.43198381
   32   1   0       0.31012338
   33   1   0       0.44326902
   34   1   0       0.45421556
   35   1   0       0.45354990
   36   1   0       0.45336198

Orbital populations (down)
 Atom Sh.   l   m       Population
    1   1   0   0       0.63963632
    1   2   1  -1       0.49509780
    1   2   1   0       0.50003703
    1   2   1   1       0.49012231
    2   1   0   0       0.59280254
    2   2   1  -1       0.45687744
    2   2   1   0       0.46475724
    2   2   1   1       0.46215297
    3   1   0   0       0.61632338
    3   2   1  -1       0.46070325
    3   2   1   0       0.48827625
    3   2   1   1       0.48189862
    4   1   0   0       0.60528475
    4   2   1  -1       0.47730394
    4   2   1   0       0.48450002
    4   2   1   1       0.48365222
    5   1   0   0       0.52290345
    5   2   1  -1       0.39269566
    5   2   1   0       0.38312999
    5   2   1   1       0.36676826
    6   1   0   0       0.87765878
    6   2   1  -1       0.91030557
    6   2   1   0       0.71401210
    6   2   1   1       0.75702436
    7   1   0   0       0.86786898
    7   2   1  -1       0.84896505
    7   2   1   0       0.76121449
    7   2   1   1       0.76416467
    8   1   0   0       0.61544775
    8   2   1  -1       0.47458341
    8   2   1   0       0.49185072
    8   2   1   1       0.49146843
    9   1   0   0       0.57859986
    9   2   1  -1       0.45780436
    9   2   1   0       0.42864879
    9   2   1   1       0.46841666
   10   1   0   0       0.75424458
   10   2   1  -1       0.53670610
   10   2   1   0       0.70366112
   10   2   1   1       0.54266373
   11   1   0   0       0.75244464
   11   2   1  -1       0.52891497
   11   2   1   0       0.70304079
   11   2   1   1       0.55495575
   12   1   0   0       0.57838384
   12   2   1  -1       0.45808166
   12   2   1   0       0.41657078
   12   2   1   1       0.46639281
   13   1   0   0       0.61984284
   13   2   1  -1       0.50881441
   13   2   1   0       0.47253586
   13   2   1   1       0.50832297
   14   1   0   0       0.55119706
   14   2   1  -1       0.41188263
   14   2   1   0       0.37249710
   14   2   1   1       0.45680290
   15   1   0   0       0.94403449
   15   2   1  -1       0.88579962
   15   2   1   0       0.82560112
   15   2   1   1       0.97095080
   16   1   0   0       0.61904748
   16   2   1  -1       0.48798793
   16   2   1   0       0.48658770
   16   2   1   1       0.50110275
   17   1   0   0       0.60138999
   17   2   1  -1       0.48113097
   17   2   1   0       0.46532958
   17   2   1   1       0.48162011
   18   1   0   0       0.52231013
   18   2   1  -1       0.39119119
   18   2   1   0       0.35130510
   18   2   1   1       0.39533501
   19   1   0   0       0.88042423
   19   2   1  -1       0.85656281
   19   2   1   0       0.78295306
   19   2   1   1       0.75789160
   20   1   0   0       0.87438310
   20   2   1  -1       0.74061853
   20   2   1   0       0.80663183
   20   2   1   1       0.83271848
   21   1   0   0       0.61753992
   21   2   1  -1       0.50084465
   21   2   1   0       0.48244239
   21   2   1   1       0.48016646
   22   1   0   0       0.59739030
   22   2   1  -1       0.45817827
   22   2   1   0       0.48026892
   22   2   1   1       0.46338284
   23   1   0   0       0.63933027
   23   2   1  -1       0.48159480
   23   2   1   0       0.49917933
   23   2   1   1       0.50361987
   24   1   0   0       0.45382614
   25   1   0   0       0.45420402
   26   1   0   0       0.45530180
   27   1   0   0       0.44344953
   28   1   0   0       0.32520329
   29   1   0   0       0.46244192
   30   1   0   0       0.44131006
   31   1   0   0       0.43198381
   32   1   0   0       0.31012338
   33   1   0   0       0.44326902
   34   1   0   0       0.45421556
   35   1   0   0       0.45354990
   36   1   0   0       0.45336198

Spin  up
Fermi level:                        -0.1767701493 H           -4.8102 eV
Band energy:                       -27.8784938826 H         -758.6124 eV
TS:                                  0.0000000000 H            0.0000 eV
Band free energy (E-TS):           -27.8784938826 H         -758.6124 eV
Extrapolated E(0K):                -27.8784938826 H         -758.6124 eV
Input / Output electrons (up):     59.0000000000     59.0000000000

Spin  down
Fermi level:                        -0.1767701493 H           -4.8102 eV
Band energy:                       -27.8784938826 H         -758.6124 eV
TS:                                  0.0000000000 H            0.0000 eV
Band free energy (E-TS):           -27.8784938826 H         -758.6124 eV
Extrapolated E(0K):                -27.8784938826 H         -758.6124 eV
Input / Output electrons (down):     59.0000000000     59.0000000000

Energy H0:                         -55.4615354417 H        -1509.1852 eV
Energy SCC:                          0.0766680391 H            2.0862 eV
Energy SPIN:                         0.0000000000 H            0.0000 eV
Total Electronic energy:           -55.3915106061 H        -1507.2797 eV
Repulsive energy:                    0.7641688825 H           20.7941 eV
Total energy:                      -54.6273417236 H        -1486.4856 eV
Extrapolated to 0:                 -54.6273417236 H        -1486.4856 eV
Total Mermin free energy:          -54.6273417236 H        -1486.4856 eV
Force related energy:              -54.6273417236 H        -1486.4856 eV

SCC converged

Full geometry written in opt.{xyz|gen}

Dipole moment:    0.34260315   -1.30469960    1.87311724 au
Dipole moment:    0.87081042   -3.31621588    4.76098952 Debye

Geometry converged

