 Fermi distribution function

Geometry optimization step: 853


********************************************************************************
 iSCC Total electronic   Diff electronic      SCC error    
    4   -0.54164318E+02   -0.33921310E-10    0.46554095E-05
********************************************************************************

Coordinates of moved atoms (au):
    1     -6.67719314      3.50931576      1.09334849
    2     -6.70776384      4.18921104     -1.49091735
    3     -5.25847890      3.02427814     -3.24158656
    4     -3.21761570      1.33240058     -2.76144774
    5     -2.56987589      0.59481093     -0.23341236
    6     -0.36112832     -0.39116410     -0.02277979
    7      0.50290753     -1.19522815      2.37612130
    8      0.98802322      0.57185287      4.33773329
    9      0.30682553      3.31664582      4.04078371
   10      2.12135219     -0.28143799      6.56444214
   11      2.79319264     -2.81904790      6.88156222
   12      2.38309520     -4.53710352      4.93295731
   13      1.27201246     -3.75892866      2.64522539
   14      0.83413175     -5.49279055      0.45300448
   15     -0.26042806     -4.81527796     -1.47540838
   16      1.75712386     -7.89386984      0.63516930
   17     -1.92375807      0.24894511     -4.83226211
   18     -2.52172214      0.85290369     -7.32098002
   19     -4.46048049      2.59861564     -7.76972115
   20     -5.03997373      3.21403292    -10.14624606
   21     -5.83995429      3.69716936     -5.78229679
   22     -7.85334574      5.45698046     -6.29876387
   23     -9.46349010      6.86966111     -6.71131735
   24     -8.13420054      4.64055935      2.03008667
   25     -4.83721054      3.92873408      1.96792092
   26     -7.11412573      1.49646902      1.34827311
   27      0.60755050      3.96099156      2.11111365
   28     -1.68220574      3.64685865      4.48949869
   29      1.42085383      4.49163946      5.30727419
   30      2.48221719      1.05827633      8.08092303
   31      3.65066642     -3.44586617      8.63719109
   32      2.93126540     -6.50357454      5.20608231
   33      2.61750291     -8.20812687      2.21389185
   34     -0.46156715     -1.13429749     -4.42637010
   35     -1.53137328     -0.01540182     -8.89181074

 Total charge:    -0.00000000

 Atomic gross charges (e)
 Atom           Charge
    1       0.04954904
    2      -0.26279373
    3       0.27496850
    4       0.02490154
    5      -0.11857400
    6      -0.06377933
    7       0.16296958
    8       0.01070980
    9      -0.24082271
   10      -0.08132204
   11      -0.09366322
   12      -0.09628260
   13      -0.15240263
   14       0.66825984
   15      -0.52102954
   16      -0.48376914
   17      -0.08183759
   18      -0.22278966
   19       0.39544691
   20      -0.23922812
   21      -0.12322501
   22       0.19556947
   23      -0.29195040
   24       0.06354664
   25       0.05587983
   26       0.06165123
   27       0.09355105
   28       0.08502711
   29       0.08401910
   30       0.08537622
   31       0.08862737
   32       0.06669754
   33       0.35100242
   34       0.13545644
   35       0.12026010

Nr. of electrons (up):     58.00000000
Atom populations (up)
 Atom       Population
    1       1.97522548
    2       3.13139687
    3       1.86251575
    4       1.98754923
    5       2.55928700
    6       2.53188966
    7       1.91851521
    8       1.99464510
    9       2.12041136
   10       2.04066102
   11       2.04683161
   12       2.04814130
   13       2.07620132
   14       1.66587008
   15       3.26051477
   16       3.24188457
   17       2.04091879
   18       2.11139483
   19       1.80227655
   20       3.61961406
   21       2.06161250
   22       1.90221526
   23       2.64597520
   24       0.46822668
   25       0.47206009
   26       0.46917439
   27       0.45322448
   28       0.45748645
   29       0.45799045
   30       0.45731189
   31       0.45568631
   32       0.46665123
   33       0.32449879
   34       0.43227178
   35       0.43986995

l-shell populations (up)
 Atom Sh.   l       Population
    1   1   0       0.61395192
    1   2   1       1.36127356
    2   1   0       0.84900063
    2   2   1       2.28239624
    3   1   0       0.56681409
    3   2   1       1.29570166
    4   1   0       0.57978376
    4   2   1       1.40776548
    5   1   0       0.76556108
    5   2   1       1.79372591
    6   1   0       0.75032202
    6   2   1       1.78156765
    7   1   0       0.57839812
    7   2   1       1.34011710
    8   1   0       0.59416444
    8   2   1       1.40048066
    9   1   0       0.63866279
    9   2   1       1.48174856
   10   1   0       0.61392998
   10   2   1       1.42673104
   11   1   0       0.60955524
   11   2   1       1.43727637
   12   1   0       0.61240506
   12   2   1       1.43573624
   13   1   0       0.60755736
   13   2   1       1.46864395
   14   1   0       0.52293257
   14   2   1       1.14293751
   15   1   0       0.87928354
   15   2   1       2.38123123
   16   1   0       0.86784942
   16   2   1       2.37403515
   17   1   0       0.61859843
   17   2   1       1.42232037
   18   1   0       0.61585993
   18   2   1       1.49553490
   19   1   0       0.55457198
   19   2   1       1.24770457
   20   1   0       0.94304978
   20   2   1       2.67656428
   21   1   0       0.58833350
   21   2   1       1.47327901
   22   1   0       0.57613092
   22   2   1       1.32608435
   23   1   0       0.81654864
   23   2   1       1.82942656
   24   1   0       0.46822668
   25   1   0       0.47206009
   26   1   0       0.46917439
   27   1   0       0.45322448
   28   1   0       0.45748645
   29   1   0       0.45799045
   30   1   0       0.45731189
   31   1   0       0.45568631
   32   1   0       0.46665123
   33   1   0       0.32449879
   34   1   0       0.43227178
   35   1   0       0.43986995

Orbital populations (up)
 Atom Sh.   l   m       Population
    1   1   0   0       0.61395192
    1   2   1  -1       0.48473573
    1   2   1   0       0.38491219
    1   2   1   1       0.49162564
    2   1   0   0       0.84900063
    2   2   1  -1       0.85037782
    2   2   1   0       0.58930962
    2   2   1   1       0.84270880
    3   1   0   0       0.56681409
    3   2   1  -1       0.45061950
    3   2   1   0       0.41400607
    3   2   1   1       0.43107609
    4   1   0   0       0.57978376
    4   2   1  -1       0.50055101
    4   2   1   0       0.42324016
    4   2   1   1       0.48397431
    5   1   0   0       0.76556108
    5   2   1  -1       0.52298380
    5   2   1   0       0.67111518
    5   2   1   1       0.59962694
    6   1   0   0       0.75032202
    6   2   1  -1       0.52685021
    6   2   1   0       0.67023174
    6   2   1   1       0.58448570
    7   1   0   0       0.57839812
    7   2   1  -1       0.44525615
    7   2   1   0       0.41287529
    7   2   1   1       0.48198566
    8   1   0   0       0.59416444
    8   2   1  -1       0.44751176
    8   2   1   0       0.45801017
    8   2   1   1       0.49495873
    9   1   0   0       0.63866279
    9   2   1  -1       0.47937882
    9   2   1   0       0.50406014
    9   2   1   1       0.49830960
   10   1   0   0       0.61392998
   10   2   1  -1       0.46560123
   10   2   1   0       0.47080726
   10   2   1   1       0.49032256
   11   1   0   0       0.60955524
   11   2   1  -1       0.45927418
   11   2   1   0       0.47336375
   11   2   1   1       0.50463845
   12   1   0   0       0.61240506
   12   2   1  -1       0.46790085
   12   2   1   0       0.46683701
   12   2   1   1       0.50099838
   13   1   0   0       0.60755736
   13   2   1  -1       0.47099483
   13   2   1   0       0.47201414
   13   2   1   1       0.52563499
   14   1   0   0       0.52293257
   14   2   1  -1       0.36090731
   14   2   1   0       0.40007294
   14   2   1   1       0.38195726
   15   1   0   0       0.87928354
   15   2   1  -1       0.90326962
   15   2   1   0       0.75249587
   15   2   1   1       0.72546574
   16   1   0   0       0.86784942
   16   2   1  -1       0.74008604
   16   2   1   0       0.79094154
   16   2   1   1       0.84300758
   17   1   0   0       0.61859843
   17   2   1  -1       0.48936529
   17   2   1   0       0.45298434
   17   2   1   1       0.47997074
   18   1   0   0       0.61585993
   18   2   1  -1       0.51496872
   18   2   1   0       0.47475625
   18   2   1   1       0.50580993
   19   1   0   0       0.55457198
   19   2   1  -1       0.45385022
   19   2   1   0       0.33923405
   19   2   1   1       0.45462030
   20   1   0   0       0.94304978
   20   2   1  -1       0.95084516
   20   2   1   0       0.76728804
   20   2   1   1       0.95843108
   21   1   0   0       0.58833350
   21   2   1  -1       0.51755058
   21   2   1   0       0.45845443
   21   2   1   1       0.49727399
   22   1   0   0       0.57613092
   22   2   1  -1       0.44139664
   22   2   1   0       0.44787367
   22   2   1   1       0.43681404
   23   1   0   0       0.81654864
   23   2   1  -1       0.62357885
   23   2   1   0       0.56464721
   23   2   1   1       0.64120051
   24   1   0   0       0.46822668
   25   1   0   0       0.47206009
   26   1   0   0       0.46917439
   27   1   0   0       0.45322448
   28   1   0   0       0.45748645
   29   1   0   0       0.45799045
   30   1   0   0       0.45731189
   31   1   0   0       0.45568631
   32   1   0   0       0.46665123
   33   1   0   0       0.32449879
   34   1   0   0       0.43227178
   35   1   0   0       0.43986995

Nr. of electrons (down):     58.00000000
Atom populations (down)
 Atom       Population
    1       1.97522548
    2       3.13139687
    3       1.86251575
    4       1.98754923
    5       2.55928700
    6       2.53188966
    7       1.91851521
    8       1.99464510
    9       2.12041136
   10       2.04066102
   11       2.04683161
   12       2.04814130
   13       2.07620132
   14       1.66587008
   15       3.26051477
   16       3.24188457
   17       2.04091879
   18       2.11139483
   19       1.80227655
   20       3.61961406
   21       2.06161250
   22       1.90221526
   23       2.64597520
   24       0.46822668
   25       0.47206009
   26       0.46917439
   27       0.45322448
   28       0.45748645
   29       0.45799045
   30       0.45731189
   31       0.45568631
   32       0.46665123
   33       0.32449879
   34       0.43227178
   35       0.43986995

l-shell populations (down)
 Atom Sh.   l       Population
    1   1   0       0.61395192
    1   2   1       1.36127356
    2   1   0       0.84900063
    2   2   1       2.28239624
    3   1   0       0.56681409
    3   2   1       1.29570166
    4   1   0       0.57978376
    4   2   1       1.40776548
    5   1   0       0.76556108
    5   2   1       1.79372591
    6   1   0       0.75032202
    6   2   1       1.78156765
    7   1   0       0.57839812
    7   2   1       1.34011710
    8   1   0       0.59416444
    8   2   1       1.40048066
    9   1   0       0.63866279
    9   2   1       1.48174856
   10   1   0       0.61392998
   10   2   1       1.42673104
   11   1   0       0.60955524
   11   2   1       1.43727637
   12   1   0       0.61240506
   12   2   1       1.43573624
   13   1   0       0.60755736
   13   2   1       1.46864395
   14   1   0       0.52293257
   14   2   1       1.14293751
   15   1   0       0.87928354
   15   2   1       2.38123123
   16   1   0       0.86784942
   16   2   1       2.37403515
   17   1   0       0.61859843
   17   2   1       1.42232037
   18   1   0       0.61585993
   18   2   1       1.49553490
   19   1   0       0.55457198
   19   2   1       1.24770457
   20   1   0       0.94304978
   20   2   1       2.67656428
   21   1   0       0.58833350
   21   2   1       1.47327901
   22   1   0       0.57613092
   22   2   1       1.32608435
   23   1   0       0.81654864
   23   2   1       1.82942656
   24   1   0       0.46822668
   25   1   0       0.47206009
   26   1   0       0.46917439
   27   1   0       0.45322448
   28   1   0       0.45748645
   29   1   0       0.45799045
   30   1   0       0.45731189
   31   1   0       0.45568631
   32   1   0       0.46665123
   33   1   0       0.32449879
   34   1   0       0.43227178
   35   1   0       0.43986995

Orbital populations (down)
 Atom Sh.   l   m       Population
    1   1   0   0       0.61395192
    1   2   1  -1       0.48473573
    1   2   1   0       0.38491219
    1   2   1   1       0.49162564
    2   1   0   0       0.84900063
    2   2   1  -1       0.85037782
    2   2   1   0       0.58930962
    2   2   1   1       0.84270880
    3   1   0   0       0.56681409
    3   2   1  -1       0.45061950
    3   2   1   0       0.41400607
    3   2   1   1       0.43107609
    4   1   0   0       0.57978376
    4   2   1  -1       0.50055101
    4   2   1   0       0.42324016
    4   2   1   1       0.48397431
    5   1   0   0       0.76556108
    5   2   1  -1       0.52298380
    5   2   1   0       0.67111518
    5   2   1   1       0.59962694
    6   1   0   0       0.75032202
    6   2   1  -1       0.52685021
    6   2   1   0       0.67023174
    6   2   1   1       0.58448570
    7   1   0   0       0.57839812
    7   2   1  -1       0.44525615
    7   2   1   0       0.41287529
    7   2   1   1       0.48198566
    8   1   0   0       0.59416444
    8   2   1  -1       0.44751176
    8   2   1   0       0.45801017
    8   2   1   1       0.49495873
    9   1   0   0       0.63866279
    9   2   1  -1       0.47937882
    9   2   1   0       0.50406014
    9   2   1   1       0.49830960
   10   1   0   0       0.61392998
   10   2   1  -1       0.46560123
   10   2   1   0       0.47080726
   10   2   1   1       0.49032256
   11   1   0   0       0.60955524
   11   2   1  -1       0.45927418
   11   2   1   0       0.47336375
   11   2   1   1       0.50463845
   12   1   0   0       0.61240506
   12   2   1  -1       0.46790085
   12   2   1   0       0.46683701
   12   2   1   1       0.50099838
   13   1   0   0       0.60755736
   13   2   1  -1       0.47099483
   13   2   1   0       0.47201414
   13   2   1   1       0.52563499
   14   1   0   0       0.52293257
   14   2   1  -1       0.36090731
   14   2   1   0       0.40007294
   14   2   1   1       0.38195726
   15   1   0   0       0.87928354
   15   2   1  -1       0.90326962
   15   2   1   0       0.75249587
   15   2   1   1       0.72546574
   16   1   0   0       0.86784942
   16   2   1  -1       0.74008604
   16   2   1   0       0.79094154
   16   2   1   1       0.84300758
   17   1   0   0       0.61859843
   17   2   1  -1       0.48936529
   17   2   1   0       0.45298434
   17   2   1   1       0.47997074
   18   1   0   0       0.61585993
   18   2   1  -1       0.51496872
   18   2   1   0       0.47475625
   18   2   1   1       0.50580993
   19   1   0   0       0.55457198
   19   2   1  -1       0.45385022
   19   2   1   0       0.33923405
   19   2   1   1       0.45462030
   20   1   0   0       0.94304978
   20   2   1  -1       0.95084516
   20   2   1   0       0.76728804
   20   2   1   1       0.95843108
   21   1   0   0       0.58833350
   21   2   1  -1       0.51755058
   21   2   1   0       0.45845443
   21   2   1   1       0.49727399
   22   1   0   0       0.57613092
   22   2   1  -1       0.44139664
   22   2   1   0       0.44787367
   22   2   1   1       0.43681404
   23   1   0   0       0.81654864
   23   2   1  -1       0.62357885
   23   2   1   0       0.56464721
   23   2   1   1       0.64120051
   24   1   0   0       0.46822668
   25   1   0   0       0.47206009
   26   1   0   0       0.46917439
   27   1   0   0       0.45322448
   28   1   0   0       0.45748645
   29   1   0   0       0.45799045
   30   1   0   0       0.45731189
   31   1   0   0       0.45568631
   32   1   0   0       0.46665123
   33   1   0   0       0.32449879
   34   1   0   0       0.43227178
   35   1   0   0       0.43986995

Spin  up
Fermi level:                        -0.1594297314 H           -4.3383 eV
Band energy:                       -26.9241883584 H         -732.6444 eV
TS:                                  0.0000000000 H            0.0000 eV
Band free energy (E-TS):           -26.9241883584 H         -732.6444 eV
Extrapolated E(0K):                -26.9241883584 H         -732.6444 eV
Input / Output electrons (up):     58.0000000000     58.0000000000

Spin  down
Fermi level:                        -0.1594297314 H           -4.3383 eV
Band energy:                       -26.9241883584 H         -732.6444 eV
TS:                                  0.0000000000 H            0.0000 eV
Band free energy (E-TS):           -26.9241883584 H         -732.6444 eV
Extrapolated E(0K):                -26.9241883584 H         -732.6444 eV
Input / Output electrons (down):     58.0000000000     58.0000000000

Energy H0:                         -54.2220408911 H        -1475.4568 eV
Energy SCC:                          0.0607864991 H            1.6541 eV
Energy SPIN:                         0.0000000000 H            0.0000 eV
Total Electronic energy:           -54.1643179362 H        -1473.8861 eV
Repulsive energy:                    0.8800715598 H           23.9480 eV
Total energy:                      -53.2842463763 H        -1449.9381 eV
Extrapolated to 0:                 -53.2842463763 H        -1449.9381 eV
Total Mermin free energy:          -53.2842463763 H        -1449.9381 eV
Force related energy:              -53.2842463763 H        -1449.9381 eV

SCC converged

Full geometry written in opt.{xyz|gen}

Dipole moment:    1.55601875   -0.50778879    2.76264023 au
Dipole moment:    3.95500549   -1.29067046    7.02193163 Debye

Geometry converged

