 Fermi distribution function

Geometry optimization step: 606


********************************************************************************
 iSCC Total electronic   Diff electronic      SCC error    
    1   -0.59616617E+02    0.00000000E+00    0.75832709E-05
********************************************************************************

Coordinates of moved atoms (au):
    1     -0.45708130      4.69472845     -4.31861048
    2     -2.53334851      5.16653402     -2.43186408
    3     -3.65750747      7.55866825     -2.26919697
    4     -5.61265466      8.02654640     -0.57213402
    5     -6.56184805      6.10448775      0.99813528
    6     -8.75537125      6.69615435      2.66857843
    7     -8.79045708      8.95414136      4.06864002
    8    -10.85447623      9.56534385      5.58943291
    9    -12.93320251      7.94641041      5.71847220
   10    -12.93353729      5.71112588      4.31589017
   11    -10.86582226      5.08705094      2.80696694
   12     -5.46737578      3.66722091      0.86697021
   13     -6.26913884      1.58743129      2.61561350
   14     -6.93196490     -0.81079293      1.68751904
   15     -7.62950348     -2.74264290      3.33945091
   16     -7.66326168     -2.32118784      5.94368069
   17     -7.00348153      0.05184212      6.88847680
   18     -6.31511942      1.99107699      5.24142927
   19     -3.41240707      3.24759449     -0.79663348
   20     -2.45303222      0.69866484     -1.08702609
   21     -0.22202242      0.11956363     -0.48908856
   22      1.38832896      1.88874280      0.83209551
   23      0.66528745      3.02365314      3.12235920
   24      2.39988249      4.46193799      4.49929226
   25      4.87061692      4.78934597      3.62824168
   26      5.64916842      3.64372521      1.37628824
   27      3.91722716      2.17236521      0.03996098
   28      4.65349263      1.06020483     -2.12401412
   29     -0.47397324      2.75302068     -4.99274478
   30     -0.64350535      5.95269636     -5.93496008
   31      1.40427970      5.03712864     -3.49298313
   32     -2.99989226      9.06354390     -3.50443250
   33     -6.46866290      9.89292878     -0.50478597
   34     -7.17450767     10.22300454      3.98855191
   35    -10.84104384     11.31094116      6.67411948
   36    -14.54462843      8.42690897      6.89899580
   37    -14.55455443      4.44999665      4.39535962
   38    -10.89996373      3.35398130      1.70457870
   39     -6.93079280     -1.15832638     -0.33720795
   40     -8.14697531     -4.58512470      2.59022201
   41     -8.19962565     -3.83224434      7.22864544
   42     -7.02450917      0.39425542      8.91491690
   43     -5.79998300      3.83258341      5.99558146
   44     -1.23760023      2.73846941      3.83845664
   45      1.81926641      5.32765580      6.26773407
   46      6.20007162      5.92058994      4.70772710
   47      7.56956519      3.85285203      0.68668708

 Total charge:     0.00000000

 Atomic gross charges (e)
 Atom           Charge
    1      -0.24378081
    2       0.00925936
    3      -0.10678217
    4      -0.12077949
    5       0.01601041
    6       0.05102717
    7      -0.10766515
    8      -0.07557071
    9      -0.08437674
   10      -0.07397133
   11      -0.09402849
   12      -0.03769549
   13       0.05268278
   14      -0.09965758
   15      -0.07391921
   16      -0.08476782
   17      -0.07407352
   18      -0.10297341
   19       0.10794815
   20      -0.07725578
   21      -0.06588187
   22       0.04921561
   23      -0.10478778
   24      -0.10733300
   25      -0.08239875
   26      -0.18469555
   27       0.36684643
   28      -0.26164653
   29       0.09454345
   30       0.08140346
   31       0.08831612
   32       0.08438023
   33       0.08533405
   34       0.07729785
   35       0.07627697
   36       0.07712763
   37       0.07721769
   38       0.08418124
   39       0.08322771
   40       0.07738693
   41       0.07754644
   42       0.07722077
   43       0.08051856
   44       0.10179449
   45       0.08971022
   46       0.09021101
   47       0.10735643

Nr. of electrons (up):     68.00000000
Atom populations (up)
 Atom       Population
    1       2.12189041
    2       1.99537032
    3       2.05339108
    4       2.06038974
    5       1.99199479
    6       1.97448641
    7       2.05383257
    8       2.03778535
    9       2.04218837
   10       2.03698566
   11       2.04701425
   12       2.01884774
   13       1.97365861
   14       2.04982879
   15       2.03695961
   16       2.04238391
   17       2.03703676
   18       2.05148670
   19       1.94602593
   20       2.53862789
   21       2.53294093
   22       1.97539220
   23       2.05239389
   24       2.05366650
   25       2.04119938
   26       2.09234777
   27       1.81657679
   28       3.63082327
   29       0.45272828
   30       0.45929827
   31       0.45584194
   32       0.45780989
   33       0.45733297
   34       0.46135108
   35       0.46186151
   36       0.46143619
   37       0.46139115
   38       0.45790938
   39       0.45838614
   40       0.46130653
   41       0.46122678
   42       0.46138961
   43       0.45974072
   44       0.44910275
   45       0.45514489
   46       0.45489449
   47       0.44632179

l-shell populations (up)
 Atom Sh.   l       Population
    1   1   0       0.63899394
    1   2   1       1.48289647
    2   1   0       0.59297920
    2   2   1       1.40239112
    3   1   0       0.61338826
    3   2   1       1.44000282
    4   1   0       0.61395483
    4   2   1       1.44643492
    5   1   0       0.59486431
    5   2   1       1.39713048
    6   1   0       0.59150155
    6   2   1       1.38298487
    7   1   0       0.61434514
    7   2   1       1.43948744
    8   1   0       0.61090631
    8   2   1       1.42687904
    9   1   0       0.61116666
    9   2   1       1.43102171
   10   1   0       0.61103193
   10   2   1       1.42595374
   11   1   0       0.61386012
   11   2   1       1.43315413
   12   1   0       0.59934887
   12   2   1       1.41949887
   13   1   0       0.59175133
   13   2   1       1.38190728
   14   1   0       0.61364822
   14   2   1       1.43618057
   15   1   0       0.61108629
   15   2   1       1.42587331
   16   1   0       0.61114040
   16   2   1       1.43124351
   17   1   0       0.61091316
   17   2   1       1.42612360
   18   1   0       0.61417205
   18   2   1       1.43731465
   19   1   0       0.58362595
   19   2   1       1.36239997
   20   1   0       0.75431224
   20   2   1       1.78431565
   21   1   0       0.75343734
   21   2   1       1.77950359
   22   1   0       0.58343931
   22   2   1       1.39195289
   23   1   0       0.61490643
   23   2   1       1.43748746
   24   1   0       0.61142620
   24   2   1       1.44224030
   25   1   0       0.61209838
   25   2   1       1.42910100
   26   1   0       0.61600038
   26   2   1       1.47634740
   27   1   0       0.55579838
   27   2   1       1.26077840
   28   1   0       0.94547583
   28   2   1       2.68534744
   29   1   0       0.45272828
   30   1   0       0.45929827
   31   1   0       0.45584194
   32   1   0       0.45780989
   33   1   0       0.45733297
   34   1   0       0.46135108
   35   1   0       0.46186151
   36   1   0       0.46143619
   37   1   0       0.46139115
   38   1   0       0.45790938
   39   1   0       0.45838614
   40   1   0       0.46130653
   41   1   0       0.46122678
   42   1   0       0.46138961
   43   1   0       0.45974072
   44   1   0       0.44910275
   45   1   0       0.45514489
   46   1   0       0.45489449
   47   1   0       0.44632179

Orbital populations (up)
 Atom Sh.   l   m       Population
    1   1   0   0       0.63899394
    1   2   1  -1       0.50414142
    1   2   1   0       0.49029694
    1   2   1   1       0.48845812
    2   1   0   0       0.59297920
    2   2   1  -1       0.45576035
    2   2   1   0       0.47379989
    2   2   1   1       0.47283088
    3   1   0   0       0.61338826
    3   2   1  -1       0.46782572
    3   2   1   0       0.48893237
    3   2   1   1       0.48324473
    4   1   0   0       0.61395483
    4   2   1  -1       0.47243915
    4   2   1   0       0.48812325
    4   2   1   1       0.48587252
    5   1   0   0       0.59486431
    5   2   1  -1       0.45177683
    5   2   1   0       0.47659701
    5   2   1   1       0.46875664
    6   1   0   0       0.59150155
    6   2   1  -1       0.46087768
    6   2   1   0       0.46781391
    6   2   1   1       0.45429328
    7   1   0   0       0.61434514
    7   2   1  -1       0.47236181
    7   2   1   0       0.49234866
    7   2   1   1       0.47477697
    8   1   0   0       0.61090631
    8   2   1  -1       0.47507450
    8   2   1   0       0.48549660
    8   2   1   1       0.46630794
    9   1   0   0       0.61116666
    9   2   1  -1       0.47030209
    9   2   1   0       0.48866356
    9   2   1   1       0.47205606
   10   1   0   0       0.61103193
   10   2   1  -1       0.47152729
   10   2   1   0       0.48269462
   10   2   1   1       0.47173182
   11   1   0   0       0.61386012
   11   2   1  -1       0.47729432
   11   2   1   0       0.48963096
   11   2   1   1       0.46622885
   12   1   0   0       0.59934887
   12   2   1  -1       0.45776460
   12   2   1   0       0.48619859
   12   2   1   1       0.47553567
   13   1   0   0       0.59175133
   13   2   1  -1       0.45112496
   13   2   1   0       0.45026843
   13   2   1   1       0.48051389
   14   1   0   0       0.61364822
   14   2   1  -1       0.46087366
   14   2   1   0       0.47056275
   14   2   1   1       0.50474415
   15   1   0   0       0.61108629
   15   2   1  -1       0.46999128
   15   2   1   0       0.46006083
   15   2   1   1       0.49582120
   16   1   0   0       0.61114040
   16   2   1  -1       0.46746702
   16   2   1   0       0.46262291
   16   2   1   1       0.50115358
   17   1   0   0       0.61091316
   17   2   1  -1       0.46238662
   17   2   1   0       0.46795496
   17   2   1   1       0.49578203
   18   1   0   0       0.61417205
   18   2   1  -1       0.47226737
   18   2   1   0       0.45880989
   18   2   1   1       0.50623739
   19   1   0   0       0.58362595
   19   2   1  -1       0.41408374
   19   2   1   0       0.47304648
   19   2   1   1       0.47526975
   20   1   0   0       0.75431224
   20   2   1  -1       0.63672014
   20   2   1   0       0.56270180
   20   2   1   1       0.58489371
   21   1   0   0       0.75343734
   21   2   1  -1       0.74304063
   21   2   1   0       0.52299517
   21   2   1   1       0.51346778
   22   1   0   0       0.58343931
   22   2   1  -1       0.46173819
   22   2   1   0       0.47545292
   22   2   1   1       0.45476178
   23   1   0   0       0.61490643
   23   2   1  -1       0.48847599
   23   2   1   0       0.47089889
   23   2   1   1       0.47811257
   24   1   0   0       0.61142620
   24   2   1  -1       0.49861737
   24   2   1   0       0.48196557
   24   2   1   1       0.46165736
   25   1   0   0       0.61209838
   25   2   1  -1       0.49071792
   25   2   1   0       0.46995362
   25   2   1   1       0.46842946
   26   1   0   0       0.61600038
   26   2   1  -1       0.51085021
   26   2   1   0       0.48622887
   26   2   1   1       0.47926832
   27   1   0   0       0.55579838
   27   2   1  -1       0.45051284
   27   2   1   0       0.36926634
   27   2   1   1       0.44099922
   28   1   0   0       0.94547583
   28   2   1  -1       0.91909337
   28   2   1   0       0.79918761
   28   2   1   1       0.96706645
   29   1   0   0       0.45272828
   30   1   0   0       0.45929827
   31   1   0   0       0.45584194
   32   1   0   0       0.45780989
   33   1   0   0       0.45733297
   34   1   0   0       0.46135108
   35   1   0   0       0.46186151
   36   1   0   0       0.46143619
   37   1   0   0       0.46139115
   38   1   0   0       0.45790938
   39   1   0   0       0.45838614
   40   1   0   0       0.46130653
   41   1   0   0       0.46122678
   42   1   0   0       0.46138961
   43   1   0   0       0.45974072
   44   1   0   0       0.44910275
   45   1   0   0       0.45514489
   46   1   0   0       0.45489449
   47   1   0   0       0.44632179

Nr. of electrons (down):     68.00000000
Atom populations (down)
 Atom       Population
    1       2.12189041
    2       1.99537032
    3       2.05339108
    4       2.06038974
    5       1.99199479
    6       1.97448641
    7       2.05383257
    8       2.03778535
    9       2.04218837
   10       2.03698566
   11       2.04701425
   12       2.01884774
   13       1.97365861
   14       2.04982879
   15       2.03695961
   16       2.04238391
   17       2.03703676
   18       2.05148670
   19       1.94602593
   20       2.53862789
   21       2.53294093
   22       1.97539220
   23       2.05239389
   24       2.05366650
   25       2.04119938
   26       2.09234777
   27       1.81657679
   28       3.63082327
   29       0.45272828
   30       0.45929827
   31       0.45584194
   32       0.45780989
   33       0.45733297
   34       0.46135108
   35       0.46186151
   36       0.46143619
   37       0.46139115
   38       0.45790938
   39       0.45838614
   40       0.46130653
   41       0.46122678
   42       0.46138961
   43       0.45974072
   44       0.44910275
   45       0.45514489
   46       0.45489449
   47       0.44632179

l-shell populations (down)
 Atom Sh.   l       Population
    1   1   0       0.63899394
    1   2   1       1.48289647
    2   1   0       0.59297920
    2   2   1       1.40239112
    3   1   0       0.61338826
    3   2   1       1.44000282
    4   1   0       0.61395483
    4   2   1       1.44643492
    5   1   0       0.59486431
    5   2   1       1.39713048
    6   1   0       0.59150155
    6   2   1       1.38298487
    7   1   0       0.61434514
    7   2   1       1.43948744
    8   1   0       0.61090631
    8   2   1       1.42687904
    9   1   0       0.61116666
    9   2   1       1.43102171
   10   1   0       0.61103193
   10   2   1       1.42595374
   11   1   0       0.61386012
   11   2   1       1.43315413
   12   1   0       0.59934887
   12   2   1       1.41949887
   13   1   0       0.59175133
   13   2   1       1.38190728
   14   1   0       0.61364822
   14   2   1       1.43618057
   15   1   0       0.61108629
   15   2   1       1.42587331
   16   1   0       0.61114040
   16   2   1       1.43124351
   17   1   0       0.61091316
   17   2   1       1.42612360
   18   1   0       0.61417205
   18   2   1       1.43731465
   19   1   0       0.58362595
   19   2   1       1.36239997
   20   1   0       0.75431224
   20   2   1       1.78431565
   21   1   0       0.75343734
   21   2   1       1.77950359
   22   1   0       0.58343931
   22   2   1       1.39195289
   23   1   0       0.61490643
   23   2   1       1.43748746
   24   1   0       0.61142620
   24   2   1       1.44224030
   25   1   0       0.61209838
   25   2   1       1.42910100
   26   1   0       0.61600038
   26   2   1       1.47634740
   27   1   0       0.55579838
   27   2   1       1.26077840
   28   1   0       0.94547583
   28   2   1       2.68534744
   29   1   0       0.45272828
   30   1   0       0.45929827
   31   1   0       0.45584194
   32   1   0       0.45780989
   33   1   0       0.45733297
   34   1   0       0.46135108
   35   1   0       0.46186151
   36   1   0       0.46143619
   37   1   0       0.46139115
   38   1   0       0.45790938
   39   1   0       0.45838614
   40   1   0       0.46130653
   41   1   0       0.46122678
   42   1   0       0.46138961
   43   1   0       0.45974072
   44   1   0       0.44910275
   45   1   0       0.45514489
   46   1   0       0.45489449
   47   1   0       0.44632179

Orbital populations (down)
 Atom Sh.   l   m       Population
    1   1   0   0       0.63899394
    1   2   1  -1       0.50414142
    1   2   1   0       0.49029694
    1   2   1   1       0.48845812
    2   1   0   0       0.59297920
    2   2   1  -1       0.45576035
    2   2   1   0       0.47379989
    2   2   1   1       0.47283088
    3   1   0   0       0.61338826
    3   2   1  -1       0.46782572
    3   2   1   0       0.48893237
    3   2   1   1       0.48324473
    4   1   0   0       0.61395483
    4   2   1  -1       0.47243915
    4   2   1   0       0.48812325
    4   2   1   1       0.48587252
    5   1   0   0       0.59486431
    5   2   1  -1       0.45177683
    5   2   1   0       0.47659701
    5   2   1   1       0.46875664
    6   1   0   0       0.59150155
    6   2   1  -1       0.46087768
    6   2   1   0       0.46781391
    6   2   1   1       0.45429328
    7   1   0   0       0.61434514
    7   2   1  -1       0.47236181
    7   2   1   0       0.49234866
    7   2   1   1       0.47477697
    8   1   0   0       0.61090631
    8   2   1  -1       0.47507450
    8   2   1   0       0.48549660
    8   2   1   1       0.46630794
    9   1   0   0       0.61116666
    9   2   1  -1       0.47030209
    9   2   1   0       0.48866356
    9   2   1   1       0.47205606
   10   1   0   0       0.61103193
   10   2   1  -1       0.47152729
   10   2   1   0       0.48269462
   10   2   1   1       0.47173182
   11   1   0   0       0.61386012
   11   2   1  -1       0.47729432
   11   2   1   0       0.48963096
   11   2   1   1       0.46622885
   12   1   0   0       0.59934887
   12   2   1  -1       0.45776460
   12   2   1   0       0.48619859
   12   2   1   1       0.47553567
   13   1   0   0       0.59175133
   13   2   1  -1       0.45112496
   13   2   1   0       0.45026843
   13   2   1   1       0.48051389
   14   1   0   0       0.61364822
   14   2   1  -1       0.46087366
   14   2   1   0       0.47056275
   14   2   1   1       0.50474415
   15   1   0   0       0.61108629
   15   2   1  -1       0.46999128
   15   2   1   0       0.46006083
   15   2   1   1       0.49582120
   16   1   0   0       0.61114040
   16   2   1  -1       0.46746702
   16   2   1   0       0.46262291
   16   2   1   1       0.50115358
   17   1   0   0       0.61091316
   17   2   1  -1       0.46238662
   17   2   1   0       0.46795496
   17   2   1   1       0.49578203
   18   1   0   0       0.61417205
   18   2   1  -1       0.47226737
   18   2   1   0       0.45880989
   18   2   1   1       0.50623739
   19   1   0   0       0.58362595
   19   2   1  -1       0.41408374
   19   2   1   0       0.47304648
   19   2   1   1       0.47526975
   20   1   0   0       0.75431224
   20   2   1  -1       0.63672014
   20   2   1   0       0.56270180
   20   2   1   1       0.58489371
   21   1   0   0       0.75343734
   21   2   1  -1       0.74304063
   21   2   1   0       0.52299517
   21   2   1   1       0.51346778
   22   1   0   0       0.58343931
   22   2   1  -1       0.46173819
   22   2   1   0       0.47545292
   22   2   1   1       0.45476178
   23   1   0   0       0.61490643
   23   2   1  -1       0.48847599
   23   2   1   0       0.47089889
   23   2   1   1       0.47811257
   24   1   0   0       0.61142620
   24   2   1  -1       0.49861737
   24   2   1   0       0.48196557
   24   2   1   1       0.46165736
   25   1   0   0       0.61209838
   25   2   1  -1       0.49071792
   25   2   1   0       0.46995362
   25   2   1   1       0.46842946
   26   1   0   0       0.61600038
   26   2   1  -1       0.51085021
   26   2   1   0       0.48622887
   26   2   1   1       0.47926832
   27   1   0   0       0.55579838
   27   2   1  -1       0.45051284
   27   2   1   0       0.36926634
   27   2   1   1       0.44099922
   28   1   0   0       0.94547583
   28   2   1  -1       0.91909337
   28   2   1   0       0.79918761
   28   2   1   1       0.96706645
   29   1   0   0       0.45272828
   30   1   0   0       0.45929827
   31   1   0   0       0.45584194
   32   1   0   0       0.45780989
   33   1   0   0       0.45733297
   34   1   0   0       0.46135108
   35   1   0   0       0.46186151
   36   1   0   0       0.46143619
   37   1   0   0       0.46139115
   38   1   0   0       0.45790938
   39   1   0   0       0.45838614
   40   1   0   0       0.46130653
   41   1   0   0       0.46122678
   42   1   0   0       0.46138961
   43   1   0   0       0.45974072
   44   1   0   0       0.44910275
   45   1   0   0       0.45514489
   46   1   0   0       0.45489449
   47   1   0   0       0.44632179

Spin  up
Fermi level:                        -0.1504833491 H           -4.0949 eV
Band energy:                       -28.9596810853 H         -788.0330 eV
TS:                                  0.0000000000 H            0.0000 eV
Band free energy (E-TS):           -28.9596810853 H         -788.0330 eV
Extrapolated E(0K):                -28.9596810853 H         -788.0330 eV
Input / Output electrons (up):     68.0000000000     68.0000000000

Spin  down
Fermi level:                        -0.1504833491 H           -4.0949 eV
Band energy:                       -28.9596810853 H         -788.0330 eV
TS:                                  0.0000000000 H            0.0000 eV
Band free energy (E-TS):           -28.9596810853 H         -788.0330 eV
Extrapolated E(0K):                -28.9596810853 H         -788.0330 eV
Input / Output electrons (down):     68.0000000000     68.0000000000

Energy H0:                         -59.6347282809 H        -1622.7435 eV
Energy SCC:                          0.0187110168 H            0.5092 eV
Energy SPIN:                         0.0000000000 H            0.0000 eV
Total Electronic energy:           -59.6166174476 H        -1622.2507 eV
Repulsive energy:                    0.6371912530 H           17.3389 eV
Total energy:                      -58.9794261946 H        -1604.9118 eV
Extrapolated to 0:                 -58.9794261946 H        -1604.9118 eV
Total Mermin free energy:          -58.9794261946 H        -1604.9118 eV
Force related energy:              -58.9794261946 H        -1604.9118 eV

SCC converged

Full geometry written in opt.{xyz|gen}

Dipole moment:   -0.02466114    0.58531667    0.56776572 au
Dipole moment:   -0.06268237    1.48772669    1.44311664 Debye

Geometry converged

