 Fermi distribution function

Geometry optimization step: 741


********************************************************************************
 iSCC Total electronic   Diff electronic      SCC error    
    1   -0.57517534E+02    0.00000000E+00    0.75947933E-05
********************************************************************************

Coordinates of moved atoms (au):
    1    -12.61582589      4.30821165     -2.92071227
    2    -11.07103436      2.31811432     -3.83251252
    3     -8.81118841      1.87310857     -2.75697986
    4     -7.84935775      3.31004565     -0.72621227
    5     -5.49505237      2.70334834      0.26018666
    6     -4.02233626      0.68858922     -0.68430466
    7     -1.68379458      0.33191544      0.54468250
    8     -0.27398150     -1.52524100     -0.22649436
    9      2.01168902     -1.86525908      1.15969519
   10      2.25488588     -0.94170332      3.65085987
   11      4.46800231     -1.41907176      4.99721214
   12      4.68021313     -0.53862812      7.36003500
   13      6.47266497     -2.80289599      3.95528880
   14      6.21116154     -3.71796024      1.50237011
   15      4.01104818     -3.29923513      0.06540244
   16      4.03101530     -4.41068559     -2.56747214
   17      5.85736186     -5.60259842     -3.34916486
   18      1.96553183     -4.06530404     -4.05233164
   19     -4.98921425     -0.78030541     -2.76299932
   20     -3.49874825     -2.65967120     -3.59712864
   21     -4.12395797     -4.23071736     -5.68851236
   22     -7.39300001     -0.17189472     -3.79253122
   23     -8.58414359     -1.49725230     -5.85509020
   24     -9.68267617     -2.44855120     -7.48651545
   25    -13.12178668      4.01001532     -0.92754112
   26    -14.33588517      4.31995575     -4.06193461
   27    -11.66118248      6.14425058     -3.10779375
   28     -8.91759803      4.86833196      0.06619060
   29     -4.74251273      3.80145932      1.82380192
   30      0.71444175      0.11374446      4.50187790
   31      8.17268816     -3.15519862      5.04738944
   32      7.72265947     -4.80264284      0.63083825
   33      0.62192547     -3.11954749     -3.17828356
   34     -5.82896656     -5.33986303     -5.29405500
   35     -2.52807148     -5.51336824     -5.96010018
   36     -4.38777366     -3.10166418     -7.40538388

 Total charge:    -0.00000000

 Atomic gross charges (e)
 Atom           Charge
    1       0.04174016
    2      -0.25756816
    3       0.33125568
    4      -0.24292484
    5      -0.07464056
    6       0.02848025
    7      -0.08756721
    8      -0.18575587
    9       0.16767867
   10      -0.22202536
   11       0.42152525
   12      -0.25800392
   13      -0.19552409
   14      -0.05515469
   15      -0.16551616
   16       0.68241273
   17      -0.54507411
   18      -0.51689683
   19       0.29966363
   20      -0.26897237
   21       0.03071757
   22      -0.14259481
   23       0.18441267
   24      -0.31106839
   25       0.05549748
   26       0.07332438
   27       0.05554683
   28       0.10366210
   29       0.10227956
   30       0.11824482
   31       0.11349160
   32       0.12230680
   33       0.36931288
   34       0.07286446
   35       0.08138830
   36       0.07348159

Nr. of electrons (up):     61.00000000
Atom populations (up)
 Atom       Population
    1       1.97912992
    2       3.12878408
    3       1.83437216
    4       2.12146242
    5       2.03732028
    6       1.98575988
    7       2.54378361
    8       2.59287794
    9       1.91616067
   10       2.11101268
   11       1.78923738
   12       3.62900196
   13       2.09776205
   14       2.02757734
   15       2.08275808
   16       1.65879363
   17       3.27253706
   18       3.25844842
   19       1.85016819
   20       3.13448619
   21       1.98464121
   22       2.07129741
   23       1.90779366
   24       2.65553420
   25       0.47225126
   26       0.46333781
   27       0.47222659
   28       0.44816895
   29       0.44886022
   30       0.44087759
   31       0.44325420
   32       0.43884660
   33       0.31534356
   34       0.46356777
   35       0.45930585
   36       0.46325920

l-shell populations (up)
 Atom Sh.   l       Population
    1   1   0       0.61479400
    1   2   1       1.36433592
    2   1   0       0.85037649
    2   2   1       2.27840759
    3   1   0       0.56091068
    3   2   1       1.27346148
    4   1   0       0.61518062
    4   2   1       1.50628180
    5   1   0       0.61760869
    5   2   1       1.41971159
    6   1   0       0.57710468
    6   2   1       1.40865520
    7   1   0       0.76074743
    7   2   1       1.78303618
    8   1   0       0.76291732
    8   2   1       1.82996061
    9   1   0       0.57797363
    9   2   1       1.33818703
   10   1   0       0.61942996
   10   2   1       1.49158272
   11   1   0       0.55191945
   11   2   1       1.23731792
   12   1   0       0.94462378
   12   2   1       2.68437818
   13   1   0       0.61712200
   13   2   1       1.48064004
   14   1   0       0.61605774
   14   2   1       1.41151961
   15   1   0       0.61140055
   15   2   1       1.47135753
   16   1   0       0.52122053
   16   2   1       1.13757311
   17   1   0       0.87927403
   17   2   1       2.39326303
   18   1   0       0.87241004
   18   2   1       2.38603837
   19   1   0       0.56553165
   19   2   1       1.28463653
   20   1   0       0.85019628
   20   2   1       2.28428991
   21   1   0       0.61758714
   21   2   1       1.36705408
   22   1   0       0.58825562
   22   2   1       1.48304178
   23   1   0       0.57942510
   23   2   1       1.32836857
   24   1   0       0.81676169
   24   2   1       1.83877251
   25   1   0       0.47225126
   26   1   0       0.46333781
   27   1   0       0.47222659
   28   1   0       0.44816895
   29   1   0       0.44886022
   30   1   0       0.44087759
   31   1   0       0.44325420
   32   1   0       0.43884660
   33   1   0       0.31534356
   34   1   0       0.46356777
   35   1   0       0.45930585
   36   1   0       0.46325920

Orbital populations (up)
 Atom Sh.   l   m       Population
    1   1   0   0       0.61479400
    1   2   1  -1       0.42696472
    1   2   1   0       0.47794750
    1   2   1   1       0.45942370
    2   1   0   0       0.85037649
    2   2   1  -1       0.77475553
    2   2   1   0       0.85484857
    2   2   1   1       0.64880349
    3   1   0   0       0.56091068
    3   2   1  -1       0.44977816
    3   2   1   0       0.43688948
    3   2   1   1       0.38679383
    4   1   0   0       0.61518062
    4   2   1  -1       0.51096350
    4   2   1   0       0.50690812
    4   2   1   1       0.48841018
    5   1   0   0       0.61760869
    5   2   1  -1       0.47422870
    5   2   1   0       0.48038258
    5   2   1   1       0.46510031
    6   1   0   0       0.57710468
    6   2   1  -1       0.48652611
    6   2   1   0       0.47605085
    6   2   1   1       0.44607824
    7   1   0   0       0.76074743
    7   2   1  -1       0.60254839
    7   2   1   0       0.66367636
    7   2   1   1       0.51681143
    8   1   0   0       0.76291732
    8   2   1  -1       0.61232620
    8   2   1   0       0.68606782
    8   2   1   1       0.53156659
    9   1   0   0       0.57797363
    9   2   1  -1       0.46731242
    9   2   1   0       0.44491221
    9   2   1   1       0.42596240
   10   1   0   0       0.61942996
   10   2   1  -1       0.52624006
   10   2   1   0       0.47963456
   10   2   1   1       0.48570810
   11   1   0   0       0.55191945
   11   2   1  -1       0.44230748
   11   2   1   0       0.34034803
   11   2   1   1       0.45466241
   12   1   0   0       0.94462378
   12   2   1  -1       0.93204881
   12   2   1   0       0.76961354
   12   2   1   1       0.98271584
   13   1   0   0       0.61712200
   13   2   1  -1       0.51867358
   13   2   1   0       0.47885634
   13   2   1   1       0.48311012
   14   1   0   0       0.61605774
   14   2   1  -1       0.47727478
   14   2   1   0       0.45942019
   14   2   1   1       0.47482464
   15   1   0   0       0.61140055
   15   2   1  -1       0.51108448
   15   2   1   0       0.48303163
   15   2   1   1       0.47724141
   16   1   0   0       0.52122053
   16   2   1  -1       0.38809354
   16   2   1   0       0.39315857
   16   2   1   1       0.35632100
   17   1   0   0       0.87927403
   17   2   1  -1       0.72391556
   17   2   1   0       0.89884449
   17   2   1   1       0.77050298
   18   1   0   0       0.87241004
   18   2   1  -1       0.87096109
   18   2   1   0       0.85377255
   18   2   1   1       0.66130473
   19   1   0   0       0.56553165
   19   2   1  -1       0.41050066
   19   2   1   0       0.45245396
   19   2   1   1       0.42168191
   20   1   0   0       0.85019628
   20   2   1  -1       0.69912401
   20   2   1   0       0.74465437
   20   2   1   1       0.84051153
   21   1   0   0       0.61758714
   21   2   1  -1       0.45634320
   21   2   1   0       0.41903680
   21   2   1   1       0.49167407
   22   1   0   0       0.58825562
   22   2   1  -1       0.50705677
   22   2   1   0       0.50083248
   22   2   1   1       0.47515253
   23   1   0   0       0.57942510
   23   2   1  -1       0.44467735
   23   2   1   0       0.43797381
   23   2   1   1       0.44571741
   24   1   0   0       0.81676169
   24   2   1  -1       0.59569209
   24   2   1   0       0.64614912
   24   2   1   1       0.59693131
   25   1   0   0       0.47225126
   26   1   0   0       0.46333781
   27   1   0   0       0.47222659
   28   1   0   0       0.44816895
   29   1   0   0       0.44886022
   30   1   0   0       0.44087759
   31   1   0   0       0.44325420
   32   1   0   0       0.43884660
   33   1   0   0       0.31534356
   34   1   0   0       0.46356777
   35   1   0   0       0.45930585
   36   1   0   0       0.46325920

Nr. of electrons (down):     61.00000000
Atom populations (down)
 Atom       Population
    1       1.97912992
    2       3.12878408
    3       1.83437216
    4       2.12146242
    5       2.03732028
    6       1.98575988
    7       2.54378361
    8       2.59287794
    9       1.91616067
   10       2.11101268
   11       1.78923738
   12       3.62900196
   13       2.09776205
   14       2.02757734
   15       2.08275808
   16       1.65879363
   17       3.27253706
   18       3.25844842
   19       1.85016819
   20       3.13448619
   21       1.98464121
   22       2.07129741
   23       1.90779366
   24       2.65553420
   25       0.47225126
   26       0.46333781
   27       0.47222659
   28       0.44816895
   29       0.44886022
   30       0.44087759
   31       0.44325420
   32       0.43884660
   33       0.31534356
   34       0.46356777
   35       0.45930585
   36       0.46325920

l-shell populations (down)
 Atom Sh.   l       Population
    1   1   0       0.61479400
    1   2   1       1.36433592
    2   1   0       0.85037649
    2   2   1       2.27840759
    3   1   0       0.56091068
    3   2   1       1.27346148
    4   1   0       0.61518062
    4   2   1       1.50628180
    5   1   0       0.61760869
    5   2   1       1.41971159
    6   1   0       0.57710468
    6   2   1       1.40865520
    7   1   0       0.76074743
    7   2   1       1.78303618
    8   1   0       0.76291732
    8   2   1       1.82996061
    9   1   0       0.57797363
    9   2   1       1.33818703
   10   1   0       0.61942996
   10   2   1       1.49158272
   11   1   0       0.55191945
   11   2   1       1.23731792
   12   1   0       0.94462378
   12   2   1       2.68437818
   13   1   0       0.61712200
   13   2   1       1.48064004
   14   1   0       0.61605774
   14   2   1       1.41151961
   15   1   0       0.61140055
   15   2   1       1.47135753
   16   1   0       0.52122053
   16   2   1       1.13757311
   17   1   0       0.87927403
   17   2   1       2.39326303
   18   1   0       0.87241004
   18   2   1       2.38603837
   19   1   0       0.56553165
   19   2   1       1.28463653
   20   1   0       0.85019628
   20   2   1       2.28428991
   21   1   0       0.61758714
   21   2   1       1.36705408
   22   1   0       0.58825562
   22   2   1       1.48304178
   23   1   0       0.57942510
   23   2   1       1.32836857
   24   1   0       0.81676169
   24   2   1       1.83877251
   25   1   0       0.47225126
   26   1   0       0.46333781
   27   1   0       0.47222659
   28   1   0       0.44816895
   29   1   0       0.44886022
   30   1   0       0.44087759
   31   1   0       0.44325420
   32   1   0       0.43884660
   33   1   0       0.31534356
   34   1   0       0.46356777
   35   1   0       0.45930585
   36   1   0       0.46325920

Orbital populations (down)
 Atom Sh.   l   m       Population
    1   1   0   0       0.61479400
    1   2   1  -1       0.42696472
    1   2   1   0       0.47794750
    1   2   1   1       0.45942370
    2   1   0   0       0.85037649
    2   2   1  -1       0.77475553
    2   2   1   0       0.85484857
    2   2   1   1       0.64880349
    3   1   0   0       0.56091068
    3   2   1  -1       0.44977816
    3   2   1   0       0.43688948
    3   2   1   1       0.38679383
    4   1   0   0       0.61518062
    4   2   1  -1       0.51096350
    4   2   1   0       0.50690812
    4   2   1   1       0.48841018
    5   1   0   0       0.61760869
    5   2   1  -1       0.47422870
    5   2   1   0       0.48038258
    5   2   1   1       0.46510031
    6   1   0   0       0.57710468
    6   2   1  -1       0.48652611
    6   2   1   0       0.47605085
    6   2   1   1       0.44607824
    7   1   0   0       0.76074743
    7   2   1  -1       0.60254839
    7   2   1   0       0.66367636
    7   2   1   1       0.51681143
    8   1   0   0       0.76291732
    8   2   1  -1       0.61232620
    8   2   1   0       0.68606782
    8   2   1   1       0.53156659
    9   1   0   0       0.57797363
    9   2   1  -1       0.46731242
    9   2   1   0       0.44491221
    9   2   1   1       0.42596240
   10   1   0   0       0.61942996
   10   2   1  -1       0.52624006
   10   2   1   0       0.47963456
   10   2   1   1       0.48570810
   11   1   0   0       0.55191945
   11   2   1  -1       0.44230748
   11   2   1   0       0.34034803
   11   2   1   1       0.45466241
   12   1   0   0       0.94462378
   12   2   1  -1       0.93204881
   12   2   1   0       0.76961354
   12   2   1   1       0.98271584
   13   1   0   0       0.61712200
   13   2   1  -1       0.51867358
   13   2   1   0       0.47885634
   13   2   1   1       0.48311012
   14   1   0   0       0.61605774
   14   2   1  -1       0.47727478
   14   2   1   0       0.45942019
   14   2   1   1       0.47482464
   15   1   0   0       0.61140055
   15   2   1  -1       0.51108448
   15   2   1   0       0.48303163
   15   2   1   1       0.47724141
   16   1   0   0       0.52122053
   16   2   1  -1       0.38809354
   16   2   1   0       0.39315857
   16   2   1   1       0.35632100
   17   1   0   0       0.87927403
   17   2   1  -1       0.72391556
   17   2   1   0       0.89884449
   17   2   1   1       0.77050298
   18   1   0   0       0.87241004
   18   2   1  -1       0.87096109
   18   2   1   0       0.85377255
   18   2   1   1       0.66130473
   19   1   0   0       0.56553165
   19   2   1  -1       0.41050066
   19   2   1   0       0.45245396
   19   2   1   1       0.42168191
   20   1   0   0       0.85019628
   20   2   1  -1       0.69912401
   20   2   1   0       0.74465437
   20   2   1   1       0.84051153
   21   1   0   0       0.61758714
   21   2   1  -1       0.45634320
   21   2   1   0       0.41903680
   21   2   1   1       0.49167407
   22   1   0   0       0.58825562
   22   2   1  -1       0.50705677
   22   2   1   0       0.50083248
   22   2   1   1       0.47515253
   23   1   0   0       0.57942510
   23   2   1  -1       0.44467735
   23   2   1   0       0.43797381
   23   2   1   1       0.44571741
   24   1   0   0       0.81676169
   24   2   1  -1       0.59569209
   24   2   1   0       0.64614912
   24   2   1   1       0.59693131
   25   1   0   0       0.47225126
   26   1   0   0       0.46333781
   27   1   0   0       0.47222659
   28   1   0   0       0.44816895
   29   1   0   0       0.44886022
   30   1   0   0       0.44087759
   31   1   0   0       0.44325420
   32   1   0   0       0.43884660
   33   1   0   0       0.31534356
   34   1   0   0       0.46356777
   35   1   0   0       0.45930585
   36   1   0   0       0.46325920

Spin  up
Fermi level:                        -0.1749221973 H           -4.7599 eV
Band energy:                       -28.7723114923 H         -782.9344 eV
TS:                                  0.0000000000 H            0.0000 eV
Band free energy (E-TS):           -28.7723114923 H         -782.9344 eV
Extrapolated E(0K):                -28.7723114923 H         -782.9344 eV
Input / Output electrons (up):     61.0000000000     61.0000000000

Spin  down
Fermi level:                        -0.1749221973 H           -4.7599 eV
Band energy:                       -28.7723114923 H         -782.9344 eV
TS:                                  0.0000000000 H            0.0000 eV
Band free energy (E-TS):           -28.7723114923 H         -782.9344 eV
Extrapolated E(0K):                -28.7723114923 H         -782.9344 eV
Input / Output electrons (down):     61.0000000000     61.0000000000

Energy H0:                         -57.5828327805 H        -1566.9086 eV
Energy SCC:                          0.0701526615 H            1.9090 eV
Energy SPIN:                         0.0000000000 H            0.0000 eV
Total Electronic energy:           -57.5175337447 H        -1565.1317 eV
Repulsive energy:                    0.9267844031 H           25.2191 eV
Total energy:                      -56.5907493416 H        -1539.9126 eV
Extrapolated to 0:                 -56.5907493416 H        -1539.9126 eV
Total Mermin free energy:          -56.5907493416 H        -1539.9126 eV
Force related energy:              -56.5907493416 H        -1539.9126 eV

SCC converged

Full geometry written in opt.{xyz|gen}

Dipole moment:   -2.21123889    1.83865792    0.99598895 au
Dipole moment:   -5.62040909    4.67340266    2.53155161 Debye

Geometry converged

