 Fermi distribution function

Calculation with static geometry


********************************************************************************
 iSCC Total electronic   Diff electronic      SCC error    
   24   -0.57444165E+02   -0.10354739E-09    0.81533491E-05
********************************************************************************

 Total charge:    -0.00000000

 Atomic gross charges (e)
 Atom           Charge
    1       0.04457726
    2      -0.26607350
    3       0.30375375
    4      -0.23024655
    5      -0.12637918
    6       0.04753236
    7      -0.05172481
    8      -0.12215242
    9       0.15932888
   10      -0.24101314
   11       0.43235354
   12      -0.25610807
   13      -0.21804893
   14      -0.04637671
   15      -0.18592279
   16       0.67573616
   17      -0.52295607
   18      -0.49727318
   19       0.27900045
   20      -0.28032882
   21       0.03610662
   22      -0.13241139
   23       0.18831265
   24      -0.31641539
   25       0.05296131
   26       0.06998410
   27       0.05296503
   28       0.10246933
   29       0.10172044
   30       0.11766675
   31       0.11490765
   32       0.12066974
   33       0.36643009
   34       0.07448238
   35       0.07813095
   36       0.07434149

Nr. of electrons (up):     61.00000000
Atom populations (up)
 Atom       Population
    1       1.97650915
    2       3.14931312
    3       1.89602570
    4       2.11079534
    5       2.12464866
    6       1.94506212
    7       2.49481217
    8       2.47005111
    9       1.91490264
   10       2.13773547
   11       1.78095591
   12       3.62673462
   13       2.13782961
   14       2.01721436
   15       2.11206380
   16       1.66544450
   17       3.24736991
   18       3.23571268
   19       1.88507277
   20       3.14222840
   21       1.97909132
   22       2.05505287
   23       1.90586659
   24       2.65595327
   25       0.47443410
   26       0.46504716
   27       0.47442996
   28       0.44900796
   29       0.44516055
   30       0.43988931
   31       0.44084430
   32       0.44003859
   33       0.31739870
   34       0.46303008
   35       0.46087002
   36       0.46340317

l-shell populations (up)
 Atom Sh.   l       Population
    1   1   0       0.61412252
    1   2   1       1.36238663
    2   1   0       0.84998696
    2   2   1       2.29932616
    3   1   0       0.56028604
    3   2   1       1.33573965
    4   1   0       0.61332201
    4   2   1       1.49747334
    5   1   0       0.61781029
    5   2   1       1.50683838
    6   1   0       0.57179748
    6   2   1       1.37326464
    7   1   0       0.73994909
    7   2   1       1.75486308
    8   1   0       0.74032303
    8   2   1       1.72972807
    9   1   0       0.57238021
    9   2   1       1.34252244
   10   1   0       0.61826612
   10   2   1       1.51946935
   11   1   0       0.54994625
   11   2   1       1.23100965
   12   1   0       0.94470453
   12   2   1       2.68203009
   13   1   0       0.61757806
   13   2   1       1.52025155
   14   1   0       0.61467257
   14   2   1       1.40254179
   15   1   0       0.60993203
   15   2   1       1.50213177
   16   1   0       0.52146197
   16   2   1       1.14398253
   17   1   0       0.87916103
   17   2   1       2.36820888
   18   1   0       0.87181704
   18   2   1       2.36389564
   19   1   0       0.56253347
   19   2   1       1.32253930
   20   1   0       0.84939965
   20   2   1       2.29282875
   21   1   0       0.61712169
   21   2   1       1.36196964
   22   1   0       0.58524280
   22   2   1       1.46981007
   23   1   0       0.57962501
   23   2   1       1.32624157
   24   1   0       0.81690864
   24   2   1       1.83904464
   25   1   0       0.47443410
   26   1   0       0.46504716
   27   1   0       0.47442996
   28   1   0       0.44900796
   29   1   0       0.44516055
   30   1   0       0.43988931
   31   1   0       0.44084430
   32   1   0       0.44003859
   33   1   0       0.31739870
   34   1   0       0.46303008
   35   1   0       0.46087002
   36   1   0       0.46340317

Orbital populations (up)
 Atom Sh.   l   m       Population
    1   1   0   0       0.61412252
    1   2   1  -1       0.42683204
    1   2   1   0       0.47687943
    1   2   1   1       0.45867516
    2   1   0   0       0.84998696
    2   2   1  -1       0.78299187
    2   2   1   0       0.86383629
    2   2   1   1       0.65249800
    3   1   0   0       0.56028604
    3   2   1  -1       0.47389716
    3   2   1   0       0.46335009
    3   2   1   1       0.39849240
    4   1   0   0       0.61332201
    4   2   1  -1       0.50821981
    4   2   1   0       0.50443770
    4   2   1   1       0.48481582
    5   1   0   0       0.61781029
    5   2   1  -1       0.50748419
    5   2   1   0       0.51746706
    5   2   1   1       0.48188713
    6   1   0   0       0.57179748
    6   2   1  -1       0.49017465
    6   2   1   0       0.45932022
    6   2   1   1       0.42376977
    7   1   0   0       0.73994909
    7   2   1  -1       0.58801888
    7   2   1   0       0.61093662
    7   2   1   1       0.55590759
    8   1   0   0       0.74032303
    8   2   1  -1       0.55296826
    8   2   1   0       0.62918170
    8   2   1   1       0.54757811
    9   1   0   0       0.57238021
    9   2   1  -1       0.50004513
    9   2   1   0       0.43393721
    9   2   1   1       0.40854010
   10   1   0   0       0.61826612
   10   2   1  -1       0.57379736
   10   2   1   0       0.45195209
   10   2   1   1       0.49371990
   11   1   0   0       0.54994625
   11   2   1  -1       0.43923329
   11   2   1   0       0.33888332
   11   2   1   1       0.45289305
   12   1   0   0       0.94470453
   12   2   1  -1       0.93170421
   12   2   1   0       0.76805105
   12   2   1   1       0.98227483
   13   1   0   0       0.61757806
   13   2   1  -1       0.54358021
   13   2   1   0       0.48579862
   13   2   1   1       0.49087272
   14   1   0   0       0.61467257
   14   2   1  -1       0.47385223
   14   2   1   0       0.45792786
   14   2   1   1       0.47076170
   15   1   0   0       0.60993203
   15   2   1  -1       0.55471454
   15   2   1   0       0.46646948
   15   2   1   1       0.48094774
   16   1   0   0       0.52146197
   16   2   1  -1       0.39281835
   16   2   1   0       0.39385881
   16   2   1   1       0.35730538
   17   1   0   0       0.87916103
   17   2   1  -1       0.72171633
   17   2   1   0       0.87779785
   17   2   1   1       0.76869470
   18   1   0   0       0.87181704
   18   2   1  -1       0.86588487
   18   2   1   0       0.83572516
   18   2   1   1       0.66228561
   19   1   0   0       0.56253347
   19   2   1  -1       0.42843968
   19   2   1   0       0.46666185
   19   2   1   1       0.42743777
   20   1   0   0       0.84939965
   20   2   1  -1       0.70931541
   20   2   1   0       0.75103576
   20   2   1   1       0.83247758
   21   1   0   0       0.61712169
   21   2   1  -1       0.45479616
   21   2   1   0       0.41680246
   21   2   1   1       0.49037101
   22   1   0   0       0.58524280
   22   2   1  -1       0.50547121
   22   2   1   0       0.49733652
   22   2   1   1       0.46700234
   23   1   0   0       0.57962501
   23   2   1  -1       0.44395492
   23   2   1   0       0.43745994
   23   2   1   1       0.44482671
   24   1   0   0       0.81690864
   24   2   1  -1       0.59527786
   24   2   1   0       0.64618189
   24   2   1   1       0.59758489
   25   1   0   0       0.47443410
   26   1   0   0       0.46504716
   27   1   0   0       0.47442996
   28   1   0   0       0.44900796
   29   1   0   0       0.44516055
   30   1   0   0       0.43988931
   31   1   0   0       0.44084430
   32   1   0   0       0.44003859
   33   1   0   0       0.31739870
   34   1   0   0       0.46303008
   35   1   0   0       0.46087002
   36   1   0   0       0.46340317

Nr. of electrons (down):     61.00000000
Atom populations (down)
 Atom       Population
    1       1.97891358
    2       3.11676038
    3       1.80022055
    4       2.11945121
    5       2.00173052
    6       2.00740552
    7       2.55691263
    8       2.65210131
    9       1.92576848
   10       2.10327767
   11       1.78669055
   12       3.62937345
   13       2.08021931
   14       2.02916235
   15       2.07385899
   16       1.65881934
   17       3.27558616
   18       3.26156050
   19       1.83592678
   20       3.13810042
   21       1.98480206
   22       2.07735852
   23       1.90582076
   24       2.66046211
   25       0.47260459
   26       0.46496874
   27       0.47260501
   28       0.44852271
   29       0.45311901
   30       0.44244395
   31       0.44424805
   32       0.43929167
   33       0.31617121
   34       0.46248754
   35       0.46099903
   36       0.46225534

l-shell populations (down)
 Atom Sh.   l       Population
    1   1   0       0.61463080
    1   2   1       1.36428279
    2   1   0       0.85011968
    2   2   1       2.26664070
    3   1   0       0.55691240
    3   2   1       1.24330815
    4   1   0       0.61628330
    4   2   1       1.50316791
    5   1   0       0.61226205
    5   2   1       1.38946848
    6   1   0       0.58021290
    6   2   1       1.42719262
    7   1   0       0.76224990
    7   2   1       1.79466274
    8   1   0       0.76723674
    8   2   1       1.88486457
    9   1   0       0.57822482
    9   2   1       1.34754365
   10   1   0       0.61768656
   10   2   1       1.48559110
   11   1   0       0.55177154
   11   2   1       1.23491901
   12   1   0       0.94471637
   12   2   1       2.68465708
   13   1   0       0.61502498
   13   2   1       1.46519434
   14   1   0       0.61642719
   14   2   1       1.41273516
   15   1   0       0.60872776
   15   2   1       1.46513123
   16   1   0       0.52191947
   16   2   1       1.13689986
   17   1   0       0.87948393
   17   2   1       2.39610222
   18   1   0       0.87261854
   18   2   1       2.38894196
   19   1   0       0.56318383
   19   2   1       1.27274295
   20   1   0       0.85100051
   20   2   1       2.28709990
   21   1   0       0.61765383
   21   2   1       1.36714823
   22   1   0       0.58912859
   22   2   1       1.48822993
   23   1   0       0.57971467
   23   2   1       1.32610609
   24   1   0       0.81697189
   24   2   1       1.84349022
   25   1   0       0.47260459
   26   1   0       0.46496874
   27   1   0       0.47260501
   28   1   0       0.44852271
   29   1   0       0.45311901
   30   1   0       0.44244395
   31   1   0       0.44424805
   32   1   0       0.43929167
   33   1   0       0.31617121
   34   1   0       0.46248754
   35   1   0       0.46099903
   36   1   0       0.46225534

Orbital populations (down)
 Atom Sh.   l   m       Population
    1   1   0   0       0.61463080
    1   2   1  -1       0.42769826
    1   2   1   0       0.47733382
    1   2   1   1       0.45925071
    2   1   0   0       0.85011968
    2   2   1  -1       0.76946828
    2   2   1   0       0.85033210
    2   2   1   1       0.64684032
    3   1   0   0       0.55691240
    3   2   1  -1       0.43761322
    3   2   1   0       0.42521267
    3   2   1   1       0.38048226
    4   1   0   0       0.61628330
    4   2   1  -1       0.50937808
    4   2   1   0       0.50593755
    4   2   1   1       0.48785227
    5   1   0   0       0.61226205
    5   2   1  -1       0.46163002
    5   2   1   0       0.46922339
    5   2   1   1       0.45861507
    6   1   0   0       0.58021290
    6   2   1  -1       0.49703955
    6   2   1   0       0.48369672
    6   2   1   1       0.44645635
    7   1   0   0       0.76224990
    7   2   1  -1       0.60133498
    7   2   1   0       0.67086955
    7   2   1   1       0.52245821
    8   1   0   0       0.76723674
    8   2   1  -1       0.62883222
    8   2   1   0       0.70856141
    8   2   1   1       0.54747094
    9   1   0   0       0.57822482
    9   2   1  -1       0.47618944
    9   2   1   0       0.44687704
    9   2   1   1       0.42447718
   10   1   0   0       0.61768656
   10   2   1  -1       0.52430400
   10   2   1   0       0.47591179
   10   2   1   1       0.48537531
   11   1   0   0       0.55177154
   11   2   1  -1       0.44107694
   11   2   1   0       0.33965663
   11   2   1   1       0.45418545
   12   1   0   0       0.94471637
   12   2   1  -1       0.93199815
   12   2   1   0       0.76997744
   12   2   1   1       0.98268149
   13   1   0   0       0.61502498
   13   2   1  -1       0.50984307
   13   2   1   0       0.47536618
   13   2   1   1       0.47998509
   14   1   0   0       0.61642719
   14   2   1  -1       0.47789364
   14   2   1   0       0.46068983
   14   2   1   1       0.47415169
   15   1   0   0       0.60872776
   15   2   1  -1       0.50953140
   15   2   1   0       0.47978735
   15   2   1   1       0.47581248
   16   1   0   0       0.52191947
   16   2   1  -1       0.38728628
   16   2   1   0       0.39461005
   16   2   1   1       0.35500353
   17   1   0   0       0.87948393
   17   2   1  -1       0.72550234
   17   2   1   0       0.89943766
   17   2   1   1       0.77116222
   18   1   0   0       0.87261854
   18   2   1  -1       0.87190200
   18   2   1   0       0.85471029
   18   2   1   1       0.66232967
   19   1   0   0       0.56318383
   19   2   1  -1       0.40547181
   19   2   1   0       0.44707652
   19   2   1   1       0.42019462
   20   1   0   0       0.85100051
   20   2   1  -1       0.70043912
   20   2   1   0       0.74502336
   20   2   1   1       0.84163743
   21   1   0   0       0.61765383
   21   2   1  -1       0.45623447
   21   2   1   0       0.41943791
   21   2   1   1       0.49147586
   22   1   0   0       0.58912859
   22   2   1  -1       0.51033496
   22   2   1   0       0.50231772
   22   2   1   1       0.47557724
   23   1   0   0       0.57971467
   23   2   1  -1       0.44360991
   23   2   1   0       0.43761387
   23   2   1   1       0.44488232
   24   1   0   0       0.81697189
   24   2   1  -1       0.59745950
   24   2   1   0       0.64749593
   24   2   1   1       0.59853479
   25   1   0   0       0.47260459
   26   1   0   0       0.46496874
   27   1   0   0       0.47260501
   28   1   0   0       0.44852271
   29   1   0   0       0.45311901
   30   1   0   0       0.44244395
   31   1   0   0       0.44424805
   32   1   0   0       0.43929167
   33   1   0   0       0.31617121
   34   1   0   0       0.46248754
   35   1   0   0       0.46099903
   36   1   0   0       0.46225534

Spin  up
Fermi level:                        -0.1847416127 H           -5.0271 eV
Band energy:                       -28.8620667007 H         -785.3768 eV
TS:                                  0.0000000000 H            0.0000 eV
Band free energy (E-TS):           -28.8620667007 H         -785.3768 eV
Extrapolated E(0K):                -28.8620667007 H         -785.3768 eV
Input / Output electrons (up):     61.0000000000     61.0000000000

Spin  down
Fermi level:                        -0.1875930754 H           -5.1047 eV
Band energy:                       -28.8757194523 H         -785.7483 eV
TS:                                  0.0000000000 H            0.0000 eV
Band free energy (E-TS):           -28.8757194523 H         -785.7483 eV
Extrapolated E(0K):                -28.8757194523 H         -785.7483 eV
Input / Output electrons (down):     61.0000000000     61.0000000000

Energy H0:                         -57.5042293342 H        -1564.7697 eV
Energy SCC:                          0.0653980019 H            1.7796 eV
Energy SPIN:                        -0.0009515280 H           -0.0259 eV
Total Electronic energy:           -57.4441652868 H        -1563.1353 eV
Repulsive energy:                    0.9267844030 H           25.2191 eV
Total energy:                      -56.5173808838 H        -1537.9162 eV
Extrapolated to 0:                 -56.5173808838 H        -1537.9162 eV
Total Mermin free energy:          -56.5173808838 H        -1537.9162 eV
Force related energy:              -56.5173808838 H        -1537.9162 eV

SCC converged

Dipole moment:   -1.73451209    1.55000985    0.92675932 au
Dipole moment:   -4.40869033    3.93973239    2.35558741 Debye


