 Fermi distribution function

Calculation with static geometry


********************************************************************************
 iSCC Total electronic   Diff electronic      SCC error    
   11   -0.51759151E+02   -0.94254204E-09    0.55530078E-05
********************************************************************************

 Total charge:     0.00000000

 Atomic gross charges (e)
 Atom           Charge
    1       0.04974253
    2      -0.28973321
    3       0.18607034
    4       0.29813799
    5      -0.27162196
    6      -0.17772742
    7      -0.10383016
    8      -0.14162900
    9       0.04593701
   10      -0.03904326
   11      -0.09396167
   12       0.03202324
   13       0.37998358
   14      -0.24934141
   15      -0.17197234
   16      -0.08341765
   17      -0.09087899
   18      -0.12941809
   19       0.67220490
   20      -0.51993879
   21      -0.48766101
   22       0.06201811
   23       0.05854214
   24       0.05598128
   25       0.11071424
   26       0.10184247
   27       0.10838925
   28       0.11139370
   29       0.09811640
   30       0.11763186
   31       0.36144592

Nr. of electrons (up):     54.00000000
Atom populations (up)
 Atom       Population
    1       1.97512873
    2       3.14486661
    3       1.90696483
    4       1.85093101
    5       3.63581098
    6       2.08886371
    7       2.05191508
    8       2.07081450
    9       1.97703150
   10       2.51952163
   11       2.54698083
   12       1.98398838
   13       1.81000821
   14       3.62467071
   15       2.08598617
   16       2.04170882
   17       2.04543949
   18       2.06470904
   19       1.66389755
   20       3.25996939
   21       3.24383050
   22       0.46899095
   23       0.47072893
   24       0.47200936
   25       0.44464288
   26       0.44907876
   27       0.44580537
   28       0.44430315
   29       0.45094180
   30       0.44118407
   31       0.31927704

l-shell populations (up)
 Atom Sh.   l       Population
    1   1   0       0.61424538
    1   2   1       1.36088335
    2   1   0       0.85279504
    2   2   1       2.29207156
    3   1   0       0.56508410
    3   2   1       1.34188073
    4   1   0       0.55798205
    4   2   1       1.29294895
    5   1   0       0.94725845
    5   2   1       2.68855253
    6   1   0       0.61493173
    6   2   1       1.47393198
    7   1   0       0.61123592
    7   2   1       1.44067915
    8   1   0       0.61384370
    8   2   1       1.45697080
    9   1   0       0.58410640
    9   2   1       1.39292509
   10   1   0       0.75734862
   10   2   1       1.76217301
   11   1   0       0.75705984
   11   2   1       1.78992099
   12   1   0       0.58769493
   12   2   1       1.39629345
   13   1   0       0.55216713
   13   2   1       1.25784109
   14   1   0       0.94405903
   14   2   1       2.68061168
   15   1   0       0.61682379
   15   2   1       1.46916238
   16   1   0       0.61206375
   16   2   1       1.42964508
   17   1   0       0.61403491
   17   2   1       1.43140459
   18   1   0       0.60901858
   18   2   1       1.45569046
   19   1   0       0.52215467
   19   2   1       1.14174288
   20   1   0       0.87756575
   20   2   1       2.38240364
   21   1   0       0.86903773
   21   2   1       2.37479277
   22   1   0       0.46899095
   23   1   0       0.47072893
   24   1   0       0.47200936
   25   1   0       0.44464288
   26   1   0       0.44907876
   27   1   0       0.44580537
   28   1   0       0.44430315
   29   1   0       0.45094180
   30   1   0       0.44118407
   31   1   0       0.31927704

Orbital populations (up)
 Atom Sh.   l   m       Population
    1   1   0   0       0.61424538
    1   2   1  -1       0.49352892
    1   2   1   0       0.42870955
    1   2   1   1       0.43864488
    2   1   0   0       0.85279504
    2   2   1  -1       0.74207856
    2   2   1   0       0.78495550
    2   2   1   1       0.76503750
    3   1   0   0       0.56508410
    3   2   1  -1       0.38722348
    3   2   1   0       0.47769882
    3   2   1   1       0.47695843
    4   1   0   0       0.55798205
    4   2   1  -1       0.45682070
    4   2   1   0       0.40329690
    4   2   1   1       0.43283135
    5   1   0   0       0.94725845
    5   2   1  -1       0.98902309
    5   2   1   0       0.83201226
    5   2   1   1       0.86751717
    6   1   0   0       0.61493173
    6   2   1  -1       0.47139602
    6   2   1   0       0.49812621
    6   2   1   1       0.50440976
    7   1   0   0       0.61123592
    7   2   1  -1       0.47115223
    7   2   1   0       0.47882794
    7   2   1   1       0.49069899
    8   1   0   0       0.61384370
    8   2   1  -1       0.45180833
    8   2   1   0       0.49749070
    8   2   1   1       0.50767177
    9   1   0   0       0.58410640
    9   2   1  -1       0.43842416
    9   2   1   0       0.45661044
    9   2   1   1       0.49789049
   10   1   0   0       0.75734862
   10   2   1  -1       0.48376409
   10   2   1   0       0.73009840
   10   2   1   1       0.54831053
   11   1   0   0       0.75705984
   11   2   1  -1       0.70129877
   11   2   1   0       0.57349337
   11   2   1   1       0.51512885
   12   1   0   0       0.58769493
   12   2   1  -1       0.49038137
   12   2   1   0       0.42735965
   12   2   1   1       0.47855244
   13   1   0   0       0.55216713
   13   2   1  -1       0.42432042
   13   2   1   0       0.45406699
   13   2   1   1       0.37945368
   14   1   0   0       0.94405903
   14   2   1  -1       0.88584734
   14   2   1   0       0.98396008
   14   2   1   1       0.81080426
   15   1   0   0       0.61682379
   15   2   1  -1       0.50786730
   15   2   1   0       0.47404668
   15   2   1   1       0.48724840
   16   1   0   0       0.61206375
   16   2   1  -1       0.48269140
   16   2   1   0       0.47496638
   16   2   1   1       0.47198730
   17   1   0   0       0.61403491
   17   2   1  -1       0.49057268
   17   2   1   0       0.45274247
   17   2   1   1       0.48808944
   18   1   0   0       0.60901858
   18   2   1  -1       0.50185949
   18   2   1   0       0.47996980
   18   2   1   1       0.47386116
   19   1   0   0       0.52215467
   19   2   1  -1       0.38676856
   19   2   1   0       0.36523039
   19   2   1   1       0.38974392
   20   1   0   0       0.87756575
   20   2   1  -1       0.71923397
   20   2   1   0       0.94734143
   20   2   1   1       0.71582824
   21   1   0   0       0.86903773
   21   2   1  -1       0.77988562
   21   2   1   0       0.75250581
   21   2   1   1       0.84240134
   22   1   0   0       0.46899095
   23   1   0   0       0.47072893
   24   1   0   0       0.47200936
   25   1   0   0       0.44464288
   26   1   0   0       0.44907876
   27   1   0   0       0.44580537
   28   1   0   0       0.44430315
   29   1   0   0       0.45094180
   30   1   0   0       0.44118407
   31   1   0   0       0.31927704

Nr. of electrons (down):     54.00000000
Atom populations (down)
 Atom       Population
    1       1.97512873
    2       3.14486661
    3       1.90696483
    4       1.85093101
    5       3.63581098
    6       2.08886371
    7       2.05191508
    8       2.07081450
    9       1.97703150
   10       2.51952163
   11       2.54698083
   12       1.98398838
   13       1.81000821
   14       3.62467071
   15       2.08598617
   16       2.04170882
   17       2.04543949
   18       2.06470904
   19       1.66389755
   20       3.25996939
   21       3.24383050
   22       0.46899095
   23       0.47072893
   24       0.47200936
   25       0.44464288
   26       0.44907876
   27       0.44580537
   28       0.44430315
   29       0.45094180
   30       0.44118407
   31       0.31927704

l-shell populations (down)
 Atom Sh.   l       Population
    1   1   0       0.61424538
    1   2   1       1.36088335
    2   1   0       0.85279504
    2   2   1       2.29207156
    3   1   0       0.56508410
    3   2   1       1.34188073
    4   1   0       0.55798205
    4   2   1       1.29294895
    5   1   0       0.94725845
    5   2   1       2.68855253
    6   1   0       0.61493173
    6   2   1       1.47393198
    7   1   0       0.61123592
    7   2   1       1.44067915
    8   1   0       0.61384370
    8   2   1       1.45697080
    9   1   0       0.58410640
    9   2   1       1.39292509
   10   1   0       0.75734862
   10   2   1       1.76217301
   11   1   0       0.75705984
   11   2   1       1.78992099
   12   1   0       0.58769493
   12   2   1       1.39629345
   13   1   0       0.55216713
   13   2   1       1.25784109
   14   1   0       0.94405903
   14   2   1       2.68061168
   15   1   0       0.61682379
   15   2   1       1.46916238
   16   1   0       0.61206375
   16   2   1       1.42964508
   17   1   0       0.61403491
   17   2   1       1.43140459
   18   1   0       0.60901858
   18   2   1       1.45569046
   19   1   0       0.52215467
   19   2   1       1.14174288
   20   1   0       0.87756575
   20   2   1       2.38240364
   21   1   0       0.86903773
   21   2   1       2.37479277
   22   1   0       0.46899095
   23   1   0       0.47072893
   24   1   0       0.47200936
   25   1   0       0.44464288
   26   1   0       0.44907876
   27   1   0       0.44580537
   28   1   0       0.44430315
   29   1   0       0.45094180
   30   1   0       0.44118407
   31   1   0       0.31927704

Orbital populations (down)
 Atom Sh.   l   m       Population
    1   1   0   0       0.61424538
    1   2   1  -1       0.49352892
    1   2   1   0       0.42870955
    1   2   1   1       0.43864488
    2   1   0   0       0.85279504
    2   2   1  -1       0.74207856
    2   2   1   0       0.78495550
    2   2   1   1       0.76503750
    3   1   0   0       0.56508410
    3   2   1  -1       0.38722348
    3   2   1   0       0.47769882
    3   2   1   1       0.47695843
    4   1   0   0       0.55798205
    4   2   1  -1       0.45682070
    4   2   1   0       0.40329690
    4   2   1   1       0.43283135
    5   1   0   0       0.94725845
    5   2   1  -1       0.98902309
    5   2   1   0       0.83201226
    5   2   1   1       0.86751717
    6   1   0   0       0.61493173
    6   2   1  -1       0.47139602
    6   2   1   0       0.49812621
    6   2   1   1       0.50440976
    7   1   0   0       0.61123592
    7   2   1  -1       0.47115223
    7   2   1   0       0.47882794
    7   2   1   1       0.49069899
    8   1   0   0       0.61384370
    8   2   1  -1       0.45180833
    8   2   1   0       0.49749070
    8   2   1   1       0.50767177
    9   1   0   0       0.58410640
    9   2   1  -1       0.43842416
    9   2   1   0       0.45661044
    9   2   1   1       0.49789049
   10   1   0   0       0.75734862
   10   2   1  -1       0.48376409
   10   2   1   0       0.73009840
   10   2   1   1       0.54831053
   11   1   0   0       0.75705984
   11   2   1  -1       0.70129877
   11   2   1   0       0.57349337
   11   2   1   1       0.51512885
   12   1   0   0       0.58769493
   12   2   1  -1       0.49038137
   12   2   1   0       0.42735965
   12   2   1   1       0.47855244
   13   1   0   0       0.55216713
   13   2   1  -1       0.42432042
   13   2   1   0       0.45406699
   13   2   1   1       0.37945368
   14   1   0   0       0.94405903
   14   2   1  -1       0.88584734
   14   2   1   0       0.98396008
   14   2   1   1       0.81080426
   15   1   0   0       0.61682379
   15   2   1  -1       0.50786730
   15   2   1   0       0.47404668
   15   2   1   1       0.48724840
   16   1   0   0       0.61206375
   16   2   1  -1       0.48269140
   16   2   1   0       0.47496638
   16   2   1   1       0.47198730
   17   1   0   0       0.61403491
   17   2   1  -1       0.49057268
   17   2   1   0       0.45274247
   17   2   1   1       0.48808944
   18   1   0   0       0.60901858
   18   2   1  -1       0.50185949
   18   2   1   0       0.47996980
   18   2   1   1       0.47386116
   19   1   0   0       0.52215467
   19   2   1  -1       0.38676856
   19   2   1   0       0.36523039
   19   2   1   1       0.38974392
   20   1   0   0       0.87756575
   20   2   1  -1       0.71923397
   20   2   1   0       0.94734143
   20   2   1   1       0.71582824
   21   1   0   0       0.86903773
   21   2   1  -1       0.77988562
   21   2   1   0       0.75250581
   21   2   1   1       0.84240134
   22   1   0   0       0.46899095
   23   1   0   0       0.47072893
   24   1   0   0       0.47200936
   25   1   0   0       0.44464288
   26   1   0   0       0.44907876
   27   1   0   0       0.44580537
   28   1   0   0       0.44430315
   29   1   0   0       0.45094180
   30   1   0   0       0.44118407
   31   1   0   0       0.31927704

Spin  up
Fermi level:                        -0.1645018789 H           -4.4763 eV
Band energy:                       -25.7349834440 H         -700.2845 eV
TS:                                  0.0000000000 H            0.0000 eV
Band free energy (E-TS):           -25.7349834440 H         -700.2845 eV
Extrapolated E(0K):                -25.7349834440 H         -700.2845 eV
Input / Output electrons (up):     54.0000000000     54.0000000000

Spin  down
Fermi level:                        -0.1645018789 H           -4.4763 eV
Band energy:                       -25.7349834440 H         -700.2845 eV
TS:                                  0.0000000000 H            0.0000 eV
Band free energy (E-TS):           -25.7349834440 H         -700.2845 eV
Extrapolated E(0K):                -25.7349834440 H         -700.2845 eV
Input / Output electrons (down):     54.0000000000     54.0000000000

Energy H0:                         -51.8174555656 H        -1410.0247 eV
Energy SCC:                          0.0614961373 H            1.6734 eV
Energy SPIN:                         0.0000000000 H            0.0000 eV
Total Electronic energy:           -51.7591509894 H        -1408.4382 eV
Repulsive energy:                    0.6905097943 H           18.7897 eV
Total energy:                      -51.0686411952 H        -1389.6484 eV
Extrapolated to 0:                 -51.0686411952 H        -1389.6484 eV
Total Mermin free energy:          -51.0686411952 H        -1389.6484 eV
Force related energy:              -51.0686411952 H        -1389.6484 eV

SCC converged

Total Forces
    1      0.000029113957     -0.000000307328      0.000046880076
    2      0.000098426315      0.000068264746      0.000119954953
    3      0.000057955742      0.000052519421     -0.000042060554
    4     -0.000015334210     -0.000003108429      0.000011823655
    5      0.000125935359     -0.000013308839      0.000110942324
    6      0.000263575345     -0.000072594962     -0.000058169505
    7     -0.000053826969     -0.000023350782     -0.000088677817
    8     -0.000033155596      0.000030911106     -0.000141386994
    9     -0.000190011535      0.000015604004     -0.000085663570
   10      0.000205949110      0.000035059757     -0.000182493100
   11     -0.000163385705      0.000052098026      0.000194744063
   12      0.000007558175     -0.000146312707      0.000133423644
   13     -0.000014036229     -0.000052371613     -0.000164120707
   14      0.000105925851     -0.000119304600     -0.000003443026
   15      0.000084198213     -0.000125984370      0.000171669065
   16     -0.000158246311      0.000214051879     -0.000136497019
   17     -0.000132563215      0.000033160278      0.000310982384
   18     -0.000134002793      0.000135992560      0.000032581594
   19     -0.000181482915     -0.000062193304     -0.000064531592
   20     -0.000118343810     -0.000127997740     -0.000080390185
   21      0.000118554058      0.000104954875     -0.000235757306
   22     -0.000068448816     -0.000000156643     -0.000058131898
   23      0.000024402523     -0.000012149075     -0.000078354448
   24      0.000006590251     -0.000016966384      0.000052047796
   25      0.000068387540     -0.000126923036      0.000047883985
   26      0.000074393074      0.000027750409     -0.000123237015
   27     -0.000150749255     -0.000022385139      0.000034884033
   28     -0.000059914325     -0.000052440213      0.000008208930
   29      0.000084505844     -0.000164692468      0.000003906016
   30      0.000029203805      0.000107186115      0.000081856693
   31      0.000088826524      0.000264994456      0.000181125526

Maximal derivative component:        0.310982E-03 au

Dipole moment:   -0.65412275   -0.75549030    0.77152958 au
Dipole moment:   -1.66261433   -1.92026495    1.96103275 Debye


