 Fermi distribution function

Calculation with static geometry


********************************************************************************
 iSCC Total electronic   Diff electronic      SCC error    
   11   -0.59616703E+02   -0.29844927E-09    0.48607892E-05
********************************************************************************

 Total charge:    -0.00000000

 Atomic gross charges (e)
 Atom           Charge
    1      -0.24424796
    2       0.00943370
    3      -0.10631071
    4      -0.12088637
    5       0.01624816
    6       0.05116009
    7      -0.10761523
    8      -0.07540950
    9      -0.08422042
   10      -0.07406196
   11      -0.09401206
   12      -0.03889124
   13       0.05210578
   14      -0.10155404
   15      -0.07372656
   16      -0.08504852
   17      -0.07468989
   18      -0.10357693
   19       0.10688852
   20      -0.07520944
   21      -0.06509597
   22       0.04908216
   23      -0.10578261
   24      -0.10684299
   25      -0.08254744
   26      -0.18452011
   27       0.36663815
   28      -0.26186125
   29       0.09509324
   30       0.08146913
   31       0.08782693
   32       0.08421792
   33       0.08514727
   34       0.07710470
   35       0.07610626
   36       0.07711908
   37       0.07713578
   38       0.08410356
   39       0.08466016
   40       0.07749137
   41       0.07776332
   42       0.07742848
   43       0.08140559
   44       0.10312438
   45       0.08982300
   46       0.09016714
   47       0.10736736

Nr. of electrons (up):     68.00000000
Atom populations (up)
 Atom       Population
    1       2.12212398
    2       1.99528315
    3       2.05315536
    4       2.06044319
    5       1.99187592
    6       1.97441995
    7       2.05380762
    8       2.03770475
    9       2.04211021
   10       2.03703098
   11       2.04700603
   12       2.01944562
   13       1.97394711
   14       2.05077702
   15       2.03686328
   16       2.04252426
   17       2.03734495
   18       2.05178847
   19       1.94655574
   20       2.53760472
   21       2.53254798
   22       1.97545892
   23       2.05289130
   24       2.05342149
   25       2.04127372
   26       2.09226005
   27       1.81668093
   28       3.63093063
   29       0.45245338
   30       0.45926543
   31       0.45608653
   32       0.45789104
   33       0.45742637
   34       0.46144765
   35       0.46194687
   36       0.46144046
   37       0.46143211
   38       0.45794822
   39       0.45766992
   40       0.46125432
   41       0.46111834
   42       0.46128576
   43       0.45929720
   44       0.44843781
   45       0.45508850
   46       0.45491643
   47       0.44631632

l-shell populations (up)
 Atom Sh.   l       Population
    1   1   0       0.63897876
    1   2   1       1.48314522
    2   1   0       0.59296234
    2   2   1       1.40232081
    3   1   0       0.61333863
    3   2   1       1.43981672
    4   1   0       0.61383130
    4   2   1       1.44661189
    5   1   0       0.59498630
    5   2   1       1.39688962
    6   1   0       0.59154750
    6   2   1       1.38287245
    7   1   0       0.61427162
    7   2   1       1.43953600
    8   1   0       0.61087951
    8   2   1       1.42682524
    9   1   0       0.61117215
    9   2   1       1.43093807
   10   1   0       0.61096932
   10   2   1       1.42606166
   11   1   0       0.61397406
   11   2   1       1.43303197
   12   1   0       0.59957199
   12   2   1       1.41987363
   13   1   0       0.59200507
   13   2   1       1.38194204
   14   1   0       0.61373902
   14   2   1       1.43703801
   15   1   0       0.61110720
   15   2   1       1.42575608
   16   1   0       0.61113666
   16   2   1       1.43138760
   17   1   0       0.61090392
   17   2   1       1.42644102
   18   1   0       0.61446607
   18   2   1       1.43732240
   19   1   0       0.58376341
   19   2   1       1.36279233
   20   1   0       0.75323275
   20   2   1       1.78437197
   21   1   0       0.75258243
   21   2   1       1.77996555
   22   1   0       0.58318230
   22   2   1       1.39227662
   23   1   0       0.61505682
   23   2   1       1.43783449
   24   1   0       0.61146978
   24   2   1       1.44195171
   25   1   0       0.61219692
   25   2   1       1.42907680
   26   1   0       0.61602959
   26   2   1       1.47623047
   27   1   0       0.55572082
   27   2   1       1.26096010
   28   1   0       0.94551176
   28   2   1       2.68541887
   29   1   0       0.45245338
   30   1   0       0.45926543
   31   1   0       0.45608653
   32   1   0       0.45789104
   33   1   0       0.45742637
   34   1   0       0.46144765
   35   1   0       0.46194687
   36   1   0       0.46144046
   37   1   0       0.46143211
   38   1   0       0.45794822
   39   1   0       0.45766992
   40   1   0       0.46125432
   41   1   0       0.46111834
   42   1   0       0.46128576
   43   1   0       0.45929720
   44   1   0       0.44843781
   45   1   0       0.45508850
   46   1   0       0.45491643
   47   1   0       0.44631632

Orbital populations (up)
 Atom Sh.   l   m       Population
    1   1   0   0       0.63897876
    1   2   1  -1       0.50134661
    1   2   1   0       0.48721164
    1   2   1   1       0.49458697
    2   1   0   0       0.59296234
    2   2   1  -1       0.45617340
    2   2   1   0       0.46894216
    2   2   1   1       0.47720525
    3   1   0   0       0.61333863
    3   2   1  -1       0.46556621
    3   2   1   0       0.48339739
    3   2   1   1       0.49085312
    4   1   0   0       0.61383130
    4   2   1  -1       0.47344886
    4   2   1   0       0.48470928
    4   2   1   1       0.48845375
    5   1   0   0       0.59498630
    5   2   1  -1       0.45298546
    5   2   1   0       0.47210723
    5   2   1   1       0.47179693
    6   1   0   0       0.59154750
    6   2   1  -1       0.47027003
    6   2   1   0       0.46005654
    6   2   1   1       0.45254588
    7   1   0   0       0.61427162
    7   2   1  -1       0.48623002
    7   2   1   0       0.48227154
    7   2   1   1       0.47103443
    8   1   0   0       0.61087951
    8   2   1  -1       0.48582596
    8   2   1   0       0.47916570
    8   2   1   1       0.46183359
    9   1   0   0       0.61117215
    9   2   1  -1       0.48598420
    9   2   1   0       0.48106518
    9   2   1   1       0.46388869
   10   1   0   0       0.61096932
   10   2   1  -1       0.48165737
   10   2   1   0       0.47499534
   10   2   1   1       0.46940896
   11   1   0   0       0.61397406
   11   2   1  -1       0.49009295
   11   2   1   0       0.48263099
   11   2   1   1       0.46030803
   12   1   0   0       0.59957199
   12   2   1  -1       0.45376130
   12   2   1   0       0.47946104
   12   2   1   1       0.48665129
   13   1   0   0       0.59200507
   13   2   1  -1       0.46165831
   13   2   1   0       0.45256149
   13   2   1   1       0.46772224
   14   1   0   0       0.61373902
   14   2   1  -1       0.47665035
   14   2   1   0       0.47156172
   14   2   1   1       0.48882593
   15   1   0   0       0.61110720
   15   2   1  -1       0.47897923
   15   2   1   0       0.46133622
   15   2   1   1       0.48544063
   16   1   0   0       0.61113666
   16   2   1  -1       0.48150910
   16   2   1   0       0.46235712
   16   2   1   1       0.48752138
   17   1   0   0       0.61090392
   17   2   1  -1       0.47527894
   17   2   1   0       0.46876657
   17   2   1   1       0.48239551
   18   1   0   0       0.61446607
   18   2   1  -1       0.48423958
   18   2   1   0       0.46016097
   18   2   1   1       0.49292184
   19   1   0   0       0.58376341
   19   2   1  -1       0.43361745
   19   2   1   0       0.45783467
   19   2   1   1       0.47134021
   20   1   0   0       0.75323275
   20   2   1  -1       0.49723778
   20   2   1   0       0.57577326
   20   2   1   1       0.71136093
   21   1   0   0       0.75258243
   21   2   1  -1       0.71121123
   21   2   1   0       0.57966232
   21   2   1   1       0.48909200
   22   1   0   0       0.58318230
   22   2   1  -1       0.50737535
   22   2   1   0       0.45546860
   22   2   1   1       0.42943266
   23   1   0   0       0.61505682
   23   2   1  -1       0.50483257
   23   2   1   0       0.45830397
   23   2   1   1       0.47469795
   24   1   0   0       0.61146978
   24   2   1  -1       0.51146469
   24   2   1   0       0.47326090
   24   2   1   1       0.45722613
   25   1   0   0       0.61219692
   25   2   1  -1       0.49902572
   25   2   1   0       0.46008326
   25   2   1   1       0.46996781
   26   1   0   0       0.61602959
   26   2   1  -1       0.53412831
   26   2   1   0       0.47053720
   26   2   1   1       0.47156495
   27   1   0   0       0.55572082
   27   2   1  -1       0.47183963
   27   2   1   0       0.33116235
   27   2   1   1       0.45795813
   28   1   0   0       0.94551176
   28   2   1  -1       0.94562037
   28   2   1   0       0.74988867
   28   2   1   1       0.98990983
   29   1   0   0       0.45245338
   30   1   0   0       0.45926543
   31   1   0   0       0.45608653
   32   1   0   0       0.45789104
   33   1   0   0       0.45742637
   34   1   0   0       0.46144765
   35   1   0   0       0.46194687
   36   1   0   0       0.46144046
   37   1   0   0       0.46143211
   38   1   0   0       0.45794822
   39   1   0   0       0.45766992
   40   1   0   0       0.46125432
   41   1   0   0       0.46111834
   42   1   0   0       0.46128576
   43   1   0   0       0.45929720
   44   1   0   0       0.44843781
   45   1   0   0       0.45508850
   46   1   0   0       0.45491643
   47   1   0   0       0.44631632

Nr. of electrons (down):     68.00000000
Atom populations (down)
 Atom       Population
    1       2.12212398
    2       1.99528315
    3       2.05315536
    4       2.06044319
    5       1.99187592
    6       1.97441995
    7       2.05380762
    8       2.03770475
    9       2.04211021
   10       2.03703098
   11       2.04700603
   12       2.01944562
   13       1.97394711
   14       2.05077702
   15       2.03686328
   16       2.04252426
   17       2.03734495
   18       2.05178847
   19       1.94655574
   20       2.53760472
   21       2.53254798
   22       1.97545892
   23       2.05289130
   24       2.05342149
   25       2.04127372
   26       2.09226005
   27       1.81668093
   28       3.63093063
   29       0.45245338
   30       0.45926543
   31       0.45608653
   32       0.45789104
   33       0.45742637
   34       0.46144765
   35       0.46194687
   36       0.46144046
   37       0.46143211
   38       0.45794822
   39       0.45766992
   40       0.46125432
   41       0.46111834
   42       0.46128576
   43       0.45929720
   44       0.44843781
   45       0.45508850
   46       0.45491643
   47       0.44631632

l-shell populations (down)
 Atom Sh.   l       Population
    1   1   0       0.63897876
    1   2   1       1.48314522
    2   1   0       0.59296234
    2   2   1       1.40232081
    3   1   0       0.61333863
    3   2   1       1.43981672
    4   1   0       0.61383130
    4   2   1       1.44661189
    5   1   0       0.59498630
    5   2   1       1.39688962
    6   1   0       0.59154750
    6   2   1       1.38287245
    7   1   0       0.61427162
    7   2   1       1.43953600
    8   1   0       0.61087951
    8   2   1       1.42682524
    9   1   0       0.61117215
    9   2   1       1.43093807
   10   1   0       0.61096932
   10   2   1       1.42606166
   11   1   0       0.61397406
   11   2   1       1.43303197
   12   1   0       0.59957199
   12   2   1       1.41987363
   13   1   0       0.59200507
   13   2   1       1.38194204
   14   1   0       0.61373902
   14   2   1       1.43703801
   15   1   0       0.61110720
   15   2   1       1.42575608
   16   1   0       0.61113666
   16   2   1       1.43138760
   17   1   0       0.61090392
   17   2   1       1.42644102
   18   1   0       0.61446607
   18   2   1       1.43732240
   19   1   0       0.58376341
   19   2   1       1.36279233
   20   1   0       0.75323275
   20   2   1       1.78437197
   21   1   0       0.75258243
   21   2   1       1.77996555
   22   1   0       0.58318230
   22   2   1       1.39227662
   23   1   0       0.61505682
   23   2   1       1.43783449
   24   1   0       0.61146978
   24   2   1       1.44195171
   25   1   0       0.61219692
   25   2   1       1.42907680
   26   1   0       0.61602959
   26   2   1       1.47623047
   27   1   0       0.55572082
   27   2   1       1.26096010
   28   1   0       0.94551176
   28   2   1       2.68541887
   29   1   0       0.45245338
   30   1   0       0.45926543
   31   1   0       0.45608653
   32   1   0       0.45789104
   33   1   0       0.45742637
   34   1   0       0.46144765
   35   1   0       0.46194687
   36   1   0       0.46144046
   37   1   0       0.46143211
   38   1   0       0.45794822
   39   1   0       0.45766992
   40   1   0       0.46125432
   41   1   0       0.46111834
   42   1   0       0.46128576
   43   1   0       0.45929720
   44   1   0       0.44843781
   45   1   0       0.45508850
   46   1   0       0.45491643
   47   1   0       0.44631632

Orbital populations (down)
 Atom Sh.   l   m       Population
    1   1   0   0       0.63897876
    1   2   1  -1       0.50134661
    1   2   1   0       0.48721164
    1   2   1   1       0.49458697
    2   1   0   0       0.59296234
    2   2   1  -1       0.45617340
    2   2   1   0       0.46894216
    2   2   1   1       0.47720525
    3   1   0   0       0.61333863
    3   2   1  -1       0.46556621
    3   2   1   0       0.48339739
    3   2   1   1       0.49085312
    4   1   0   0       0.61383130
    4   2   1  -1       0.47344886
    4   2   1   0       0.48470928
    4   2   1   1       0.48845375
    5   1   0   0       0.59498630
    5   2   1  -1       0.45298546
    5   2   1   0       0.47210723
    5   2   1   1       0.47179693
    6   1   0   0       0.59154750
    6   2   1  -1       0.47027003
    6   2   1   0       0.46005654
    6   2   1   1       0.45254588
    7   1   0   0       0.61427162
    7   2   1  -1       0.48623002
    7   2   1   0       0.48227154
    7   2   1   1       0.47103443
    8   1   0   0       0.61087951
    8   2   1  -1       0.48582596
    8   2   1   0       0.47916570
    8   2   1   1       0.46183359
    9   1   0   0       0.61117215
    9   2   1  -1       0.48598420
    9   2   1   0       0.48106518
    9   2   1   1       0.46388869
   10   1   0   0       0.61096932
   10   2   1  -1       0.48165737
   10   2   1   0       0.47499534
   10   2   1   1       0.46940896
   11   1   0   0       0.61397406
   11   2   1  -1       0.49009295
   11   2   1   0       0.48263099
   11   2   1   1       0.46030803
   12   1   0   0       0.59957199
   12   2   1  -1       0.45376130
   12   2   1   0       0.47946104
   12   2   1   1       0.48665129
   13   1   0   0       0.59200507
   13   2   1  -1       0.46165831
   13   2   1   0       0.45256149
   13   2   1   1       0.46772224
   14   1   0   0       0.61373902
   14   2   1  -1       0.47665035
   14   2   1   0       0.47156172
   14   2   1   1       0.48882593
   15   1   0   0       0.61110720
   15   2   1  -1       0.47897923
   15   2   1   0       0.46133622
   15   2   1   1       0.48544063
   16   1   0   0       0.61113666
   16   2   1  -1       0.48150910
   16   2   1   0       0.46235712
   16   2   1   1       0.48752138
   17   1   0   0       0.61090392
   17   2   1  -1       0.47527894
   17   2   1   0       0.46876657
   17   2   1   1       0.48239551
   18   1   0   0       0.61446607
   18   2   1  -1       0.48423958
   18   2   1   0       0.46016097
   18   2   1   1       0.49292184
   19   1   0   0       0.58376341
   19   2   1  -1       0.43361745
   19   2   1   0       0.45783467
   19   2   1   1       0.47134021
   20   1   0   0       0.75323275
   20   2   1  -1       0.49723778
   20   2   1   0       0.57577326
   20   2   1   1       0.71136093
   21   1   0   0       0.75258243
   21   2   1  -1       0.71121123
   21   2   1   0       0.57966232
   21   2   1   1       0.48909200
   22   1   0   0       0.58318230
   22   2   1  -1       0.50737535
   22   2   1   0       0.45546860
   22   2   1   1       0.42943266
   23   1   0   0       0.61505682
   23   2   1  -1       0.50483257
   23   2   1   0       0.45830397
   23   2   1   1       0.47469795
   24   1   0   0       0.61146978
   24   2   1  -1       0.51146469
   24   2   1   0       0.47326090
   24   2   1   1       0.45722613
   25   1   0   0       0.61219692
   25   2   1  -1       0.49902572
   25   2   1   0       0.46008326
   25   2   1   1       0.46996781
   26   1   0   0       0.61602959
   26   2   1  -1       0.53412831
   26   2   1   0       0.47053720
   26   2   1   1       0.47156495
   27   1   0   0       0.55572082
   27   2   1  -1       0.47183963
   27   2   1   0       0.33116235
   27   2   1   1       0.45795813
   28   1   0   0       0.94551176
   28   2   1  -1       0.94562037
   28   2   1   0       0.74988867
   28   2   1   1       0.98990983
   29   1   0   0       0.45245338
   30   1   0   0       0.45926543
   31   1   0   0       0.45608653
   32   1   0   0       0.45789104
   33   1   0   0       0.45742637
   34   1   0   0       0.46144765
   35   1   0   0       0.46194687
   36   1   0   0       0.46144046
   37   1   0   0       0.46143211
   38   1   0   0       0.45794822
   39   1   0   0       0.45766992
   40   1   0   0       0.46125432
   41   1   0   0       0.46111834
   42   1   0   0       0.46128576
   43   1   0   0       0.45929720
   44   1   0   0       0.44843781
   45   1   0   0       0.45508850
   46   1   0   0       0.45491643
   47   1   0   0       0.44631632

Spin  up
Fermi level:                        -0.1508350644 H           -4.1044 eV
Band energy:                       -28.9597386931 H         -788.0346 eV
TS:                                  0.0000000000 H            0.0000 eV
Band free energy (E-TS):           -28.9597386931 H         -788.0346 eV
Extrapolated E(0K):                -28.9597386931 H         -788.0346 eV
Input / Output electrons (up):     68.0000000000     68.0000000000

Spin  down
Fermi level:                        -0.1508350644 H           -4.1044 eV
Band energy:                       -28.9597386931 H         -788.0346 eV
TS:                                  0.0000000000 H            0.0000 eV
Band free energy (E-TS):           -28.9597386931 H         -788.0346 eV
Extrapolated E(0K):                -28.9597386931 H         -788.0346 eV
Input / Output electrons (down):     68.0000000000     68.0000000000

Energy H0:                         -59.6346938690 H        -1622.7426 eV
Energy SCC:                          0.0185958763 H            0.5060 eV
Energy SPIN:                         0.0000000000 H            0.0000 eV
Total Electronic energy:           -59.6167034061 H        -1622.2530 eV
Repulsive energy:                    0.6377953001 H           17.3553 eV
Total energy:                      -58.9789081060 H        -1604.8977 eV
Extrapolated to 0:                 -58.9789081060 H        -1604.8977 eV
Total Mermin free energy:          -58.9789081060 H        -1604.8977 eV
Force related energy:              -58.9789081060 H        -1604.8977 eV

SCC converged

Total Forces
    1      0.000063700199     -0.000098570099     -0.000075854434
    2     -0.000052477640     -0.000048319099     -0.000066395364
    3     -0.000066880335      0.000077054861      0.000065698451
    4     -0.000078497934      0.000074895049      0.000188693992
    5      0.000063518835     -0.000054364173      0.000057476860
    6      0.000011388338     -0.000131880111      0.000064683464
    7      0.000076066866      0.000000687405     -0.000109626381
    8      0.000110518132      0.000083359152      0.000009115507
    9      0.000097959317     -0.000182096391      0.000145591820
   10     -0.000049714848      0.000053496130     -0.000004028884
   11     -0.000044832456      0.000026878704     -0.000054380008
   12     -0.000110433016     -0.000034693024     -0.000239816124
   13      0.000346961546     -0.000246118204     -0.000230048293
   14     -0.000083529851      0.000037358095     -0.000017151736
   15     -0.000213790797      0.000144942505     -0.000011151022
   16      0.000178894722     -0.000108054776      0.000004482063
   17     -0.000062695859      0.000184887102      0.000030084487
   18     -0.000087445981      0.000139508662     -0.000113112749
   19      0.000083207277      0.000001734711     -0.000040458122
   20     -0.000122681745      0.000135570864      0.000334748183
   21     -0.000153956751     -0.000160607324     -0.000186509316
   22     -0.000129339585     -0.000026854936      0.000013879738
   23      0.000065978626      0.000009783719     -0.000007681994
   24      0.000069757503      0.000123956378      0.000081288840
   25      0.000051940098      0.000227494280     -0.000033695075
   26      0.000076061090      0.000052271006      0.000246915923
   27      0.000082814250     -0.000050352854     -0.000002664364
   28      0.000135208885     -0.000010288415      0.000098046445
   29     -0.000177498109     -0.000065005879     -0.000107555973
   30     -0.000039503321      0.000003893909     -0.000042805597
   31      0.000165980965     -0.000077615666     -0.000025696837
   32      0.000013286089     -0.000173075542     -0.000007886160
   33     -0.000058690185      0.000261535375     -0.000074508134
   34      0.000081464776      0.000009251800      0.000061419752
   35      0.000085532939     -0.000003436903      0.000108826234
   36      0.000071034750      0.000016779948     -0.000015690794
   37     -0.000058728979     -0.000001109572      0.000012949361
   38     -0.000038986784      0.000034717412     -0.000007372217
   39     -0.000080826547     -0.000033459132      0.000018344149
   40     -0.000042620802     -0.000036137464     -0.000087495941
   41     -0.000163080942     -0.000029396864     -0.000102088705
   42     -0.000068999224     -0.000198341238      0.000130144916
   43     -0.000049742004     -0.000098144056      0.000050303398
   44      0.000039067324      0.000068702387     -0.000045839737
   45      0.000258226591     -0.000002108837     -0.000100602083
   46     -0.000165991063      0.000057262068     -0.000112814208
   47     -0.000027624362      0.000044009035      0.000200236671

Maximal derivative component:        0.346962E-03 au

Dipole moment:    0.28713397    0.28433135    0.69508184 au
Dipole moment:    0.72982182    0.72269827    1.76672195 Debye


