Running NEB!
Thu Sep 12 09:30:18 PDT 2019
      Step     Time          Energy         fmax
BFGS:    0 09:30:22    -1604.999148        0.0056
      Step     Time          Energy         fmax
BFGS:    0 09:30:22    -1604.911934        0.0067
Interpolation finished!
      Step     Time          Energy         fmax
BFGS:    0 09:30:29    -1600.239575        7.6682
BFGS:    1 09:30:36    -1600.927436        3.9734
BFGS:    2 09:30:43    -1601.608865        3.7199
BFGS:    3 09:30:49    -1602.123858        3.2912
BFGS:    4 09:30:54    -1602.560141        2.8172
BFGS:    5 09:31:01    -1602.946551        2.3445
BFGS:    6 09:31:07    -1603.214508        1.8921
BFGS:    7 09:31:13    -1603.426995        1.4862
BFGS:    8 09:31:19    -1603.603717        1.2057
BFGS:    9 09:31:24    -1603.747766        1.0258
BFGS:   10 09:31:31    -1603.858236        0.8019
BFGS:   11 09:31:36    -1603.944667        0.5861
BFGS:   12 09:31:43    -1604.018911        0.5480
BFGS:   13 09:31:49    -1604.092585        0.5420
BFGS:   14 09:31:55    -1604.174344        0.4830
BFGS:   15 09:32:02    -1604.268704        0.5914
BFGS:   16 09:32:09    -1604.293023        0.5618
BFGS:   17 09:32:15    -1604.307497        0.5776
BFGS:   18 09:32:21    -1604.325100        0.3660
BFGS:   19 09:32:27    -1604.343088        0.4410
BFGS:   20 09:32:33    -1604.353776        0.6450
BFGS:   21 09:32:39    -1604.365183        0.3616
BFGS:   22 09:32:45    -1604.376648        0.3393
BFGS:   23 09:32:50    -1604.390359        0.4462
BFGS:   24 09:32:55    -1604.405572        0.3841
BFGS:   25 09:33:01    -1604.411824        0.3391
BFGS:   26 09:33:07    -1604.413675        0.3631
BFGS:   27 09:33:13    -1604.416104        0.3655
BFGS:   28 09:33:19    -1604.419677        0.4321
BFGS:   29 09:33:25    -1604.427619        0.2819
BFGS:   30 09:33:31    -1604.436441        0.2516
BFGS:   31 09:33:36    -1604.444306        0.1562
BFGS:   32 09:33:43    -1604.450761        0.1860
BFGS:   33 09:33:49    -1604.454430        0.2007
BFGS:   34 09:33:55    -1604.457055        0.1389
BFGS:   35 09:34:01    -1604.459337        0.2303
BFGS:   36 09:34:07    -1604.460936        0.2132
BFGS:   37 09:34:13    -1604.462731        0.1479
BFGS:   38 09:34:19    -1604.464710        0.1155
BFGS:   39 09:34:25    -1604.465984        0.1273
BFGS:   40 09:34:31    -1604.466538        0.1262
BFGS:   41 09:34:38    -1604.465934        0.1549
BFGS:   42 09:34:44    -1604.465667        0.1273
BFGS:   43 09:34:49    -1604.465330        0.1505
BFGS:   44 09:34:56    -1604.465068        0.1731
BFGS:   45 09:35:01    -1604.465352        0.1877
BFGS:   46 09:35:06    -1604.466199        0.1768
BFGS:   47 09:35:12    -1604.466705        0.0951
BFGS:   48 09:35:18    -1604.465957        0.1030
BFGS:   49 09:35:24    -1604.463573        0.1294
BFGS:   50 09:35:29    -1604.462296        0.1361
BFGS:   51 09:35:34    -1604.460810        0.1104
BFGS:   52 09:35:40    -1604.460397        0.1281
BFGS:   53 09:35:46    -1604.459981        0.1470
BFGS:   54 09:35:52    -1604.460119        0.1094
BFGS:   55 09:35:58    -1604.459080        0.1014
BFGS:   56 09:36:04    -1604.457264        0.1035
BFGS:   57 09:36:10    -1604.455751        0.0766
BFGS:   58 09:36:17    -1604.454795        0.1030
BFGS:   59 09:36:23    -1604.454226        0.1092
BFGS:   60 09:36:29    -1604.453818        0.1363
BFGS:   61 09:36:34    -1604.453645        0.1286
BFGS:   62 09:36:39    -1604.454040        0.0772
BFGS:   63 09:36:44    -1604.452648        0.1598
BFGS:   64 09:36:49    -1604.451405        0.1193
BFGS:   65 09:36:53    -1604.448463        0.0953
BFGS:   66 09:36:59    -1604.448330        0.0822
BFGS:   67 09:37:06    -1604.447577        0.0740
BFGS:   68 09:37:12    -1604.447594        0.0773
BFGS:   69 09:37:17    -1604.447340        0.0853
BFGS:   70 09:37:22    -1604.447264        0.0643
BFGS:   71 09:37:28    -1604.445971        0.0824
BFGS:   72 09:37:33    -1604.444558        0.0717
BFGS:   73 09:37:37    -1604.442219        0.0813
BFGS:   74 09:37:44    -1604.440838        0.0752
BFGS:   75 09:37:50    -1604.439552        0.0763
BFGS:   76 09:37:56    -1604.439208        0.0893
BFGS:   77 09:38:03    -1604.438962        0.0842
BFGS:   78 09:38:09    -1604.439258        0.0728
BFGS:   79 09:38:15    -1604.438090        0.0952
BFGS:   80 09:38:21    -1604.436865        0.1016
BFGS:   81 09:38:26    -1604.433667        0.0990
BFGS:   82 09:38:31    -1604.433196        0.0581
BFGS:   83 09:38:36    -1604.431900        0.0590
BFGS:   84 09:38:43    -1604.431824        0.0823
BFGS:   85 09:38:49    -1604.431618        0.0665
BFGS:   86 09:38:55    -1604.431670        0.0706
BFGS:   87 09:39:02    -1604.431250        0.0647
BFGS:   88 09:39:08    -1604.430097        0.0691
BFGS:   89 09:39:14    -1604.429243        0.0619
BFGS:   90 09:39:21    -1604.428491        0.0538
BFGS:   91 09:39:27    -1604.428281        0.0564
BFGS:   92 09:39:33    -1604.428213        0.0718
BFGS:   93 09:39:40    -1604.428417        0.0834
BFGS:   94 09:39:46    -1604.429432        0.0749
BFGS:   95 09:39:51    -1604.428608        0.0663
BFGS:   96 09:39:57    -1604.429762        0.0792
BFGS:   97 09:40:02    -1604.427265        0.0756
BFGS:   98 09:40:08    -1604.427601        0.0814
BFGS:   99 09:40:15    -1604.428083        0.0786
BFGS:  100 09:40:21    -1604.428454        0.0601
BFGS:  101 09:40:28    -1604.429097        0.0705
BFGS:  102 09:40:34    -1604.429834        0.0594
BFGS:  103 09:40:40    -1604.430261        0.0589
BFGS:  104 09:40:45    -1604.429774        0.0680
BFGS:  105 09:40:51    -1604.428653        0.0758
BFGS:  106 09:40:58    -1604.428445        0.0841
BFGS:  107 09:41:02    -1604.427579        0.1469
BFGS:  108 09:41:09    -1604.428479        0.0864
BFGS:  109 09:41:14    -1604.427675        0.0630
BFGS:  110 09:41:20    -1604.428802        0.0807
BFGS:  111 09:41:26    -1604.428504        0.0944
BFGS:  112 09:41:32    -1604.428494        0.0644
BFGS:  113 09:41:38    -1604.427612        0.0743
BFGS:  114 09:41:44    -1604.427639        0.0578
BFGS:  115 09:41:50    -1604.427778        0.0519
BFGS:  116 09:41:55    -1604.427953        0.0487
Neb Done!
Thu Sep 12 09:41:59 PDT 2019
