 Fermi distribution function

Geometry optimization step: 801


********************************************************************************
 iSCC Total electronic   Diff electronic      SCC error    
    1   -0.60784208E+02    0.00000000E+00    0.82885716E-05
********************************************************************************

Coordinates of moved atoms (au):
    1     -4.74600633     -5.26677714     -0.37139624
    2     -4.33271192     -4.27819321      2.25837334
    3     -5.15862586     -5.64622612      4.36021211
    4     -4.74341808     -4.76454349      6.83243746
    5     -5.67534661     -6.28552866      8.99568881
    6     -6.79526220     -8.31355769      8.81029882
    7     -5.21508526     -5.29570314     11.33750635
    8     -3.46889754     -2.45786600      7.20237121
    9     -2.61846943     -1.08039277      5.13655533
   10     -3.01638830     -1.97881032      2.65798691
   11     -2.28554131     -0.53913183      0.50229219
   12     -0.43982800      1.00879616      0.87802379
   13      0.25861918      2.45972704     -1.29793880
   14     -0.34768827      1.70266848     -3.77381099
   15      0.47671819      3.12843580     -5.84891229
   16     -0.24467506      2.19463346     -8.44477611
   17     -1.26437005      0.15097653     -8.77838817
   18      0.27674911      3.74221356    -10.44211557
   19      1.93694370      5.30978621     -5.42776056
   20      2.58266498      6.09002787     -2.96874074
   21      4.14810710      8.38757978     -2.55739274
   22      6.01266088      9.10002439     -4.31318383
   23      7.48681398     11.24687992     -3.91659172
   24      7.11995804     12.73233148     -1.76751094
   25      5.27198500     12.05160452     -0.01189022
   26      3.80509566      9.89754041     -0.39657801
   27      1.73388791      4.63518908     -0.91735797
   28     -6.23531461     -6.68219069     -0.40730153
   29     -5.24129473     -3.74554458     -1.66574585
   30     -3.02987348     -6.14595120     -1.10482346
   31     -6.16040852     -7.42344630      4.11103274
   32     -5.89585328     -6.43680282     12.60174574
   33     -3.16426278     -1.76608036      9.11197319
   34     -1.65687168      0.71609555      5.40272622
   35     -1.44054666     -0.00551495     -4.10711849
   36      1.02346376      5.32978891     -9.93790362
   37      2.59496793      6.43224470     -7.02508619
   38      6.34316359      7.94203976     -5.97962824
   39      8.92962568     11.75814383     -5.28707949
   40      8.26880568     14.40743138     -1.46193699
   41      4.97084926     13.20363875      1.66257279
   42      2.35593828      9.40209086      0.97472411
   43      2.22297913      5.18428813      1.00223030

 Total charge:     0.00000000

 Atomic gross charges (e)
 Atom           Charge
    1      -0.24321626
    2       0.02658533
    3      -0.09233399
    4      -0.07331085
    5       0.67758879
    6      -0.57275452
    7      -0.51308707
    8      -0.08434312
    9      -0.10705944
   10       0.15275057
   11      -0.10839910
   12      -0.12660940
   13       0.16931865
   14      -0.09445621
   15      -0.09828820
   16       0.66699986
   17      -0.51853194
   18      -0.48305658
   19      -0.12370782
   20       0.05518869
   21       0.03944125
   22      -0.09839225
   23      -0.07073416
   24      -0.07484803
   25      -0.07047582
   26      -0.09605123
   27      -0.12329011
   28       0.08589700
   29       0.09450675
   30       0.09686312
   31       0.10832996
   32       0.37749192
   33       0.10016741
   34       0.09498234
   35       0.11913554
   36       0.35025517
   37       0.06772915
   38       0.07628232
   39       0.08047423
   40       0.08116843
   41       0.08059636
   42       0.07899707
   43       0.09219617

Nr. of electrons (up):     67.00000000
Atom populations (up)
 Atom       Population
    1       2.12160813
    2       1.98670733
    3       2.04616699
    4       2.03665543
    5       1.66120560
    6       3.28637726
    7       3.25654354
    8       2.04217156
    9       2.05352972
   10       1.92362472
   11       2.55419955
   12       2.56330470
   13       1.91534068
   14       2.04722810
   15       2.04914410
   16       1.66650007
   17       3.25926597
   18       3.24152829
   19       2.06185391
   20       1.97240565
   21       1.98027937
   22       2.04919612
   23       2.03536708
   24       2.03742401
   25       2.03523791
   26       2.04802562
   27       2.06164505
   28       0.45705150
   29       0.45274662
   30       0.45156844
   31       0.44583502
   32       0.31125404
   33       0.44991630
   34       0.45250883
   35       0.44043223
   36       0.32487242
   37       0.46613543
   38       0.46185884
   39       0.45976288
   40       0.45941578
   41       0.45970182
   42       0.46050146
   43       0.45390191

l-shell populations (up)
 Atom Sh.   l       Population
    1   1   0       0.63866621
    1   2   1       1.48294192
    2   1   0       0.59644151
    2   2   1       1.39026582
    3   1   0       0.61680954
    3   2   1       1.42935745
    4   1   0       0.60013219
    4   2   1       1.43652324
    5   1   0       0.52350695
    5   2   1       1.13769866
    6   1   0       0.88155690
    6   2   1       2.40482036
    7   1   0       0.87496855
    7   2   1       2.38157499
    8   1   0       0.61419985
    8   2   1       1.42797171
    9   1   0       0.61570178
    9   2   1       1.43782794
   10   1   0       0.57761784
   10   2   1       1.34600688
   11   1   0       0.76554444
   11   2   1       1.78865511
   12   1   0       0.76788385
   12   2   1       1.79542085
   13   1   0       0.57531836
   13   2   1       1.34002231
   14   1   0       0.61824852
   14   2   1       1.42897958
   15   1   0       0.60600356
   15   2   1       1.44314054
   16   1   0       0.52354914
   16   2   1       1.14295092
   17   1   0       0.87769658
   17   2   1       2.38156939
   18   1   0       0.86787028
   18   2   1       2.37365801
   19   1   0       0.61602049
   19   2   1       1.44583342
   20   1   0       0.59135507
   20   2   1       1.38105058
   21   1   0       0.59100427
   21   2   1       1.38927510
   22   1   0       0.61390572
   22   2   1       1.43529040
   23   1   0       0.61095380
   23   2   1       1.42441328
   24   1   0       0.61146209
   24   2   1       1.42596192
   25   1   0       0.61102826
   25   2   1       1.42420965
   26   1   0       0.61396625
   26   2   1       1.43405936
   27   1   0       0.61982846
   27   2   1       1.44181660
   28   1   0       0.45705150
   29   1   0       0.45274662
   30   1   0       0.45156844
   31   1   0       0.44583502
   32   1   0       0.31125404
   33   1   0       0.44991630
   34   1   0       0.45250883
   35   1   0       0.44043223
   36   1   0       0.32487242
   37   1   0       0.46613543
   38   1   0       0.46185884
   39   1   0       0.45976288
   40   1   0       0.45941578
   41   1   0       0.45970182
   42   1   0       0.46050146
   43   1   0       0.45390191

Orbital populations (up)
 Atom Sh.   l   m       Population
    1   1   0   0       0.63866621
    1   2   1  -1       0.49978429
    1   2   1   0       0.48124181
    1   2   1   1       0.50191583
    2   1   0   0       0.59644151
    2   2   1  -1       0.46785290
    2   2   1   0       0.45093745
    2   2   1   1       0.47147547
    3   1   0   0       0.61680954
    3   2   1  -1       0.48196837
    3   2   1   0       0.45507373
    3   2   1   1       0.49231534
    4   1   0   0       0.60013219
    4   2   1  -1       0.47090315
    4   2   1   0       0.46364303
    4   2   1   1       0.50197705
    5   1   0   0       0.52350695
    5   2   1  -1       0.37815856
    5   2   1   0       0.37891297
    5   2   1   1       0.38062713
    6   1   0   0       0.88155690
    6   2   1  -1       0.72010237
    6   2   1   0       0.95834669
    6   2   1   1       0.72637129
    7   1   0   0       0.87496855
    7   2   1  -1       0.86084723
    7   2   1   0       0.61956954
    7   2   1   1       0.90115822
    8   1   0   0       0.61419985
    8   2   1  -1       0.46732414
    8   2   1   0       0.47402779
    8   2   1   1       0.48661978
    9   1   0   0       0.61570178
    9   2   1  -1       0.48511143
    9   2   1   0       0.45855463
    9   2   1   1       0.49416188
   10   1   0   0       0.57761784
   10   2   1  -1       0.44749137
   10   2   1   0       0.42397435
   10   2   1   1       0.47454115
   11   1   0   0       0.76554444
   11   2   1  -1       0.50164832
   11   2   1   0       0.72604161
   11   2   1   1       0.56096518
   12   1   0   0       0.76788385
   12   2   1  -1       0.50496209
   12   2   1   0       0.72186959
   12   2   1   1       0.56858917
   13   1   0   0       0.57531836
   13   2   1  -1       0.44711634
   13   2   1   0       0.42552771
   13   2   1   1       0.46737827
   14   1   0   0       0.61824852
   14   2   1  -1       0.48612653
   14   2   1   0       0.45634478
   14   2   1   1       0.48650827
   15   1   0   0       0.60600356
   15   2   1  -1       0.47435288
   15   2   1   0       0.47225257
   15   2   1   1       0.49653509
   16   1   0   0       0.52354914
   16   2   1  -1       0.37049668
   16   2   1   0       0.38618378
   16   2   1   1       0.38627046
   17   1   0   0       0.87769658
   17   2   1  -1       0.72313362
   17   2   1   0       0.94841501
   17   2   1   1       0.71002076
   18   1   0   0       0.86787028
   18   2   1  -1       0.67324793
   18   2   1   0       0.82222080
   18   2   1   1       0.87818928
   19   1   0   0       0.61602049
   19   2   1  -1       0.47627174
   19   2   1   0       0.46600610
   19   2   1   1       0.50355558
   20   1   0   0       0.59135507
   20   2   1  -1       0.45992533
   20   2   1   0       0.45047155
   20   2   1   1       0.47065370
   21   1   0   0       0.59100427
   21   2   1  -1       0.45785226
   21   2   1   0       0.46330333
   21   2   1   1       0.46811952
   22   1   0   0       0.61390572
   22   2   1  -1       0.47690119
   22   2   1   0       0.47532085
   22   2   1   1       0.48306836
   23   1   0   0       0.61095380
   23   2   1  -1       0.47073296
   23   2   1   0       0.47301936
   23   2   1   1       0.48066095
   24   1   0   0       0.61146209
   24   2   1  -1       0.47740372
   24   2   1   0       0.46899909
   24   2   1   1       0.47955911
   25   1   0   0       0.61102826
   25   2   1  -1       0.47283960
   25   2   1   0       0.47528514
   25   2   1   1       0.47608491
   26   1   0   0       0.61396625
   26   2   1  -1       0.47571956
   26   2   1   0       0.47198300
   26   2   1   1       0.48635680
   27   1   0   0       0.61982846
   27   2   1  -1       0.48225784
   27   2   1   0       0.47148039
   27   2   1   1       0.48807836
   28   1   0   0       0.45705150
   29   1   0   0       0.45274662
   30   1   0   0       0.45156844
   31   1   0   0       0.44583502
   32   1   0   0       0.31125404
   33   1   0   0       0.44991630
   34   1   0   0       0.45250883
   35   1   0   0       0.44043223
   36   1   0   0       0.32487242
   37   1   0   0       0.46613543
   38   1   0   0       0.46185884
   39   1   0   0       0.45976288
   40   1   0   0       0.45941578
   41   1   0   0       0.45970182
   42   1   0   0       0.46050146
   43   1   0   0       0.45390191

Nr. of electrons (down):     67.00000000
Atom populations (down)
 Atom       Population
    1       2.12160813
    2       1.98670733
    3       2.04616699
    4       2.03665543
    5       1.66120560
    6       3.28637726
    7       3.25654354
    8       2.04217156
    9       2.05352972
   10       1.92362472
   11       2.55419955
   12       2.56330470
   13       1.91534068
   14       2.04722810
   15       2.04914410
   16       1.66650007
   17       3.25926597
   18       3.24152829
   19       2.06185391
   20       1.97240565
   21       1.98027937
   22       2.04919612
   23       2.03536708
   24       2.03742401
   25       2.03523791
   26       2.04802562
   27       2.06164505
   28       0.45705150
   29       0.45274662
   30       0.45156844
   31       0.44583502
   32       0.31125404
   33       0.44991630
   34       0.45250883
   35       0.44043223
   36       0.32487242
   37       0.46613543
   38       0.46185884
   39       0.45976288
   40       0.45941578
   41       0.45970182
   42       0.46050146
   43       0.45390191

l-shell populations (down)
 Atom Sh.   l       Population
    1   1   0       0.63866621
    1   2   1       1.48294192
    2   1   0       0.59644151
    2   2   1       1.39026582
    3   1   0       0.61680954
    3   2   1       1.42935745
    4   1   0       0.60013219
    4   2   1       1.43652324
    5   1   0       0.52350695
    5   2   1       1.13769866
    6   1   0       0.88155690
    6   2   1       2.40482036
    7   1   0       0.87496855
    7   2   1       2.38157499
    8   1   0       0.61419985
    8   2   1       1.42797171
    9   1   0       0.61570178
    9   2   1       1.43782794
   10   1   0       0.57761784
   10   2   1       1.34600688
   11   1   0       0.76554444
   11   2   1       1.78865511
   12   1   0       0.76788385
   12   2   1       1.79542085
   13   1   0       0.57531836
   13   2   1       1.34002231
   14   1   0       0.61824852
   14   2   1       1.42897958
   15   1   0       0.60600356
   15   2   1       1.44314054
   16   1   0       0.52354914
   16   2   1       1.14295092
   17   1   0       0.87769658
   17   2   1       2.38156939
   18   1   0       0.86787028
   18   2   1       2.37365801
   19   1   0       0.61602049
   19   2   1       1.44583342
   20   1   0       0.59135507
   20   2   1       1.38105058
   21   1   0       0.59100427
   21   2   1       1.38927510
   22   1   0       0.61390572
   22   2   1       1.43529040
   23   1   0       0.61095380
   23   2   1       1.42441328
   24   1   0       0.61146209
   24   2   1       1.42596192
   25   1   0       0.61102826
   25   2   1       1.42420965
   26   1   0       0.61396625
   26   2   1       1.43405936
   27   1   0       0.61982846
   27   2   1       1.44181660
   28   1   0       0.45705150
   29   1   0       0.45274662
   30   1   0       0.45156844
   31   1   0       0.44583502
   32   1   0       0.31125404
   33   1   0       0.44991630
   34   1   0       0.45250883
   35   1   0       0.44043223
   36   1   0       0.32487242
   37   1   0       0.46613543
   38   1   0       0.46185884
   39   1   0       0.45976288
   40   1   0       0.45941578
   41   1   0       0.45970182
   42   1   0       0.46050146
   43   1   0       0.45390191

Orbital populations (down)
 Atom Sh.   l   m       Population
    1   1   0   0       0.63866621
    1   2   1  -1       0.49978429
    1   2   1   0       0.48124181
    1   2   1   1       0.50191583
    2   1   0   0       0.59644151
    2   2   1  -1       0.46785290
    2   2   1   0       0.45093745
    2   2   1   1       0.47147547
    3   1   0   0       0.61680954
    3   2   1  -1       0.48196837
    3   2   1   0       0.45507373
    3   2   1   1       0.49231534
    4   1   0   0       0.60013219
    4   2   1  -1       0.47090315
    4   2   1   0       0.46364303
    4   2   1   1       0.50197705
    5   1   0   0       0.52350695
    5   2   1  -1       0.37815856
    5   2   1   0       0.37891297
    5   2   1   1       0.38062713
    6   1   0   0       0.88155690
    6   2   1  -1       0.72010237
    6   2   1   0       0.95834669
    6   2   1   1       0.72637129
    7   1   0   0       0.87496855
    7   2   1  -1       0.86084723
    7   2   1   0       0.61956954
    7   2   1   1       0.90115822
    8   1   0   0       0.61419985
    8   2   1  -1       0.46732414
    8   2   1   0       0.47402779
    8   2   1   1       0.48661978
    9   1   0   0       0.61570178
    9   2   1  -1       0.48511143
    9   2   1   0       0.45855463
    9   2   1   1       0.49416188
   10   1   0   0       0.57761784
   10   2   1  -1       0.44749137
   10   2   1   0       0.42397435
   10   2   1   1       0.47454115
   11   1   0   0       0.76554444
   11   2   1  -1       0.50164832
   11   2   1   0       0.72604161
   11   2   1   1       0.56096518
   12   1   0   0       0.76788385
   12   2   1  -1       0.50496209
   12   2   1   0       0.72186959
   12   2   1   1       0.56858917
   13   1   0   0       0.57531836
   13   2   1  -1       0.44711634
   13   2   1   0       0.42552771
   13   2   1   1       0.46737827
   14   1   0   0       0.61824852
   14   2   1  -1       0.48612653
   14   2   1   0       0.45634478
   14   2   1   1       0.48650827
   15   1   0   0       0.60600356
   15   2   1  -1       0.47435288
   15   2   1   0       0.47225257
   15   2   1   1       0.49653509
   16   1   0   0       0.52354914
   16   2   1  -1       0.37049668
   16   2   1   0       0.38618378
   16   2   1   1       0.38627046
   17   1   0   0       0.87769658
   17   2   1  -1       0.72313362
   17   2   1   0       0.94841501
   17   2   1   1       0.71002076
   18   1   0   0       0.86787028
   18   2   1  -1       0.67324793
   18   2   1   0       0.82222080
   18   2   1   1       0.87818928
   19   1   0   0       0.61602049
   19   2   1  -1       0.47627174
   19   2   1   0       0.46600610
   19   2   1   1       0.50355558
   20   1   0   0       0.59135507
   20   2   1  -1       0.45992533
   20   2   1   0       0.45047155
   20   2   1   1       0.47065370
   21   1   0   0       0.59100427
   21   2   1  -1       0.45785226
   21   2   1   0       0.46330333
   21   2   1   1       0.46811952
   22   1   0   0       0.61390572
   22   2   1  -1       0.47690119
   22   2   1   0       0.47532085
   22   2   1   1       0.48306836
   23   1   0   0       0.61095380
   23   2   1  -1       0.47073296
   23   2   1   0       0.47301936
   23   2   1   1       0.48066095
   24   1   0   0       0.61146209
   24   2   1  -1       0.47740372
   24   2   1   0       0.46899909
   24   2   1   1       0.47955911
   25   1   0   0       0.61102826
   25   2   1  -1       0.47283960
   25   2   1   0       0.47528514
   25   2   1   1       0.47608491
   26   1   0   0       0.61396625
   26   2   1  -1       0.47571956
   26   2   1   0       0.47198300
   26   2   1   1       0.48635680
   27   1   0   0       0.61982846
   27   2   1  -1       0.48225784
   27   2   1   0       0.47148039
   27   2   1   1       0.48807836
   28   1   0   0       0.45705150
   29   1   0   0       0.45274662
   30   1   0   0       0.45156844
   31   1   0   0       0.44583502
   32   1   0   0       0.31125404
   33   1   0   0       0.44991630
   34   1   0   0       0.45250883
   35   1   0   0       0.44043223
   36   1   0   0       0.32487242
   37   1   0   0       0.46613543
   38   1   0   0       0.46185884
   39   1   0   0       0.45976288
   40   1   0   0       0.45941578
   41   1   0   0       0.45970182
   42   1   0   0       0.46050146
   43   1   0   0       0.45390191

Spin  up
Fermi level:                        -0.1732500045 H           -4.7144 eV
Band energy:                       -30.1216179064 H         -819.6509 eV
TS:                                  0.0000000000 H            0.0000 eV
Band free energy (E-TS):           -30.1216179064 H         -819.6509 eV
Extrapolated E(0K):                -30.1216179064 H         -819.6509 eV
Input / Output electrons (up):     67.0000000000     67.0000000000

Spin  down
Fermi level:                        -0.1732500045 H           -4.7144 eV
Band energy:                       -30.1216179064 H         -819.6509 eV
TS:                                  0.0000000000 H            0.0000 eV
Band free energy (E-TS):           -30.1216179064 H         -819.6509 eV
Extrapolated E(0K):                -30.1216179064 H         -819.6509 eV
Input / Output electrons (down):     67.0000000000     67.0000000000

Energy H0:                         -60.8507744765 H        -1655.8338 eV
Energy SCC:                          0.0738169681 H            2.0087 eV
Energy SPIN:                         0.0000000000 H            0.0000 eV
Total Electronic energy:           -60.7842083932 H        -1654.0225 eV
Repulsive energy:                    0.8543635873 H           23.2484 eV
Total energy:                      -59.9298448059 H        -1630.7741 eV
Extrapolated to 0:                 -59.9298448059 H        -1630.7741 eV
Total Mermin free energy:          -59.9298448059 H        -1630.7741 eV
Force related energy:              -59.9298448059 H        -1630.7741 eV

SCC converged

Full geometry written in opt.{xyz|gen}

Dipole moment:    1.18737805    2.17168609    0.81549102 au
Dipole moment:    3.01801420    5.51987591    2.07277159 Debye

Geometry converged

