 Fermi distribution function

Calculation with static geometry


********************************************************************************
 iSCC Total electronic   Diff electronic      SCC error    
   14   -0.57431906E+02   -0.14696155E-09    0.49655318E-05
********************************************************************************

 Total charge:    -0.00000000

 Atomic gross charges (e)
 Atom           Charge
    1       0.04186859
    2      -0.24756933
    3       0.30120499
    4      -0.20729671
    5      -0.13711899
    6       0.09003232
    7      -0.09881334
    8      -0.15828493
    9       0.16999727
   10      -0.24135677
   11       0.42125673
   12      -0.25814715
   13      -0.21413931
   14      -0.04901927
   15      -0.18058015
   16       0.67604347
   17      -0.55021039
   18      -0.49808474
   19       0.28417747
   20      -0.26254412
   21       0.03044723
   22      -0.13521267
   23       0.18347294
   24      -0.30943404
   25       0.05574211
   26       0.07344223
   27       0.05660128
   28       0.10383621
   29       0.10894764
   30       0.11580293
   31       0.11504327
   32       0.12164847
   33       0.36431664
   34       0.07600520
   35       0.07137637
   36       0.08654853

Nr. of electrons (up):     61.00000000
Atom populations (up)
 Atom       Population
    1       1.98031151
    2       3.10498512
    3       1.86161404
    4       2.06751390
    5       2.11311435
    6       1.88470498
    7       2.57736127
    8       2.62597032
    9       1.90590620
   10       2.12540851
   11       1.79548565
   12       3.62949384
   13       2.11451633
   14       2.01870508
   15       2.10192895
   16       1.66614908
   17       3.27232947
   18       3.25287995
   19       1.84800413
   20       3.11294852
   21       1.98575696
   22       2.07222178
   23       1.90817851
   24       2.65727803
   25       0.47081058
   26       0.46320475
   27       0.47035843
   28       0.45002143
   29       0.44254396
   30       0.44129767
   31       0.44167582
   32       0.43894143
   33       0.31854269
   34       0.46071985
   35       0.46244214
   36       0.45667476

l-shell populations (up)
 Atom Sh.   l       Population
    1   1   0       0.61501174
    1   2   1       1.36529977
    2   1   0       0.85122024
    2   2   1       2.25376488
    3   1   0       0.56106541
    3   2   1       1.30054863
    4   1   0       0.61397938
    4   2   1       1.45353452
    5   1   0       0.61783043
    5   2   1       1.49528391
    6   1   0       0.57694452
    6   2   1       1.30776047
    7   1   0       0.72245600
    7   2   1       1.85490528
    8   1   0       0.72798293
    8   2   1       1.89798739
    9   1   0       0.57386888
    9   2   1       1.33203732
   10   1   0       0.61945604
   10   2   1       1.50595247
   11   1   0       0.55072411
   11   2   1       1.24476155
   12   1   0       0.94436091
   12   2   1       2.68513293
   13   1   0       0.61661771
   13   2   1       1.49789863
   14   1   0       0.61548293
   14   2   1       1.40322215
   15   1   0       0.60834784
   15   2   1       1.49358111
   16   1   0       0.52081112
   16   2   1       1.14533797
   17   1   0       0.87939568
   17   2   1       2.39293379
   18   1   0       0.87028403
   18   2   1       2.38259593
   19   1   0       0.56636748
   19   2   1       1.28163665
   20   1   0       0.85193984
   20   2   1       2.26100868
   21   1   0       0.61807279
   21   2   1       1.36768417
   22   1   0       0.58685653
   22   2   1       1.48536525
   23   1   0       0.57864311
   23   2   1       1.32953540
   24   1   0       0.81673604
   24   2   1       1.84054199
   25   1   0       0.47081058
   26   1   0       0.46320475
   27   1   0       0.47035843
   28   1   0       0.45002143
   29   1   0       0.44254396
   30   1   0       0.44129767
   31   1   0       0.44167582
   32   1   0       0.43894143
   33   1   0       0.31854269
   34   1   0       0.46071985
   35   1   0       0.46244214
   36   1   0       0.45667476

Orbital populations (up)
 Atom Sh.   l   m       Population
    1   1   0   0       0.61501174
    1   2   1  -1       0.46841140
    1   2   1   0       0.46241263
    1   2   1   1       0.43447575
    2   1   0   0       0.85122024
    2   2   1  -1       0.81719767
    2   2   1   0       0.83365451
    2   2   1   1       0.60291270
    3   1   0   0       0.56106541
    3   2   1  -1       0.47372350
    3   2   1   0       0.43316732
    3   2   1   1       0.39365780
    4   1   0   0       0.61397938
    4   2   1  -1       0.51679666
    4   2   1   0       0.46511846
    4   2   1   1       0.47161940
    5   1   0   0       0.61783043
    5   2   1  -1       0.53760767
    5   2   1   0       0.48742682
    5   2   1   1       0.47024942
    6   1   0   0       0.57694452
    6   2   1  -1       0.44709225
    6   2   1   0       0.41352243
    6   2   1   1       0.44714579
    7   1   0   0       0.72245600
    7   2   1  -1       0.69723749
    7   2   1   0       0.68925777
    7   2   1   1       0.46841002
    8   1   0   0       0.72798293
    8   2   1  -1       0.73466894
    8   2   1   0       0.53436277
    8   2   1   1       0.62895567
    9   1   0   0       0.57386888
    9   2   1  -1       0.43051375
    9   2   1   0       0.40423220
    9   2   1   1       0.49729138
   10   1   0   0       0.61945604
   10   2   1  -1       0.45918404
   10   2   1   0       0.50066922
   10   2   1   1       0.54609921
   11   1   0   0       0.55072411
   11   2   1  -1       0.33986003
   11   2   1   0       0.45417278
   11   2   1   1       0.45072874
   12   1   0   0       0.94436091
   12   2   1  -1       0.77395850
   12   2   1   0       0.97673028
   12   2   1   1       0.93444415
   13   1   0   0       0.61661771
   13   2   1  -1       0.47900870
   13   2   1   0       0.48914779
   13   2   1   1       0.52974213
   14   1   0   0       0.61548293
   14   2   1  -1       0.45295056
   14   2   1   0       0.47645973
   14   2   1   1       0.47381185
   15   1   0   0       0.60834784
   15   2   1  -1       0.47225523
   15   2   1   0       0.48647648
   15   2   1   1       0.53484941
   16   1   0   0       0.52081112
   16   2   1  -1       0.38706173
   16   2   1   0       0.36503809
   16   2   1   1       0.39323814
   17   1   0   0       0.87939568
   17   2   1  -1       0.92721955
   17   2   1   0       0.73850167
   17   2   1   1       0.72721257
   18   1   0   0       0.87028403
   18   2   1  -1       0.83280134
   18   2   1   0       0.67558386
   18   2   1   1       0.87421072
   19   1   0   0       0.56636748
   19   2   1  -1       0.43558447
   19   2   1   0       0.44719237
   19   2   1   1       0.39885980
   20   1   0   0       0.85193984
   20   2   1  -1       0.78783504
   20   2   1   0       0.67828262
   20   2   1   1       0.79489102
   21   1   0   0       0.61807279
   21   2   1  -1       0.47853160
   21   2   1   0       0.38986709
   21   2   1   1       0.49928548
   22   1   0   0       0.58685653
   22   2   1  -1       0.57282262
   22   2   1   0       0.44595364
   22   2   1   1       0.46658899
   23   1   0   0       0.57864311
   23   2   1  -1       0.45490934
   23   2   1   0       0.42629679
   23   2   1   1       0.44832926
   24   1   0   0       0.81673604
   24   2   1  -1       0.57575201
   24   2   1   0       0.68965218
   24   2   1   1       0.57513780
   25   1   0   0       0.47081058
   26   1   0   0       0.46320475
   27   1   0   0       0.47035843
   28   1   0   0       0.45002143
   29   1   0   0       0.44254396
   30   1   0   0       0.44129767
   31   1   0   0       0.44167582
   32   1   0   0       0.43894143
   33   1   0   0       0.31854269
   34   1   0   0       0.46071985
   35   1   0   0       0.46244214
   36   1   0   0       0.45667476

Nr. of electrons (down):     61.00000000
Atom populations (down)
 Atom       Population
    1       1.97781990
    2       3.14258420
    3       1.83718098
    4       2.13978281
    5       2.02400465
    6       2.02526270
    7       2.52145207
    8       2.53231461
    9       1.92409652
   10       2.11594826
   11       1.78325762
   12       3.62865331
   13       2.09962297
   14       2.03031419
   15       2.07865120
   16       1.65780745
   17       3.27788092
   18       3.24520478
   19       1.86781840
   20       3.14959560
   21       1.98379581
   22       2.06299089
   23       1.90834855
   24       2.65215601
   25       0.47344730
   26       0.46335302
   27       0.47304029
   28       0.44614236
   29       0.44850840
   30       0.44289940
   31       0.44328091
   32       0.43941010
   33       0.31714067
   34       0.46327495
   35       0.46618149
   36       0.45677671

l-shell populations (down)
 Atom Sh.   l       Population
    1   1   0       0.61439883
    1   2   1       1.36342107
    2   1   0       0.85199894
    2   2   1       2.29058526
    3   1   0       0.55898682
    3   2   1       1.27819415
    4   1   0       0.61830029
    4   2   1       1.52148253
    5   1   0       0.61074089
    5   2   1       1.41326375
    6   1   0       0.58806124
    6   2   1       1.43720145
    7   1   0       0.75281697
    7   2   1       1.76863510
    8   1   0       0.74875653
    8   2   1       1.78355808
    9   1   0       0.58160718
    9   2   1       1.34248934
   10   1   0       0.61837220
   10   2   1       1.49757606
   11   1   0       0.55075492
   11   2   1       1.23250270
   12   1   0       0.94440423
   12   2   1       2.68424908
   13   1   0       0.61598817
   13   2   1       1.48363481
   14   1   0       0.61656028
   14   2   1       1.41375391
   15   1   0       0.60763227
   15   2   1       1.47101893
   16   1   0       0.52111270
   16   2   1       1.13669474
   17   1   0       0.87951052
   17   2   1       2.39837040
   18   1   0       0.87001852
   18   2   1       2.37518626
   19   1   0       0.56503391
   19   2   1       1.30278450
   20   1   0       0.85237016
   20   2   1       2.29722544
   21   1   0       0.61745861
   21   2   1       1.36633720
   22   1   0       0.58687919
   22   2   1       1.47611170
   23   1   0       0.57896192
   23   2   1       1.32938664
   24   1   0       0.81667991
   24   2   1       1.83547610
   25   1   0       0.47344730
   26   1   0       0.46335302
   27   1   0       0.47304029
   28   1   0       0.44614236
   29   1   0       0.44850840
   30   1   0       0.44289940
   31   1   0       0.44328091
   32   1   0       0.43941010
   33   1   0       0.31714067
   34   1   0       0.46327495
   35   1   0       0.46618149
   36   1   0       0.45677671

Orbital populations (down)
 Atom Sh.   l   m       Population
    1   1   0   0       0.61439883
    1   2   1  -1       0.46797742
    1   2   1   0       0.46182221
    1   2   1   1       0.43362145
    2   1   0   0       0.85199894
    2   2   1  -1       0.84513705
    2   2   1   0       0.83736143
    2   2   1   1       0.60808679
    3   1   0   0       0.55898682
    3   2   1  -1       0.45686841
    3   2   1   0       0.43055995
    3   2   1   1       0.39076580
    4   1   0   0       0.61830029
    4   2   1  -1       0.56279493
    4   2   1   0       0.47089427
    4   2   1   1       0.48779332
    5   1   0   0       0.61074089
    5   2   1  -1       0.48822782
    5   2   1   0       0.47492305
    5   2   1   1       0.45011289
    6   1   0   0       0.58806124
    6   2   1  -1       0.53248350
    6   2   1   0       0.44526641
    6   2   1   1       0.45945154
    7   1   0   0       0.75281697
    7   2   1  -1       0.59212547
    7   2   1   0       0.70685583
    7   2   1   1       0.46965380
    8   1   0   0       0.74875653
    8   2   1  -1       0.54532587
    8   2   1   0       0.56181680
    8   2   1   1       0.67641540
    9   1   0   0       0.58160718
    9   2   1  -1       0.44689541
    9   2   1   0       0.42650000
    9   2   1   1       0.46909393
   10   1   0   0       0.61837220
   10   2   1  -1       0.46678764
   10   2   1   0       0.49766001
   10   2   1   1       0.53312841
   11   1   0   0       0.55075492
   11   2   1  -1       0.33911354
   11   2   1   0       0.45308849
   11   2   1   1       0.44030067
   12   1   0   0       0.94440423
   12   2   1  -1       0.77400729
   12   2   1   0       0.97687207
   12   2   1   1       0.93336972
   13   1   0   0       0.61598817
   13   2   1  -1       0.47638315
   13   2   1   0       0.48760989
   13   2   1   1       0.51964177
   14   1   0   0       0.61656028
   14   2   1  -1       0.45591789
   14   2   1   0       0.47839521
   14   2   1   1       0.47944082
   15   1   0   0       0.60763227
   15   2   1  -1       0.47721070
   15   2   1   0       0.48335132
   15   2   1   1       0.51045690
   16   1   0   0       0.52111270
   16   2   1  -1       0.38694609
   16   2   1   0       0.36312368
   16   2   1   1       0.38662497
   17   1   0   0       0.87951052
   17   2   1  -1       0.93389590
   17   2   1   0       0.73729018
   17   2   1   1       0.72718432
   18   1   0   0       0.87001852
   18   2   1  -1       0.83277189
   18   2   1   0       0.66771148
   18   2   1   1       0.87470289
   19   1   0   0       0.56503391
   19   2   1  -1       0.45965199
   19   2   1   0       0.43737982
   19   2   1   1       0.40575269
   20   1   0   0       0.85237016
   20   2   1  -1       0.81068352
   20   2   1   0       0.68202421
   20   2   1   1       0.80451772
   21   1   0   0       0.61745861
   21   2   1  -1       0.47868036
   21   2   1   0       0.38858254
   21   2   1   1       0.49907430
   22   1   0   0       0.58687919
   22   2   1  -1       0.56409558
   22   2   1   0       0.44519413
   22   2   1   1       0.46682199
   23   1   0   0       0.57896192
   23   2   1  -1       0.45441401
   23   2   1   0       0.42639954
   23   2   1   1       0.44857308
   24   1   0   0       0.81667991
   24   2   1  -1       0.57185886
   24   2   1   0       0.68938437
   24   2   1   1       0.57423286
   25   1   0   0       0.47344730
   26   1   0   0       0.46335302
   27   1   0   0       0.47304029
   28   1   0   0       0.44614236
   29   1   0   0       0.44850840
   30   1   0   0       0.44289940
   31   1   0   0       0.44328091
   32   1   0   0       0.43941010
   33   1   0   0       0.31714067
   34   1   0   0       0.46327495
   35   1   0   0       0.46618149
   36   1   0   0       0.45677671

Spin  up
Fermi level:                        -0.1704898735 H           -4.6393 eV
Band energy:                       -28.8995755918 H         -786.3975 eV
TS:                                  0.0000000000 H            0.0000 eV
Band free energy (E-TS):           -28.8995755918 H         -786.3975 eV
Extrapolated E(0K):                -28.8995755918 H         -786.3975 eV
Input / Output electrons (up):     61.0000000000     61.0000000000

Spin  down
Fermi level:                        -0.1688702554 H           -4.5952 eV
Band energy:                       -28.8993195380 H         -786.3905 eV
TS:                                  0.0000000000 H            0.0000 eV
Band free energy (E-TS):           -28.8993195380 H         -786.3905 eV
Extrapolated E(0K):                -28.8993195380 H         -786.3905 eV
Input / Output electrons (down):     61.0000000000     61.0000000000

Energy H0:                         -57.4961730508 H        -1564.5505 eV
Energy SCC:                          0.0696121667 H            1.8942 eV
Energy SPIN:                        -0.0006069398 H           -0.0165 eV
Total Electronic energy:           -57.4319064418 H        -1562.8017 eV
Repulsive energy:                    0.9409030192 H           25.6033 eV
Total energy:                      -56.4910034226 H        -1537.1984 eV
Extrapolated to 0:                 -56.4910034226 H        -1537.1984 eV
Total Mermin free energy:          -56.4910034226 H        -1537.1984 eV
Force related energy:              -56.4910034226 H        -1537.1984 eV

SCC converged

Dipole moment:   -2.34570480    0.82669962    1.57553315 au
Dipole moment:   -5.96218737    2.10126101    4.00460614 Debye


