 Fermi distribution function

Calculation with static geometry


********************************************************************************
 iSCC Total electronic   Diff electronic      SCC error    
   15   -0.54083246E+02   -0.12278889E-09    0.85130981E-05
********************************************************************************

 Total charge:    -0.00000000

 Atomic gross charges (e)
 Atom           Charge
    1       0.05043537
    2      -0.26195364
    3       0.26047912
    4       0.04456874
    5      -0.09607513
    6      -0.04155664
    7       0.15046687
    8       0.03058109
    9      -0.24278253
   10      -0.10015985
   11      -0.08590525
   12      -0.09292528
   13      -0.16081427
   14       0.66098561
   15      -0.50422844
   16      -0.48032925
   17      -0.12243671
   18      -0.20733313
   19       0.37123509
   20      -0.24403363
   21      -0.12287628
   22       0.19832680
   23      -0.30068868
   24       0.06635653
   25       0.05186764
   26       0.06202030
   27       0.09346284
   28       0.08810282
   29       0.08771728
   30       0.08792955
   31       0.08951032
   32       0.06672129
   33       0.35150585
   34       0.13191196
   35       0.11991365

Nr. of electrons (up):     58.00000000
Atom populations (up)
 Atom       Population
    1       1.97403313
    2       3.13138235
    3       1.88755318
    4       1.94585599
    5       2.52749872
    6       2.48489085
    7       1.93134005
    8       1.96326397
    9       2.12242284
   10       2.07013482
   11       2.03915592
   12       2.04678181
   13       2.09250538
   14       1.67761460
   15       3.23670975
   16       3.23963136
   17       2.10621509
   18       2.08911395
   19       1.85335262
   20       3.62542225
   21       2.06074488
   22       1.90111471
   23       2.65110815
   24       0.46564258
   25       0.47486014
   26       0.46766156
   27       0.45320839
   28       0.45406000
   29       0.45516967
   30       0.45434473
   31       0.45517378
   32       0.46689784
   33       0.32425383
   34       0.43138907
   35       0.43949206

l-shell populations (up)
 Atom Sh.   l       Population
    1   1   0       0.61380695
    1   2   1       1.36022617
    2   1   0       0.84882406
    2   2   1       2.28255829
    3   1   0       0.56722497
    3   2   1       1.32032822
    4   1   0       0.57453850
    4   2   1       1.37131749
    5   1   0       0.74599691
    5   2   1       1.78150181
    6   1   0       0.72973307
    6   2   1       1.75515778
    7   1   0       0.57501522
    7   2   1       1.35632483
    8   1   0       0.59398685
    8   2   1       1.36927712
    9   1   0       0.63934508
    9   2   1       1.48307776
   10   1   0       0.61436955
   10   2   1       1.45576527
   11   1   0       0.60922293
   11   2   1       1.42993299
   12   1   0       0.61227070
   12   2   1       1.43451111
   13   1   0       0.60715945
   13   2   1       1.48534593
   14   1   0       0.52268417
   14   2   1       1.15493044
   15   1   0       0.87945113
   15   2   1       2.35725862
   16   1   0       0.86766710
   16   2   1       2.37196426
   17   1   0       0.61876395
   17   2   1       1.48745115
   18   1   0       0.61426246
   18   2   1       1.47485150
   19   1   0       0.55402451
   19   2   1       1.29932811
   20   1   0       0.94297581
   20   2   1       2.68244644
   21   1   0       0.58688975
   21   2   1       1.47385513
   22   1   0       0.57642509
   22   2   1       1.32468962
   23   1   0       0.81673915
   23   2   1       1.83436900
   24   1   0       0.46564258
   25   1   0       0.47486014
   26   1   0       0.46766156
   27   1   0       0.45320839
   28   1   0       0.45406000
   29   1   0       0.45516967
   30   1   0       0.45434473
   31   1   0       0.45517378
   32   1   0       0.46689784
   33   1   0       0.32425383
   34   1   0       0.43138907
   35   1   0       0.43949206

Orbital populations (up)
 Atom Sh.   l   m       Population
    1   1   0   0       0.61380695
    1   2   1  -1       0.48295280
    1   2   1   0       0.38636174
    1   2   1   1       0.49091164
    2   1   0   0       0.84882406
    2   2   1  -1       0.84534042
    2   2   1   0       0.58790396
    2   2   1   1       0.84931391
    3   1   0   0       0.56722497
    3   2   1  -1       0.45825409
    3   2   1   0       0.41577664
    3   2   1   1       0.44629749
    4   1   0   0       0.57453850
    4   2   1  -1       0.49679259
    4   2   1   0       0.38586908
    4   2   1   1       0.48865582
    5   1   0   0       0.74599691
    5   2   1  -1       0.74453062
    5   2   1   0       0.53731082
    5   2   1   1       0.49966037
    6   1   0   0       0.72973307
    6   2   1  -1       0.74903185
    6   2   1   0       0.49978545
    6   2   1   1       0.50634048
    7   1   0   0       0.57501522
    7   2   1  -1       0.44706452
    7   2   1   0       0.39102673
    7   2   1   1       0.51823358
    8   1   0   0       0.59398685
    8   2   1  -1       0.44104504
    8   2   1   0       0.46565071
    8   2   1   1       0.46258137
    9   1   0   0       0.63934508
    9   2   1  -1       0.48043391
    9   2   1   0       0.50463908
    9   2   1   1       0.49800477
   10   1   0   0       0.61436955
   10   2   1  -1       0.46738661
   10   2   1   0       0.47094457
   10   2   1   1       0.51743409
   11   1   0   0       0.60922293
   11   2   1  -1       0.46016815
   11   2   1   0       0.46919849
   11   2   1   1       0.50056634
   12   1   0   0       0.61227070
   12   2   1  -1       0.46792888
   12   2   1   0       0.46625157
   12   2   1   1       0.50033065
   13   1   0   0       0.60715945
   13   2   1  -1       0.46393150
   13   2   1   0       0.47848968
   13   2   1   1       0.54292475
   14   1   0   0       0.52268417
   14   2   1  -1       0.36230728
   14   2   1   0       0.39988644
   14   2   1   1       0.39273672
   15   1   0   0       0.87945113
   15   2   1  -1       0.88691554
   15   2   1   0       0.73911562
   15   2   1   1       0.73122746
   16   1   0   0       0.86766710
   16   2   1  -1       0.73918637
   16   2   1   0       0.79111117
   16   2   1   1       0.84166672
   17   1   0   0       0.61876395
   17   2   1  -1       0.51075095
   17   2   1   0       0.44852487
   17   2   1   1       0.52817533
   18   1   0   0       0.61426246
   18   2   1  -1       0.50507675
   18   2   1   0       0.47059504
   18   2   1   1       0.49917971
   19   1   0   0       0.55402451
   19   2   1  -1       0.48701571
   19   2   1   0       0.33931256
   19   2   1   1       0.47299984
   20   1   0   0       0.94297581
   20   2   1  -1       0.95518260
   20   2   1   0       0.76689554
   20   2   1   1       0.96036830
   21   1   0   0       0.58688975
   21   2   1  -1       0.51961883
   21   2   1   0       0.45592443
   21   2   1   1       0.49831186
   22   1   0   0       0.57642509
   22   2   1  -1       0.44115236
   22   2   1   0       0.44671587
   22   2   1   1       0.43682140
   23   1   0   0       0.81673915
   23   2   1  -1       0.62568730
   23   2   1   0       0.56568500
   23   2   1   1       0.64299670
   24   1   0   0       0.46564258
   25   1   0   0       0.47486014
   26   1   0   0       0.46766156
   27   1   0   0       0.45320839
   28   1   0   0       0.45406000
   29   1   0   0       0.45516967
   30   1   0   0       0.45434473
   31   1   0   0       0.45517378
   32   1   0   0       0.46689784
   33   1   0   0       0.32425383
   34   1   0   0       0.43138907
   35   1   0   0       0.43949206

Nr. of electrons (down):     58.00000000
Atom populations (down)
 Atom       Population
    1       1.97553150
    2       3.13057129
    3       1.85196770
    4       2.00957527
    5       2.56857641
    6       2.55666579
    7       1.91819309
    8       2.00615494
    9       2.12035969
   10       2.03002504
   11       2.04674933
   12       2.04614348
   13       2.06830890
   14       1.66139979
   15       3.26751869
   16       3.24069789
   17       2.01622161
   18       2.11821918
   19       1.77541229
   20       3.61861138
   21       2.06213140
   22       1.90055849
   23       2.64958053
   24       0.46800089
   25       0.47327222
   26       0.47031814
   27       0.45332877
   28       0.45783718
   29       0.45711305
   30       0.45772573
   31       0.45531590
   32       0.46638087
   33       0.32424032
   34       0.43669897
   35       0.44059429

l-shell populations (down)
 Atom Sh.   l       Population
    1   1   0       0.61393789
    1   2   1       1.36159361
    2   1   0       0.84905330
    2   2   1       2.28151799
    3   1   0       0.56502021
    3   2   1       1.28694748
    4   1   0       0.58262157
    4   2   1       1.42695371
    5   1   0       0.76695040
    5   2   1       1.80162601
    6   1   0       0.75206134
    6   2   1       1.80460446
    7   1   0       0.57784217
    7   2   1       1.34035091
    8   1   0       0.59603964
    8   2   1       1.41011531
    9   1   0       0.63863615
    9   2   1       1.48172354
   10   1   0       0.61223900
   10   2   1       1.41778603
   11   1   0       0.61000242
   11   2   1       1.43674691
   12   1   0       0.61252037
   12   2   1       1.43362311
   13   1   0       0.60626984
   13   2   1       1.46203906
   14   1   0       0.52260769
   14   2   1       1.13879210
   15   1   0       0.87982907
   15   2   1       2.38768962
   16   1   0       0.86783900
   16   2   1       2.37285889
   17   1   0       0.61441136
   17   2   1       1.40181025
   18   1   0       0.61740443
   18   2   1       1.50081475
   19   1   0       0.55105084
   19   2   1       1.22436145
   20   1   0       0.94330113
   20   2   1       2.67531025
   21   1   0       0.58830825
   21   2   1       1.47382315
   22   1   0       0.57639404
   22   2   1       1.32416444
   23   1   0       0.81672763
   23   2   1       1.83285290
   24   1   0       0.46800089
   25   1   0       0.47327222
   26   1   0       0.47031814
   27   1   0       0.45332877
   28   1   0       0.45783718
   29   1   0       0.45711305
   30   1   0       0.45772573
   31   1   0       0.45531590
   32   1   0       0.46638087
   33   1   0       0.32424032
   34   1   0       0.43669897
   35   1   0       0.44059429

Orbital populations (down)
 Atom Sh.   l   m       Population
    1   1   0   0       0.61393789
    1   2   1  -1       0.48413023
    1   2   1   0       0.38647878
    1   2   1   1       0.49098460
    2   1   0   0       0.84905330
    2   2   1  -1       0.85051463
    2   2   1   0       0.58829858
    2   2   1   1       0.84270478
    3   1   0   0       0.56502021
    3   2   1  -1       0.44628038
    3   2   1   0       0.41426246
    3   2   1   1       0.42640464
    4   1   0   0       0.58262157
    4   2   1  -1       0.51104246
    4   2   1   0       0.42260072
    4   2   1   1       0.49331052
    5   1   0   0       0.76695040
    5   2   1  -1       0.52517761
    5   2   1   0       0.67678753
    5   2   1   1       0.59966087
    6   1   0   0       0.75206134
    6   2   1  -1       0.54078979
    6   2   1   0       0.67676120
    6   2   1   1       0.58705346
    7   1   0   0       0.57784217
    7   2   1  -1       0.44632339
    7   2   1   0       0.41176569
    7   2   1   1       0.48226184
    8   1   0   0       0.59603964
    8   2   1  -1       0.44870825
    8   2   1   0       0.46104060
    8   2   1   1       0.50036646
    9   1   0   0       0.63863615
    9   2   1  -1       0.47901061
    9   2   1   0       0.50431356
    9   2   1   1       0.49839936
   10   1   0   0       0.61223900
   10   2   1  -1       0.46448571
   10   2   1   0       0.46808944
   10   2   1   1       0.48521088
   11   1   0   0       0.61000242
   11   2   1  -1       0.45973340
   11   2   1   0       0.47342461
   11   2   1   1       0.50358890
   12   1   0   0       0.61252037
   12   2   1  -1       0.46791504
   12   2   1   0       0.46660640
   12   2   1   1       0.49910167
   13   1   0   0       0.60626984
   13   2   1  -1       0.46904300
   13   2   1   0       0.47096459
   13   2   1   1       0.52203147
   14   1   0   0       0.52260769
   14   2   1  -1       0.36060474
   14   2   1   0       0.39910780
   14   2   1   1       0.37907956
   15   1   0   0       0.87982907
   15   2   1  -1       0.90455303
   15   2   1   0       0.75399148
   15   2   1   1       0.72914511
   16   1   0   0       0.86783900
   16   2   1  -1       0.73981374
   16   2   1   0       0.79088997
   16   2   1   1       0.84215518
   17   1   0   0       0.61441136
   17   2   1  -1       0.48036743
   17   2   1   0       0.44970914
   17   2   1   1       0.47173368
   18   1   0   0       0.61740443
   18   2   1  -1       0.51760884
   18   2   1   0       0.47499839
   18   2   1   1       0.50820752
   19   1   0   0       0.55105084
   19   2   1  -1       0.44236792
   19   2   1   0       0.33707404
   19   2   1   1       0.44491949
   20   1   0   0       0.94330113
   20   2   1  -1       0.94955004
   20   2   1   0       0.76830083
   20   2   1   1       0.95745938
   21   1   0   0       0.58830825
   21   2   1  -1       0.51792153
   21   2   1   0       0.45819132
   21   2   1   1       0.49771030
   22   1   0   0       0.57639404
   22   2   1  -1       0.44090678
   22   2   1   0       0.44678024
   22   2   1   1       0.43647742
   23   1   0   0       0.81672763
   23   2   1  -1       0.62475521
   23   2   1   0       0.56594534
   23   2   1   1       0.64215235
   24   1   0   0       0.46800089
   25   1   0   0       0.47327222
   26   1   0   0       0.47031814
   27   1   0   0       0.45332877
   28   1   0   0       0.45783718
   29   1   0   0       0.45711305
   30   1   0   0       0.45772573
   31   1   0   0       0.45531590
   32   1   0   0       0.46638087
   33   1   0   0       0.32424032
   34   1   0   0       0.43669897
   35   1   0   0       0.44059429

Spin  up
Fermi level:                        -0.1644083835 H           -4.4738 eV
Band energy:                       -26.9560824698 H         -733.5123 eV
TS:                                  0.0000000000 H            0.0000 eV
Band free energy (E-TS):           -26.9560824698 H         -733.5123 eV
Extrapolated E(0K):                -26.9560824698 H         -733.5123 eV
Input / Output electrons (up):     58.0000000000     58.0000000000

Spin  down
Fermi level:                        -0.1658775298 H           -4.5138 eV
Band energy:                       -26.9633917117 H         -733.7112 eV
TS:                                  0.0000000000 H            0.0000 eV
Band free energy (E-TS):           -26.9633917117 H         -733.7112 eV
Extrapolated E(0K):                -26.9633917117 H         -733.7112 eV
Input / Output electrons (down):     58.0000000000     58.0000000000

Energy H0:                         -54.1389972898 H        -1473.1971 eV
Energy SCC:                          0.0591682998 H            1.6101 eV
Energy SPIN:                        -0.0003917377 H           -0.0107 eV
Total Electronic energy:           -54.0832459136 H        -1471.6800 eV
Repulsive energy:                    0.8800715600 H           23.9480 eV
Total energy:                      -53.2031743536 H        -1447.7320 eV
Extrapolated to 0:                 -53.2031743536 H        -1447.7320 eV
Total Mermin free energy:          -53.2031743536 H        -1447.7320 eV
Force related energy:              -53.2031743536 H        -1447.7320 eV

SCC converged

Dipole moment:    1.71629947   -0.65683309    3.13495587 au
Dipole moment:    4.36239847   -1.66950331    7.96826365 Debye


