 Fermi distribution function

Geometry optimization step: 1051


********************************************************************************
 iSCC Total electronic   Diff electronic      SCC error    
    1   -0.60797531E+02    0.00000000E+00    0.54196764E-05
********************************************************************************

Coordinates of moved atoms (au):
    1     -6.17144526     -2.99326857     -0.60097034
    2     -5.36862157     -3.23169965      2.11271212
    3     -6.60979982     -4.86697305      3.77041365
    4     -5.83188820     -5.12120245      6.29997137
    5     -7.23919993     -6.85544647      7.99234918
    6     -9.09397032     -8.10954996      7.37074439
    7     -6.35203515     -7.01313763     10.41632743
    8     -3.75858712     -3.70639467      7.17498142
    9     -2.47365552     -2.09577291      5.54194335
   10     -3.23988213     -1.87637453      3.00343531
   11     -2.13686968      0.02612583      1.41595529
   12      0.22004789      0.15885394      1.07279197
   13      1.86654357     -1.85352613      1.88049326
   14      1.44374329     -4.34191215      1.06055417
   15      3.20792225     -6.24554874      1.60803411
   16      2.62910493     -8.86490994      0.64038275
   17      0.74784611     -9.32087182     -0.61745178
   18      4.30131479    -10.73861697      1.22535988
   19      5.39062522     -5.63381187      2.99242153
   20      5.86809030     -3.14067590      3.78870350
   21      8.20544480     -2.51695678      5.21876022
   22      9.31687272     -4.28942435      6.85950626
   23     11.50481637     -3.69770983      8.20197391
   24     12.63442817     -1.32997628      7.92446321
   25     11.55624040      0.44589382      6.29831571
   26      9.36156897     -0.13647659      4.96352974
   27      4.10491658     -1.25277582      3.17371989
   28     -8.12310438     -3.58276524     -0.85672045
   29     -5.96552749     -1.05277169     -1.25820116
   30     -4.99711843     -4.17288187     -1.82129557
   31     -8.22679145     -5.95952632      3.12697879
   32     -7.40440977     -8.19065997     11.34882818
   33     -3.17008347     -3.87605632      9.13472541
   34     -0.89203356     -0.97476520      6.22182403
   35     -0.22921002     -4.82546224     -0.02964783
   36      5.71336872    -10.15074503      2.22134956
   37      6.78288429     -7.09006889      3.42069137
   38      8.44122477     -6.13145554      7.12036833
   39     12.32857115     -5.08824710      9.47073230
   40     14.34260071     -0.87146848      8.96919548
   41     12.42979660      2.29086581      6.06590221
   42      8.55842538      1.25676013      3.68333393
   43      4.41564905      0.68347230      3.78803128

 Total charge:    -0.00000000

 Atomic gross charges (e)
 Atom           Charge
    1      -0.24389711
    2       0.01581454
    3      -0.08237015
    4      -0.08229997
    5       0.67924155
    6      -0.57386097
    7      -0.51631325
    8      -0.07889776
    9      -0.12276446
   10       0.13875371
   11      -0.07083783
   12      -0.08862288
   13       0.15943788
   14      -0.10669632
   15      -0.09273784
   16       0.66764535
   17      -0.51881322
   18      -0.48190589
   19      -0.13317304
   20       0.06163015
   21       0.03904999
   22      -0.09838110
   23      -0.07082118
   24      -0.07454486
   25      -0.07036065
   26      -0.09566925
   27      -0.13834036
   28       0.08801119
   29       0.09003891
   30       0.09782042
   31       0.10978565
   32       0.37738285
   33       0.10027718
   34       0.09073852
   35       0.11718589
   36       0.35011288
   37       0.06793350
   38       0.07504253
   39       0.08041492
   40       0.08129112
   41       0.08087850
   42       0.07979220
   43       0.09302865

Nr. of electrons (up):     67.00000000
Atom populations (up)
 Atom       Population
    1       2.12194855
    2       1.99209273
    3       2.04118508
    4       2.04114999
    5       1.66037922
    6       3.28693049
    7       3.25815662
    8       2.03944888
    9       2.06138223
   10       1.93062314
   11       2.53541892
   12       2.54431144
   13       1.92028106
   14       2.05334816
   15       2.04636892
   16       1.66617733
   17       3.25940661
   18       3.24095295
   19       2.06658652
   20       1.96918492
   21       1.98047501
   22       2.04919055
   23       2.03541059
   24       2.03727243
   25       2.03518033
   26       2.04783462
   27       2.06917018
   28       0.45599440
   29       0.45498054
   30       0.45108979
   31       0.44510718
   32       0.31130858
   33       0.44986141
   34       0.45463074
   35       0.44140706
   36       0.32494356
   37       0.46603325
   38       0.46247874
   39       0.45979254
   40       0.45935444
   41       0.45956075
   42       0.46010390
   43       0.45348567

l-shell populations (up)
 Atom Sh.   l       Population
    1   1   0       0.63896617
    1   2   1       1.48298239
    2   1   0       0.59420877
    2   2   1       1.39788396
    3   1   0       0.61627234
    3   2   1       1.42491273
    4   1   0       0.59920760
    4   2   1       1.44194238
    5   1   0       0.52332143
    5   2   1       1.13705779
    6   1   0       0.88149890
    6   2   1       2.40543159
    7   1   0       0.87530458
    7   2   1       2.38285205
    8   1   0       0.61384706
    8   2   1       1.42560182
    9   1   0       0.61409421
    9   2   1       1.44728802
   10   1   0       0.58069226
   10   2   1       1.34993089
   11   1   0       0.75258523
   11   2   1       1.78283368
   12   1   0       0.75441990
   12   2   1       1.78989154
   13   1   0       0.57782248
   13   2   1       1.34245858
   14   1   0       0.61676040
   14   2   1       1.43658776
   15   1   0       0.60573574
   15   2   1       1.44063318
   16   1   0       0.52334138
   16   2   1       1.14283594
   17   1   0       0.87773815
   17   2   1       2.38166846
   18   1   0       0.86766590
   18   2   1       2.37328704
   19   1   0       0.61540410
   19   2   1       1.45118242
   20   1   0       0.59111132
   20   2   1       1.37807360
   21   1   0       0.59106950
   21   2   1       1.38940551
   22   1   0       0.61385536
   22   2   1       1.43533519
   23   1   0       0.61093707
   23   2   1       1.42447352
   24   1   0       0.61147812
   24   2   1       1.42579431
   25   1   0       0.61102873
   25   2   1       1.42415159
   26   1   0       0.61400604
   26   2   1       1.43382858
   27   1   0       0.61814280
   27   2   1       1.45102738
   28   1   0       0.45599440
   29   1   0       0.45498054
   30   1   0       0.45108979
   31   1   0       0.44510718
   32   1   0       0.31130858
   33   1   0       0.44986141
   34   1   0       0.45463074
   35   1   0       0.44140706
   36   1   0       0.32494356
   37   1   0       0.46603325
   38   1   0       0.46247874
   39   1   0       0.45979254
   40   1   0       0.45935444
   41   1   0       0.45956075
   42   1   0       0.46010390
   43   1   0       0.45348567

Orbital populations (up)
 Atom Sh.   l   m       Population
    1   1   0   0       0.63896617
    1   2   1  -1       0.50247680
    1   2   1   0       0.47949593
    1   2   1   1       0.50100965
    2   1   0   0       0.59420877
    2   2   1  -1       0.48546097
    2   2   1   0       0.45302313
    2   2   1   1       0.45939986
    3   1   0   0       0.61627234
    3   2   1  -1       0.48044989
    3   2   1   0       0.45955872
    3   2   1   1       0.48490412
    4   1   0   0       0.59920760
    4   2   1  -1       0.49312667
    4   2   1   0       0.46642611
    4   2   1   1       0.48238960
    5   1   0   0       0.52332143
    5   2   1  -1       0.39260275
    5   2   1   0       0.36566145
    5   2   1   1       0.37879360
    6   1   0   0       0.88149890
    6   2   1  -1       0.75716781
    6   2   1   0       0.92662631
    6   2   1   1       0.72163747
    7   1   0   0       0.87530458
    7   2   1  -1       0.84966392
    7   2   1   0       0.66230383
    7   2   1   1       0.87088429
    8   1   0   0       0.61384706
    8   2   1  -1       0.47832322
    8   2   1   0       0.47570795
    8   2   1   1       0.47157065
    9   1   0   0       0.61409421
    9   2   1  -1       0.49675822
    9   2   1   0       0.46194045
    9   2   1   1       0.48858936
   10   1   0   0       0.58069226
   10   2   1  -1       0.43462029
   10   2   1   0       0.44754265
   10   2   1   1       0.46776796
   11   1   0   0       0.75258523
   11   2   1  -1       0.64674503
   11   2   1   0       0.55436417
   11   2   1   1       0.58172449
   12   1   0   0       0.75441990
   12   2   1  -1       0.67761920
   12   2   1   0       0.59138530
   12   2   1   1       0.52088703
   13   1   0   0       0.57782248
   13   2   1  -1       0.42704362
   13   2   1   0       0.46038168
   13   2   1   1       0.45503327
   14   1   0   0       0.61676040
   14   2   1  -1       0.45306922
   14   2   1   0       0.50110726
   14   2   1   1       0.48241128
   15   1   0   0       0.60573574
   15   2   1  -1       0.47327295
   15   2   1   0       0.49621635
   15   2   1   1       0.47114388
   16   1   0   0       0.52334138
   16   2   1  -1       0.38942032
   16   2   1   0       0.38695851
   16   2   1   1       0.36645712
   17   1   0   0       0.87773815
   17   2   1  -1       0.93675208
   17   2   1   0       0.71230101
   17   2   1   1       0.73261537
   18   1   0   0       0.86766590
   18   2   1  -1       0.83294345
   18   2   1   0       0.84928664
   18   2   1   1       0.69105696
   19   1   0   0       0.61540410
   19   2   1  -1       0.46687998
   19   2   1   0       0.50834081
   19   2   1   1       0.47596163
   20   1   0   0       0.59111132
   20   2   1  -1       0.45032175
   20   2   1   0       0.47019364
   20   2   1   1       0.45755821
   21   1   0   0       0.59106950
   21   2   1  -1       0.45896717
   21   2   1   0       0.47279749
   21   2   1   1       0.45764085
   22   1   0   0       0.61385536
   22   2   1  -1       0.47093694
   22   2   1   0       0.48895317
   22   2   1   1       0.47544508
   23   1   0   0       0.61093707
   23   2   1  -1       0.46855066
   23   2   1   0       0.48400739
   23   2   1   1       0.47191547
   24   1   0   0       0.61147812
   24   2   1  -1       0.46441042
   24   2   1   0       0.48350678
   24   2   1   1       0.47787711
   25   1   0   0       0.61102873
   25   2   1  -1       0.47229478
   25   2   1   0       0.48026756
   25   2   1   1       0.47158926
   26   1   0   0       0.61400604
   26   2   1  -1       0.46657044
   26   2   1   0       0.49031132
   26   2   1   1       0.47694682
   27   1   0   0       0.61814280
   27   2   1  -1       0.47395232
   27   2   1   0       0.51044462
   27   2   1   1       0.46663044
   28   1   0   0       0.45599440
   29   1   0   0       0.45498054
   30   1   0   0       0.45108979
   31   1   0   0       0.44510718
   32   1   0   0       0.31130858
   33   1   0   0       0.44986141
   34   1   0   0       0.45463074
   35   1   0   0       0.44140706
   36   1   0   0       0.32494356
   37   1   0   0       0.46603325
   38   1   0   0       0.46247874
   39   1   0   0       0.45979254
   40   1   0   0       0.45935444
   41   1   0   0       0.45956075
   42   1   0   0       0.46010390
   43   1   0   0       0.45348567

Nr. of electrons (down):     67.00000000
Atom populations (down)
 Atom       Population
    1       2.12194855
    2       1.99209273
    3       2.04118508
    4       2.04114999
    5       1.66037922
    6       3.28693049
    7       3.25815662
    8       2.03944888
    9       2.06138223
   10       1.93062314
   11       2.53541892
   12       2.54431144
   13       1.92028106
   14       2.05334816
   15       2.04636892
   16       1.66617733
   17       3.25940661
   18       3.24095295
   19       2.06658652
   20       1.96918492
   21       1.98047501
   22       2.04919055
   23       2.03541059
   24       2.03727243
   25       2.03518033
   26       2.04783462
   27       2.06917018
   28       0.45599440
   29       0.45498054
   30       0.45108979
   31       0.44510718
   32       0.31130858
   33       0.44986141
   34       0.45463074
   35       0.44140706
   36       0.32494356
   37       0.46603325
   38       0.46247874
   39       0.45979254
   40       0.45935444
   41       0.45956075
   42       0.46010390
   43       0.45348567

l-shell populations (down)
 Atom Sh.   l       Population
    1   1   0       0.63896617
    1   2   1       1.48298239
    2   1   0       0.59420877
    2   2   1       1.39788396
    3   1   0       0.61627234
    3   2   1       1.42491273
    4   1   0       0.59920760
    4   2   1       1.44194238
    5   1   0       0.52332143
    5   2   1       1.13705779
    6   1   0       0.88149890
    6   2   1       2.40543159
    7   1   0       0.87530458
    7   2   1       2.38285205
    8   1   0       0.61384706
    8   2   1       1.42560182
    9   1   0       0.61409421
    9   2   1       1.44728802
   10   1   0       0.58069226
   10   2   1       1.34993089
   11   1   0       0.75258523
   11   2   1       1.78283368
   12   1   0       0.75441990
   12   2   1       1.78989154
   13   1   0       0.57782248
   13   2   1       1.34245858
   14   1   0       0.61676040
   14   2   1       1.43658776
   15   1   0       0.60573574
   15   2   1       1.44063318
   16   1   0       0.52334138
   16   2   1       1.14283594
   17   1   0       0.87773815
   17   2   1       2.38166846
   18   1   0       0.86766590
   18   2   1       2.37328704
   19   1   0       0.61540410
   19   2   1       1.45118242
   20   1   0       0.59111132
   20   2   1       1.37807360
   21   1   0       0.59106950
   21   2   1       1.38940551
   22   1   0       0.61385536
   22   2   1       1.43533519
   23   1   0       0.61093707
   23   2   1       1.42447352
   24   1   0       0.61147812
   24   2   1       1.42579431
   25   1   0       0.61102873
   25   2   1       1.42415159
   26   1   0       0.61400604
   26   2   1       1.43382858
   27   1   0       0.61814280
   27   2   1       1.45102738
   28   1   0       0.45599440
   29   1   0       0.45498054
   30   1   0       0.45108979
   31   1   0       0.44510718
   32   1   0       0.31130858
   33   1   0       0.44986141
   34   1   0       0.45463074
   35   1   0       0.44140706
   36   1   0       0.32494356
   37   1   0       0.46603325
   38   1   0       0.46247874
   39   1   0       0.45979254
   40   1   0       0.45935444
   41   1   0       0.45956075
   42   1   0       0.46010390
   43   1   0       0.45348567

Orbital populations (down)
 Atom Sh.   l   m       Population
    1   1   0   0       0.63896617
    1   2   1  -1       0.50247680
    1   2   1   0       0.47949593
    1   2   1   1       0.50100965
    2   1   0   0       0.59420877
    2   2   1  -1       0.48546097
    2   2   1   0       0.45302313
    2   2   1   1       0.45939986
    3   1   0   0       0.61627234
    3   2   1  -1       0.48044989
    3   2   1   0       0.45955872
    3   2   1   1       0.48490412
    4   1   0   0       0.59920760
    4   2   1  -1       0.49312667
    4   2   1   0       0.46642611
    4   2   1   1       0.48238960
    5   1   0   0       0.52332143
    5   2   1  -1       0.39260275
    5   2   1   0       0.36566145
    5   2   1   1       0.37879360
    6   1   0   0       0.88149890
    6   2   1  -1       0.75716781
    6   2   1   0       0.92662631
    6   2   1   1       0.72163747
    7   1   0   0       0.87530458
    7   2   1  -1       0.84966392
    7   2   1   0       0.66230383
    7   2   1   1       0.87088429
    8   1   0   0       0.61384706
    8   2   1  -1       0.47832322
    8   2   1   0       0.47570795
    8   2   1   1       0.47157065
    9   1   0   0       0.61409421
    9   2   1  -1       0.49675822
    9   2   1   0       0.46194045
    9   2   1   1       0.48858936
   10   1   0   0       0.58069226
   10   2   1  -1       0.43462029
   10   2   1   0       0.44754265
   10   2   1   1       0.46776796
   11   1   0   0       0.75258523
   11   2   1  -1       0.64674503
   11   2   1   0       0.55436417
   11   2   1   1       0.58172449
   12   1   0   0       0.75441990
   12   2   1  -1       0.67761920
   12   2   1   0       0.59138530
   12   2   1   1       0.52088703
   13   1   0   0       0.57782248
   13   2   1  -1       0.42704362
   13   2   1   0       0.46038168
   13   2   1   1       0.45503327
   14   1   0   0       0.61676040
   14   2   1  -1       0.45306922
   14   2   1   0       0.50110726
   14   2   1   1       0.48241128
   15   1   0   0       0.60573574
   15   2   1  -1       0.47327295
   15   2   1   0       0.49621635
   15   2   1   1       0.47114388
   16   1   0   0       0.52334138
   16   2   1  -1       0.38942032
   16   2   1   0       0.38695851
   16   2   1   1       0.36645712
   17   1   0   0       0.87773815
   17   2   1  -1       0.93675208
   17   2   1   0       0.71230101
   17   2   1   1       0.73261537
   18   1   0   0       0.86766590
   18   2   1  -1       0.83294345
   18   2   1   0       0.84928664
   18   2   1   1       0.69105696
   19   1   0   0       0.61540410
   19   2   1  -1       0.46687998
   19   2   1   0       0.50834081
   19   2   1   1       0.47596163
   20   1   0   0       0.59111132
   20   2   1  -1       0.45032175
   20   2   1   0       0.47019364
   20   2   1   1       0.45755821
   21   1   0   0       0.59106950
   21   2   1  -1       0.45896717
   21   2   1   0       0.47279749
   21   2   1   1       0.45764085
   22   1   0   0       0.61385536
   22   2   1  -1       0.47093694
   22   2   1   0       0.48895317
   22   2   1   1       0.47544508
   23   1   0   0       0.61093707
   23   2   1  -1       0.46855066
   23   2   1   0       0.48400739
   23   2   1   1       0.47191547
   24   1   0   0       0.61147812
   24   2   1  -1       0.46441042
   24   2   1   0       0.48350678
   24   2   1   1       0.47787711
   25   1   0   0       0.61102873
   25   2   1  -1       0.47229478
   25   2   1   0       0.48026756
   25   2   1   1       0.47158926
   26   1   0   0       0.61400604
   26   2   1  -1       0.46657044
   26   2   1   0       0.49031132
   26   2   1   1       0.47694682
   27   1   0   0       0.61814280
   27   2   1  -1       0.47395232
   27   2   1   0       0.51044462
   27   2   1   1       0.46663044
   28   1   0   0       0.45599440
   29   1   0   0       0.45498054
   30   1   0   0       0.45108979
   31   1   0   0       0.44510718
   32   1   0   0       0.31130858
   33   1   0   0       0.44986141
   34   1   0   0       0.45463074
   35   1   0   0       0.44140706
   36   1   0   0       0.32494356
   37   1   0   0       0.46603325
   38   1   0   0       0.46247874
   39   1   0   0       0.45979254
   40   1   0   0       0.45935444
   41   1   0   0       0.45956075
   42   1   0   0       0.46010390
   43   1   0   0       0.45348567

Spin  up
Fermi level:                        -0.1699878720 H           -4.6256 eV
Band energy:                       -30.1866511310 H         -821.4206 eV
TS:                                  0.0000000000 H            0.0000 eV
Band free energy (E-TS):           -30.1866511310 H         -821.4206 eV
Extrapolated E(0K):                -30.1866511310 H         -821.4206 eV
Input / Output electrons (up):     67.0000000000     67.0000000000

Spin  down
Fermi level:                        -0.1699878720 H           -4.6256 eV
Band energy:                       -30.1866511310 H         -821.4206 eV
TS:                                  0.0000000000 H            0.0000 eV
Band free energy (E-TS):           -30.1866511310 H         -821.4206 eV
Extrapolated E(0K):                -30.1866511310 H         -821.4206 eV
Input / Output electrons (down):     67.0000000000     67.0000000000

Energy H0:                         -60.8636626606 H        -1656.1845 eV
Energy SCC:                          0.0734463041 H            1.9986 eV
Energy SPIN:                         0.0000000000 H            0.0000 eV
Total Electronic energy:           -60.7975305199 H        -1654.3850 eV
Repulsive energy:                    0.8698471089 H           23.6697 eV
Total energy:                      -59.9276834109 H        -1630.7152 eV
Extrapolated to 0:                 -59.9276834109 H        -1630.7152 eV
Total Mermin free energy:          -59.9276834109 H        -1630.7152 eV
Force related energy:              -59.9276834109 H        -1630.7152 eV

SCC converged

Full geometry written in opt.{xyz|gen}

Dipole moment:    1.95014933    1.39577484    1.08532981 au
Dipole moment:    4.95678557    3.54770606    2.75863343 Debye

Geometry converged

