 Fermi distribution function

Calculation with static geometry


********************************************************************************
 iSCC Total electronic   Diff electronic      SCC error    
   16   -0.60181511E+02   -0.89720231E-10    0.25283612E-05
********************************************************************************

 Total charge:    -0.00000000

 Atomic gross charges (e)
 Atom           Charge
    1       0.04729465
    2      -0.23703215
    3       0.27423571
    4      -0.18460282
    5       0.68965658
    6      -0.59030962
    7      -0.49923090
    8      -0.08973760
    9      -0.20816302
   10       0.36840285
   11      -0.23010819
   12      -0.01994334
   13      -0.09235759
   14      -0.06620062
   15       0.15893127
   16      -0.13241190
   17       0.08159828
   18       0.16715238
   19      -0.27746874
   20      -0.11446305
   21      -0.06407728
   22       0.67638198
   23      -0.55295405
   24      -0.51070396
   25      -0.12378802
   26       0.06406671
   27       0.06328171
   28       0.07100407
   29       0.37528948
   30       0.12917896
   31       0.12099023
   32       0.10328817
   33       0.11844069
   34       0.37931988
   35       0.10503927

Nr. of electrons (up):     63.00000000
Atom populations (up)
 Atom       Population
    1       1.97586062
    2       3.11270627
    3       1.88265823
    4       2.08949099
    5       1.65616062
    6       3.29540565
    7       3.24973818
    8       2.08927213
    9       2.08794162
   10       1.85182908
   11       3.61212806
   12       1.97014543
   13       2.51975596
   14       2.47828355
   15       1.91050560
   16       2.09414238
   17       1.95520509
   18       1.91688193
   19       2.63863029
   20       2.09929312
   21       2.02483493
   22       1.66208296
   23       3.27098648
   24       3.25510495
   25       2.07812038
   26       0.46494755
   27       0.46949993
   28       0.46234524
   29       0.31235067
   30       0.43283202
   31       0.43939379
   32       0.44615435
   33       0.43849137
   34       0.31033473
   35       0.44648583

l-shell populations (up)
 Atom Sh.   l       Population
    1   1   0       0.61455495
    1   2   1       1.36130566
    2   1   0       0.84619274
    2   2   1       2.26651353
    3   1   0       0.56625933
    3   2   1       1.31639890
    4   1   0       0.60194472
    4   2   1       1.48754627
    5   1   0       0.52020447
    5   2   1       1.13595616
    6   1   0       0.88205585
    6   2   1       2.41334980
    7   1   0       0.87338039
    7   2   1       2.37635779
    8   1   0       0.61779219
    8   2   1       1.47147994
    9   1   0       0.61327349
    9   2   1       1.47466814
   10   1   0       0.55567629
   10   2   1       1.29615279
   11   1   0       0.94275616
   11   2   1       2.66937191
   12   1   0       0.58017385
   12   2   1       1.38997158
   13   1   0       0.74198008
   13   2   1       1.77777589
   14   1   0       0.74389366
   14   2   1       1.73438988
   15   1   0       0.57045477
   15   2   1       1.34005083
   16   1   0       0.62016973
   16   2   1       1.47397266
   17   1   0       0.57956596
   17   2   1       1.37563913
   18   1   0       0.58427750
   18   2   1       1.33260443
   19   1   0       0.81650732
   19   2   1       1.82212297
   20   1   0       0.61816078
   20   2   1       1.48113234
   21   1   0       0.59916574
   21   2   1       1.42566919
   22   1   0       0.52318122
   22   2   1       1.13890173
   23   1   0       0.88058305
   23   2   1       2.39040343
   24   1   0       0.87462432
   24   2   1       2.38048063
   25   1   0       0.61882612
   25   2   1       1.45929426
   26   1   0       0.46494755
   27   1   0       0.46949993
   28   1   0       0.46234524
   29   1   0       0.31235067
   30   1   0       0.43283202
   31   1   0       0.43939379
   32   1   0       0.44615435
   33   1   0       0.43849137
   34   1   0       0.31033473
   35   1   0       0.44648583

Orbital populations (up)
 Atom Sh.   l   m       Population
    1   1   0   0       0.61455495
    1   2   1  -1       0.46429482
    1   2   1   0       0.40967400
    1   2   1   1       0.48733685
    2   1   0   0       0.84619274
    2   2   1  -1       0.69452208
    2   2   1   0       0.73660703
    2   2   1   1       0.83538441
    3   1   0   0       0.56625933
    3   2   1  -1       0.41029754
    3   2   1   0       0.46212361
    3   2   1   1       0.44397775
    4   1   0   0       0.60194472
    4   2   1  -1       0.49433916
    4   2   1   0       0.48226464
    4   2   1   1       0.51094247
    5   1   0   0       0.52020447
    5   2   1  -1       0.35868979
    5   2   1   0       0.38395268
    5   2   1   1       0.39331369
    6   1   0   0       0.88205585
    6   2   1  -1       0.84775262
    6   2   1   0       0.72680952
    6   2   1   1       0.83878766
    7   1   0   0       0.87338039
    7   2   1  -1       0.75886002
    7   2   1   0       0.85553360
    7   2   1   1       0.76196417
    8   1   0   0       0.61779219
    8   2   1  -1       0.48128417
    8   2   1   0       0.49978012
    8   2   1   1       0.49041565
    9   1   0   0       0.61327349
    9   2   1  -1       0.50005441
    9   2   1   0       0.47074759
    9   2   1   1       0.50386613
   10   1   0   0       0.55567629
   10   2   1  -1       0.46157169
   10   2   1   0       0.43252763
   10   2   1   1       0.40205348
   11   1   0   0       0.94275616
   11   2   1  -1       0.93456927
   11   2   1   0       0.90813035
   11   2   1   1       0.82667229
   12   1   0   0       0.58017385
   12   2   1  -1       0.43681787
   12   2   1   0       0.47235207
   12   2   1   1       0.48080165
   13   1   0   0       0.74198008
   13   2   1  -1       0.48631422
   13   2   1   0       0.57522174
   13   2   1   1       0.71623993
   14   1   0   0       0.74389366
   14   2   1  -1       0.48501692
   14   2   1   0       0.56457066
   14   2   1   1       0.68480230
   15   1   0   0       0.57045477
   15   2   1  -1       0.42568237
   15   2   1   0       0.42076232
   15   2   1   1       0.49360613
   16   1   0   0       0.62016973
   16   2   1  -1       0.48652582
   16   2   1   0       0.46862373
   16   2   1   1       0.51882310
   17   1   0   0       0.57956596
   17   2   1  -1       0.45412462
   17   2   1   0       0.43832724
   17   2   1   1       0.48318726
   18   1   0   0       0.58427750
   18   2   1  -1       0.44486456
   18   2   1   0       0.43451713
   18   2   1   1       0.45322274
   19   1   0   0       0.81650732
   19   2   1  -1       0.59149516
   19   2   1   0       0.67098094
   19   2   1   1       0.55964688
   20   1   0   0       0.61816078
   20   2   1  -1       0.47013966
   20   2   1   0       0.48197881
   20   2   1   1       0.52901386
   21   1   0   0       0.59916574
   21   2   1  -1       0.46800131
   21   2   1   0       0.46625073
   21   2   1   1       0.49141715
   22   1   0   0       0.52318122
   22   2   1  -1       0.40755929
   22   2   1   0       0.34920949
   22   2   1   1       0.38213295
   23   1   0   0       0.88058305
   23   2   1  -1       0.85281339
   23   2   1   0       0.81377395
   23   2   1   1       0.72381608
   24   1   0   0       0.87462432
   24   2   1  -1       0.71021354
   24   2   1   0       0.77426710
   24   2   1   1       0.89599999
   25   1   0   0       0.61882612
   25   2   1  -1       0.47761463
   25   2   1   0       0.47894389
   25   2   1   1       0.50273574
   26   1   0   0       0.46494755
   27   1   0   0       0.46949993
   28   1   0   0       0.46234524
   29   1   0   0       0.31235067
   30   1   0   0       0.43283202
   31   1   0   0       0.43939379
   32   1   0   0       0.44615435
   33   1   0   0       0.43849137
   34   1   0   0       0.31033473
   35   1   0   0       0.44648583

Nr. of electrons (down):     63.00000000
Atom populations (down)
 Atom       Population
    1       1.97684473
    2       3.12432588
    3       1.84310605
    4       2.09511183
    5       1.65418279
    6       3.29490397
    7       3.24949272
    8       2.00046547
    9       2.12022140
   10       1.77976806
   11       3.61798012
   12       2.04979791
   13       2.57260163
   14       2.58791707
   15       1.93056313
   16       2.03826951
   17       1.96319663
   18       1.91596569
   19       2.63883845
   20       2.01516994
   21       2.03924235
   22       1.66153507
   23       3.28196758
   24       3.25559901
   25       2.04566764
   26       0.47098574
   27       0.46721836
   28       0.46665070
   29       0.31235985
   30       0.43798902
   31       0.43961598
   32       0.45055748
   33       0.44306794
   34       0.31034539
   35       0.44847490

l-shell populations (down)
 Atom Sh.   l       Population
    1   1   0       0.61444565
    1   2   1       1.36239908
    2   1   0       0.84664970
    2   2   1       2.27767617
    3   1   0       0.56361941
    3   2   1       1.27948664
    4   1   0       0.60366902
    4   2   1       1.49144281
    5   1   0       0.52004440
    5   2   1       1.13413840
    6   1   0       0.88206694
    6   2   1       2.41283703
    7   1   0       0.87338927
    7   2   1       2.37610345
    8   1   0       0.61372806
    8   2   1       1.38673741
    9   1   0       0.61684805
    9   2   1       1.50337335
   10   1   0       0.55271130
   10   2   1       1.22705677
   11   1   0       0.94314707
   11   2   1       2.67483305
   12   1   0       0.58765921
   12   2   1       1.46213870
   13   1   0       0.76446036
   13   2   1       1.80814127
   14   1   0       0.76714498
   14   2   1       1.82077209
   15   1   0       0.57586757
   15   2   1       1.35469557
   16   1   0       0.61723689
   16   2   1       1.42103262
   17   1   0       0.58157032
   17   2   1       1.38162632
   18   1   0       0.58407043
   18   2   1       1.33189526
   19   1   0       0.81651845
   19   2   1       1.82232000
   20   1   0       0.61449751
   20   2   1       1.40067242
   21   1   0       0.60108855
   21   2   1       1.43815379
   22   1   0       0.52328985
   22   2   1       1.13824522
   23   1   0       0.88069285
   23   2   1       2.40127472
   24   1   0       0.87465884
   24   2   1       2.38094017
   25   1   0       0.61748124
   25   2   1       1.42818641
   26   1   0       0.47098574
   27   1   0       0.46721836
   28   1   0       0.46665070
   29   1   0       0.31235985
   30   1   0       0.43798902
   31   1   0       0.43961598
   32   1   0       0.45055748
   33   1   0       0.44306794
   34   1   0       0.31034539
   35   1   0       0.44847490

Orbital populations (down)
 Atom Sh.   l   m       Population
    1   1   0   0       0.61444565
    1   2   1  -1       0.46359228
    1   2   1   0       0.40864162
    1   2   1   1       0.49016518
    2   1   0   0       0.84664970
    2   2   1  -1       0.69198564
    2   2   1   0       0.73558499
    2   2   1   1       0.85010554
    3   1   0   0       0.56361941
    3   2   1  -1       0.39428875
    3   2   1   0       0.44809819
    3   2   1   1       0.43709970
    4   1   0   0       0.60366902
    4   2   1  -1       0.49682495
    4   2   1   0       0.48334232
    4   2   1   1       0.51127555
    5   1   0   0       0.52004440
    5   2   1  -1       0.35813026
    5   2   1   0       0.38328674
    5   2   1   1       0.39272140
    6   1   0   0       0.88206694
    6   2   1  -1       0.84754176
    6   2   1   0       0.72660670
    6   2   1   1       0.83868857
    7   1   0   0       0.87338927
    7   2   1  -1       0.75879010
    7   2   1   0       0.85543154
    7   2   1   1       0.76188181
    8   1   0   0       0.61372806
    8   2   1  -1       0.45760029
    8   2   1   0       0.47547612
    8   2   1   1       0.45366100
    9   1   0   0       0.61684805
    9   2   1  -1       0.50466865
    9   2   1   0       0.48655389
    9   2   1   1       0.51215081
   10   1   0   0       0.55271130
   10   2   1  -1       0.42273161
   10   2   1   0       0.42433207
   10   2   1   1       0.37999309
   11   1   0   0       0.94314707
   11   2   1  -1       0.92905975
   11   2   1   0       0.92003016
   11   2   1   1       0.82574315
   12   1   0   0       0.58765921
   12   2   1  -1       0.47838299
   12   2   1   0       0.47849683
   12   2   1   1       0.50525888
   13   1   0   0       0.76446036
   13   2   1  -1       0.77773672
   13   2   1   0       0.50129648
   13   2   1   1       0.52910807
   14   1   0   0       0.76714498
   14   2   1  -1       0.77973629
   14   2   1   0       0.50972942
   14   2   1   1       0.53130638
   15   1   0   0       0.57586757
   15   2   1  -1       0.44075994
   15   2   1   0       0.43669213
   15   2   1   1       0.47724349
   16   1   0   0       0.61723689
   16   2   1  -1       0.47494722
   16   2   1   0       0.46500755
   16   2   1   1       0.48107785
   17   1   0   0       0.58157032
   17   2   1  -1       0.45642407
   17   2   1   0       0.43920901
   17   2   1   1       0.48599324
   18   1   0   0       0.58407043
   18   2   1  -1       0.44463404
   18   2   1   0       0.43436238
   18   2   1   1       0.45289884
   19   1   0   0       0.81651845
   19   2   1  -1       0.59152022
   19   2   1   0       0.67101741
   19   2   1   1       0.55978237
   20   1   0   0       0.61449751
   20   2   1  -1       0.45914928
   20   2   1   0       0.46694117
   20   2   1   1       0.47458197
   21   1   0   0       0.60108855
   21   2   1  -1       0.47061590
   21   2   1   0       0.46891312
   21   2   1   1       0.49862477
   22   1   0   0       0.52328985
   22   2   1  -1       0.40818211
   22   2   1   0       0.34890221
   22   2   1   1       0.38116090
   23   1   0   0       0.88069285
   23   2   1  -1       0.86109723
   23   2   1   0       0.81545452
   23   2   1   1       0.72472297
   24   1   0   0       0.87465884
   24   2   1  -1       0.71025048
   24   2   1   0       0.77485889
   24   2   1   1       0.89583079
   25   1   0   0       0.61748124
   25   2   1  -1       0.46224575
   25   2   1   0       0.47781861
   25   2   1   1       0.48812204
   26   1   0   0       0.47098574
   27   1   0   0       0.46721836
   28   1   0   0       0.46665070
   29   1   0   0       0.31235985
   30   1   0   0       0.43798902
   31   1   0   0       0.43961598
   32   1   0   0       0.45055748
   33   1   0   0       0.44306794
   34   1   0   0       0.31034539
   35   1   0   0       0.44847490

Spin  up
Fermi level:                        -0.1847484465 H           -5.0273 eV
Band energy:                       -30.3617813588 H         -826.1861 eV
TS:                                  0.0000000000 H            0.0000 eV
Band free energy (E-TS):           -30.3617813588 H         -826.1861 eV
Extrapolated E(0K):                -30.3617813588 H         -826.1861 eV
Input / Output electrons (up):     63.0000000000     63.0000000000

Spin  down
Fermi level:                        -0.1865888412 H           -5.0773 eV
Band energy:                       -30.3714902093 H         -826.4503 eV
TS:                                  0.0000000000 H            0.0000 eV
Band free energy (E-TS):           -30.3714902093 H         -826.4503 eV
Extrapolated E(0K):                -30.3714902093 H         -826.4503 eV
Input / Output electrons (down):     63.0000000000     63.0000000000

Energy H0:                         -60.2631677413 H        -1639.8442 eV
Energy SCC:                          0.0903256022 H            2.4579 eV
Energy SPIN:                        -0.0005922685 H           -0.0161 eV
Total Electronic energy:           -60.1815108577 H        -1637.6222 eV
Repulsive energy:                    1.0861215830 H           29.5549 eV
Total energy:                      -59.0953892747 H        -1608.0674 eV
Extrapolated to 0:                 -59.0953892747 H        -1608.0674 eV
Total Mermin free energy:          -59.0953892747 H        -1608.0674 eV
Force related energy:              -59.0953892747 H        -1608.0674 eV

SCC converged

Dipole moment:    0.97551258    0.97743114   -0.96179302 au
Dipole moment:    2.47950586    2.48438235   -2.44463421 Debye


