 Fermi distribution function

Calculation with static geometry


********************************************************************************
 iSCC Total electronic   Diff electronic      SCC error    
   14   -0.60702612E+02   -0.26041391E-10    0.57749619E-05
********************************************************************************

 Total charge:    -0.00000000

 Atomic gross charges (e)
 Atom           Charge
    1      -0.24265108
    2       0.01438747
    3      -0.08729380
    4      -0.08131583
    5       0.67121446
    6      -0.57854242
    7      -0.52019621
    8      -0.08126490
    9      -0.12340813
   10       0.15859338
   11      -0.06876349
   12      -0.09431430
   13       0.18074331
   14      -0.09689126
   15      -0.09851571
   16       0.66667886
   17      -0.51790307
   18      -0.48036799
   19      -0.15177661
   20       0.07121088
   21       0.04026361
   22      -0.09742574
   23      -0.07133270
   24      -0.07383936
   25      -0.07086028
   26      -0.09510482
   27      -0.16569264
   28       0.09056633
   29       0.08937158
   30       0.10013345
   31       0.11178279
   32       0.37723249
   33       0.10328820
   34       0.09263608
   35       0.11592414
   36       0.35087014
   37       0.06909382
   38       0.07561021
   39       0.08042127
   40       0.08118551
   41       0.08078450
   42       0.08012515
   43       0.09534268

Nr. of electrons (up):     67.00000000
Atom populations (up)
 Atom       Population
    1       2.12033812
    2       1.99077967
    3       2.04998445
    4       2.04708171
    5       1.67393029
    6       3.29247497
    7       3.26161031
    8       2.04362137
    9       2.06040815
   10       1.89430635
   11       2.52616023
   12       2.55562989
   13       1.88312653
   14       2.03470990
   15       2.05522983
   16       1.66946628
   17       3.25526848
   18       3.23908177
   19       2.09995648
   20       1.95768160
   21       1.97997189
   22       2.04767025
   23       2.03584880
   24       2.03567814
   25       2.03557509
   26       2.04666061
   27       2.11196652
   28       0.45417056
   29       0.45581135
   30       0.44856009
   31       0.44352997
   32       0.31131218
   33       0.44737370
   34       0.45335462
   35       0.44239478
   36       0.32460954
   37       0.46375508
   38       0.46224803
   39       0.45976477
   40       0.45947640
   41       0.45959909
   42       0.45998186
   43       0.44984025

l-shell populations (up)
 Atom Sh.   l       Population
    1   1   0       0.63910675
    1   2   1       1.48123138
    2   1   0       0.59557797
    2   2   1       1.39520170
    3   1   0       0.61616664
    3   2   1       1.43381781
    4   1   0       0.59907204
    4   2   1       1.44800968
    5   1   0       0.52210716
    5   2   1       1.15182313
    6   1   0       0.88153209
    6   2   1       2.41094288
    7   1   0       0.87531904
    7   2   1       2.38629128
    8   1   0       0.61377157
    8   2   1       1.42984980
    9   1   0       0.61473446
    9   2   1       1.44567370
   10   1   0       0.57600656
   10   2   1       1.31829979
   11   1   0       0.72159237
   11   2   1       1.80456786
   12   1   0       0.72504721
   12   2   1       1.83058268
   13   1   0       0.57151706
   13   2   1       1.31160947
   14   1   0       0.61706030
   14   2   1       1.41764960
   15   1   0       0.60514738
   15   2   1       1.45008245
   16   1   0       0.52286197
   16   2   1       1.14660431
   17   1   0       0.87787060
   17   2   1       2.37739788
   18   1   0       0.86769946
   18   2   1       2.37138231
   19   1   0       0.61567561
   19   2   1       1.48428087
   20   1   0       0.58991513
   20   2   1       1.36776647
   21   1   0       0.59130364
   21   2   1       1.38866825
   22   1   0       0.61389017
   22   2   1       1.43378009
   23   1   0       0.61101340
   23   2   1       1.42483540
   24   1   0       0.61145116
   24   2   1       1.42422699
   25   1   0       0.61109315
   25   2   1       1.42448194
   26   1   0       0.61405593
   26   2   1       1.43260468
   27   1   0       0.61953095
   27   2   1       1.49243557
   28   1   0       0.45417056
   29   1   0       0.45581135
   30   1   0       0.44856009
   31   1   0       0.44352997
   32   1   0       0.31131218
   33   1   0       0.44737370
   34   1   0       0.45335462
   35   1   0       0.44239478
   36   1   0       0.32460954
   37   1   0       0.46375508
   38   1   0       0.46224803
   39   1   0       0.45976477
   40   1   0       0.45947640
   41   1   0       0.45959909
   42   1   0       0.45998186
   43   1   0       0.44984025

Orbital populations (up)
 Atom Sh.   l   m       Population
    1   1   0   0       0.63910675
    1   2   1  -1       0.50321868
    1   2   1   0       0.47693353
    1   2   1   1       0.50107917
    2   1   0   0       0.59557797
    2   2   1  -1       0.48413674
    2   2   1   0       0.45074339
    2   2   1   1       0.46032158
    3   1   0   0       0.61616664
    3   2   1  -1       0.48835570
    3   2   1   0       0.45837981
    3   2   1   1       0.48708230
    4   1   0   0       0.59907204
    4   2   1  -1       0.49405185
    4   2   1   0       0.46933754
    4   2   1   1       0.48462029
    5   1   0   0       0.52210716
    5   2   1  -1       0.40182021
    5   2   1   0       0.36596815
    5   2   1   1       0.38403477
    6   1   0   0       0.88153209
    6   2   1  -1       0.76507235
    6   2   1   0       0.92217927
    6   2   1   1       0.72369126
    7   1   0   0       0.87531904
    7   2   1  -1       0.85163013
    7   2   1   0       0.66202372
    7   2   1   1       0.87263743
    8   1   0   0       0.61377157
    8   2   1  -1       0.48425190
    8   2   1   0       0.47353885
    8   2   1   1       0.47205905
    9   1   0   0       0.61473446
    9   2   1  -1       0.50508881
    9   2   1   0       0.44655089
    9   2   1   1       0.49403400
   10   1   0   0       0.57600656
   10   2   1  -1       0.39224449
   10   2   1   0       0.43874046
   10   2   1   1       0.48731484
   11   1   0   0       0.72159237
   11   2   1  -1       0.52599460
   11   2   1   0       0.71470773
   11   2   1   1       0.56386553
   12   1   0   0       0.72504721
   12   2   1  -1       0.64102674
   12   2   1   0       0.65992515
   12   2   1   1       0.52963079
   13   1   0   0       0.57151706
   13   2   1  -1       0.38921326
   13   2   1   0       0.46807778
   13   2   1   1       0.45431844
   14   1   0   0       0.61706030
   14   2   1  -1       0.45855387
   14   2   1   0       0.48310476
   14   2   1   1       0.47599097
   15   1   0   0       0.60514738
   15   2   1  -1       0.46652086
   15   2   1   0       0.50943663
   15   2   1   1       0.47412496
   16   1   0   0       0.52286197
   16   2   1  -1       0.38902020
   16   2   1   0       0.38976024
   16   2   1   1       0.36782387
   17   1   0   0       0.87787060
   17   2   1  -1       0.92435755
   17   2   1   0       0.71824641
   17   2   1   1       0.73479392
   18   1   0   0       0.86769946
   18   2   1  -1       0.83042326
   18   2   1   0       0.85002497
   18   2   1   1       0.69093409
   19   1   0   0       0.61567561
   19   2   1  -1       0.46715635
   19   2   1   0       0.53597546
   19   2   1   1       0.48114906
   20   1   0   0       0.58991513
   20   2   1  -1       0.44777128
   20   2   1   0       0.46705833
   20   2   1   1       0.45293685
   21   1   0   0       0.59130364
   21   2   1  -1       0.45871094
   21   2   1   0       0.47267700
   21   2   1   1       0.45728032
   22   1   0   0       0.61389017
   22   2   1  -1       0.47118086
   22   2   1   0       0.48760685
   22   2   1   1       0.47499237
   23   1   0   0       0.61101340
   23   2   1  -1       0.46859611
   23   2   1   0       0.48413173
   23   2   1   1       0.47210755
   24   1   0   0       0.61145116
   24   2   1  -1       0.46414985
   24   2   1   0       0.48265753
   24   2   1   1       0.47741961
   25   1   0   0       0.61109315
   25   2   1  -1       0.47231758
   25   2   1   0       0.48039551
   25   2   1   1       0.47176886
   26   1   0   0       0.61405593
   26   2   1  -1       0.46650908
   26   2   1   0       0.48960376
   26   2   1   1       0.47649184
   27   1   0   0       0.61953095
   27   2   1  -1       0.47790087
   27   2   1   0       0.53431806
   27   2   1   1       0.48021664
   28   1   0   0       0.45417056
   29   1   0   0       0.45581135
   30   1   0   0       0.44856009
   31   1   0   0       0.44352997
   32   1   0   0       0.31131218
   33   1   0   0       0.44737370
   34   1   0   0       0.45335462
   35   1   0   0       0.44239478
   36   1   0   0       0.32460954
   37   1   0   0       0.46375508
   38   1   0   0       0.46224803
   39   1   0   0       0.45976477
   40   1   0   0       0.45947640
   41   1   0   0       0.45959909
   42   1   0   0       0.45998186
   43   1   0   0       0.44984025

Nr. of electrons (down):     67.00000000
Atom populations (down)
 Atom       Population
    1       2.12231296
    2       1.99483287
    3       2.03730935
    4       2.03423412
    5       1.65485524
    6       3.28606745
    7       3.25858589
    8       2.03764353
    9       2.06299997
   10       1.94710026
   11       2.54260326
   12       2.53868441
   13       1.93613016
   14       2.06218136
   15       2.04328588
   16       1.66385486
   17       3.26263459
   18       3.24128622
   19       2.05182013
   20       1.97110752
   21       1.97976450
   22       2.04975549
   23       2.03548390
   24       2.03816122
   25       2.03528519
   26       2.04844421
   27       2.05372612
   28       0.45526311
   29       0.45481706
   30       0.45130646
   31       0.44468724
   32       0.31145533
   33       0.44933810
   34       0.45400930
   35       0.44168107
   36       0.32452032
   37       0.46715110
   38       0.46214175
   39       0.45981396
   40       0.45933809
   41       0.45961641
   42       0.45989299
   43       0.45481707

l-shell populations (down)
 Atom Sh.   l       Population
    1   1   0       0.63904051
    1   2   1       1.48327245
    2   1   0       0.59445514
    2   2   1       1.40037772
    3   1   0       0.61586448
    3   2   1       1.42144486
    4   1   0       0.59909093
    4   2   1       1.43514319
    5   1   0       0.52191415
    5   2   1       1.13294109
    6   1   0       0.88162039
    6   2   1       2.40444706
    7   1   0       0.87538714
    7   2   1       2.38319875
    8   1   0       0.61373637
    8   2   1       1.42390715
    9   1   0       0.61418622
    9   2   1       1.44881375
   10   1   0       0.58303380
   10   2   1       1.36406646
   11   1   0       0.75289546
   11   2   1       1.78970780
   12   1   0       0.75388585
   12   2   1       1.78479855
   13   1   0       0.58020142
   13   2   1       1.35592874
   14   1   0       0.61781152
   14   2   1       1.44436984
   15   1   0       0.60501875
   15   2   1       1.43826713
   16   1   0       0.52311091
   16   2   1       1.14074395
   17   1   0       0.87798708
   17   2   1       2.38464751
   18   1   0       0.86779146
   18   2   1       2.37349476
   19   1   0       0.61367482
   19   2   1       1.43814531
   20   1   0       0.59172487
   20   2   1       1.37938265
   21   1   0       0.59109306
   21   2   1       1.38867144
   22   1   0       0.61399085
   22   2   1       1.43576463
   23   1   0       0.61094192
   23   2   1       1.42454199
   24   1   0       0.61155956
   24   2   1       1.42660166
   25   1   0       0.61102853
   25   2   1       1.42425666
   26   1   0       0.61412696
   26   2   1       1.43431724
   27   1   0       0.61564718
   27   2   1       1.43807894
   28   1   0       0.45526311
   29   1   0       0.45481706
   30   1   0       0.45130646
   31   1   0       0.44468724
   32   1   0       0.31145533
   33   1   0       0.44933810
   34   1   0       0.45400930
   35   1   0       0.44168107
   36   1   0       0.32452032
   37   1   0       0.46715110
   38   1   0       0.46214175
   39   1   0       0.45981396
   40   1   0       0.45933809
   41   1   0       0.45961641
   42   1   0       0.45989299
   43   1   0       0.45481707

Orbital populations (down)
 Atom Sh.   l   m       Population
    1   1   0   0       0.63904051
    1   2   1  -1       0.50261505
    1   2   1   0       0.47919798
    1   2   1   1       0.50145942
    2   1   0   0       0.59445514
    2   2   1  -1       0.48677389
    2   2   1   0       0.45385431
    2   2   1   1       0.45974953
    3   1   0   0       0.61586448
    3   2   1  -1       0.47839593
    3   2   1   0       0.45936335
    3   2   1   1       0.48368558
    4   1   0   0       0.59909093
    4   2   1  -1       0.48975361
    4   2   1   0       0.46580001
    4   2   1   1       0.47958956
    5   1   0   0       0.52191415
    5   2   1  -1       0.39089524
    5   2   1   0       0.36451568
    5   2   1   1       0.37753017
    6   1   0   0       0.88162039
    6   2   1  -1       0.75652899
    6   2   1   0       0.92656173
    6   2   1   1       0.72135634
    7   1   0   0       0.87538714
    7   2   1  -1       0.84962539
    7   2   1   0       0.66266750
    7   2   1   1       0.87090585
    8   1   0   0       0.61373637
    8   2   1  -1       0.47715081
    8   2   1   0       0.47554917
    8   2   1   1       0.47120718
    9   1   0   0       0.61418622
    9   2   1  -1       0.49806173
    9   2   1   0       0.46113518
    9   2   1   1       0.48961684
   10   1   0   0       0.58303380
   10   2   1  -1       0.44082766
   10   2   1   0       0.45027113
   10   2   1   1       0.47296767
   11   1   0   0       0.75289546
   11   2   1  -1       0.64847889
   11   2   1   0       0.55837267
   11   2   1   1       0.58285623
   12   1   0   0       0.75388585
   12   2   1  -1       0.67687589
   12   2   1   0       0.58799677
   12   2   1   1       0.51992589
   13   1   0   0       0.58020142
   13   2   1  -1       0.42828956
   13   2   1   0       0.46806772
   13   2   1   1       0.45957146
   14   1   0   0       0.61781152
   14   2   1  -1       0.45411856
   14   2   1   0       0.50547307
   14   2   1   1       0.48477821
   15   1   0   0       0.60501875
   15   2   1  -1       0.47178172
   15   2   1   0       0.49574612
   15   2   1   1       0.47073929
   16   1   0   0       0.52311091
   16   2   1  -1       0.38938935
   16   2   1   0       0.38566665
   16   2   1   1       0.36568795
   17   1   0   0       0.87798708
   17   2   1  -1       0.93704023
   17   2   1   0       0.71404957
   17   2   1   1       0.73355771
   18   1   0   0       0.86779146
   18   2   1  -1       0.83303019
   18   2   1   0       0.84921915
   18   2   1   1       0.69124542
   19   1   0   0       0.61367482
   19   2   1  -1       0.46495389
   19   2   1   0       0.50072439
   19   2   1   1       0.47246702
   20   1   0   0       0.59172487
   20   2   1  -1       0.45143862
   20   2   1   0       0.47039215
   20   2   1   1       0.45755187
   21   1   0   0       0.59109306
   21   2   1  -1       0.45866709
   21   2   1   0       0.47236593
   21   2   1   1       0.45763842
   22   1   0   0       0.61399085
   22   2   1  -1       0.47121075
   22   2   1   0       0.48905279
   22   2   1   1       0.47550109
   23   1   0   0       0.61094192
   23   2   1  -1       0.46850554
   23   2   1   0       0.48405753
   23   2   1   1       0.47197892
   24   1   0   0       0.61155956
   24   2   1  -1       0.46458040
   24   2   1   0       0.48390795
   24   2   1   1       0.47811331
   25   1   0   0       0.61102853
   25   2   1  -1       0.47226470
   25   2   1   0       0.48033196
   25   2   1   1       0.47166000
   26   1   0   0       0.61412696
   26   2   1  -1       0.46681496
   26   2   1   0       0.49048231
   26   2   1   1       0.47701997
   27   1   0   0       0.61564718
   27   2   1  -1       0.47236483
   27   2   1   0       0.50363032
   27   2   1   1       0.46208379
   28   1   0   0       0.45526311
   29   1   0   0       0.45481706
   30   1   0   0       0.45130646
   31   1   0   0       0.44468724
   32   1   0   0       0.31145533
   33   1   0   0       0.44933810
   34   1   0   0       0.45400930
   35   1   0   0       0.44168107
   36   1   0   0       0.32452032
   37   1   0   0       0.46715110
   38   1   0   0       0.46214175
   39   1   0   0       0.45981396
   40   1   0   0       0.45933809
   41   1   0   0       0.45961641
   42   1   0   0       0.45989299
   43   1   0   0       0.45481707

Spin  up
Fermi level:                        -0.1727643228 H           -4.7012 eV
Band energy:                       -30.2113989299 H         -822.0940 eV
TS:                                  0.0000000000 H            0.0000 eV
Band free energy (E-TS):           -30.2113989299 H         -822.0940 eV
Extrapolated E(0K):                -30.2113989299 H         -822.0940 eV
Input / Output electrons (up):     67.0000000000     67.0000000000

Spin  down
Fermi level:                        -0.1728022064 H           -4.7022 eV
Band energy:                       -30.2107932856 H         -822.0775 eV
TS:                                  0.0000000000 H            0.0000 eV
Band free energy (E-TS):           -30.2107932856 H         -822.0775 eV
Extrapolated E(0K):                -30.2107932856 H         -822.0775 eV
Input / Output electrons (down):     67.0000000000     67.0000000000

Energy H0:                         -60.7689803688 H        -1653.6081 eV
Energy SCC:                          0.0742310755 H            2.0199 eV
Energy SPIN:                        -0.0001622405 H           -0.0044 eV
Total Electronic energy:           -60.7026119462 H        -1651.8021 eV
Repulsive energy:                    0.8698471087 H           23.6697 eV
Total energy:                      -59.8327648375 H        -1628.1324 eV
Extrapolated to 0:                 -59.8327648375 H        -1628.1324 eV
Total Mermin free energy:          -59.8327648375 H        -1628.1324 eV
Force related energy:              -59.8327648375 H        -1628.1324 eV

SCC converged

Dipole moment:    1.92085031    1.49417414    0.97214833 au
Dipole moment:    4.88231488    3.79781215    2.47095479 Debye


