 Fermi distribution function

Calculation with static geometry


********************************************************************************
 iSCC Total electronic   Diff electronic      SCC error    
   15   -0.54070889E+02   -0.16658674E-09    0.63580136E-05
********************************************************************************

 Total charge:    -0.00000000

 Atomic gross charges (e)
 Atom           Charge
    1       0.04464260
    2      -0.25807870
    3       0.25968100
    4       0.06366929
    5      -0.09226023
    6      -0.06283306
    7       0.15505305
    8       0.03378074
    9      -0.24421889
   10      -0.10910191
   11      -0.07687647
   12      -0.09746990
   13      -0.16405716
   14       0.66201022
   15      -0.52855246
   16      -0.48511658
   17      -0.13385648
   18      -0.20083569
   19       0.36984456
   20      -0.23962220
   21      -0.12000550
   22       0.19473858
   23      -0.29200749
   24       0.06843037
   25       0.05931212
   26       0.06682760
   27       0.08871190
   28       0.08807660
   29       0.09267196
   30       0.08872172
   31       0.08994510
   32       0.07335127
   33       0.35015917
   34       0.13417494
   35       0.12108993

Nr. of electrons (up):     58.00000000
Atom populations (up)
 Atom       Population
    1       1.97873944
    2       3.11593183
    3       1.87251903
    4       1.91550735
    5       2.55186361
    6       2.54064353
    7       1.91365517
    8       1.95673801
    9       2.12360914
   10       2.08212120
   11       2.02559876
   12       2.04892869
   13       2.09424073
   14       1.67489749
   15       3.27000683
   16       3.24387112
   17       2.10801387
   18       2.07718988
   19       1.84303865
   20       3.61939058
   21       2.06219613
   22       1.90277036
   23       2.64773453
   24       0.46560168
   25       0.47052867
   26       0.46440584
   27       0.45526196
   28       0.45555650
   29       0.45137308
   30       0.45403232
   31       0.45540196
   32       0.46315901
   33       0.32485962
   34       0.43037365
   35       0.44023977

l-shell populations (up)
 Atom Sh.   l       Population
    1   1   0       0.61511041
    1   2   1       1.36362903
    2   1   0       0.85035874
    2   2   1       2.26557309
    3   1   0       0.56825552
    3   2   1       1.30426351
    4   1   0       0.57665444
    4   2   1       1.33885291
    5   1   0       0.72168075
    5   2   1       1.83018286
    6   1   0       0.71466446
    6   2   1       1.82597907
    7   1   0       0.57702623
    7   2   1       1.33662894
    8   1   0       0.59494231
    8   2   1       1.36179569
    9   1   0       0.63949298
    9   2   1       1.48411615
   10   1   0       0.61465250
   10   2   1       1.46746870
   11   1   0       0.60904982
   11   2   1       1.41654894
   12   1   0       0.61309255
   12   2   1       1.43583614
   13   1   0       0.60804452
   13   2   1       1.48619621
   14   1   0       0.52166053
   14   2   1       1.15323696
   15   1   0       0.87826164
   15   2   1       2.39174519
   16   1   0       0.86814234
   16   2   1       2.37572879
   17   1   0       0.61869581
   17   2   1       1.48931807
   18   1   0       0.61433686
   18   2   1       1.46285302
   19   1   0       0.55380490
   19   2   1       1.28923375
   20   1   0       0.94305775
   20   2   1       2.67633283
   21   1   0       0.58705517
   21   2   1       1.47514097
   22   1   0       0.57577420
   22   2   1       1.32699616
   23   1   0       0.81650964
   23   2   1       1.83122490
   24   1   0       0.46560168
   25   1   0       0.47052867
   26   1   0       0.46440584
   27   1   0       0.45526196
   28   1   0       0.45555650
   29   1   0       0.45137308
   30   1   0       0.45403232
   31   1   0       0.45540196
   32   1   0       0.46315901
   33   1   0       0.32485962
   34   1   0       0.43037365
   35   1   0       0.44023977

Orbital populations (up)
 Atom Sh.   l   m       Population
    1   1   0   0       0.61511041
    1   2   1  -1       0.47393565
    1   2   1   0       0.39803278
    1   2   1   1       0.49166059
    2   1   0   0       0.85035874
    2   2   1  -1       0.83169045
    2   2   1   0       0.56493001
    2   2   1   1       0.86895263
    3   1   0   0       0.56825552
    3   2   1  -1       0.45793050
    3   2   1   0       0.39986594
    3   2   1   1       0.44646707
    4   1   0   0       0.57665444
    4   2   1  -1       0.44922413
    4   2   1   0       0.39007195
    4   2   1   1       0.49955682
    5   1   0   0       0.72168075
    5   2   1  -1       0.68473377
    5   2   1   0       0.58092233
    5   2   1   1       0.56452675
    6   1   0   0       0.71466446
    6   2   1  -1       0.79836912
    6   2   1   0       0.52804151
    6   2   1   1       0.49956845
    7   1   0   0       0.57702623
    7   2   1  -1       0.43525057
    7   2   1   0       0.44052854
    7   2   1   1       0.46084982
    8   1   0   0       0.59494231
    8   2   1  -1       0.45044838
    8   2   1   0       0.46277569
    8   2   1   1       0.44857162
    9   1   0   0       0.63949298
    9   2   1  -1       0.49396575
    9   2   1   0       0.49667342
    9   2   1   1       0.49347699
   10   1   0   0       0.61465250
   10   2   1  -1       0.47356969
   10   2   1   0       0.51321473
   10   2   1   1       0.48068428
   11   1   0   0       0.60904982
   11   2   1  -1       0.45616950
   11   2   1   0       0.48337488
   11   2   1   1       0.47700456
   12   1   0   0       0.61309255
   12   2   1  -1       0.46607478
   12   2   1   0       0.49924282
   12   2   1   1       0.47051853
   13   1   0   0       0.60804452
   13   2   1  -1       0.47353802
   13   2   1   0       0.53506921
   13   2   1   1       0.47758898
   14   1   0   0       0.52166053
   14   2   1  -1       0.39692784
   14   2   1   0       0.39851323
   14   2   1   1       0.35779589
   15   1   0   0       0.87826164
   15   2   1  -1       0.90939013
   15   2   1   0       0.73619750
   15   2   1   1       0.74615756
   16   1   0   0       0.86814234
   16   2   1  -1       0.84659969
   16   2   1   0       0.91966994
   16   2   1   1       0.60945916
   17   1   0   0       0.61869581
   17   2   1  -1       0.50839667
   17   2   1   0       0.44902879
   17   2   1   1       0.53189261
   18   1   0   0       0.61433686
   18   2   1  -1       0.49791859
   18   2   1   0       0.47248144
   18   2   1   1       0.49245299
   19   1   0   0       0.55380490
   19   2   1  -1       0.46933339
   19   2   1   0       0.35517502
   19   2   1   1       0.46472534
   20   1   0   0       0.94305775
   20   2   1  -1       0.93907741
   20   2   1   0       0.79919013
   20   2   1   1       0.93806528
   21   1   0   0       0.58705517
   21   2   1  -1       0.51082530
   21   2   1   0       0.45578444
   21   2   1   1       0.50853122
   22   1   0   0       0.57577420
   22   2   1  -1       0.43921501
   22   2   1   0       0.44897355
   22   2   1   1       0.43880760
   23   1   0   0       0.81650964
   23   2   1  -1       0.63483787
   23   2   1   0       0.55861355
   23   2   1   1       0.63777347
   24   1   0   0       0.46560168
   25   1   0   0       0.47052867
   26   1   0   0       0.46440584
   27   1   0   0       0.45526196
   28   1   0   0       0.45555650
   29   1   0   0       0.45137308
   30   1   0   0       0.45403232
   31   1   0   0       0.45540196
   32   1   0   0       0.46315901
   33   1   0   0       0.32485962
   34   1   0   0       0.43037365
   35   1   0   0       0.44023977

Nr. of electrons (down):     58.00000000
Atom populations (down)
 Atom       Population
    1       1.97661796
    2       3.14214687
    3       1.86779997
    4       2.02082336
    5       2.54039661
    6       2.52218952
    7       1.93129179
    8       2.00948125
    9       2.12060975
   10       2.02698072
   11       2.05127771
   12       2.04854121
   13       2.06981643
   14       1.66309229
   15       3.25854563
   16       3.24124546
   17       2.02584261
   18       2.12364581
   19       1.78711679
   20       3.62023163
   21       2.05780936
   22       1.90249106
   23       2.64427296
   24       0.46596794
   25       0.47015921
   26       0.46876655
   27       0.45602614
   28       0.45636690
   29       0.45595496
   30       0.45724596
   31       0.45465294
   32       0.46348972
   33       0.32498121
   34       0.43545141
   35       0.43867030

l-shell populations (down)
 Atom Sh.   l       Population
    1   1   0       0.61461206
    1   2   1       1.36200590
    2   1   0       0.85082837
    2   2   1       2.29131849
    3   1   0       0.56583432
    3   2   1       1.30196565
    4   1   0       0.58769107
    4   2   1       1.43313229
    5   1   0       0.75408852
    5   2   1       1.78630809
    6   1   0       0.74456469
    6   2   1       1.77762484
    7   1   0       0.58316932
    7   2   1       1.34812246
    8   1   0       0.59628760
    8   2   1       1.41319365
    9   1   0       0.63871354
    9   2   1       1.48189621
   10   1   0       0.61155049
   10   2   1       1.41543023
   11   1   0       0.61073526
   11   2   1       1.44054245
   12   1   0       0.61320553
   12   2   1       1.43533568
   13   1   0       0.60707070
   13   2   1       1.46274573
   14   1   0       0.52197647
   14   2   1       1.14111583
   15   1   0       0.87822897
   15   2   1       2.38031666
   16   1   0       0.86814883
   16   2   1       2.37309663
   17   1   0       0.61399103
   17   2   1       1.41185158
   18   1   0       0.61810563
   18   2   1       1.50554017
   19   1   0       0.55129212
   19   2   1       1.23582468
   20   1   0       0.94332657
   20   2   1       2.67690506
   21   1   0       0.58783691
   21   2   1       1.46997246
   22   1   0       0.57592638
   22   2   1       1.32656468
   23   1   0       0.81647590
   23   2   1       1.82779707
   24   1   0       0.46596794
   25   1   0       0.47015921
   26   1   0       0.46876655
   27   1   0       0.45602614
   28   1   0       0.45636690
   29   1   0       0.45595496
   30   1   0       0.45724596
   31   1   0       0.45465294
   32   1   0       0.46348972
   33   1   0       0.32498121
   34   1   0       0.43545141
   35   1   0       0.43867030

Orbital populations (down)
 Atom Sh.   l   m       Population
    1   1   0   0       0.61461206
    1   2   1  -1       0.47452533
    1   2   1   0       0.39712875
    1   2   1   1       0.49035182
    2   1   0   0       0.85082837
    2   2   1  -1       0.84620701
    2   2   1   0       0.56719716
    2   2   1   1       0.87791433
    3   1   0   0       0.56583432
    3   2   1  -1       0.45879412
    3   2   1   0       0.39947540
    3   2   1   1       0.44369613
    4   1   0   0       0.58769107
    4   2   1  -1       0.49687019
    4   2   1   0       0.43607872
    4   2   1   1       0.50018338
    5   1   0   0       0.75408852
    5   2   1  -1       0.54737439
    5   2   1   0       0.63418929
    5   2   1   1       0.60474441
    6   1   0   0       0.74456469
    6   2   1  -1       0.58985405
    6   2   1   0       0.68874897
    6   2   1   1       0.49902182
    7   1   0   0       0.58316932
    7   2   1  -1       0.44317079
    7   2   1   0       0.44358906
    7   2   1   1       0.46136261
    8   1   0   0       0.59628760
    8   2   1  -1       0.44659426
    8   2   1   0       0.49476318
    8   2   1   1       0.47183621
    9   1   0   0       0.63871354
    9   2   1  -1       0.49324444
    9   2   1   0       0.49561234
    9   2   1   1       0.49303943
   10   1   0   0       0.61155049
   10   2   1  -1       0.47071169
   10   2   1   0       0.48057460
   10   2   1   1       0.46414394
   11   1   0   0       0.61073526
   11   2   1  -1       0.45828194
   11   2   1   0       0.49937917
   11   2   1   1       0.48288133
   12   1   0   0       0.61320553
   12   2   1  -1       0.46589189
   12   2   1   0       0.49589499
   12   2   1   1       0.47354880
   13   1   0   0       0.60707070
   13   2   1  -1       0.46812126
   13   2   1   0       0.52313228
   13   2   1   1       0.47149219
   14   1   0   0       0.52197647
   14   2   1  -1       0.39793137
   14   2   1   0       0.38604967
   14   2   1   1       0.35713479
   15   1   0   0       0.87822897
   15   2   1  -1       0.91891515
   15   2   1   0       0.71501812
   15   2   1   1       0.74638340
   16   1   0   0       0.86814883
   16   2   1  -1       0.84668840
   16   2   1   0       0.91676716
   16   2   1   1       0.60964108
   17   1   0   0       0.61399103
   17   2   1  -1       0.48527317
   17   2   1   0       0.44519023
   17   2   1   1       0.48138818
   18   1   0   0       0.61810563
   18   2   1  -1       0.51306686
   18   2   1   0       0.47776827
   18   2   1   1       0.51470505
   19   1   0   0       0.55129212
   19   2   1  -1       0.44070680
   19   2   1   0       0.35353363
   19   2   1   1       0.44158424
   20   1   0   0       0.94332657
   20   2   1  -1       0.93893319
   20   2   1   0       0.80031595
   20   2   1   1       0.93765592
   21   1   0   0       0.58783691
   21   2   1  -1       0.50643197
   21   2   1   0       0.45821991
   21   2   1   1       0.50532058
   22   1   0   0       0.57592638
   22   2   1  -1       0.43913721
   22   2   1   0       0.44919359
   22   2   1   1       0.43823388
   23   1   0   0       0.81647590
   23   2   1  -1       0.63319347
   23   2   1   0       0.55889991
   23   2   1   1       0.63570369
   24   1   0   0       0.46596794
   25   1   0   0       0.47015921
   26   1   0   0       0.46876655
   27   1   0   0       0.45602614
   28   1   0   0       0.45636690
   29   1   0   0       0.45595496
   30   1   0   0       0.45724596
   31   1   0   0       0.45465294
   32   1   0   0       0.46348972
   33   1   0   0       0.32498121
   34   1   0   0       0.43545141
   35   1   0   0       0.43867030

Spin  up
Fermi level:                        -0.1647413904 H           -4.4828 eV
Band energy:                       -27.1428153322 H         -738.5936 eV
TS:                                  0.0000000000 H            0.0000 eV
Band free energy (E-TS):           -27.1428153322 H         -738.5936 eV
Extrapolated E(0K):                -27.1428153322 H         -738.5936 eV
Input / Output electrons (up):     58.0000000000     58.0000000000

Spin  down
Fermi level:                        -0.1644028938 H           -4.4736 eV
Band energy:                       -27.1427118552 H         -738.5908 eV
TS:                                  0.0000000000 H            0.0000 eV
Band free energy (E-TS):           -27.1427118552 H         -738.5908 eV
Extrapolated E(0K):                -27.1427118552 H         -738.5908 eV
Input / Output electrons (down):     58.0000000000     58.0000000000

Energy H0:                         -54.1292312978 H        -1472.9313 eV
Energy SCC:                          0.0622628108 H            1.6943 eV
Energy SPIN:                        -0.0003739656 H           -0.0102 eV
Total Electronic energy:           -54.0708892339 H        -1471.3438 eV
Repulsive energy:                    0.8899819147 H           24.2176 eV
Total energy:                      -53.1809073192 H        -1447.1261 eV
Extrapolated to 0:                 -53.1809073192 H        -1447.1261 eV
Total Mermin free energy:          -53.1809073192 H        -1447.1261 eV
Force related energy:              -53.1809073192 H        -1447.1261 eV

SCC converged

Dipole moment:    2.07092987    0.50283968    1.03978472 au
Dipole moment:    5.26377910    1.27809109    2.64286936 Debye


