 Fermi distribution function

Calculation with static geometry


********************************************************************************
 iSCC Total electronic   Diff electronic      SCC error    
   11   -0.60280381E+02   -0.15023289E-08    0.85689835E-05
********************************************************************************

 Total charge:    -0.00000000

 Atomic gross charges (e)
 Atom           Charge
    1       0.04329127
    2      -0.27762034
    3       0.31112907
    4      -0.20599543
    5      -0.05511229
    6       0.68235736
    7      -0.57096052
    8      -0.50102958
    9      -0.16000092
   10       0.14270960
   11      -0.05692237
   12      -0.01697297
   13       0.15553605
   14      -0.15935967
   15      -0.04567449
   16      -0.20800415
   17       0.41086415
   18      -0.23784991
   19      -0.20954388
   20       0.67472235
   21      -0.57178732
   22      -0.47908533
   23      -0.06099991
   24       0.18508713
   25      -0.29046328
   26       0.05636392
   27       0.07008193
   28       0.05423272
   29       0.11935089
   30       0.37776453
   31       0.13080389
   32       0.10592104
   33       0.09717674
   34       0.11543750
   35       0.37455221

Nr. of electrons (up):     63.00000000
Atom populations (up)
 Atom       Population
    1       1.97835437
    2       3.13881017
    3       1.84443546
    4       2.10299771
    5       2.02755615
    6       1.65882132
    7       3.28548026
    8       3.25051479
    9       2.08000046
   10       1.92864520
   11       2.52846119
   12       2.50848648
   13       1.92223198
   14       2.07967983
   15       2.02283725
   16       2.10400207
   17       1.79456793
   18       3.61892495
   19       2.10477194
   20       1.66263883
   21       3.28589366
   22       3.23954266
   23       2.03049996
   24       1.90745643
   25       2.64523164
   26       0.47181804
   27       0.46495903
   28       0.47288364
   29       0.44032455
   30       0.31111774
   31       0.43459805
   32       0.44703948
   33       0.45141163
   34       0.44228125
   35       0.31272390

l-shell populations (up)
 Atom Sh.   l       Population
    1   1   0       0.61485588
    1   2   1       1.36349848
    2   1   0       0.85205424
    2   2   1       2.28675592
    3   1   0       0.56000374
    3   2   1       1.28443173
    4   1   0       0.61818741
    4   2   1       1.48481030
    5   1   0       0.60091194
    5   2   1       1.42664421
    6   1   0       0.52247606
    6   2   1       1.13634526
    7   1   0       0.88146085
    7   2   1       2.40401941
    8   1   0       0.87354010
    8   2   1       2.37697468
    9   1   0       0.61751699
    9   2   1       1.46248347
   10   1   0       0.58127367
   10   2   1       1.34737153
   11   1   0       0.74924791
   11   2   1       1.77921327
   12   1   0       0.74313531
   12   2   1       1.76535118
   13   1   0       0.58173793
   13   2   1       1.34049405
   14   1   0       0.61445348
   14   2   1       1.46522635
   15   1   0       0.61279491
   15   2   1       1.41004233
   16   1   0       0.61586051
   16   2   1       1.48814157
   17   1   0       0.55404913
   17   2   1       1.24051879
   18   1   0       0.94281965
   18   2   1       2.67610530
   19   1   0       0.60591139
   19   2   1       1.49886055
   20   1   0       0.52007926
   20   2   1       1.14255956
   21   1   0       0.88177213
   21   2   1       2.40412153
   22   1   0       0.87104487
   22   2   1       2.36849779
   23   1   0       0.58756113
   23   2   1       1.44293883
   24   1   0       0.57915876
   24   2   1       1.32829768
   25   1   0       0.81677589
   25   2   1       1.82845575
   26   1   0       0.47181804
   27   1   0       0.46495903
   28   1   0       0.47288364
   29   1   0       0.44032455
   30   1   0       0.31111774
   31   1   0       0.43459805
   32   1   0       0.44703948
   33   1   0       0.45141163
   34   1   0       0.44228125
   35   1   0       0.31272390

Orbital populations (up)
 Atom Sh.   l   m       Population
    1   1   0   0       0.61485588
    1   2   1  -1       0.43630888
    1   2   1   0       0.44733759
    1   2   1   1       0.47985202
    2   1   0   0       0.85205424
    2   2   1  -1       0.64611775
    2   2   1   0       0.82613107
    2   2   1   1       0.81450710
    3   1   0   0       0.56000374
    3   2   1  -1       0.40447883
    3   2   1   0       0.43906229
    3   2   1   1       0.44089061
    4   1   0   0       0.61818741
    4   2   1  -1       0.49146772
    4   2   1   0       0.46651100
    4   2   1   1       0.52683158
    5   1   0   0       0.60091194
    5   2   1  -1       0.46977413
    5   2   1   0       0.46424831
    5   2   1   1       0.49262178
    6   1   0   0       0.52247606
    6   2   1  -1       0.35317289
    6   2   1   0       0.41231341
    6   2   1   1       0.37085896
    7   1   0   0       0.88146085
    7   2   1  -1       0.79017248
    7   2   1   0       0.84271013
    7   2   1   1       0.77113680
    8   1   0   0       0.87354010
    8   2   1  -1       0.80681660
    8   2   1   0       0.71214053
    8   2   1   1       0.85801755
    9   1   0   0       0.61751699
    9   2   1  -1       0.48898901
    9   2   1   0       0.45583380
    9   2   1   1       0.51766066
   10   1   0   0       0.58127367
   10   2   1  -1       0.42426826
   10   2   1   0       0.44770347
   10   2   1   1       0.47539980
   11   1   0   0       0.74924791
   11   2   1  -1       0.54517212
   11   2   1   0       0.56327648
   11   2   1   1       0.67076467
   12   1   0   0       0.74313531
   12   2   1  -1       0.70545520
   12   2   1   0       0.58372072
   12   2   1   1       0.47617526
   13   1   0   0       0.58173793
   13   2   1  -1       0.43770092
   13   2   1   0       0.45581822
   13   2   1   1       0.44697491
   14   1   0   0       0.61445348
   14   2   1  -1       0.47831921
   14   2   1   0       0.51403858
   14   2   1   1       0.47286857
   15   1   0   0       0.61279491
   15   2   1  -1       0.47630931
   15   2   1   0       0.47435673
   15   2   1   1       0.45937629
   16   1   0   0       0.61586051
   16   2   1  -1       0.48756502
   16   2   1   0       0.51665876
   16   2   1   1       0.48391778
   17   1   0   0       0.55404913
   17   2   1  -1       0.42934343
   17   2   1   0       0.41564110
   17   2   1   1       0.39553426
   18   1   0   0       0.94281965
   18   2   1  -1       0.92297276
   18   2   1   0       0.87864863
   18   2   1   1       0.87448391
   19   1   0   0       0.60591139
   19   2   1  -1       0.49462854
   19   2   1   0       0.53907159
   19   2   1   1       0.46516042
   20   1   0   0       0.52007926
   20   2   1  -1       0.39630133
   20   2   1   0       0.38600939
   20   2   1   1       0.36024884
   21   1   0   0       0.88177213
   21   2   1  -1       0.87920962
   21   2   1   0       0.79667702
   21   2   1   1       0.72823489
   22   1   0   0       0.87104487
   22   2   1  -1       0.70663333
   22   2   1   0       0.82317870
   22   2   1   1       0.83868575
   23   1   0   0       0.58756113
   23   2   1  -1       0.48479385
   23   2   1   0       0.43699576
   23   2   1   1       0.52114922
   24   1   0   0       0.57915876
   24   2   1  -1       0.44949976
   24   2   1   0       0.42627221
   24   2   1   1       0.45252571
   25   1   0   0       0.81677589
   25   2   1  -1       0.56195832
   25   2   1   0       0.69785296
   25   2   1   1       0.56864447
   26   1   0   0       0.47181804
   27   1   0   0       0.46495903
   28   1   0   0       0.47288364
   29   1   0   0       0.44032455
   30   1   0   0       0.31111774
   31   1   0   0       0.43459805
   32   1   0   0       0.44703948
   33   1   0   0       0.45141163
   34   1   0   0       0.44228125
   35   1   0   0       0.31272390

Nr. of electrons (down):     63.00000000
Atom populations (down)
 Atom       Population
    1       1.97835437
    2       3.13881017
    3       1.84443546
    4       2.10299771
    5       2.02755615
    6       1.65882132
    7       3.28548026
    8       3.25051479
    9       2.08000046
   10       1.92864520
   11       2.52846119
   12       2.50848648
   13       1.92223198
   14       2.07967983
   15       2.02283725
   16       2.10400207
   17       1.79456793
   18       3.61892495
   19       2.10477194
   20       1.66263883
   21       3.28589366
   22       3.23954266
   23       2.03049996
   24       1.90745643
   25       2.64523164
   26       0.47181804
   27       0.46495903
   28       0.47288364
   29       0.44032455
   30       0.31111774
   31       0.43459805
   32       0.44703948
   33       0.45141163
   34       0.44228125
   35       0.31272390

l-shell populations (down)
 Atom Sh.   l       Population
    1   1   0       0.61485588
    1   2   1       1.36349848
    2   1   0       0.85205424
    2   2   1       2.28675592
    3   1   0       0.56000374
    3   2   1       1.28443173
    4   1   0       0.61818741
    4   2   1       1.48481030
    5   1   0       0.60091194
    5   2   1       1.42664421
    6   1   0       0.52247606
    6   2   1       1.13634526
    7   1   0       0.88146085
    7   2   1       2.40401941
    8   1   0       0.87354010
    8   2   1       2.37697468
    9   1   0       0.61751699
    9   2   1       1.46248347
   10   1   0       0.58127367
   10   2   1       1.34737153
   11   1   0       0.74924791
   11   2   1       1.77921327
   12   1   0       0.74313531
   12   2   1       1.76535118
   13   1   0       0.58173793
   13   2   1       1.34049405
   14   1   0       0.61445348
   14   2   1       1.46522635
   15   1   0       0.61279491
   15   2   1       1.41004233
   16   1   0       0.61586051
   16   2   1       1.48814157
   17   1   0       0.55404913
   17   2   1       1.24051879
   18   1   0       0.94281965
   18   2   1       2.67610530
   19   1   0       0.60591139
   19   2   1       1.49886055
   20   1   0       0.52007926
   20   2   1       1.14255956
   21   1   0       0.88177213
   21   2   1       2.40412153
   22   1   0       0.87104487
   22   2   1       2.36849779
   23   1   0       0.58756113
   23   2   1       1.44293883
   24   1   0       0.57915876
   24   2   1       1.32829768
   25   1   0       0.81677589
   25   2   1       1.82845575
   26   1   0       0.47181804
   27   1   0       0.46495903
   28   1   0       0.47288364
   29   1   0       0.44032455
   30   1   0       0.31111774
   31   1   0       0.43459805
   32   1   0       0.44703948
   33   1   0       0.45141163
   34   1   0       0.44228125
   35   1   0       0.31272390

Orbital populations (down)
 Atom Sh.   l   m       Population
    1   1   0   0       0.61485588
    1   2   1  -1       0.43630888
    1   2   1   0       0.44733759
    1   2   1   1       0.47985202
    2   1   0   0       0.85205424
    2   2   1  -1       0.64611775
    2   2   1   0       0.82613107
    2   2   1   1       0.81450710
    3   1   0   0       0.56000374
    3   2   1  -1       0.40447883
    3   2   1   0       0.43906229
    3   2   1   1       0.44089061
    4   1   0   0       0.61818741
    4   2   1  -1       0.49146772
    4   2   1   0       0.46651100
    4   2   1   1       0.52683158
    5   1   0   0       0.60091194
    5   2   1  -1       0.46977413
    5   2   1   0       0.46424831
    5   2   1   1       0.49262178
    6   1   0   0       0.52247606
    6   2   1  -1       0.35317289
    6   2   1   0       0.41231341
    6   2   1   1       0.37085896
    7   1   0   0       0.88146085
    7   2   1  -1       0.79017248
    7   2   1   0       0.84271013
    7   2   1   1       0.77113680
    8   1   0   0       0.87354010
    8   2   1  -1       0.80681660
    8   2   1   0       0.71214053
    8   2   1   1       0.85801755
    9   1   0   0       0.61751699
    9   2   1  -1       0.48898901
    9   2   1   0       0.45583380
    9   2   1   1       0.51766066
   10   1   0   0       0.58127367
   10   2   1  -1       0.42426826
   10   2   1   0       0.44770347
   10   2   1   1       0.47539980
   11   1   0   0       0.74924791
   11   2   1  -1       0.54517212
   11   2   1   0       0.56327648
   11   2   1   1       0.67076467
   12   1   0   0       0.74313531
   12   2   1  -1       0.70545520
   12   2   1   0       0.58372072
   12   2   1   1       0.47617526
   13   1   0   0       0.58173793
   13   2   1  -1       0.43770092
   13   2   1   0       0.45581822
   13   2   1   1       0.44697491
   14   1   0   0       0.61445348
   14   2   1  -1       0.47831921
   14   2   1   0       0.51403858
   14   2   1   1       0.47286857
   15   1   0   0       0.61279491
   15   2   1  -1       0.47630931
   15   2   1   0       0.47435673
   15   2   1   1       0.45937629
   16   1   0   0       0.61586051
   16   2   1  -1       0.48756502
   16   2   1   0       0.51665876
   16   2   1   1       0.48391778
   17   1   0   0       0.55404913
   17   2   1  -1       0.42934343
   17   2   1   0       0.41564110
   17   2   1   1       0.39553426
   18   1   0   0       0.94281965
   18   2   1  -1       0.92297276
   18   2   1   0       0.87864863
   18   2   1   1       0.87448391
   19   1   0   0       0.60591139
   19   2   1  -1       0.49462854
   19   2   1   0       0.53907159
   19   2   1   1       0.46516042
   20   1   0   0       0.52007926
   20   2   1  -1       0.39630133
   20   2   1   0       0.38600939
   20   2   1   1       0.36024884
   21   1   0   0       0.88177213
   21   2   1  -1       0.87920962
   21   2   1   0       0.79667702
   21   2   1   1       0.72823489
   22   1   0   0       0.87104487
   22   2   1  -1       0.70663333
   22   2   1   0       0.82317870
   22   2   1   1       0.83868575
   23   1   0   0       0.58756113
   23   2   1  -1       0.48479385
   23   2   1   0       0.43699576
   23   2   1   1       0.52114922
   24   1   0   0       0.57915876
   24   2   1  -1       0.44949976
   24   2   1   0       0.42627221
   24   2   1   1       0.45252571
   25   1   0   0       0.81677589
   25   2   1  -1       0.56195832
   25   2   1   0       0.69785296
   25   2   1   1       0.56864447
   26   1   0   0       0.47181804
   27   1   0   0       0.46495903
   28   1   0   0       0.47288364
   29   1   0   0       0.44032455
   30   1   0   0       0.31111774
   31   1   0   0       0.43459805
   32   1   0   0       0.44703948
   33   1   0   0       0.45141163
   34   1   0   0       0.44228125
   35   1   0   0       0.31272390

Spin  up
Fermi level:                        -0.1745450602 H           -4.7496 eV
Band energy:                       -30.1356713547 H         -820.0333 eV
TS:                                  0.0000000000 H            0.0000 eV
Band free energy (E-TS):           -30.1356713547 H         -820.0333 eV
Extrapolated E(0K):                -30.1356713547 H         -820.0333 eV
Input / Output electrons (up):     63.0000000000     63.0000000000

Spin  down
Fermi level:                        -0.1745450602 H           -4.7496 eV
Band energy:                       -30.1356713547 H         -820.0333 eV
TS:                                  0.0000000000 H            0.0000 eV
Band free energy (E-TS):           -30.1356713547 H         -820.0333 eV
Extrapolated E(0K):                -30.1356713547 H         -820.0333 eV
Input / Output electrons (down):     63.0000000000     63.0000000000

Energy H0:                         -60.3635376142 H        -1642.5754 eV
Energy SCC:                          0.0900773386 H            2.4511 eV
Energy SPIN:                         0.0000000000 H            0.0000 eV
Total Electronic energy:           -60.2803806540 H        -1640.3126 eV
Repulsive energy:                    1.1072569507 H           30.1300 eV
Total energy:                      -59.1731237033 H        -1610.1826 eV
Extrapolated to 0:                 -59.1731237033 H        -1610.1826 eV
Total Mermin free energy:          -59.1731237033 H        -1610.1826 eV
Force related energy:              -59.1731237033 H        -1610.1826 eV

SCC converged

Total Forces
    1     -0.000123536010     -0.000030060403     -0.000066126279
    2     -0.000073842706      0.000007140146     -0.000079016512
    3      0.000188063091     -0.000096791836      0.000017719685
    4     -0.000063404510     -0.000079356794     -0.000070669351
    5     -0.000103682629      0.000003213910     -0.000054905570
    6     -0.000155988403     -0.000009879963     -0.000078693564
    7     -0.000110222618      0.000017562197     -0.000058456610
    8     -0.000064452921     -0.000032757438     -0.000073181006
    9      0.000077461326     -0.000023046910     -0.000040458867
   10     -0.000011123362      0.000049977456     -0.000028656364
   11     -0.000053333164     -0.000071587195      0.000063748157
   12      0.000036992327      0.000013487840      0.000078956060
   13     -0.000066534454      0.000155579019      0.000081808723
   14      0.000164006186      0.000037983457     -0.000039724316
   15     -0.000013667996      0.000046485734      0.000038361705
   16      0.000186878598      0.000069857008      0.000215669970
   17     -0.000058059659     -0.000100294261     -0.000072114496
   18      0.000033077685      0.000135187694      0.000239082898
   19      0.000098924725      0.000047699135     -0.000086353756
   20     -0.000075647766      0.000019567783     -0.000115058946
   21      0.000107212729     -0.000192092321      0.000037267498
   22      0.000055805221      0.000058172356      0.000039722553
   23      0.000092681003     -0.000013146059     -0.000049200432
   24     -0.000174614334     -0.000052400390      0.000497732807
   25      0.000173619612      0.000010868125     -0.000282711591
   26     -0.000088390163      0.000092619288     -0.000033771025
   27     -0.000076897780     -0.000049915272      0.000044381400
   28     -0.000088789144      0.000025292913     -0.000041550502
   29     -0.000084684067     -0.000091778417     -0.000079116786
   30     -0.000068952847     -0.000075581941     -0.000075459858
   31      0.000065779202      0.000027510489     -0.000021427124
   32      0.000100837038     -0.000028701892     -0.000055651600
   33      0.000121197237      0.000072785606      0.000102120529
   34      0.000057976534      0.000104050204      0.000101076602
   35     -0.000004687982     -0.000047649265     -0.000055344031

Maximal derivative component:        0.497733E-03 au

Dipole moment:   -0.77085812    0.76003350    0.62820180 au
Dipole moment:   -1.95932606    1.93181263    1.59672985 Debye


