 Fermi distribution function

Calculation with static geometry


********************************************************************************
 iSCC Total electronic   Diff electronic      SCC error    
   17   -0.60184398E+02   -0.98239639E-10    0.39352946E-05
********************************************************************************

 Total charge:    -0.00000000

 Atomic gross charges (e)
 Atom           Charge
    1       0.04286582
    2      -0.27346362
    3       0.32155529
    4      -0.21839092
    5      -0.07208761
    6       0.67886917
    7      -0.56702277
    8      -0.50718886
    9      -0.13819942
   10       0.15385282
   11      -0.03408642
   12       0.00056453
   13       0.15291638
   14      -0.13281929
   15      -0.07176972
   16      -0.19976568
   17       0.41555214
   18      -0.23504869
   19      -0.22163268
   20       0.66844351
   21      -0.56952277
   22      -0.47960449
   23      -0.09596491
   24       0.18250209
   25      -0.30375909
   26       0.05685530
   27       0.06981846
   28       0.05431767
   29       0.11989966
   30       0.37803781
   31       0.12578795
   32       0.10605452
   33       0.10100301
   34       0.11684434
   35       0.37458649

Nr. of electrons (up):     63.00000000
Atom populations (up)
 Atom       Population
    1       1.97854624
    2       3.13419596
    3       1.83248166
    4       2.12834946
    5       2.05353415
    6       1.66664525
    7       3.27969023
    8       3.25464456
    9       2.04453631
   10       1.89878828
   11       2.49015888
   12       2.47590064
   13       1.91875584
   14       2.04127043
   15       2.06228121
   16       2.09631039
   17       1.78936756
   18       3.61650759
   19       2.12965315
   20       1.67310343
   21       3.28318728
   22       3.24082765
   23       2.09308631
   24       1.90552275
   25       2.66625641
   26       0.47137039
   27       0.46509270
   28       0.47275759
   29       0.43867629
   30       0.31088384
   31       0.43822935
   32       0.44807982
   33       0.44729811
   34       0.44137262
   35       0.31263767

l-shell populations (up)
 Atom Sh.   l       Population
    1   1   0       0.61488563
    1   2   1       1.36366061
    2   1   0       0.85202506
    2   2   1       2.28217091
    3   1   0       0.55865240
    3   2   1       1.27382926
    4   1   0       0.61845240
    4   2   1       1.50989706
    5   1   0       0.60005046
    5   2   1       1.45348369
    6   1   0       0.52120855
    6   2   1       1.14543670
    7   1   0       0.88146166
    7   2   1       2.39822858
    8   1   0       0.87376364
    8   2   1       2.38088092
    9   1   0       0.61724609
    9   2   1       1.42729022
   10   1   0       0.57595421
   10   2   1       1.32283406
   11   1   0       0.72172632
   11   2   1       1.76843256
   12   1   0       0.71530231
   12   2   1       1.76059833
   13   1   0       0.57648681
   13   2   1       1.34226903
   14   1   0       0.61427285
   14   2   1       1.42699758
   15   1   0       0.61311356
   15   2   1       1.44916765
   16   1   0       0.61566846
   16   2   1       1.48064193
   17   1   0       0.55360232
   17   2   1       1.23576524
   18   1   0       0.94281613
   18   2   1       2.67369146
   19   1   0       0.60527299
   19   2   1       1.52438016
   20   1   0       0.51898696
   20   2   1       1.15411647
   21   1   0       0.88182461
   21   2   1       2.40136267
   22   1   0       0.87102091
   22   2   1       2.36980674
   23   1   0       0.58812397
   23   2   1       1.50496234
   24   1   0       0.57720815
   24   2   1       1.32831460
   25   1   0       0.81691201
   25   2   1       1.84934440
   26   1   0       0.47137039
   27   1   0       0.46509270
   28   1   0       0.47275759
   29   1   0       0.43867629
   30   1   0       0.31088384
   31   1   0       0.43822935
   32   1   0       0.44807982
   33   1   0       0.44729811
   34   1   0       0.44137262
   35   1   0       0.31263767

Orbital populations (up)
 Atom Sh.   l   m       Population
    1   1   0   0       0.61488563
    1   2   1  -1       0.47713952
    1   2   1   0       0.46551447
    1   2   1   1       0.42100663
    2   1   0   0       0.85202506
    2   2   1  -1       0.81447093
    2   2   1   0       0.83249806
    2   2   1   1       0.63520191
    3   1   0   0       0.55865240
    3   2   1  -1       0.43957718
    3   2   1   0       0.42514651
    3   2   1   1       0.40910558
    4   1   0   0       0.61845240
    4   2   1  -1       0.55018179
    4   2   1   0       0.46143020
    4   2   1   1       0.49828507
    5   1   0   0       0.60005046
    5   2   1  -1       0.51945879
    5   2   1   0       0.46061681
    5   2   1   1       0.47340809
    6   1   0   0       0.52120855
    6   2   1  -1       0.38017889
    6   2   1   0       0.40992929
    6   2   1   1       0.35532852
    7   1   0   0       0.88146166
    7   2   1  -1       0.76344588
    7   2   1   0       0.86516807
    7   2   1   1       0.76961462
    8   1   0   0       0.87376364
    8   2   1  -1       0.87942745
    8   2   1   0       0.67799496
    8   2   1   1       0.82345851
    9   1   0   0       0.61724609
    9   2   1  -1       0.49731044
    9   2   1   0       0.45728594
    9   2   1   1       0.47269383
   10   1   0   0       0.57595421
   10   2   1  -1       0.45368733
   10   2   1   0       0.41980080
   10   2   1   1       0.44934593
   11   1   0   0       0.72172632
   11   2   1  -1       0.59468818
   11   2   1   0       0.67931995
   11   2   1   1       0.49442442
   12   1   0   0       0.71530231
   12   2   1  -1       0.63762176
   12   2   1   0       0.55373134
   12   2   1   1       0.56924523
   13   1   0   0       0.57648681
   13   2   1  -1       0.40443460
   13   2   1   0       0.42758851
   13   2   1   1       0.51024593
   14   1   0   0       0.61427285
   14   2   1  -1       0.45098466
   14   2   1   0       0.48366449
   14   2   1   1       0.49234843
   15   1   0   0       0.61311356
   15   2   1  -1       0.47208312
   15   2   1   0       0.47857337
   15   2   1   1       0.49851115
   16   1   0   0       0.61566846
   16   2   1  -1       0.46688060
   16   2   1   0       0.49742126
   16   2   1   1       0.51634006
   17   1   0   0       0.55360232
   17   2   1  -1       0.44777561
   17   2   1   0       0.37516881
   17   2   1   1       0.41282081
   18   1   0   0       0.94281613
   18   2   1  -1       0.98314927
   18   2   1   0       0.81386248
   18   2   1   1       0.87667971
   19   1   0   0       0.60527299
   19   2   1  -1       0.46161792
   19   2   1   0       0.51214278
   19   2   1   1       0.55061947
   20   1   0   0       0.51898696
   20   2   1  -1       0.40479122
   20   2   1   0       0.37567098
   20   2   1   1       0.37365427
   21   1   0   0       0.88182461
   21   2   1  -1       0.80208963
   21   2   1   0       0.82046462
   21   2   1   1       0.77880842
   22   1   0   0       0.87102091
   22   2   1  -1       0.73421949
   22   2   1   0       0.81137666
   22   2   1   1       0.82421059
   23   1   0   0       0.58812397
   23   2   1  -1       0.57557017
   23   2   1   0       0.43699847
   23   2   1   1       0.49239370
   24   1   0   0       0.57720815
   24   2   1  -1       0.45540602
   24   2   1   0       0.42346926
   24   2   1   1       0.44943932
   25   1   0   0       0.81691201
   25   2   1  -1       0.58260758
   25   2   1   0       0.70231220
   25   2   1   1       0.56442462
   26   1   0   0       0.47137039
   27   1   0   0       0.46509270
   28   1   0   0       0.47275759
   29   1   0   0       0.43867629
   30   1   0   0       0.31088384
   31   1   0   0       0.43822935
   32   1   0   0       0.44807982
   33   1   0   0       0.44729811
   34   1   0   0       0.44137262
   35   1   0   0       0.31263767

Nr. of electrons (down):     63.00000000
Atom populations (down)
 Atom       Population
    1       1.97858794
    2       3.13926766
    3       1.84596305
    4       2.09004146
    5       2.01855346
    6       1.65448558
    7       3.28733254
    8       3.25254430
    9       2.09366311
   10       1.94735891
   11       2.54392755
   12       2.52353483
   13       1.92832778
   14       2.09154886
   15       2.00948851
   16       2.10345529
   17       1.79508030
   18       3.61854110
   19       2.09197953
   20       1.65845306
   21       3.28633549
   22       3.23877683
   23       2.00287860
   24       1.91197516
   25       2.63750268
   26       0.47177431
   27       0.46508884
   28       0.47292474
   29       0.44142405
   30       0.31107835
   31       0.43598270
   32       0.44586566
   33       0.45169888
   34       0.44178304
   35       0.31277584

l-shell populations (down)
 Atom Sh.   l       Population
    1   1   0       0.61484453
    1   2   1       1.36374341
    2   1   0       0.85207568
    2   2   1       2.28719198
    3   1   0       0.56083119
    3   2   1       1.28513186
    4   1   0       0.61712281
    4   2   1       1.47291865
    5   1   0       0.59881573
    5   2   1       1.41973773
    6   1   0       0.52171826
    6   2   1       1.13276732
    7   1   0       0.88162928
    7   2   1       2.40570326
    8   1   0       0.87386233
    8   2   1       2.37868197
    9   1   0       0.61907912
    9   2   1       1.47458399
   10   1   0       0.58337035
   10   2   1       1.36398855
   11   1   0       0.75314075
   11   2   1       1.79078680
   12   1   0       0.74705259
   12   2   1       1.77648224
   13   1   0       0.58243851
   13   2   1       1.34588927
   14   1   0       0.61646854
   14   2   1       1.47508032
   15   1   0       0.61041557
   15   2   1       1.39907294
   16   1   0       0.61650327
   16   2   1       1.48695203
   17   1   0       0.55452259
   17   2   1       1.24055771
   18   1   0       0.94279489
   18   2   1       2.67574621
   19   1   0       0.60421902
   19   2   1       1.48776051
   20   1   0       0.51940639
   20   2   1       1.13904666
   21   1   0       0.88193106
   21   2   1       2.40440442
   22   1   0       0.87109257
   22   2   1       2.36768427
   23   1   0       0.58334656
   23   2   1       1.41953203
   24   1   0       0.57977385
   24   2   1       1.33220131
   25   1   0       0.81654404
   25   2   1       1.82095865
   26   1   0       0.47177431
   27   1   0       0.46508884
   28   1   0       0.47292474
   29   1   0       0.44142405
   30   1   0       0.31107835
   31   1   0       0.43598270
   32   1   0       0.44586566
   33   1   0       0.45169888
   34   1   0       0.44178304
   35   1   0       0.31277584

Orbital populations (down)
 Atom Sh.   l   m       Population
    1   1   0   0       0.61484453
    1   2   1  -1       0.47701059
    1   2   1   0       0.46553396
    1   2   1   1       0.42119885
    2   1   0   0       0.85207568
    2   2   1  -1       0.81742043
    2   2   1   0       0.83256122
    2   2   1   1       0.63721034
    3   1   0   0       0.56083119
    3   2   1  -1       0.44300219
    3   2   1   0       0.42810380
    3   2   1   1       0.41402587
    4   1   0   0       0.61712281
    4   2   1  -1       0.52128185
    4   2   1   0       0.46084590
    4   2   1   1       0.49079089
    5   1   0   0       0.59881573
    5   2   1  -1       0.49010153
    5   2   1   0       0.46397194
    5   2   1   1       0.46566426
    6   1   0   0       0.52171826
    6   2   1  -1       0.36930923
    6   2   1   0       0.41139034
    6   2   1   1       0.35206775
    7   1   0   0       0.88162928
    7   2   1  -1       0.75511830
    7   2   1   0       0.88058187
    7   2   1   1       0.77000309
    8   1   0   0       0.87386233
    8   2   1  -1       0.87711189
    8   2   1   0       0.67805363
    8   2   1   1       0.82351646
    9   1   0   0       0.61907912
    9   2   1  -1       0.52540085
    9   2   1   0       0.45796932
    9   2   1   1       0.49121382
   10   1   0   0       0.58337035
   10   2   1  -1       0.46494154
   10   2   1   0       0.44239957
   10   2   1   1       0.45664744
   11   1   0   0       0.75314075
   11   2   1  -1       0.64402575
   11   2   1   0       0.65266399
   11   2   1   1       0.49409706
   12   1   0   0       0.74705259
   12   2   1  -1       0.58473169
   12   2   1   0       0.56626057
   12   2   1   1       0.62548998
   13   1   0   0       0.58243851
   13   2   1  -1       0.43533124
   13   2   1   0       0.43787165
   13   2   1   1       0.47268638
   14   1   0   0       0.61646854
   14   2   1  -1       0.45297716
   14   2   1   0       0.50221904
   14   2   1   1       0.51988412
   15   1   0   0       0.61041557
   15   2   1  -1       0.47138067
   15   2   1   0       0.46181205
   15   2   1   1       0.46588022
   16   1   0   0       0.61650327
   16   2   1  -1       0.46814381
   16   2   1   0       0.49746216
   16   2   1   1       0.52134606
   17   1   0   0       0.55452259
   17   2   1  -1       0.45124332
   17   2   1   0       0.37458300
   17   2   1   1       0.41473138
   18   1   0   0       0.94279489
   18   2   1  -1       0.98412425
   18   2   1   0       0.81384322
   18   2   1   1       0.87777874
   19   1   0   0       0.60421902
   19   2   1  -1       0.46153643
   19   2   1   0       0.50600496
   19   2   1   1       0.52021912
   20   1   0   0       0.51940639
   20   2   1  -1       0.40614675
   20   2   1   0       0.36781512
   20   2   1   1       0.36508480
   21   1   0   0       0.88193106
   21   2   1  -1       0.81721245
   21   2   1   0       0.80140775
   21   2   1   1       0.78578421
   22   1   0   0       0.87109257
   22   2   1  -1       0.73414581
   22   2   1   0       0.80769534
   22   2   1   1       0.82584312
   23   1   0   0       0.58334656
   23   2   1  -1       0.52381089
   23   2   1   0       0.43093098
   23   2   1   1       0.46479016
   24   1   0   0       0.57977385
   24   2   1  -1       0.45502466
   24   2   1   0       0.42588682
   24   2   1   1       0.45128983
   25   1   0   0       0.81654404
   25   2   1  -1       0.55956555
   25   2   1   0       0.70231088
   25   2   1   1       0.55908222
   26   1   0   0       0.47177431
   27   1   0   0       0.46508884
   28   1   0   0       0.47292474
   29   1   0   0       0.44142405
   30   1   0   0       0.31107835
   31   1   0   0       0.43598270
   32   1   0   0       0.44586566
   33   1   0   0       0.45169888
   34   1   0   0       0.44178304
   35   1   0   0       0.31277584

Spin  up
Fermi level:                        -0.1805317813 H           -4.9125 eV
Band energy:                       -30.2158681621 H         -822.2156 eV
TS:                                  0.0000000000 H            0.0000 eV
Band free energy (E-TS):           -30.2158681621 H         -822.2156 eV
Extrapolated E(0K):                -30.2158681621 H         -822.2156 eV
Input / Output electrons (up):     63.0000000000     63.0000000000

Spin  down
Fermi level:                        -0.1816090803 H           -4.9418 eV
Band energy:                       -30.2197946221 H         -822.3225 eV
TS:                                  0.0000000000 H            0.0000 eV
Band free energy (E-TS):           -30.2197946221 H         -822.3225 eV
Extrapolated E(0K):                -30.2197946221 H         -822.3225 eV
Input / Output electrons (down):     63.0000000000     63.0000000000

Energy H0:                         -60.2671755461 H        -1639.9533 eV
Energy SCC:                          0.0904516250 H            2.4613 eV
Energy SPIN:                        -0.0003462775 H           -0.0094 eV
Total Electronic energy:           -60.1843983243 H        -1637.7008 eV
Repulsive energy:                    1.1063324672 H           30.1048 eV
Total energy:                      -59.0780658571 H        -1607.5960 eV
Extrapolated to 0:                 -59.0780658571 H        -1607.5960 eV
Total Mermin free energy:          -59.0780658571 H        -1607.5960 eV
Force related energy:              -59.0780658571 H        -1607.5960 eV

SCC converged

Dipole moment:   -0.16883431    0.92424354    0.91065276 au
Dipole moment:   -0.42913406    2.34919294    2.31464861 Debye


