 Fermi distribution function

Geometry optimization step: 899


********************************************************************************
 iSCC Total electronic   Diff electronic      SCC error    
    1   -0.58439829E+02    0.00000000E+00    0.85995253E-05
********************************************************************************

Coordinates of moved atoms (au):
    1      0.43750562      7.28946800     -3.44696935
    2      1.63908670      6.46116841     -1.82696073
    3      3.17685368      5.46199870      0.19000949
    4      4.90773248      7.02962311      1.44178285
    5      6.39862883      6.06139729      3.38276255
    6      6.20506301      3.51501313      4.11820665
    7      7.86669898      2.53338398      6.18184334
    8      7.86068308      0.37110267      6.99938320
    9      9.49352923      4.28158094      7.17266429
   10      4.43658969      1.91742375      2.90094579
   11      4.25047775     -0.72715534      3.54713774
   12      4.09664800     -2.86745195      3.95031099
   13      2.88465961      2.90914279      0.94569513
   14      1.21849953      1.36076297     -0.48262545
   15     -0.00293280     -0.32257157      0.77973232
   16     -1.45050805     -2.03347191     -0.72031767
   17     -1.05379513     -2.40571830     -3.32648873
   18     -2.46730640     -4.20824489     -4.65693207
   19     -2.07784447     -4.64592872     -7.40730186
   20     -3.26828994     -6.18453218     -8.67417359
   21     -0.25816084     -3.19685412     -8.51521576
   22     -4.30308804     -5.66004961     -3.37910920
   23     -4.72628597     -5.33260211     -0.80297496
   24     -3.28688478     -3.53974561      0.50549782
   25     -3.69369306     -3.20572783      2.96648650
   26      5.09310221      8.99518294      0.88099177
   27      7.75021756      7.27272981      4.34018950
   28     10.49080933      3.48472060      8.49054330
   29      0.37456782     -1.29434327     -4.29808067
   30     -0.15942136     -3.62342345    -10.29645227
   31     -5.37478544     -7.04624281     -4.45007498
   32     -6.13036123     -6.44889409      0.19262446

 Total charge:    -0.00000000

 Atomic gross charges (e)
 Atom           Charge
    1      -0.26616387
    2       0.17099595
    3       0.04495246
    4      -0.08389343
    5      -0.08956360
    6      -0.07460050
    7       0.66097588
    8      -0.52477993
    9      -0.50977746
   10       0.04574137
   11       0.17907965
   12      -0.24970351
   13       0.13549894
   14      -0.11715985
   15      -0.06282643
   16       0.05214384
   17      -0.08307231
   18      -0.09660028
   19       0.68040949
   20      -0.56763963
   21      -0.50674520
   22      -0.05340039
   23      -0.18162024
   24       0.39602084
   25      -0.23182595
   26       0.10329390
   27       0.11387701
   28       0.38119635
   29       0.11905026
   30       0.37965348
   31       0.11983159
   32       0.11665160

Nr. of electrons (up):     61.00000000
Atom populations (up)
 Atom       Population
    1       2.63308193
    2       1.91450203
    3       1.97752377
    4       2.04194672
    5       2.04478180
    6       2.03730025
    7       1.66951206
    8       3.26238997
    9       3.25488873
   10       1.97712932
   11       1.91046017
   12       2.62485176
   13       1.93225053
   14       2.55857993
   15       2.53141322
   16       1.97392808
   17       2.04153615
   18       2.04830014
   19       1.65979525
   20       3.28381982
   21       3.25337260
   22       2.02670020
   23       2.09081012
   24       1.80198958
   25       3.61591297
   26       0.44835305
   27       0.44306150
   28       0.30940183
   29       0.44047487
   30       0.31017326
   31       0.44008421
   32       0.44167420

l-shell populations (up)
 Atom Sh.   l       Population
    1   1   0       0.81638128
    1   2   1       1.81670066
    2   1   0       0.58146130
    2   2   1       1.33304072
    3   1   0       0.58560471
    3   2   1       1.39191906
    4   1   0       0.61446245
    4   2   1       1.42748426
    5   1   0       0.61522349
    5   2   1       1.42955831
    6   1   0       0.60434521
    6   2   1       1.43295504
    7   1   0       0.52313586
    7   2   1       1.14637620
    8   1   0       0.87866864
    8   2   1       2.38372132
    9   1   0       0.87470080
    9   2   1       2.38018793
   10   1   0       0.58798530
   10   2   1       1.38914401
   11   1   0       0.57780383
   11   2   1       1.33265634
   12   1   0       0.81629365
   12   2   1       1.80855810
   13   1   0       0.58129431
   13   2   1       1.35095622
   14   1   0       0.76003394
   14   2   1       1.79854599
   15   1   0       0.76322599
   15   2   1       1.76818722
   16   1   0       0.57950620
   16   2   1       1.39442189
   17   1   0       0.61881082
   17   2   1       1.42272534
   18   1   0       0.60023306
   18   2   1       1.44806708
   19   1   0       0.52173160
   19   2   1       1.13806365
   20   1   0       0.88090884
   20   2   1       2.40291098
   21   1   0       0.87406934
   21   2   1       2.37930326
   22   1   0       0.61659270
   22   2   1       1.41010749
   23   1   0       0.61628243
   23   2   1       1.47452769
   24   1   0       0.55758828
   24   2   1       1.24440130
   25   1   0       0.94252984
   25   2   1       2.67338314
   26   1   0       0.44835305
   27   1   0       0.44306150
   28   1   0       0.30940183
   29   1   0       0.44047487
   30   1   0       0.31017326
   31   1   0       0.44008421
   32   1   0       0.44167420

Orbital populations (up)
 Atom Sh.   l   m       Population
    1   1   0   0       0.81638128
    1   2   1  -1       0.57945668
    1   2   1   0       0.63618612
    1   2   1   1       0.60105786
    2   1   0   0       0.58146130
    2   2   1  -1       0.44683831
    2   2   1   0       0.44062615
    2   2   1   1       0.44557626
    3   1   0   0       0.58560471
    3   2   1  -1       0.45928969
    3   2   1   0       0.46258472
    3   2   1   1       0.47004465
    4   1   0   0       0.61446245
    4   2   1  -1       0.47623145
    4   2   1   0       0.47561990
    4   2   1   1       0.47563291
    5   1   0   0       0.61522349
    5   2   1  -1       0.46427401
    5   2   1   0       0.47929967
    5   2   1   1       0.48598463
    6   1   0   0       0.60434521
    6   2   1  -1       0.46404242
    6   2   1   0       0.48561373
    6   2   1   1       0.48329888
    7   1   0   0       0.52313586
    7   2   1  -1       0.36092581
    7   2   1   0       0.39933221
    7   2   1   1       0.38611818
    8   1   0   0       0.87866864
    8   2   1  -1       0.73084405
    8   2   1   0       0.81286402
    8   2   1   1       0.84001325
    9   1   0   0       0.87470080
    9   2   1  -1       0.84206282
    9   2   1   0       0.77837161
    9   2   1   1       0.75975350
   10   1   0   0       0.58798530
   10   2   1  -1       0.44048909
   10   2   1   0       0.46827117
   10   2   1   1       0.48038376
   11   1   0   0       0.57780383
   11   2   1  -1       0.42504970
   11   2   1   0       0.45379860
   11   2   1   1       0.45380804
   12   1   0   0       0.81629365
   12   2   1  -1       0.69653168
   12   2   1   0       0.55359446
   12   2   1   1       0.55843196
   13   1   0   0       0.58129431
   13   2   1  -1       0.44118044
   13   2   1   0       0.44084207
   13   2   1   1       0.46893370
   14   1   0   0       0.76003394
   14   2   1  -1       0.51335594
   14   2   1   0       0.76636578
   14   2   1   1       0.51882426
   15   1   0   0       0.76322599
   15   2   1  -1       0.48774206
   15   2   1   0       0.77838138
   15   2   1   1       0.50206378
   16   1   0   0       0.57950620
   16   2   1  -1       0.47794219
   16   2   1   0       0.44335557
   16   2   1   1       0.47312413
   17   1   0   0       0.61881082
   17   2   1  -1       0.47729420
   17   2   1   0       0.46058367
   17   2   1   1       0.48484746
   18   1   0   0       0.60023306
   18   2   1  -1       0.48993945
   18   2   1   0       0.46734621
   18   2   1   1       0.49078142
   19   1   0   0       0.52173160
   19   2   1  -1       0.36596495
   19   2   1   0       0.40993012
   19   2   1   1       0.36216858
   20   1   0   0       0.88090884
   20   2   1  -1       0.73964096
   20   2   1   0       0.87529394
   20   2   1   1       0.78797608
   21   1   0   0       0.87406934
   21   2   1  -1       0.86964392
   21   2   1   0       0.68559356
   21   2   1   1       0.82406579
   22   1   0   0       0.61659270
   22   2   1  -1       0.47742166
   22   2   1   0       0.46170239
   22   2   1   1       0.47098345
   23   1   0   0       0.61628243
   23   2   1  -1       0.50121156
   23   2   1   0       0.47053597
   23   2   1   1       0.50278016
   24   1   0   0       0.55758828
   24   2   1  -1       0.45321620
   24   2   1   0       0.33191323
   24   2   1   1       0.45927188
   25   1   0   0       0.94252984
   25   2   1  -1       0.96314560
   25   2   1   0       0.74912761
   25   2   1   1       0.96110993
   26   1   0   0       0.44835305
   27   1   0   0       0.44306150
   28   1   0   0       0.30940183
   29   1   0   0       0.44047487
   30   1   0   0       0.31017326
   31   1   0   0       0.44008421
   32   1   0   0       0.44167420

Nr. of electrons (down):     61.00000000
Atom populations (down)
 Atom       Population
    1       2.63308193
    2       1.91450203
    3       1.97752377
    4       2.04194672
    5       2.04478180
    6       2.03730025
    7       1.66951206
    8       3.26238997
    9       3.25488873
   10       1.97712932
   11       1.91046017
   12       2.62485176
   13       1.93225053
   14       2.55857993
   15       2.53141322
   16       1.97392808
   17       2.04153615
   18       2.04830014
   19       1.65979525
   20       3.28381982
   21       3.25337260
   22       2.02670020
   23       2.09081012
   24       1.80198958
   25       3.61591297
   26       0.44835305
   27       0.44306150
   28       0.30940183
   29       0.44047487
   30       0.31017326
   31       0.44008421
   32       0.44167420

l-shell populations (down)
 Atom Sh.   l       Population
    1   1   0       0.81638128
    1   2   1       1.81670066
    2   1   0       0.58146130
    2   2   1       1.33304072
    3   1   0       0.58560471
    3   2   1       1.39191906
    4   1   0       0.61446245
    4   2   1       1.42748426
    5   1   0       0.61522349
    5   2   1       1.42955831
    6   1   0       0.60434521
    6   2   1       1.43295504
    7   1   0       0.52313586
    7   2   1       1.14637620
    8   1   0       0.87866864
    8   2   1       2.38372132
    9   1   0       0.87470080
    9   2   1       2.38018793
   10   1   0       0.58798530
   10   2   1       1.38914401
   11   1   0       0.57780383
   11   2   1       1.33265634
   12   1   0       0.81629365
   12   2   1       1.80855810
   13   1   0       0.58129431
   13   2   1       1.35095622
   14   1   0       0.76003394
   14   2   1       1.79854599
   15   1   0       0.76322599
   15   2   1       1.76818722
   16   1   0       0.57950620
   16   2   1       1.39442189
   17   1   0       0.61881082
   17   2   1       1.42272534
   18   1   0       0.60023306
   18   2   1       1.44806708
   19   1   0       0.52173160
   19   2   1       1.13806365
   20   1   0       0.88090884
   20   2   1       2.40291098
   21   1   0       0.87406934
   21   2   1       2.37930326
   22   1   0       0.61659270
   22   2   1       1.41010749
   23   1   0       0.61628243
   23   2   1       1.47452769
   24   1   0       0.55758828
   24   2   1       1.24440130
   25   1   0       0.94252984
   25   2   1       2.67338314
   26   1   0       0.44835305
   27   1   0       0.44306150
   28   1   0       0.30940183
   29   1   0       0.44047487
   30   1   0       0.31017326
   31   1   0       0.44008421
   32   1   0       0.44167420

Orbital populations (down)
 Atom Sh.   l   m       Population
    1   1   0   0       0.81638128
    1   2   1  -1       0.57945668
    1   2   1   0       0.63618612
    1   2   1   1       0.60105786
    2   1   0   0       0.58146130
    2   2   1  -1       0.44683831
    2   2   1   0       0.44062615
    2   2   1   1       0.44557626
    3   1   0   0       0.58560471
    3   2   1  -1       0.45928969
    3   2   1   0       0.46258472
    3   2   1   1       0.47004465
    4   1   0   0       0.61446245
    4   2   1  -1       0.47623145
    4   2   1   0       0.47561990
    4   2   1   1       0.47563291
    5   1   0   0       0.61522349
    5   2   1  -1       0.46427401
    5   2   1   0       0.47929967
    5   2   1   1       0.48598463
    6   1   0   0       0.60434521
    6   2   1  -1       0.46404242
    6   2   1   0       0.48561373
    6   2   1   1       0.48329888
    7   1   0   0       0.52313586
    7   2   1  -1       0.36092581
    7   2   1   0       0.39933221
    7   2   1   1       0.38611818
    8   1   0   0       0.87866864
    8   2   1  -1       0.73084405
    8   2   1   0       0.81286402
    8   2   1   1       0.84001325
    9   1   0   0       0.87470080
    9   2   1  -1       0.84206282
    9   2   1   0       0.77837161
    9   2   1   1       0.75975350
   10   1   0   0       0.58798530
   10   2   1  -1       0.44048909
   10   2   1   0       0.46827117
   10   2   1   1       0.48038376
   11   1   0   0       0.57780383
   11   2   1  -1       0.42504970
   11   2   1   0       0.45379860
   11   2   1   1       0.45380804
   12   1   0   0       0.81629365
   12   2   1  -1       0.69653168
   12   2   1   0       0.55359446
   12   2   1   1       0.55843196
   13   1   0   0       0.58129431
   13   2   1  -1       0.44118044
   13   2   1   0       0.44084207
   13   2   1   1       0.46893370
   14   1   0   0       0.76003394
   14   2   1  -1       0.51335594
   14   2   1   0       0.76636578
   14   2   1   1       0.51882426
   15   1   0   0       0.76322599
   15   2   1  -1       0.48774206
   15   2   1   0       0.77838138
   15   2   1   1       0.50206378
   16   1   0   0       0.57950620
   16   2   1  -1       0.47794219
   16   2   1   0       0.44335557
   16   2   1   1       0.47312413
   17   1   0   0       0.61881082
   17   2   1  -1       0.47729420
   17   2   1   0       0.46058367
   17   2   1   1       0.48484746
   18   1   0   0       0.60023306
   18   2   1  -1       0.48993945
   18   2   1   0       0.46734621
   18   2   1   1       0.49078142
   19   1   0   0       0.52173160
   19   2   1  -1       0.36596495
   19   2   1   0       0.40993012
   19   2   1   1       0.36216858
   20   1   0   0       0.88090884
   20   2   1  -1       0.73964096
   20   2   1   0       0.87529394
   20   2   1   1       0.78797608
   21   1   0   0       0.87406934
   21   2   1  -1       0.86964392
   21   2   1   0       0.68559356
   21   2   1   1       0.82406579
   22   1   0   0       0.61659270
   22   2   1  -1       0.47742166
   22   2   1   0       0.46170239
   22   2   1   1       0.47098345
   23   1   0   0       0.61628243
   23   2   1  -1       0.50121156
   23   2   1   0       0.47053597
   23   2   1   1       0.50278016
   24   1   0   0       0.55758828
   24   2   1  -1       0.45321620
   24   2   1   0       0.33191323
   24   2   1   1       0.45927188
   25   1   0   0       0.94252984
   25   2   1  -1       0.96314560
   25   2   1   0       0.74912761
   25   2   1   1       0.96110993
   26   1   0   0       0.44835305
   27   1   0   0       0.44306150
   28   1   0   0       0.30940183
   29   1   0   0       0.44047487
   30   1   0   0       0.31017326
   31   1   0   0       0.44008421
   32   1   0   0       0.44167420

Spin  up
Fermi level:                        -0.1874272392 H           -5.1002 eV
Band energy:                       -29.5008963854 H         -802.7602 eV
TS:                                  0.0000000000 H            0.0000 eV
Band free energy (E-TS):           -29.5008963854 H         -802.7602 eV
Extrapolated E(0K):                -29.5008963854 H         -802.7602 eV
Input / Output electrons (up):     61.0000000000     61.0000000000

Spin  down
Fermi level:                        -0.1874272392 H           -5.1002 eV
Band energy:                       -29.5008963854 H         -802.7602 eV
TS:                                  0.0000000000 H            0.0000 eV
Band free energy (E-TS):           -29.5008963854 H         -802.7602 eV
Extrapolated E(0K):                -29.5008963854 H         -802.7602 eV
Input / Output electrons (down):     61.0000000000     61.0000000000

Energy H0:                         -58.5208576771 H        -1592.4336 eV
Energy SCC:                          0.0872750320 H            2.3749 eV
Energy SPIN:                         0.0000000000 H            0.0000 eV
Total Electronic energy:           -58.4398286993 H        -1590.2286 eV
Repulsive energy:                    1.3161618587 H           35.8146 eV
Total energy:                      -57.1236668406 H        -1554.4141 eV
Extrapolated to 0:                 -57.1236668406 H        -1554.4141 eV
Total Mermin free energy:          -57.1236668406 H        -1554.4141 eV
Force related energy:              -57.1236668406 H        -1554.4141 eV

SCC converged

Full geometry written in opt.{xyz|gen}

Dipole moment:    0.78125191    1.28218296    0.17260749 au
Dipole moment:    1.98574445    3.25898426    0.43872450 Debye

Geometry converged

