 Fermi distribution function

Geometry optimization step: 759


********************************************************************************
 iSCC Total electronic   Diff electronic      SCC error    
    4   -0.60279946E+02   -0.21516655E-09    0.41665356E-05
********************************************************************************

Coordinates of moved atoms (au):
    1     12.24312854      5.51391473      0.83328237
    2     10.09376085      4.52494184     -0.42785498
    3      8.28471219      3.33569765      0.92883230
    4      8.38144037      3.04235334      3.56950554
    5      6.42176626      1.77038088      4.83535850
    6      6.60947941      1.48159821      7.63015978
    7      8.38765490      2.24748081      8.91349108
    8      4.62622002      0.29307247      8.76142407
    9      4.34278684      0.81325062      3.49227682
   10      4.21558510      1.13219622      0.85786978
   11      2.24583511     -0.09818597     -0.55300944
   12     -0.03745189      0.28253458     -0.00430598
   13     -0.81868424      2.30119783      1.60876850
   14     -0.39114281      4.81141916      0.83543775
   15     -1.47429442      6.81210818      2.16747263
   16     -3.00900147      6.36434993      4.26929535
   17     -3.46383958      3.86594724      5.00600053
   18     -4.91991037      3.46596698      7.02331338
   19     -2.42279771      1.78182952      3.70358561
   20     -2.76603807     -0.90303881      4.45859699
   21     -1.51407658     -2.64420647      3.54897003
   22     -4.54679185     -1.39256778      6.23317707
   23      6.20628185      2.34242710     -0.44870463
   24      6.07719319      2.66308058     -3.14841463
   25      5.95100766      2.92642628     -5.31099277
   26     13.29191081      4.01239123      1.81455419
   27     13.45894020      6.36291471     -0.60324188
   28     11.69893807      6.96996428      2.21308354
   29      9.94588037      3.75880723      4.68598963
   30      4.93893281      0.19146899     10.56576844
   31      2.86411564     -0.22287024      4.46711510
   32      0.77299739      5.17182867     -0.81516932
   33     -1.11795142      8.74218274      1.56509764
   34     -3.84655116      7.91022086      5.32378039
   35     -4.58724744     -3.19574768      6.56080444

 Total charge:     0.00000000

 Atomic gross charges (e)
 Atom           Charge
    1       0.04321204
    2      -0.27691463
    3       0.31048632
    4      -0.20556626
    5      -0.05561506
    6       0.68218257
    7      -0.56936398
    8      -0.50278658
    9      -0.15933671
   10       0.14471917
   11      -0.06205445
   12      -0.01985873
   13       0.15696005
   14      -0.15910499
   15      -0.04644790
   16      -0.20719281
   17       0.41030806
   18      -0.23754529
   19      -0.20808013
   20       0.67341713
   21      -0.56730433
   22      -0.47963361
   23      -0.05939098
   24       0.18487733
   25      -0.28853373
   26       0.05641295
   27       0.07030489
   28       0.05415397
   29       0.11915879
   30       0.37822470
   31       0.12749548
   32       0.10562513
   33       0.09715110
   34       0.11544022
   35       0.37460031

Nr. of electrons (up):     63.00000000
Atom populations (up)
 Atom       Population
    1       1.97839398
    2       3.13845732
    3       1.84475684
    4       2.10278313
    5       2.02780753
    6       1.65890872
    7       3.28468199
    8       3.25139329
    9       2.07966836
   10       1.92764041
   11       2.53102723
   12       2.50992937
   13       1.92151998
   14       2.07955249
   15       2.02322395
   16       2.10359641
   17       1.79484597
   18       3.61877264
   19       2.10404007
   20       1.66329143
   21       3.28365217
   22       3.23981681
   23       2.02969549
   24       1.90756134
   25       2.64426686
   26       0.47179353
   27       0.46484756
   28       0.47292302
   29       0.44042061
   30       0.31088765
   31       0.43625226
   32       0.44718744
   33       0.45142445
   34       0.44227989
   35       0.31269985

l-shell populations (up)
 Atom Sh.   l       Population
    1   1   0       0.61481120
    1   2   1       1.36358278
    2   1   0       0.85192787
    2   2   1       2.28652944
    3   1   0       0.56009169
    3   2   1       1.28466515
    4   1   0       0.61808979
    4   2   1       1.48469334
    5   1   0       0.60079718
    5   2   1       1.42701034
    6   1   0       0.52246101
    6   2   1       1.13644771
    7   1   0       0.88134879
    7   2   1       2.40333321
    8   1   0       0.87368671
    8   2   1       2.37770658
    9   1   0       0.61713396
    9   2   1       1.46253439
   10   1   0       0.58121813
   10   2   1       1.34642229
   11   1   0       0.75115609
   11   2   1       1.77987113
   12   1   0       0.74528809
   12   2   1       1.76464128
   13   1   0       0.58192537
   13   2   1       1.33959460
   14   1   0       0.61442102
   14   2   1       1.46513147
   15   1   0       0.61280685
   15   2   1       1.41041710
   16   1   0       0.61586538
   16   2   1       1.48773103
   17   1   0       0.55411197
   17   2   1       1.24073400
   18   1   0       0.94279748
   18   2   1       2.67597517
   19   1   0       0.60602168
   19   2   1       1.49801839
   20   1   0       0.52018387
   20   2   1       1.14310757
   21   1   0       0.88155780
   21   2   1       2.40209437
   22   1   0       0.87111928
   22   2   1       2.36869753
   23   1   0       0.58758590
   23   2   1       1.44210959
   24   1   0       0.57900326
   24   2   1       1.32855807
   25   1   0       0.81675219
   25   2   1       1.82751467
   26   1   0       0.47179353
   27   1   0       0.46484756
   28   1   0       0.47292302
   29   1   0       0.44042061
   30   1   0       0.31088765
   31   1   0       0.43625226
   32   1   0       0.44718744
   33   1   0       0.45142445
   34   1   0       0.44227989
   35   1   0       0.31269985

Orbital populations (up)
 Atom Sh.   l   m       Population
    1   1   0   0       0.61481120
    1   2   1  -1       0.47697710
    1   2   1   0       0.46554644
    1   2   1   1       0.42105924
    2   1   0   0       0.85192787
    2   2   1  -1       0.81715463
    2   2   1   0       0.83236916
    2   2   1   1       0.63700565
    3   1   0   0       0.56009169
    3   2   1  -1       0.44344354
    3   2   1   0       0.42744317
    3   2   1   1       0.41377843
    4   1   0   0       0.61808979
    4   2   1  -1       0.52894052
    4   2   1   0       0.46197251
    4   2   1   1       0.49378031
    5   1   0   0       0.60079718
    5   2   1  -1       0.49341374
    5   2   1   0       0.46498961
    5   2   1   1       0.46860699
    6   1   0   0       0.52246101
    6   2   1  -1       0.37126593
    6   2   1   0       0.41194031
    6   2   1   1       0.35324148
    7   1   0   0       0.88134879
    7   2   1  -1       0.75372084
    7   2   1   0       0.88033580
    7   2   1   1       0.76927657
    8   1   0   0       0.87368671
    8   2   1  -1       0.87668952
    8   2   1   0       0.67801358
    8   2   1   1       0.82300348
    9   1   0   0       0.61713396
    9   2   1  -1       0.51842866
    9   2   1   0       0.45759184
    9   2   1   1       0.48651389
   10   1   0   0       0.58121813
   10   2   1  -1       0.45257898
   10   2   1   0       0.44089101
   10   2   1   1       0.45295229
   11   1   0   0       0.75115609
   11   2   1  -1       0.64025213
   11   2   1   0       0.64777350
   11   2   1   1       0.49184550
   12   1   0   0       0.74528809
   12   2   1  -1       0.58036210
   12   2   1   0       0.56062346
   12   2   1   1       0.62365572
   13   1   0   0       0.58192537
   13   2   1  -1       0.43676624
   13   2   1   0       0.43416592
   13   2   1   1       0.46866244
   14   1   0   0       0.61442102
   14   2   1  -1       0.45155893
   14   2   1   0       0.49867452
   14   2   1   1       0.51489802
   15   1   0   0       0.61280685
   15   2   1  -1       0.47345660
   15   2   1   0       0.46577683
   15   2   1   1       0.47118367
   16   1   0   0       0.61586538
   16   2   1  -1       0.46791503
   16   2   1   0       0.49755290
   16   2   1   1       0.52226311
   17   1   0   0       0.55411197
   17   2   1  -1       0.45085254
   17   2   1   0       0.37471675
   17   2   1   1       0.41516471
   18   1   0   0       0.94279748
   18   2   1  -1       0.98411786
   18   2   1   0       0.81394610
   18   2   1   1       0.87791120
   19   1   0   0       0.60602168
   19   2   1  -1       0.46182204
   19   2   1   0       0.51023602
   19   2   1   1       0.52596033
   20   1   0   0       0.52018387
   20   2   1  -1       0.40704483
   20   2   1   0       0.36942626
   20   2   1   1       0.36663648
   21   1   0   0       0.88155780
   21   2   1  -1       0.81697722
   21   2   1   0       0.80059719
   21   2   1   1       0.78451996
   22   1   0   0       0.87111928
   22   2   1  -1       0.73422755
   22   2   1   0       0.80819584
   22   2   1   1       0.82627414
   23   1   0   0       0.58758590
   23   2   1  -1       0.53595623
   23   2   1   0       0.43354219
   23   2   1   1       0.47261118
   24   1   0   0       0.57900326
   24   2   1  -1       0.45347322
   24   2   1   0       0.42527637
   24   2   1   1       0.44980848
   25   1   0   0       0.81675219
   25   2   1  -1       0.56328114
   25   2   1   0       0.70266003
   25   2   1   1       0.56157350
   26   1   0   0       0.47179353
   27   1   0   0       0.46484756
   28   1   0   0       0.47292302
   29   1   0   0       0.44042061
   30   1   0   0       0.31088765
   31   1   0   0       0.43625226
   32   1   0   0       0.44718744
   33   1   0   0       0.45142445
   34   1   0   0       0.44227989
   35   1   0   0       0.31269985

Nr. of electrons (down):     63.00000000
Atom populations (down)
 Atom       Population
    1       1.97839398
    2       3.13845732
    3       1.84475684
    4       2.10278313
    5       2.02780753
    6       1.65890872
    7       3.28468199
    8       3.25139329
    9       2.07966836
   10       1.92764041
   11       2.53102723
   12       2.50992937
   13       1.92151998
   14       2.07955249
   15       2.02322395
   16       2.10359641
   17       1.79484597
   18       3.61877264
   19       2.10404007
   20       1.66329143
   21       3.28365217
   22       3.23981681
   23       2.02969549
   24       1.90756134
   25       2.64426686
   26       0.47179353
   27       0.46484756
   28       0.47292302
   29       0.44042061
   30       0.31088765
   31       0.43625226
   32       0.44718744
   33       0.45142445
   34       0.44227989
   35       0.31269985

l-shell populations (down)
 Atom Sh.   l       Population
    1   1   0       0.61481120
    1   2   1       1.36358278
    2   1   0       0.85192787
    2   2   1       2.28652944
    3   1   0       0.56009169
    3   2   1       1.28466515
    4   1   0       0.61808979
    4   2   1       1.48469334
    5   1   0       0.60079718
    5   2   1       1.42701034
    6   1   0       0.52246101
    6   2   1       1.13644771
    7   1   0       0.88134879
    7   2   1       2.40333321
    8   1   0       0.87368671
    8   2   1       2.37770658
    9   1   0       0.61713396
    9   2   1       1.46253439
   10   1   0       0.58121813
   10   2   1       1.34642229
   11   1   0       0.75115609
   11   2   1       1.77987113
   12   1   0       0.74528809
   12   2   1       1.76464128
   13   1   0       0.58192537
   13   2   1       1.33959460
   14   1   0       0.61442102
   14   2   1       1.46513147
   15   1   0       0.61280685
   15   2   1       1.41041710
   16   1   0       0.61586538
   16   2   1       1.48773103
   17   1   0       0.55411197
   17   2   1       1.24073400
   18   1   0       0.94279748
   18   2   1       2.67597517
   19   1   0       0.60602168
   19   2   1       1.49801839
   20   1   0       0.52018387
   20   2   1       1.14310757
   21   1   0       0.88155780
   21   2   1       2.40209437
   22   1   0       0.87111928
   22   2   1       2.36869753
   23   1   0       0.58758590
   23   2   1       1.44210959
   24   1   0       0.57900326
   24   2   1       1.32855807
   25   1   0       0.81675219
   25   2   1       1.82751467
   26   1   0       0.47179353
   27   1   0       0.46484756
   28   1   0       0.47292302
   29   1   0       0.44042061
   30   1   0       0.31088765
   31   1   0       0.43625226
   32   1   0       0.44718744
   33   1   0       0.45142445
   34   1   0       0.44227989
   35   1   0       0.31269985

Orbital populations (down)
 Atom Sh.   l   m       Population
    1   1   0   0       0.61481120
    1   2   1  -1       0.47697710
    1   2   1   0       0.46554644
    1   2   1   1       0.42105924
    2   1   0   0       0.85192787
    2   2   1  -1       0.81715463
    2   2   1   0       0.83236916
    2   2   1   1       0.63700565
    3   1   0   0       0.56009169
    3   2   1  -1       0.44344354
    3   2   1   0       0.42744317
    3   2   1   1       0.41377843
    4   1   0   0       0.61808979
    4   2   1  -1       0.52894052
    4   2   1   0       0.46197251
    4   2   1   1       0.49378031
    5   1   0   0       0.60079718
    5   2   1  -1       0.49341374
    5   2   1   0       0.46498961
    5   2   1   1       0.46860699
    6   1   0   0       0.52246101
    6   2   1  -1       0.37126593
    6   2   1   0       0.41194031
    6   2   1   1       0.35324148
    7   1   0   0       0.88134879
    7   2   1  -1       0.75372084
    7   2   1   0       0.88033580
    7   2   1   1       0.76927657
    8   1   0   0       0.87368671
    8   2   1  -1       0.87668952
    8   2   1   0       0.67801358
    8   2   1   1       0.82300348
    9   1   0   0       0.61713396
    9   2   1  -1       0.51842866
    9   2   1   0       0.45759184
    9   2   1   1       0.48651389
   10   1   0   0       0.58121813
   10   2   1  -1       0.45257898
   10   2   1   0       0.44089101
   10   2   1   1       0.45295229
   11   1   0   0       0.75115609
   11   2   1  -1       0.64025213
   11   2   1   0       0.64777350
   11   2   1   1       0.49184550
   12   1   0   0       0.74528809
   12   2   1  -1       0.58036210
   12   2   1   0       0.56062346
   12   2   1   1       0.62365572
   13   1   0   0       0.58192537
   13   2   1  -1       0.43676624
   13   2   1   0       0.43416592
   13   2   1   1       0.46866244
   14   1   0   0       0.61442102
   14   2   1  -1       0.45155893
   14   2   1   0       0.49867452
   14   2   1   1       0.51489802
   15   1   0   0       0.61280685
   15   2   1  -1       0.47345660
   15   2   1   0       0.46577683
   15   2   1   1       0.47118367
   16   1   0   0       0.61586538
   16   2   1  -1       0.46791503
   16   2   1   0       0.49755290
   16   2   1   1       0.52226311
   17   1   0   0       0.55411197
   17   2   1  -1       0.45085254
   17   2   1   0       0.37471675
   17   2   1   1       0.41516471
   18   1   0   0       0.94279748
   18   2   1  -1       0.98411786
   18   2   1   0       0.81394610
   18   2   1   1       0.87791120
   19   1   0   0       0.60602168
   19   2   1  -1       0.46182204
   19   2   1   0       0.51023602
   19   2   1   1       0.52596033
   20   1   0   0       0.52018387
   20   2   1  -1       0.40704483
   20   2   1   0       0.36942626
   20   2   1   1       0.36663648
   21   1   0   0       0.88155780
   21   2   1  -1       0.81697722
   21   2   1   0       0.80059719
   21   2   1   1       0.78451996
   22   1   0   0       0.87111928
   22   2   1  -1       0.73422755
   22   2   1   0       0.80819584
   22   2   1   1       0.82627414
   23   1   0   0       0.58758590
   23   2   1  -1       0.53595623
   23   2   1   0       0.43354219
   23   2   1   1       0.47261118
   24   1   0   0       0.57900326
   24   2   1  -1       0.45347322
   24   2   1   0       0.42527637
   24   2   1   1       0.44980848
   25   1   0   0       0.81675219
   25   2   1  -1       0.56328114
   25   2   1   0       0.70266003
   25   2   1   1       0.56157350
   26   1   0   0       0.47179353
   27   1   0   0       0.46484756
   28   1   0   0       0.47292302
   29   1   0   0       0.44042061
   30   1   0   0       0.31088765
   31   1   0   0       0.43625226
   32   1   0   0       0.44718744
   33   1   0   0       0.45142445
   34   1   0   0       0.44227989
   35   1   0   0       0.31269985

Spin  up
Fermi level:                        -0.1749995654 H           -4.7620 eV
Band energy:                       -30.1669882647 H         -820.8855 eV
TS:                                  0.0000000000 H            0.0000 eV
Band free energy (E-TS):           -30.1669882647 H         -820.8855 eV
Extrapolated E(0K):                -30.1669882647 H         -820.8855 eV
Input / Output electrons (up):     63.0000000000     63.0000000000

Spin  down
Fermi level:                        -0.1749995654 H           -4.7620 eV
Band energy:                       -30.1669882647 H         -820.8855 eV
TS:                                  0.0000000000 H            0.0000 eV
Band free energy (E-TS):           -30.1669882647 H         -820.8855 eV
Extrapolated E(0K):                -30.1669882647 H         -820.8855 eV
Input / Output electrons (down):     63.0000000000     63.0000000000

Energy H0:                         -60.3631333548 H        -1642.5644 eV
Energy SCC:                          0.0899781770 H            2.4484 eV
Energy SPIN:                         0.0000000000 H            0.0000 eV
Total Electronic energy:           -60.2799463270 H        -1640.3008 eV
Repulsive energy:                    1.1063324674 H           30.1048 eV
Total energy:                      -59.1736138597 H        -1610.1960 eV
Extrapolated to 0:                 -59.1736138597 H        -1610.1960 eV
Total Mermin free energy:          -59.1736138597 H        -1610.1960 eV
Force related energy:              -59.1736138597 H        -1610.1960 eV

SCC converged

Full geometry written in opt.{xyz|gen}

Dipole moment:    0.06357742    0.99169815    0.93530335 au
Dipole moment:    0.16159768    2.52064548    2.37730417 Debye

Geometry converged

