 Fermi distribution function

Calculation with static geometry


********************************************************************************
 iSCC Total electronic   Diff electronic      SCC error    
   17   -0.60711587E+02   -0.40827786E-10    0.50294885E-05
********************************************************************************

 Total charge:    -0.00000000

 Atomic gross charges (e)
 Atom           Charge
    1      -0.24084289
    2       0.00481400
    3      -0.08936835
    4      -0.09219800
    5       0.67703001
    6      -0.58326943
    7      -0.51899614
    8      -0.07602820
    9      -0.12613078
   10       0.15417639
   11      -0.05013962
   12      -0.07320100
   13       0.17201455
   14      -0.11412085
   15      -0.08855737
   16       0.66899681
   17      -0.50933863
   18      -0.47896076
   19      -0.15659369
   20       0.06692569
   21       0.04087970
   22      -0.09826850
   23      -0.07138102
   24      -0.07556543
   25      -0.07108905
   26      -0.09685656
   27      -0.15482120
   28       0.08951258
   29       0.08937940
   30       0.09562051
   31       0.10875981
   32       0.37701395
   33       0.10407005
   34       0.09173640
   35       0.11527022
   36       0.35243722
   37       0.06802064
   38       0.07669065
   39       0.08002080
   40       0.08076571
   41       0.08006696
   42       0.07843103
   43       0.09309441

Nr. of electrons (up):     67.00000000
Atom populations (up)
 Atom       Population
    1       2.11614997
    2       2.02762396
    3       2.04413909
    4       2.08487460
    5       1.66544859
    6       3.30047165
    7       3.26112810
    8       2.02983571
    9       2.08486393
   10       1.89920579
   11       2.46141578
   12       2.48009840
   13       1.89156681
   14       2.08009556
   15       2.03317297
   16       1.66523528
   17       3.24400428
   18       3.23694429
   19       2.12839504
   20       1.95974460
   21       1.98014383
   22       2.04891091
   23       2.03574592
   24       2.03760673
   25       2.03560716
   26       2.04816054
   27       2.11867424
   28       0.45535404
   29       0.45657339
   30       0.45327483
   31       0.44575217
   32       0.31140715
   33       0.44577737
   34       0.45270730
   35       0.44069198
   36       0.32388291
   37       0.46319685
   38       0.46167483
   39       0.45998331
   40       0.45962932
   41       0.45995774
   42       0.46079442
   43       0.45007865

l-shell populations (up)
 Atom Sh.   l       Population
    1   1   0       0.63830504
    1   2   1       1.47784493
    2   1   0       0.59664663
    2   2   1       1.43097733
    3   1   0       0.61527271
    3   2   1       1.42886638
    4   1   0       0.60037101
    4   2   1       1.48450359
    5   1   0       0.52180575
    5   2   1       1.14364284
    6   1   0       0.88174720
    6   2   1       2.41872445
    7   1   0       0.87516422
    7   2   1       2.38596388
    8   1   0       0.61279251
    8   2   1       1.41704321
    9   1   0       0.61536664
    9   2   1       1.46949728
   10   1   0       0.57300823
   10   2   1       1.32619756
   11   1   0       0.74242695
   11   2   1       1.71898883
   12   1   0       0.74596988
   12   2   1       1.73412852
   13   1   0       0.56964625
   13   2   1       1.32192055
   14   1   0       0.61765384
   14   2   1       1.46244172
   15   1   0       0.60402814
   15   2   1       1.42914483
   16   1   0       0.52368810
   16   2   1       1.14154718
   17   1   0       0.87783838
   17   2   1       2.36616590
   18   1   0       0.86797881
   18   2   1       2.36896548
   19   1   0       0.61676533
   19   2   1       1.51162971
   20   1   0       0.58898119
   20   2   1       1.37076341
   21   1   0       0.59119273
   21   2   1       1.38895110
   22   1   0       0.61392185
   22   2   1       1.43498905
   23   1   0       0.61098409
   23   2   1       1.42476183
   24   1   0       0.61141116
   24   2   1       1.42619557
   25   1   0       0.61102520
   25   2   1       1.42458196
   26   1   0       0.61399764
   26   2   1       1.43416290
   27   1   0       0.62046349
   27   2   1       1.49821075
   28   1   0       0.45535404
   29   1   0       0.45657339
   30   1   0       0.45327483
   31   1   0       0.44575217
   32   1   0       0.31140715
   33   1   0       0.44577737
   34   1   0       0.45270730
   35   1   0       0.44069198
   36   1   0       0.32388291
   37   1   0       0.46319685
   38   1   0       0.46167483
   39   1   0       0.45998331
   40   1   0       0.45962932
   41   1   0       0.45995774
   42   1   0       0.46079442
   43   1   0       0.45007865

Orbital populations (up)
 Atom Sh.   l   m       Population
    1   1   0   0       0.63830504
    1   2   1  -1       0.49927534
    1   2   1   0       0.47649310
    1   2   1   1       0.50207650
    2   1   0   0       0.59664663
    2   2   1  -1       0.46838450
    2   2   1   0       0.45221767
    2   2   1   1       0.51037517
    3   1   0   0       0.61527271
    3   2   1  -1       0.48290920
    3   2   1   0       0.45199933
    3   2   1   1       0.49395785
    4   1   0   0       0.60037101
    4   2   1  -1       0.48602857
    4   2   1   0       0.46395371
    4   2   1   1       0.53452132
    5   1   0   0       0.52180575
    5   2   1  -1       0.37931827
    5   2   1   0       0.37718855
    5   2   1   1       0.38713603
    6   1   0   0       0.88174720
    6   2   1  -1       0.72351429
    6   2   1   0       0.95784584
    6   2   1   1       0.73736432
    7   1   0   0       0.87516422
    7   2   1  -1       0.86150009
    7   2   1   0       0.62014316
    7   2   1   1       0.90432063
    8   1   0   0       0.61279251
    8   2   1  -1       0.46632373
    8   2   1   0       0.46873860
    8   2   1   1       0.48198088
    9   1   0   0       0.61536664
    9   2   1  -1       0.48327452
    9   2   1   0       0.44388100
    9   2   1   1       0.54234176
   10   1   0   0       0.57300823
   10   2   1  -1       0.44291009
   10   2   1   0       0.38322706
   10   2   1   1       0.50006041
   11   1   0   0       0.74242695
   11   2   1  -1       0.64512784
   11   2   1   0       0.48837704
   11   2   1   1       0.58548395
   12   1   0   0       0.74596988
   12   2   1  -1       0.64445379
   12   2   1   0       0.48917393
   12   2   1   1       0.60050081
   13   1   0   0       0.56964625
   13   2   1  -1       0.44857095
   13   2   1   0       0.38387950
   13   2   1   1       0.48947010
   14   1   0   0       0.61765384
   14   2   1  -1       0.49339707
   14   2   1   0       0.43822188
   14   2   1   1       0.53082277
   15   1   0   0       0.60402814
   15   2   1  -1       0.47321167
   15   2   1   0       0.46090201
   15   2   1   1       0.49503115
   16   1   0   0       0.52368810
   16   2   1  -1       0.37014007
   16   2   1   0       0.38538563
   16   2   1   1       0.38602148
   17   1   0   0       0.87783838
   17   2   1  -1       0.72366516
   17   2   1   0       0.93077581
   17   2   1   1       0.71172493
   18   1   0   0       0.86797881
   18   2   1  -1       0.67315425
   18   2   1   0       0.81783737
   18   2   1   1       0.87797386
   19   1   0   0       0.61676533
   19   2   1  -1       0.49848148
   19   2   1   0       0.46770099
   19   2   1   1       0.54544724
   20   1   0   0       0.58898119
   20   2   1  -1       0.45761022
   20   2   1   0       0.44683612
   20   2   1   1       0.46631707
   21   1   0   0       0.59119273
   21   2   1  -1       0.45817108
   21   2   1   0       0.46278232
   21   2   1   1       0.46799770
   22   1   0   0       0.61392185
   22   2   1  -1       0.47661014
   22   2   1   0       0.47552684
   22   2   1   1       0.48285207
   23   1   0   0       0.61098409
   23   2   1  -1       0.47094868
   23   2   1   0       0.47302970
   23   2   1   1       0.48078344
   24   1   0   0       0.61141116
   24   2   1  -1       0.47745341
   24   2   1   0       0.46904943
   24   2   1   1       0.47969273
   25   1   0   0       0.61102520
   25   2   1  -1       0.47301189
   25   2   1   0       0.47528776
   25   2   1   1       0.47628231
   26   1   0   0       0.61399764
   26   2   1  -1       0.47570714
   26   2   1   0       0.47213132
   26   2   1   1       0.48632444
   27   1   0   0       0.62046349
   27   2   1  -1       0.49180552
   27   2   1   0       0.47383385
   27   2   1   1       0.53257139
   28   1   0   0       0.45535404
   29   1   0   0       0.45657339
   30   1   0   0       0.45327483
   31   1   0   0       0.44575217
   32   1   0   0       0.31140715
   33   1   0   0       0.44577737
   34   1   0   0       0.45270730
   35   1   0   0       0.44069198
   36   1   0   0       0.32388291
   37   1   0   0       0.46319685
   38   1   0   0       0.46167483
   39   1   0   0       0.45998331
   40   1   0   0       0.45962932
   41   1   0   0       0.45995774
   42   1   0   0       0.46079442
   43   1   0   0       0.45007865

Nr. of electrons (down):     67.00000000
Atom populations (down)
 Atom       Population
    1       2.12469292
    2       1.96756204
    3       2.04522926
    4       2.00732340
    5       1.65752140
    6       3.28279778
    7       3.25786805
    8       2.04619248
    9       2.04126686
   10       1.94661782
   11       2.58872384
   12       2.59310261
   13       1.93641864
   14       2.03402529
   15       2.05538440
   16       1.66576791
   17       3.26533435
   18       3.24201647
   19       2.02819865
   20       1.97332971
   21       1.97897647
   22       2.04935760
   23       2.03563510
   24       2.03795870
   25       2.03548189
   26       2.04869602
   27       2.03614696
   28       0.45513338
   29       0.45404721
   30       0.45110466
   31       0.44548802
   32       0.31157891
   33       0.45015257
   34       0.45555630
   35       0.44403780
   36       0.32367988
   37       0.46878251
   38       0.46163453
   39       0.45999589
   40       0.45960497
   41       0.45997530
   42       0.46077455
   43       0.45682693

l-shell populations (down)
 Atom Sh.   l       Population
    1   1   0       0.63941733
    1   2   1       1.48527559
    2   1   0       0.59359912
    2   2   1       1.37396292
    3   1   0       0.61701489
    3   2   1       1.42821437
    4   1   0       0.59753761
    4   2   1       1.40978579
    5   1   0       0.52289600
    5   2   1       1.13462539
    6   1   0       0.88164110
    6   2   1       2.40115668
    7   1   0       0.87517143
    7   2   1       2.38269662
    8   1   0       0.61479664
    8   2   1       1.43139584
    9   1   0       0.61349095
    9   2   1       1.42777590
   10   1   0       0.57948288
   10   2   1       1.36713494
   11   1   0       0.76891661
   11   2   1       1.81980723
   12   1   0       0.77063684
   12   2   1       1.82246577
   13   1   0       0.57708329
   13   2   1       1.35933535
   14   1   0       0.61574480
   14   2   1       1.41828049
   15   1   0       0.60656219
   15   2   1       1.44882222
   16   1   0       0.52401087
   16   2   1       1.14175704
   17   1   0       0.87804444
   17   2   1       2.38728992
   18   1   0       0.86808185
   18   2   1       2.37393462
   19   1   0       0.61232694
   19   2   1       1.41587171
   20   1   0       0.59166297
   20   2   1       1.38166674
   21   1   0       0.59096758
   21   2   1       1.38800889
   22   1   0       0.61397148
   22   2   1       1.43538611
   23   1   0       0.61096941
   23   2   1       1.42466569
   24   1   0       0.61142805
   24   2   1       1.42653065
   25   1   0       0.61100587
   25   2   1       1.42447602
   26   1   0       0.61402821
   26   2   1       1.43466781
   27   1   0       0.61614563
   27   2   1       1.42000133
   28   1   0       0.45513338
   29   1   0       0.45404721
   30   1   0       0.45110466
   31   1   0       0.44548802
   32   1   0       0.31157891
   33   1   0       0.45015257
   34   1   0       0.45555630
   35   1   0       0.44403780
   36   1   0       0.32367988
   37   1   0       0.46878251
   38   1   0       0.46163453
   39   1   0       0.45999589
   40   1   0       0.45960497
   41   1   0       0.45997530
   42   1   0       0.46077455
   43   1   0       0.45682693

Orbital populations (down)
 Atom Sh.   l   m       Population
    1   1   0   0       0.63941733
    1   2   1  -1       0.50012008
    1   2   1   0       0.48246641
    1   2   1   1       0.50268909
    2   1   0   0       0.59359912
    2   2   1  -1       0.46216545
    2   2   1   0       0.45004003
    2   2   1   1       0.46175744
    3   1   0   0       0.61701489
    3   2   1  -1       0.48155311
    3   2   1   0       0.45560099
    3   2   1   1       0.49106027
    4   1   0   0       0.59753761
    4   2   1  -1       0.46314578
    4   2   1   0       0.46195521
    4   2   1   1       0.48468481
    5   1   0   0       0.52289600
    5   2   1  -1       0.37742420
    5   2   1   0       0.37806233
    5   2   1   1       0.37913887
    6   1   0   0       0.88164110
    6   2   1  -1       0.71933648
    6   2   1   0       0.95832313
    6   2   1   1       0.72349707
    7   1   0   0       0.87517143
    7   2   1  -1       0.86098481
    7   2   1   0       0.62028271
    7   2   1   1       0.90142909
    8   1   0   0       0.61479664
    8   2   1  -1       0.46952273
    8   2   1   0       0.47301517
    8   2   1   1       0.48885795
    9   1   0   0       0.61349095
    9   2   1  -1       0.48205804
    9   2   1   0       0.45611738
    9   2   1   1       0.48960048
   10   1   0   0       0.57948288
   10   2   1  -1       0.45441215
   10   2   1   0       0.42282130
   10   2   1   1       0.48990150
   11   1   0   0       0.76891661
   11   2   1  -1       0.51529773
   11   2   1   0       0.73834282
   11   2   1   1       0.56616668
   12   1   0   0       0.77063684
   12   2   1  -1       0.51738954
   12   2   1   0       0.73340799
   12   2   1   1       0.57166824
   13   1   0   0       0.57708329
   13   2   1  -1       0.45441321
   13   2   1   0       0.42372057
   13   2   1   1       0.48120157
   14   1   0   0       0.61574480
   14   2   1  -1       0.48253570
   14   2   1   0       0.45394021
   14   2   1   1       0.48180458
   15   1   0   0       0.60656219
   15   2   1  -1       0.47763322
   15   2   1   0       0.47040726
   15   2   1   1       0.50078174
   16   1   0   0       0.52401087
   16   2   1  -1       0.36989383
   16   2   1   0       0.38719150
   16   2   1   1       0.38467171
   17   1   0   0       0.87804444
   17   2   1  -1       0.72453436
   17   2   1   0       0.94882183
   17   2   1   1       0.71393372
   18   1   0   0       0.86808185
   18   2   1  -1       0.67384157
   18   2   1   0       0.82222313
   18   2   1   1       0.87786992
   19   1   0   0       0.61232694
   19   2   1  -1       0.46631985
   19   2   1   0       0.46305954
   19   2   1   1       0.48649231
   20   1   0   0       0.59166297
   20   2   1  -1       0.45961166
   20   2   1   0       0.45142062
   20   2   1   1       0.47063446
   21   1   0   0       0.59096758
   21   2   1  -1       0.45774444
   21   2   1   0       0.46267961
   21   2   1   1       0.46758483
   22   1   0   0       0.61397148
   22   2   1  -1       0.47683490
   22   2   1   0       0.47550495
   22   2   1   1       0.48304626
   23   1   0   0       0.61096941
   23   2   1  -1       0.47091097
   23   2   1   0       0.47299971
   23   2   1   1       0.48075501
   24   1   0   0       0.61142805
   24   2   1  -1       0.47753120
   24   2   1   0       0.46917958
   24   2   1   1       0.47981986
   25   1   0   0       0.61100587
   25   2   1  -1       0.47294333
   25   2   1   0       0.47525713
   25   2   1   1       0.47627556
   26   1   0   0       0.61402821
   26   2   1  -1       0.47590894
   26   2   1   0       0.47227578
   26   2   1   1       0.48648309
   27   1   0   0       0.61614563
   27   2   1  -1       0.47449233
   27   2   1   0       0.46963791
   27   2   1   1       0.47587108
   28   1   0   0       0.45513338
   29   1   0   0       0.45404721
   30   1   0   0       0.45110466
   31   1   0   0       0.44548802
   32   1   0   0       0.31157891
   33   1   0   0       0.45015257
   34   1   0   0       0.45555630
   35   1   0   0       0.44403780
   36   1   0   0       0.32367988
   37   1   0   0       0.46878251
   38   1   0   0       0.46163453
   39   1   0   0       0.45999589
   40   1   0   0       0.45960497
   41   1   0   0       0.45997530
   42   1   0   0       0.46077455
   43   1   0   0       0.45682693

Spin  up
Fermi level:                        -0.1858096636 H           -5.0561 eV
Band energy:                       -30.2032012487 H         -821.8709 eV
TS:                                  0.0000000000 H            0.0000 eV
Band free energy (E-TS):           -30.2032012487 H         -821.8709 eV
Extrapolated E(0K):                -30.2032012487 H         -821.8709 eV
Input / Output electrons (up):     67.0000000000     67.0000000000

Spin  down
Fermi level:                        -0.1891235401 H           -5.1463 eV
Band energy:                       -30.2127963955 H         -822.1320 eV
TS:                                  0.0000000000 H            0.0000 eV
Band free energy (E-TS):           -30.2127963955 H         -822.1320 eV
Extrapolated E(0K):                -30.2127963955 H         -822.1320 eV
Input / Output electrons (down):     67.0000000000     67.0000000000

Energy H0:                         -60.7761000067 H        -1653.8018 eV
Energy SCC:                          0.0728772219 H            1.9831 eV
Energy SPIN:                        -0.0008046604 H           -0.0219 eV
Total Electronic energy:           -60.7115865053 H        -1652.0463 eV
Repulsive energy:                    0.8543635875 H           23.2484 eV
Total energy:                      -59.8572229178 H        -1628.7979 eV
Extrapolated to 0:                 -59.8572229178 H        -1628.7979 eV
Total Mermin free energy:          -59.8572229178 H        -1628.7979 eV
Force related energy:              -59.8572229178 H        -1628.7979 eV

SCC converged

Dipole moment:    1.21701620    2.21575755    0.58685924 au
Dipole moment:    3.09334688    5.63189439    1.49164751 Debye


