 KPT            1  SPIN            1  KWEIGHT    1.0000000000000000     
     1   -28.954  1.00000
     2   -22.912  1.00000
     3   -19.673  1.00000
     4   -19.162  1.00000
     5   -18.988  1.00000
     6   -18.806  1.00000
     7   -17.942  1.00000
     8   -17.774  1.00000
     9   -17.097  1.00000
    10   -16.837  1.00000
    11   -16.798  1.00000
    12   -16.691  1.00000
    13   -16.533  1.00000
    14   -16.340  1.00000
    15   -15.599  1.00000
    16   -14.905  1.00000
    17   -13.925  1.00000
    18   -13.730  1.00000
    19   -13.538  1.00000
    20   -13.360  1.00000
    21   -13.259  1.00000
    22   -13.229  1.00000
    23   -12.699  1.00000
    24   -12.356  1.00000
    25   -11.594  1.00000
    26   -11.317  1.00000
    27   -11.077  1.00000
    28   -10.922  1.00000
    29   -10.768  1.00000
    30   -10.702  1.00000
    31   -10.447  1.00000
    32   -10.426  1.00000
    33   -10.338  1.00000
    34   -10.100  1.00000
    35    -9.931  1.00000
    36    -9.883  1.00000
    37    -9.797  1.00000
    38    -9.781  1.00000
    39    -9.574  1.00000
    40    -9.505  1.00000
    41    -9.400  1.00000
    42    -9.241  1.00000
    43    -9.113  1.00000
    44    -9.094  1.00000
    45    -8.999  1.00000
    46    -8.979  1.00000
    47    -8.881  1.00000
    48    -8.841  1.00000
    49    -8.705  1.00000
    50    -8.687  1.00000
    51    -8.477  1.00000
    52    -8.351  1.00000
    53    -8.198  1.00000
    54    -8.124  1.00000
    55    -7.766  1.00000
    56    -7.730  1.00000
    57    -7.661  1.00000
    58    -7.625  1.00000
    59    -7.489  1.00000
    60    -7.149  1.00000
    61    -6.931  1.00000
    62    -6.842  1.00000
    63    -6.727  1.00000
    64    -6.665  1.00000
    65    -6.571  1.00000
    66    -6.096  1.00000
    67    -6.003  1.00000
    68    -5.462  0.00000
    69    -3.397  1.00000
    70    -2.068  0.00000
    71    -1.591  0.00000
    72    -1.457  0.00000
    73    -1.330  0.00000
    74    -1.291  0.00000
    75    -1.037  0.00000
    76    -0.760  0.00000
    77    -0.353  0.00000
    78     2.029  0.00000
    79     2.423  0.00000
    80     2.621  0.00000
    81     3.006  0.00000
    82     8.434  0.00000
    83     8.566  0.00000
    84     8.637  0.00000
    85     8.832  0.00000
    86     9.414  0.00000
    87     9.447  0.00000
    88     9.557  0.00000
    89     9.638  0.00000
    90     9.930  0.00000
    91    10.112  0.00000
    92    10.146  0.00000
    93    10.433  0.00000
    94    11.353  0.00000
    95    13.123  0.00000
    96    13.687  0.00000
    97    14.075  0.00000
    98    14.199  0.00000
    99    14.289  0.00000
   100    14.548  0.00000
   101    14.550  0.00000
   102    14.654  0.00000
   103    15.191  0.00000
   104    15.915  0.00000
   105    16.878  0.00000
   106    17.430  0.00000
   107    18.307  0.00000
   108    18.948  0.00000
   109    19.100  0.00000
   110    19.923  0.00000
   111    20.067  0.00000
   112    20.174  0.00000
   113    20.462  0.00000
   114    20.523  0.00000
   115    20.912  0.00000
   116    21.124  0.00000
   117    21.267  0.00000
   118    22.000  0.00000
   119    22.098  0.00000
   120    22.213  0.00000
   121    22.483  0.00000
   122    23.126  0.00000
   123    24.421  0.00000
   124    25.298  0.00000
   125    25.888  0.00000
   126    26.463  0.00000
   127    27.048  0.00000
   128    29.023  0.00000
   129    29.893  0.00000
   130    30.001  0.00000
   131    30.148  0.00000

 KPT            1  SPIN            2  KWEIGHT    1.0000000000000000     
     1   -28.937  1.00000
     2   -23.058  1.00000
     3   -19.678  1.00000
     4   -19.156  1.00000
     5   -18.990  1.00000
     6   -18.795  1.00000
     7   -17.963  1.00000
     8   -17.764  1.00000
     9   -17.095  1.00000
    10   -16.812  1.00000
    11   -16.792  1.00000
    12   -16.691  1.00000
    13   -16.523  1.00000
    14   -16.343  1.00000
    15   -15.602  1.00000
    16   -14.911  1.00000
    17   -13.926  1.00000
    18   -13.725  1.00000
    19   -13.525  1.00000
    20   -13.362  1.00000
    21   -13.260  1.00000
    22   -13.232  1.00000
    23   -12.704  1.00000
    24   -12.362  1.00000
    25   -11.585  1.00000
    26   -11.354  1.00000
    27   -11.095  1.00000
    28   -10.918  1.00000
    29   -10.792  1.00000
    30   -10.698  1.00000
    31   -10.450  1.00000
    32   -10.425  1.00000
    33   -10.355  1.00000
    34   -10.105  1.00000
    35    -9.951  1.00000
    36    -9.897  1.00000
    37    -9.797  1.00000
    38    -9.776  1.00000
    39    -9.571  1.00000
    40    -9.495  1.00000
    41    -9.421  1.00000
    42    -9.244  1.00000
    43    -9.116  1.00000
    44    -9.096  1.00000
    45    -8.999  1.00000
    46    -8.974  1.00000
    47    -8.881  1.00000
    48    -8.824  1.00000
    49    -8.712  1.00000
    50    -8.676  1.00000
    51    -8.464  1.00000
    52    -8.344  1.00000
    53    -8.198  1.00000
    54    -8.111  1.00000
    55    -7.764  1.00000
    56    -7.730  1.00000
    57    -7.645  1.00000
    58    -7.626  1.00000
    59    -7.486  1.00000
    60    -7.149  1.00000
    61    -6.925  1.00000
    62    -6.841  1.00000
    63    -6.727  1.00000
    64    -6.659  1.00000
    65    -6.561  1.00000
    66    -6.098  1.00000
    67    -5.991  1.00000
    68    -5.581  1.00000
    69    -3.444  0.00000
    70    -2.055  0.00000
    71    -1.589  0.00000
    72    -1.460  0.00000
    73    -1.309  0.00000
    74    -1.280  0.00000
    75    -1.021  0.00000
    76    -0.753  0.00000
    77    -0.384  0.00000
    78     2.034  0.00000
    79     2.420  0.00000
    80     2.646  0.00000
    81     3.011  0.00000
    82     8.436  0.00000
    83     8.573  0.00000
    84     8.638  0.00000
    85     8.830  0.00000
    86     9.411  0.00000
    87     9.467  0.00000
    88     9.556  0.00000
    89     9.638  0.00000
    90     9.929  0.00000
    91    10.114  0.00000
    92    10.146  0.00000
    93    10.441  0.00000
    94    11.360  0.00000
    95    13.115  0.00000
    96    13.668  0.00000
    97    14.088  0.00000
    98    14.197  0.00000
    99    14.288  0.00000
   100    14.548  0.00000
   101    14.565  0.00000
   102    14.654  0.00000
   103    15.179  0.00000
   104    15.906  0.00000
   105    16.862  0.00000
   106    17.415  0.00000
   107    18.301  0.00000
   108    18.955  0.00000
   109    19.111  0.00000
   110    19.941  0.00000
   111    20.065  0.00000
   112    20.174  0.00000
   113    20.475  0.00000
   114    20.522  0.00000
   115    20.924  0.00000
   116    21.124  0.00000
   117    21.314  0.00000
   118    21.999  0.00000
   119    22.100  0.00000
   120    22.238  0.00000
   121    22.482  0.00000
   122    23.131  0.00000
   123    24.395  0.00000
   124    25.312  0.00000
   125    25.885  0.00000
   126    26.446  0.00000
   127    27.027  0.00000
   128    29.036  0.00000
   129    29.925  0.00000
   130    29.998  0.00000
   131    30.149  0.00000

