 Fermi distribution function

Calculation with static geometry


********************************************************************************
 iSCC Total electronic   Diff electronic      SCC error    
   15   -0.59529913E+02   -0.16788704E-09    0.78030692E-05
********************************************************************************

 Total charge:    -0.00000000

 Atomic gross charges (e)
 Atom           Charge
    1      -0.23687430
    2       0.00612174
    3      -0.10431663
    4      -0.12935781
    5       0.02016465
    6       0.05064290
    7      -0.10581105
    8      -0.07533545
    9      -0.08401746
   10      -0.07431830
   11      -0.09540449
   12      -0.05083583
   13       0.06348301
   14      -0.10249027
   15      -0.07888196
   16      -0.08193798
   17      -0.07103257
   18      -0.09390700
   19       0.13383065
   20      -0.06890018
   21      -0.06409001
   22       0.06381724
   23      -0.13367516
   24      -0.09785111
   25      -0.11139032
   26      -0.18614096
   27       0.35291913
   28      -0.26531363
   29       0.09403993
   30       0.08366200
   31       0.09913156
   32       0.08565959
   33       0.08652261
   34       0.07830434
   35       0.07664966
   36       0.07720573
   37       0.07692660
   38       0.08324591
   39       0.08120572
   40       0.07788259
   41       0.07860461
   42       0.07883148
   43       0.08401984
   44       0.09801566
   45       0.08843462
   46       0.08825327
   47       0.10430743

Nr. of electrons (up):     68.00000000
Atom populations (up)
 Atom       Population
    1       2.11550525
    2       2.01823528
    3       2.04304955
    4       2.10111781
    5       1.98314918
    6       1.97526664
    7       2.05253510
    8       2.03773746
    9       2.04174645
   10       2.03718821
   11       2.04735257
   12       2.05880816
   13       1.96163186
   14       2.04839246
   15       2.03938228
   16       2.03813408
   17       2.03337204
   18       2.04704485
   19       1.90524788
   20       2.46473937
   21       2.48709338
   22       1.94224601
   23       2.10838228
   24       2.03774528
   25       2.11232719
   26       2.09144894
   27       1.85915127
   28       3.63574215
   29       0.45433445
   30       0.45423755
   31       0.45025144
   32       0.45601420
   33       0.45445819
   34       0.46086289
   35       0.46166817
   36       0.46141274
   37       0.46153109
   38       0.45837778
   39       0.45904114
   40       0.46112609
   41       0.46078770
   42       0.46064450
   43       0.45797578
   44       0.44842420
   45       0.45432647
   46       0.45278793
   47       0.44796472

l-shell populations (up)
 Atom Sh.   l       Population
    1   1   0       0.63862739
    1   2   1       1.47687786
    2   1   0       0.59436837
    2   2   1       1.42386691
    3   1   0       0.61206051
    3   2   1       1.43098904
    4   1   0       0.61549396
    4   2   1       1.48562385
    5   1   0       0.59326253
    5   2   1       1.38988664
    6   1   0       0.59166092
    6   2   1       1.38360572
    7   1   0       0.61431793
    7   2   1       1.43821717
    8   1   0       0.61096270
    8   2   1       1.42677476
    9   1   0       0.61115713
    9   2   1       1.43058931
   10   1   0       0.61101181
   10   2   1       1.42617639
   11   1   0       0.61384073
   11   2   1       1.43351184
   12   1   0       0.60253823
   12   2   1       1.45626993
   13   1   0       0.59111549
   13   2   1       1.37051638
   14   1   0       0.61449406
   14   2   1       1.43389839
   15   1   0       0.61138834
   15   2   1       1.42799393
   16   1   0       0.61123970
   16   2   1       1.42689438
   17   1   0       0.61118266
   17   2   1       1.42218938
   18   1   0       0.61402243
   18   2   1       1.43302243
   19   1   0       0.57634268
   19   2   1       1.32890519
   20   1   0       0.73936389
   20   2   1       1.72537548
   21   1   0       0.74404530
   21   2   1       1.74304808
   22   1   0       0.57404760
   22   2   1       1.36819841
   23   1   0       0.61588269
   23   2   1       1.49249959
   24   1   0       0.60920675
   24   2   1       1.42853853
   25   1   0       0.61356789
   25   2   1       1.49875930
   26   1   0       0.61414403
   26   2   1       1.47730491
   27   1   0       0.55683349
   27   2   1       1.30231778
   28   1   0       0.94513802
   28   2   1       2.69060413
   29   1   0       0.45433445
   30   1   0       0.45423755
   31   1   0       0.45025144
   32   1   0       0.45601420
   33   1   0       0.45445819
   34   1   0       0.46086289
   35   1   0       0.46166817
   36   1   0       0.46141274
   37   1   0       0.46153109
   38   1   0       0.45837778
   39   1   0       0.45904114
   40   1   0       0.46112609
   41   1   0       0.46078770
   42   1   0       0.46064450
   43   1   0       0.45797578
   44   1   0       0.44842420
   45   1   0       0.45432647
   46   1   0       0.45278793
   47   1   0       0.44796472

Orbital populations (up)
 Atom Sh.   l   m       Population
    1   1   0   0       0.63862739
    1   2   1  -1       0.49874367
    1   2   1   0       0.48867546
    1   2   1   1       0.48945873
    2   1   0   0       0.59436837
    2   2   1  -1       0.46450044
    2   2   1   0       0.46462790
    2   2   1   1       0.49473857
    3   1   0   0       0.61206051
    3   2   1  -1       0.46456444
    3   2   1   0       0.48548187
    3   2   1   1       0.48094273
    4   1   0   0       0.61549396
    4   2   1  -1       0.47775606
    4   2   1   0       0.50430220
    4   2   1   1       0.50356560
    5   1   0   0       0.59326253
    5   2   1  -1       0.44969087
    5   2   1   0       0.47201615
    5   2   1   1       0.46817963
    6   1   0   0       0.59166092
    6   2   1  -1       0.45965179
    6   2   1   0       0.46874362
    6   2   1   1       0.45521031
    7   1   0   0       0.61431793
    7   2   1  -1       0.46957233
    7   2   1   0       0.49318409
    7   2   1   1       0.47546075
    8   1   0   0       0.61096270
    8   2   1  -1       0.47388149
    8   2   1   0       0.48614225
    8   2   1   1       0.46675103
    9   1   0   0       0.61115713
    9   2   1  -1       0.46846424
    9   2   1   0       0.48992165
    9   2   1   1       0.47220343
   10   1   0   0       0.61101181
   10   2   1  -1       0.46956670
   10   2   1   0       0.48428704
   10   2   1   1       0.47232265
   11   1   0   0       0.61384073
   11   2   1  -1       0.47618832
   11   2   1   0       0.49034544
   11   2   1   1       0.46697808
   12   1   0   0       0.60253823
   12   2   1  -1       0.46286868
   12   2   1   0       0.48956244
   12   2   1   1       0.50383881
   13   1   0   0       0.59111549
   13   2   1  -1       0.44923094
   13   2   1   0       0.44872054
   13   2   1   1       0.47256489
   14   1   0   0       0.61449406
   14   2   1  -1       0.46568662
   14   2   1   0       0.46912356
   14   2   1   1       0.49908821
   15   1   0   0       0.61138834
   15   2   1  -1       0.47202678
   15   2   1   0       0.45987145
   15   2   1   1       0.49609570
   16   1   0   0       0.61123970
   16   2   1  -1       0.46895687
   16   2   1   0       0.46250165
   16   2   1   1       0.49543586
   17   1   0   0       0.61118266
   17   2   1  -1       0.46426801
   17   2   1   0       0.46821266
   17   2   1   1       0.48970872
   18   1   0   0       0.61402243
   18   2   1  -1       0.47469615
   18   2   1   0       0.45748065
   18   2   1   1       0.50084563
   19   1   0   0       0.57634268
   19   2   1  -1       0.36515823
   19   2   1   0       0.47997624
   19   2   1   1       0.48377072
   20   1   0   0       0.73936389
   20   2   1  -1       0.46772354
   20   2   1   0       0.77097314
   20   2   1   1       0.48667880
   21   1   0   0       0.74404530
   21   2   1  -1       0.50209938
   21   2   1   0       0.73647815
   21   2   1   1       0.50447055
   22   1   0   0       0.57404760
   22   2   1  -1       0.38004809
   22   2   1   0       0.51545678
   22   2   1   1       0.47269354
   23   1   0   0       0.61588269
   23   2   1  -1       0.45995935
   23   2   1   0       0.53702085
   23   2   1   1       0.49551938
   24   1   0   0       0.60920675
   24   2   1  -1       0.46235400
   24   2   1   0       0.49532765
   24   2   1   1       0.47085688
   25   1   0   0       0.61356789
   25   2   1  -1       0.47689427
   25   2   1   0       0.53769780
   25   2   1   1       0.48416722
   26   1   0   0       0.61414403
   26   2   1  -1       0.46418208
   26   2   1   0       0.52349480
   26   2   1   1       0.48962803
   27   1   0   0       0.55683349
   27   2   1  -1       0.39435737
   27   2   1   0       0.47095605
   27   2   1   1       0.43700436
   28   1   0   0       0.94513802
   28   2   1  -1       0.86519909
   28   2   1   0       0.90808769
   28   2   1   1       0.91731735
   29   1   0   0       0.45433445
   30   1   0   0       0.45423755
   31   1   0   0       0.45025144
   32   1   0   0       0.45601420
   33   1   0   0       0.45445819
   34   1   0   0       0.46086289
   35   1   0   0       0.46166817
   36   1   0   0       0.46141274
   37   1   0   0       0.46153109
   38   1   0   0       0.45837778
   39   1   0   0       0.45904114
   40   1   0   0       0.46112609
   41   1   0   0       0.46078770
   42   1   0   0       0.46064450
   43   1   0   0       0.45797578
   44   1   0   0       0.44842420
   45   1   0   0       0.45432647
   46   1   0   0       0.45278793
   47   1   0   0       0.44796472

Nr. of electrons (down):     68.00000000
Atom populations (down)
 Atom       Population
    1       2.12136905
    2       1.97564298
    3       2.06126708
    4       2.02824000
    5       1.99668617
    6       1.97409046
    7       2.05327595
    8       2.03759799
    9       2.04227101
   10       2.03713009
   11       2.04805193
   12       1.99202767
   13       1.97488512
   14       2.05409782
   15       2.03949968
   16       2.04380390
   17       2.03766053
   18       2.04686214
   19       1.96092147
   20       2.60416082
   21       2.57699663
   22       1.99393675
   23       2.02529289
   24       2.06010583
   25       1.99906312
   26       2.09469202
   27       1.78792960
   28       3.62957148
   29       0.45162562
   30       0.46210046
   31       0.45061700
   32       0.45832621
   33       0.45901920
   34       0.46083277
   35       0.46168217
   36       0.46138153
   37       0.46154231
   38       0.45837631
   39       0.45975313
   40       0.46099132
   41       0.46060769
   42       0.46052401
   43       0.45800438
   44       0.45356015
   45       0.45723890
   46       0.45895880
   47       0.44772784

l-shell populations (down)
 Atom Sh.   l       Population
    1   1   0       0.63935737
    1   2   1       1.48201168
    2   1   0       0.59333606
    2   2   1       1.38230692
    3   1   0       0.61461594
    3   2   1       1.44665114
    4   1   0       0.61211350
    4   2   1       1.41612650
    5   1   0       0.59548765
    5   2   1       1.40119852
    6   1   0       0.59142117
    6   2   1       1.38266930
    7   1   0       0.61437919
    7   2   1       1.43889676
    8   1   0       0.61094218
    8   2   1       1.42665581
    9   1   0       0.61117968
    9   2   1       1.43109133
   10   1   0       0.61099497
   10   2   1       1.42613512
   11   1   0       0.61389371
   11   2   1       1.43415822
   12   1   0       0.59893139
   12   2   1       1.39309628
   13   1   0       0.59240089
   13   2   1       1.38248423
   14   1   0       0.61443758
   14   2   1       1.43966024
   15   1   0       0.61128006
   15   2   1       1.42821962
   16   1   0       0.61141344
   16   2   1       1.43239046
   17   1   0       0.61128534
   17   2   1       1.42637519
   18   1   0       0.61365735
   18   2   1       1.43320480
   19   1   0       0.58218398
   19   2   1       1.37873749
   20   1   0       0.76697844
   20   2   1       1.83718238
   21   1   0       0.76888772
   21   2   1       1.80810892
   22   1   0       0.58261884
   22   2   1       1.41131791
   23   1   0       0.61234006
   23   2   1       1.41295283
   24   1   0       0.61244315
   24   2   1       1.44766268
   25   1   0       0.60873721
   25   2   1       1.39032591
   26   1   0       0.61647401
   26   2   1       1.47821801
   27   1   0       0.55392318
   27   2   1       1.23400642
   28   1   0       0.94543775
   28   2   1       2.68413373
   29   1   0       0.45162562
   30   1   0       0.46210046
   31   1   0       0.45061700
   32   1   0       0.45832621
   33   1   0       0.45901920
   34   1   0       0.46083277
   35   1   0       0.46168217
   36   1   0       0.46138153
   37   1   0       0.46154231
   38   1   0       0.45837631
   39   1   0       0.45975313
   40   1   0       0.46099132
   41   1   0       0.46060769
   42   1   0       0.46052401
   43   1   0       0.45800438
   44   1   0       0.45356015
   45   1   0       0.45723890
   46   1   0       0.45895880
   47   1   0       0.44772784

Orbital populations (down)
 Atom Sh.   l   m       Population
    1   1   0   0       0.63935737
    1   2   1  -1       0.50071783
    1   2   1   0       0.48979008
    1   2   1   1       0.49150377
    2   1   0   0       0.59333606
    2   2   1  -1       0.45547231
    2   2   1   0       0.46453428
    2   2   1   1       0.46230034
    3   1   0   0       0.61461594
    3   2   1  -1       0.46943561
    3   2   1   0       0.48986432
    3   2   1   1       0.48735122
    4   1   0   0       0.61211350
    4   2   1  -1       0.46997823
    4   2   1   0       0.47192209
    4   2   1   1       0.47422618
    5   1   0   0       0.59548765
    5   2   1  -1       0.45365744
    5   2   1   0       0.47584453
    5   2   1   1       0.47169655
    6   1   0   0       0.59142117
    6   2   1  -1       0.45949856
    6   2   1   0       0.46833775
    6   2   1   1       0.45483298
    7   1   0   0       0.61437919
    7   2   1  -1       0.46971179
    7   2   1   0       0.49352915
    7   2   1   1       0.47565581
    8   1   0   0       0.61094218
    8   2   1  -1       0.47386124
    8   2   1   0       0.48608270
    8   2   1   1       0.46671187
    9   1   0   0       0.61117968
    9   2   1  -1       0.46858974
    9   2   1   0       0.49020763
    9   2   1   1       0.47229396
   10   1   0   0       0.61099497
   10   2   1  -1       0.46953849
   10   2   1   0       0.48429485
   10   2   1   1       0.47230178
   11   1   0   0       0.61389371
   11   2   1  -1       0.47640260
   11   2   1   0       0.49068596
   11   2   1   1       0.46706965
   12   1   0   0       0.59893139
   12   2   1  -1       0.45572740
   12   2   1   0       0.47182766
   12   2   1   1       0.46554122
   13   1   0   0       0.59240089
   13   2   1  -1       0.45322842
   13   2   1   0       0.45105188
   13   2   1   1       0.47820393
   14   1   0   0       0.61443758
   14   2   1  -1       0.46441329
   14   2   1   0       0.46980016
   14   2   1   1       0.50544679
   15   1   0   0       0.61128006
   15   2   1  -1       0.47223354
   15   2   1   0       0.46000030
   15   2   1   1       0.49598578
   16   1   0   0       0.61141344
   16   2   1  -1       0.46985168
   16   2   1   0       0.46285015
   16   2   1   1       0.49968863
   17   1   0   0       0.61128534
   17   2   1  -1       0.46437201
   17   2   1   0       0.46846413
   17   2   1   1       0.49353905
   18   1   0   0       0.61365735
   18   2   1  -1       0.47458877
   18   2   1   0       0.45713585
   18   2   1   1       0.50148018
   19   1   0   0       0.58218398
   19   2   1  -1       0.41675847
   19   2   1   0       0.48060833
   19   2   1   1       0.48137070
   20   1   0   0       0.76697844
   20   2   1  -1       0.67533637
   20   2   1   0       0.57906204
   20   2   1   1       0.58278396
   21   1   0   0       0.76888772
   21   2   1  -1       0.66378911
   21   2   1   0       0.55735765
   21   2   1   1       0.58696216
   22   1   0   0       0.58261884
   22   2   1  -1       0.42144924
   22   2   1   0       0.51451273
   22   2   1   1       0.47535595
   23   1   0   0       0.61234006
   23   2   1  -1       0.45711949
   23   2   1   0       0.48293521
   23   2   1   1       0.47289812
   24   1   0   0       0.61244315
   24   2   1  -1       0.46728884
   24   2   1   0       0.50443207
   24   2   1   1       0.47594177
   25   1   0   0       0.60873721
   25   2   1  -1       0.46640891
   25   2   1   0       0.46405952
   25   2   1   1       0.45985748
   26   1   0   0       0.61647401
   26   2   1  -1       0.46696703
   26   2   1   0       0.52124196
   26   2   1   1       0.49000903
   27   1   0   0       0.55392318
   27   2   1  -1       0.38955957
   27   2   1   0       0.42784171
   27   2   1   1       0.41660515
   28   1   0   0       0.94543775
   28   2   1  -1       0.86602855
   28   2   1   0       0.90255872
   28   2   1   1       0.91554646
   29   1   0   0       0.45162562
   30   1   0   0       0.46210046
   31   1   0   0       0.45061700
   32   1   0   0       0.45832621
   33   1   0   0       0.45901920
   34   1   0   0       0.46083277
   35   1   0   0       0.46168217
   36   1   0   0       0.46138153
   37   1   0   0       0.46154231
   38   1   0   0       0.45837631
   39   1   0   0       0.45975313
   40   1   0   0       0.46099132
   41   1   0   0       0.46060769
   42   1   0   0       0.46052401
   43   1   0   0       0.45800438
   44   1   0   0       0.45356015
   45   1   0   0       0.45723890
   46   1   0   0       0.45895880
   47   1   0   0       0.44772784

Spin  up
Fermi level:                        -0.1627670710 H           -4.4291 eV
Band energy:                       -28.9245681119 H         -787.0775 eV
TS:                                  0.0000000000 H            0.0000 eV
Band free energy (E-TS):           -28.9245681119 H         -787.0775 eV
Extrapolated E(0K):                -28.9245681119 H         -787.0775 eV
Input / Output electrons (up):     68.0000000000     68.0000000000

Spin  down
Fermi level:                        -0.1658305676 H           -4.5125 eV
Band energy:                       -28.9332973437 H         -787.3151 eV
TS:                                  0.0000000000 H            0.0000 eV
Band free energy (E-TS):           -28.9332973437 H         -787.3151 eV
Extrapolated E(0K):                -28.9332973437 H         -787.3151 eV
Input / Output electrons (down):     68.0000000000     68.0000000000

Energy H0:                         -59.5467085531 H        -1620.3484 eV
Energy SCC:                          0.0184049643 H            0.5008 eV
Energy SPIN:                        -0.0008644448 H           -0.0235 eV
Total Electronic energy:           -59.5299132872 H        -1619.8914 eV
Repulsive energy:                    0.6205910638 H           16.8871 eV
Total energy:                      -58.9093222233 H        -1603.0042 eV
Extrapolated to 0:                 -58.9093222233 H        -1603.0042 eV
Total Mermin free energy:          -58.9093222233 H        -1603.0042 eV
Force related energy:              -58.9093222233 H        -1603.0042 eV

SCC converged

Dipole moment:   -0.53818182   -0.04499756    0.25673253 au
Dipole moment:   -1.36792186   -0.11437241    0.65254906 Debye


