 Fermi distribution function

Calculation with static geometry


********************************************************************************
 iSCC Total electronic   Diff electronic      SCC error    
   17   -0.51657943E+02   -0.71402440E-10    0.71218591E-05
********************************************************************************

 Total charge:    -0.00000000

 Atomic gross charges (e)
 Atom           Charge
    1       0.04350362
    2      -0.25103806
    3       0.19101583
    4       0.29476986
    5      -0.26722614
    6      -0.17762274
    7      -0.07705808
    8      -0.15330523
    9       0.10749116
   10      -0.09694329
   11      -0.12999078
   12       0.05250420
   13       0.38605601
   14      -0.24985090
   15      -0.19572447
   16      -0.10076697
   17      -0.08437861
   18      -0.16184157
   19       0.67101630
   20      -0.52610791
   21      -0.49232437
   22       0.06808653
   23       0.06554040
   24       0.06738938
   25       0.11431467
   26       0.10403061
   27       0.11478309
   28       0.10947648
   29       0.09679290
   30       0.11391135
   31       0.36349672

Nr. of electrons (up):     54.00000000
Atom populations (up)
 Atom       Population
    1       1.97995241
    2       3.09216060
    3       1.88578167
    4       1.85417531
    5       3.63230985
    6       2.09541210
    7       2.01941725
    8       2.09703781
    9       1.89942079
   10       2.57555505
   11       2.60742732
   12       1.95410675
   13       1.80025475
   14       3.62080847
   15       2.11495952
   16       2.06846504
   17       2.03242423
   18       2.11207532
   19       1.66990259
   20       3.25989501
   21       3.24664857
   22       0.46586021
   23       0.46433141
   24       0.46385710
   25       0.44233875
   26       0.44867806
   27       0.44093588
   28       0.44393925
   29       0.45005428
   30       0.44337640
   31       0.31843822

l-shell populations (up)
 Atom Sh.   l       Population
    1   1   0       0.61605611
    1   2   1       1.36389630
    2   1   0       0.85365916
    2   2   1       2.23850145
    3   1   0       0.56879280
    3   2   1       1.31698887
    4   1   0       0.55802463
    4   2   1       1.29615069
    5   1   0       0.94710369
    5   2   1       2.68520616
    6   1   0       0.61512862
    6   2   1       1.48028348
    7   1   0       0.61089920
    7   2   1       1.40851805
    8   1   0       0.61682545
    8   2   1       1.48021236
    9   1   0       0.57792477
    9   2   1       1.32149602
   10   1   0       0.72187664
   10   2   1       1.85367841
   11   1   0       0.72635097
   11   2   1       1.88107635
   12   1   0       0.57945819
   12   2   1       1.37464856
   13   1   0       0.55428667
   13   2   1       1.24596808
   14   1   0       0.94449735
   14   2   1       2.67631112
   15   1   0       0.61649982
   15   2   1       1.49845971
   16   1   0       0.61200482
   16   2   1       1.45646022
   17   1   0       0.61302791
   17   2   1       1.41939632
   18   1   0       0.60872302
   18   2   1       1.50335231
   19   1   0       0.52125524
   19   2   1       1.14864735
   20   1   0       0.87789148
   20   2   1       2.38200353
   21   1   0       0.86944374
   21   2   1       2.37720483
   22   1   0       0.46586021
   23   1   0       0.46433141
   24   1   0       0.46385710
   25   1   0       0.44233875
   26   1   0       0.44867806
   27   1   0       0.44093588
   28   1   0       0.44393925
   29   1   0       0.45005428
   30   1   0       0.44337640
   31   1   0       0.31843822

Orbital populations (up)
 Atom Sh.   l   m       Population
    1   1   0   0       0.61605611
    1   2   1  -1       0.49537747
    1   2   1   0       0.46637675
    1   2   1   1       0.40214208
    2   1   0   0       0.85365916
    2   2   1  -1       0.81317102
    2   2   1   0       0.68203587
    2   2   1   1       0.74329455
    3   1   0   0       0.56879280
    3   2   1  -1       0.44536862
    3   2   1   0       0.42510239
    3   2   1   1       0.44651786
    4   1   0   0       0.55802463
    4   2   1  -1       0.47475616
    4   2   1   0       0.44499359
    4   2   1   1       0.37640093
    5   1   0   0       0.94710369
    5   2   1  -1       0.96702378
    5   2   1   0       0.91048312
    5   2   1   1       0.80769927
    6   1   0   0       0.61512862
    6   2   1  -1       0.50265847
    6   2   1   0       0.48642913
    6   2   1   1       0.49119587
    7   1   0   0       0.61089920
    7   2   1  -1       0.48095774
    7   2   1   0       0.47233220
    7   2   1   1       0.45522810
    8   1   0   0       0.61682545
    8   2   1  -1       0.49989850
    8   2   1   0       0.48855285
    8   2   1   1       0.49176101
    9   1   0   0       0.57792477
    9   2   1  -1       0.37669137
    9   2   1   0       0.48118446
    9   2   1   1       0.46362019
   10   1   0   0       0.72187664
   10   2   1  -1       0.54962154
   10   2   1   0       0.64911555
   10   2   1   1       0.65494132
   11   1   0   0       0.72635097
   11   2   1  -1       0.67422879
   11   2   1   0       0.54538835
   11   2   1   1       0.66145921
   12   1   0   0       0.57945819
   12   2   1  -1       0.40438885
   12   2   1   0       0.44125885
   12   2   1   1       0.52900087
   13   1   0   0       0.55428667
   13   2   1  -1       0.34000793
   13   2   1   0       0.44235121
   13   2   1   1       0.46360893
   14   1   0   0       0.94449735
   14   2   1  -1       0.76711909
   14   2   1   0       0.97624417
   14   2   1   1       0.93294786
   15   1   0   0       0.61649982
   15   2   1  -1       0.46964997
   15   2   1   0       0.47765605
   15   2   1   1       0.55115369
   16   1   0   0       0.61200482
   16   2   1  -1       0.46487166
   16   2   1   0       0.47518989
   16   2   1   1       0.51639866
   17   1   0   0       0.61302791
   17   2   1  -1       0.47532756
   17   2   1   0       0.45186289
   17   2   1   1       0.49220587
   18   1   0   0       0.60872302
   18   2   1  -1       0.47293881
   18   2   1   0       0.48114403
   18   2   1   1       0.54926947
   19   1   0   0       0.52125524
   19   2   1  -1       0.36413616
   19   2   1   0       0.39282412
   19   2   1   1       0.39168707
   20   1   0   0       0.87789148
   20   2   1  -1       0.72977496
   20   2   1   0       0.86378951
   20   2   1   1       0.78843906
   21   1   0   0       0.86944374
   21   2   1  -1       0.63728689
   21   2   1   0       0.86735647
   21   2   1   1       0.87256147
   22   1   0   0       0.46586021
   23   1   0   0       0.46433141
   24   1   0   0       0.46385710
   25   1   0   0       0.44233875
   26   1   0   0       0.44867806
   27   1   0   0       0.44093588
   28   1   0   0       0.44393925
   29   1   0   0       0.45005428
   30   1   0   0       0.44337640
   31   1   0   0       0.31843822

Nr. of electrons (down):     54.00000000
Atom populations (down)
 Atom       Population
    1       1.97654397
    2       3.15887745
    3       1.92320249
    4       1.85105483
    5       3.63491629
    6       2.08221065
    7       2.05764083
    8       2.05626741
    9       1.99308805
   10       2.52138824
   11       2.52256345
   12       1.99338905
   13       1.81368924
   14       3.62904243
   15       2.08076495
   16       2.03230193
   17       2.05195437
   18       2.04976625
   19       1.65908111
   20       3.26621289
   21       3.24567580
   22       0.46605326
   23       0.47012818
   24       0.46875352
   25       0.44334658
   26       0.44729133
   27       0.44428103
   28       0.44658427
   29       0.45315282
   30       0.44271225
   31       0.31806507

l-shell populations (down)
 Atom Sh.   l       Population
    1   1   0       0.61498907
    1   2   1       1.36155490
    2   1   0       0.85446468
    2   2   1       2.30441277
    3   1   0       0.56777271
    3   2   1       1.35542978
    4   1   0       0.55785399
    4   2   1       1.29320084
    5   1   0       0.94712476
    5   2   1       2.68779153
    6   1   0       0.61414280
    6   2   1       1.46806784
    7   1   0       0.61316680
    7   2   1       1.44447402
    8   1   0       0.61248696
    8   2   1       1.44378045
    9   1   0       0.58768260
    9   2   1       1.40540545
   10   1   0       0.75330823
   10   2   1       1.76808000
   11   1   0       0.75280108
   11   2   1       1.76976238
   12   1   0       0.58892645
   12   2   1       1.40446260
   13   1   0       0.55331392
   13   2   1       1.26037532
   14   1   0       0.94448935
   14   2   1       2.68455308
   15   1   0       0.61538298
   15   2   1       1.46538197
   16   1   0       0.61066180
   16   2   1       1.42164013
   17   1   0       0.61513520
   17   2   1       1.43681918
   18   1   0       0.60666039
   18   2   1       1.44310585
   19   1   0       0.52208188
   19   2   1       1.13699923
   20   1   0       0.87802037
   20   2   1       2.38819252
   21   1   0       0.86953605
   21   2   1       2.37613975
   22   1   0       0.46605326
   23   1   0       0.47012818
   24   1   0       0.46875352
   25   1   0       0.44334658
   26   1   0       0.44729133
   27   1   0       0.44428103
   28   1   0       0.44658427
   29   1   0       0.45315282
   30   1   0       0.44271225
   31   1   0       0.31806507

Orbital populations (down)
 Atom Sh.   l   m       Population
    1   1   0   0       0.61498907
    1   2   1  -1       0.49538318
    1   2   1   0       0.46533991
    1   2   1   1       0.40083180
    2   1   0   0       0.85446468
    2   2   1  -1       0.83486411
    2   2   1   0       0.71257573
    2   2   1   1       0.75697293
    3   1   0   0       0.56777271
    3   2   1  -1       0.45556076
    3   2   1   0       0.42324541
    3   2   1   1       0.47662361
    4   1   0   0       0.55785399
    4   2   1  -1       0.47951019
    4   2   1   0       0.44061267
    4   2   1   1       0.37307799
    5   1   0   0       0.94712476
    5   2   1  -1       0.97021844
    5   2   1   0       0.91092560
    5   2   1   1       0.80664748
    6   1   0   0       0.61414280
    6   2   1  -1       0.49928372
    6   2   1   0       0.48183263
    6   2   1   1       0.48695150
    7   1   0   0       0.61316680
    7   2   1  -1       0.48865472
    7   2   1   0       0.48695692
    7   2   1   1       0.46886238
    8   1   0   0       0.61248696
    8   2   1  -1       0.48911658
    8   2   1   0       0.46992140
    8   2   1   1       0.48474247
    9   1   0   0       0.58768260
    9   2   1  -1       0.45889207
    9   2   1   0       0.48081668
    9   2   1   1       0.46569669
   10   1   0   0       0.75330823
   10   2   1  -1       0.63804943
   10   2   1   0       0.62572703
   10   2   1   1       0.50430354
   11   1   0   0       0.75280108
   11   2   1  -1       0.66989322
   11   2   1   0       0.48861576
   11   2   1   1       0.61125339
   12   1   0   0       0.58892645
   12   2   1  -1       0.43426270
   12   2   1   0       0.45702671
   12   2   1   1       0.51317319
   13   1   0   0       0.55331392
   13   2   1  -1       0.34084110
   13   2   1   0       0.44594793
   13   2   1   1       0.47358628
   14   1   0   0       0.94448935
   14   2   1  -1       0.76693352
   14   2   1   0       0.97909159
   14   2   1   1       0.93852797
   15   1   0   0       0.61538298
   15   2   1  -1       0.46784993
   15   2   1   0       0.47651926
   15   2   1   1       0.52101278
   16   1   0   0       0.61066180
   16   2   1  -1       0.46342113
   16   2   1   0       0.46989475
   16   2   1   1       0.48832424
   17   1   0   0       0.61513520
   17   2   1  -1       0.47775438
   17   2   1   0       0.45962830
   17   2   1   1       0.49943649
   18   1   0   0       0.60666039
   18   2   1  -1       0.45166800
   18   2   1   0       0.47926166
   18   2   1   1       0.51217620
   19   1   0   0       0.52208188
   19   2   1  -1       0.36393155
   19   2   1   0       0.39119748
   19   2   1   1       0.38187020
   20   1   0   0       0.87802037
   20   2   1  -1       0.72824227
   20   2   1   0       0.87016553
   20   2   1   1       0.78978473
   21   1   0   0       0.86953605
   21   2   1  -1       0.63508092
   21   2   1   0       0.86850928
   21   2   1   1       0.87254955
   22   1   0   0       0.46605326
   23   1   0   0       0.47012818
   24   1   0   0       0.46875352
   25   1   0   0       0.44334658
   26   1   0   0       0.44729133
   27   1   0   0       0.44428103
   28   1   0   0       0.44658427
   29   1   0   0       0.45315282
   30   1   0   0       0.44271225
   31   1   0   0       0.31806507

Spin  up
Fermi level:                        -0.1661230077 H           -4.5204 eV
Band energy:                       -25.7237244028 H         -699.9782 eV
TS:                                  0.0000000000 H            0.0000 eV
Band free energy (E-TS):           -25.7237244028 H         -699.9782 eV
Extrapolated E(0K):                -25.7237244028 H         -699.9782 eV
Input / Output electrons (up):     54.0000000000     54.0000000000

Spin  down
Fermi level:                        -0.1645141688 H           -4.4767 eV
Band energy:                       -25.7245810965 H         -700.0015 eV
TS:                                  0.0000000000 H            0.0000 eV
Band free energy (E-TS):           -25.7245810965 H         -700.0015 eV
Extrapolated E(0K):                -25.7245810965 H         -700.0015 eV
Input / Output electrons (down):     54.0000000000     54.0000000000

Energy H0:                         -51.7165346622 H        -1407.2785 eV
Energy SCC:                          0.0623370751 H            1.6963 eV
Energy SPIN:                        -0.0004527554 H           -0.0123 eV
Total Electronic energy:           -51.6579434973 H        -1405.6842 eV
Repulsive energy:                    0.6894738608 H           18.7615 eV
Total energy:                      -50.9684696365 H        -1386.9226 eV
Extrapolated to 0:                 -50.9684696365 H        -1386.9226 eV
Total Mermin free energy:          -50.9684696365 H        -1386.9226 eV
Force related energy:              -50.9684696365 H        -1386.9226 eV

SCC converged

Dipole moment:   -1.11029176   -0.59914225    0.59034370 au
Dipole moment:   -2.82208038   -1.52286781    1.50050415 Debye


