 Fermi distribution function

Calculation with static geometry


********************************************************************************
 iSCC Total electronic   Diff electronic      SCC error    
   15   -0.58366896E+02   -0.20961721E-09    0.86426377E-05
********************************************************************************

 Total charge:    -0.00000000

 Atomic gross charges (e)
 Atom           Charge
    1      -0.27281056
    2       0.16809480
    3       0.02827271
    4      -0.07606057
    5      -0.10931460
    6      -0.07077108
    7       0.66162465
    8      -0.52308627
    9      -0.50641495
   10       0.04034793
   11       0.17688733
   12      -0.24029776
   13       0.12313815
   14      -0.06939599
   15      -0.02861958
   16       0.06578695
   17      -0.11548044
   18      -0.08383769
   19       0.68097340
   20      -0.55103342
   21      -0.50309960
   22      -0.08315449
   23      -0.18079603
   24       0.37818652
   25      -0.23536300
   26       0.10267157
   27       0.11389438
   28       0.38066252
   29       0.11604384
   30       0.37891236
   31       0.11832120
   32       0.11571770

Nr. of electrons (up):     61.00000000
Atom populations (up)
 Atom       Population
    1       2.64354424
    2       1.91431777
    3       2.01141839
    4       2.03351808
    5       2.08458019
    6       2.03130831
    7       1.66980931
    8       3.25684734
    9       3.25244923
   10       1.98547515
   11       1.91302400
   12       2.61075472
   13       1.93735057
   14       2.47962514
   15       2.47849024
   16       1.93770504
   17       2.09698763
   18       2.02696583
   19       1.65996221
   20       3.26006670
   21       3.25035348
   22       2.08681735
   23       2.08931296
   24       1.83931839
   25       3.61936307
   26       0.44899553
   27       0.44131536
   28       0.30964760
   29       0.43949987
   30       0.31056246
   31       0.43838518
   32       0.44222866

l-shell populations (up)
 Atom Sh.   l       Population
    1   1   0       0.81645512
    1   2   1       1.82708913
    2   1   0       0.58079625
    2   2   1       1.33352152
    3   1   0       0.58565242
    3   2   1       1.42576597
    4   1   0       0.61334858
    4   2   1       1.42016950
    5   1   0       0.61553579
    5   2   1       1.46904441
    6   1   0       0.60327467
    6   2   1       1.42803364
    7   1   0       0.52317880
    7   2   1       1.14663052
    8   1   0       0.87880217
    8   2   1       2.37804517
    9   1   0       0.87451289
    9   2   1       2.37793633
   10   1   0       0.58722510
   10   2   1       1.39825005
   11   1   0       0.57907209
   11   2   1       1.33395191
   12   1   0       0.81626403
   12   2   1       1.79449069
   13   1   0       0.57708292
   13   2   1       1.36026764
   14   1   0       0.74034041
   14   2   1       1.73928473
   15   1   0       0.74123415
   15   2   1       1.73725608
   16   1   0       0.57476521
   16   2   1       1.36293983
   17   1   0       0.61880775
   17   2   1       1.47817988
   18   1   0       0.59818390
   18   2   1       1.42878193
   19   1   0       0.52234985
   19   2   1       1.13761236
   20   1   0       0.88103103
   20   2   1       2.37903567
   21   1   0       0.87392715
   21   2   1       2.37642633
   22   1   0       0.61702174
   22   2   1       1.46979560
   23   1   0       0.61458543
   23   2   1       1.47472752
   24   1   0       0.55727416
   24   2   1       1.28204423
   25   1   0       0.94253616
   25   2   1       2.67682691
   26   1   0       0.44899553
   27   1   0       0.44131536
   28   1   0       0.30964760
   29   1   0       0.43949987
   30   1   0       0.31056246
   31   1   0       0.43838518
   32   1   0       0.44222866

Orbital populations (up)
 Atom Sh.   l   m       Population
    1   1   0   0       0.81645512
    1   2   1  -1       0.58175971
    1   2   1   0       0.63948051
    1   2   1   1       0.60584891
    2   1   0   0       0.58079625
    2   2   1  -1       0.44656105
    2   2   1   0       0.44090555
    2   2   1   1       0.44605492
    3   1   0   0       0.58565242
    3   2   1  -1       0.45671394
    3   2   1   0       0.47959064
    3   2   1   1       0.48946139
    4   1   0   0       0.61334858
    4   2   1  -1       0.47539815
    4   2   1   0       0.47328782
    4   2   1   1       0.47148353
    5   1   0   0       0.61553579
    5   2   1  -1       0.46817296
    5   2   1   0       0.49399134
    5   2   1   1       0.50688010
    6   1   0   0       0.60327467
    6   2   1  -1       0.46383044
    6   2   1   0       0.48517503
    6   2   1   1       0.47902817
    7   1   0   0       0.52317880
    7   2   1  -1       0.36070960
    7   2   1   0       0.39971781
    7   2   1   1       0.38620311
    8   1   0   0       0.87880217
    8   2   1  -1       0.73079903
    8   2   1   0       0.80926924
    8   2   1   1       0.83797690
    9   1   0   0       0.87451289
    9   2   1  -1       0.84107931
    9   2   1   0       0.77777231
    9   2   1   1       0.75908472
   10   1   0   0       0.58722510
   10   2   1  -1       0.43623998
   10   2   1   0       0.49819575
   10   2   1   1       0.46381431
   11   1   0   0       0.57907209
   11   2   1  -1       0.42623233
   11   2   1   0       0.45468825
   11   2   1   1       0.45303132
   12   1   0   0       0.81626403
   12   2   1  -1       0.69659609
   12   2   1   0       0.56555421
   12   2   1   1       0.53234038
   13   1   0   0       0.57708292
   13   2   1  -1       0.43419079
   13   2   1   0       0.44466727
   13   2   1   1       0.48140958
   14   1   0   0       0.74034041
   14   2   1  -1       0.61362522
   14   2   1   0       0.46649680
   14   2   1   1       0.65916270
   15   1   0   0       0.74123415
   15   2   1  -1       0.60060492
   15   2   1   0       0.48170492
   15   2   1   1       0.65494625
   16   1   0   0       0.57476521
   16   2   1  -1       0.48046015
   16   2   1   0       0.42058960
   16   2   1   1       0.46189007
   17   1   0   0       0.61880775
   17   2   1  -1       0.51211432
   17   2   1   0       0.45218997
   17   2   1   1       0.51387559
   18   1   0   0       0.59818390
   18   2   1  -1       0.48091064
   18   2   1   0       0.46091449
   18   2   1   1       0.48695679
   19   1   0   0       0.52234985
   19   2   1  -1       0.36592277
   19   2   1   0       0.40954865
   19   2   1   1       0.36214094
   20   1   0   0       0.88103103
   20   2   1  -1       0.73790102
   20   2   1   0       0.85401203
   20   2   1   1       0.78712263
   21   1   0   0       0.87392715
   21   2   1  -1       0.86822712
   21   2   1   0       0.68510123
   21   2   1   1       0.82309798
   22   1   0   0       0.61702174
   22   2   1  -1       0.50309964
   22   2   1   0       0.46376950
   22   2   1   1       0.50292647
   23   1   0   0       0.61458543
   23   2   1  -1       0.50175996
   23   2   1   0       0.46880845
   23   2   1   1       0.50415911
   24   1   0   0       0.55727416
   24   2   1  -1       0.47643784
   24   2   1   0       0.33403758
   24   2   1   1       0.47156881
   25   1   0   0       0.94253616
   25   2   1  -1       0.96435764
   25   2   1   0       0.74945298
   25   2   1   1       0.96301628
   26   1   0   0       0.44899553
   27   1   0   0       0.44131536
   28   1   0   0       0.30964760
   29   1   0   0       0.43949987
   30   1   0   0       0.31056246
   31   1   0   0       0.43838518
   32   1   0   0       0.44222866

Nr. of electrons (down):     61.00000000
Atom populations (down)
 Atom       Population
    1       2.62926632
    2       1.91758743
    3       1.96030890
    4       2.04254248
    5       2.02473440
    6       2.03946276
    7       1.66856604
    8       3.26623893
    9       3.25396572
   10       1.97417692
   11       1.91008868
   12       2.62954304
   13       1.93951128
   14       2.58977085
   15       2.55012934
   16       1.99650800
   17       2.01849281
   18       2.05687186
   19       1.65906439
   20       3.29096672
   21       3.25274612
   22       1.99633714
   23       2.09148307
   24       1.78249509
   25       3.61599993
   26       0.44833290
   27       0.44479027
   28       0.30968988
   29       0.44445629
   30       0.31052518
   31       0.44329362
   32       0.44205363

l-shell populations (down)
 Atom Sh.   l       Population
    1   1   0       0.81627049
    1   2   1       1.81299583
    2   1   0       0.58222400
    2   2   1       1.33536344
    3   1   0       0.58309791
    3   2   1       1.37721099
    4   1   0       0.61502112
    4   2   1       1.42752137
    5   1   0       0.61293463
    5   2   1       1.41179978
    6   1   0       0.60445447
    6   2   1       1.43500829
    7   1   0       0.52327599
    7   2   1       1.14529005
    8   1   0       0.87890356
    8   2   1       2.38733537
    9   1   0       0.87460979
    9   2   1       2.37935592
   10   1   0       0.58707207
   10   2   1       1.38710485
   11   1   0       0.57886979
   11   2   1       1.33121889
   12   1   0       0.81650102
   12   2   1       1.81304202
   13   1   0       0.58111595
   13   2   1       1.35839533
   14   1   0       0.76305198
   14   2   1       1.82671887
   15   1   0       0.76526173
   15   2   1       1.78486761
   16   1   0       0.58217430
   16   2   1       1.41433370
   17   1   0       0.61491795
   17   2   1       1.40357486
   18   1   0       0.60127022
   18   2   1       1.45560163
   19   1   0       0.52230394
   19   2   1       1.13676046
   20   1   0       0.88133438
   20   2   1       2.40963234
   21   1   0       0.87402513
   21   2   1       2.37872099
   22   1   0       0.61302886
   22   2   1       1.38330828
   23   1   0       0.61642499
   23   2   1       1.47505808
   24   1   0       0.55471829
   24   2   1       1.22777679
   25   1   0       0.94279229
   25   2   1       2.67320765
   26   1   0       0.44833290
   27   1   0       0.44479027
   28   1   0       0.30968988
   29   1   0       0.44445629
   30   1   0       0.31052518
   31   1   0       0.44329362
   32   1   0       0.44205363

Orbital populations (down)
 Atom Sh.   l   m       Population
    1   1   0   0       0.81627049
    1   2   1  -1       0.57856521
    1   2   1   0       0.63496987
    1   2   1   1       0.59946075
    2   1   0   0       0.58222400
    2   2   1  -1       0.44767888
    2   2   1   0       0.44133670
    2   2   1   1       0.44634786
    3   1   0   0       0.58309791
    3   2   1  -1       0.45526134
    3   2   1   0       0.45734749
    3   2   1   1       0.46460216
    4   1   0   0       0.61502112
    4   2   1  -1       0.47628648
    4   2   1   0       0.47571241
    4   2   1   1       0.47552248
    5   1   0   0       0.61293463
    5   2   1  -1       0.46089891
    5   2   1   0       0.47237878
    5   2   1   1       0.47852208
    6   1   0   0       0.60445447
    6   2   1  -1       0.46537908
    6   2   1   0       0.48590757
    6   2   1   1       0.48372164
    7   1   0   0       0.52327599
    7   2   1  -1       0.36059013
    7   2   1   0       0.39901813
    7   2   1   1       0.38568180
    8   1   0   0       0.87890356
    8   2   1  -1       0.73147585
    8   2   1   0       0.81441910
    8   2   1   1       0.84144041
    9   1   0   0       0.87460979
    9   2   1  -1       0.84193040
    9   2   1   0       0.77803795
    9   2   1   1       0.75938758
   10   1   0   0       0.58707207
   10   2   1  -1       0.43893871
   10   2   1   0       0.46792399
   10   2   1   1       0.48024215
   11   1   0   0       0.57886979
   11   2   1  -1       0.42600455
   11   2   1   0       0.45267335
   11   2   1   1       0.45254099
   12   1   0   0       0.81650102
   12   2   1  -1       0.69700683
   12   2   1   0       0.55564214
   12   2   1   1       0.56039305
   13   1   0   0       0.58111595
   13   2   1  -1       0.44333847
   13   2   1   0       0.44586953
   13   2   1   1       0.46918733
   14   1   0   0       0.76305198
   14   2   1  -1       0.52236258
   14   2   1   0       0.77298907
   14   2   1   1       0.53136721
   15   1   0   0       0.76526173
   15   2   1  -1       0.49451026
   15   2   1   0       0.78217749
   15   2   1   1       0.50817987
   16   1   0   0       0.58217430
   16   2   1  -1       0.48459170
   16   2   1   0       0.44767972
   16   2   1   1       0.48206228
   17   1   0   0       0.61491795
   17   2   1  -1       0.47050913
   17   2   1   0       0.45510463
   17   2   1   1       0.47796110
   18   1   0   0       0.60127022
   18   2   1  -1       0.49392413
   18   2   1   0       0.46646619
   18   2   1   1       0.49521132
   19   1   0   0       0.52230394
   19   2   1  -1       0.36464601
   19   2   1   0       0.41114941
   19   2   1   1       0.36096504
   20   1   0   0       0.88133438
   20   2   1  -1       0.74271360
   20   2   1   0       0.87613148
   20   2   1   1       0.79078727
   21   1   0   0       0.87402513
   21   2   1  -1       0.86946320
   21   2   1   0       0.68536811
   21   2   1   1       0.82388968
   22   1   0   0       0.61302886
   22   2   1  -1       0.46591547
   22   2   1   0       0.45821149
   22   2   1   1       0.45918132
   23   1   0   0       0.61642499
   23   2   1  -1       0.50099538
   23   2   1   0       0.47142364
   23   2   1   1       0.50263905
   24   1   0   0       0.55471829
   24   2   1  -1       0.44610310
   24   2   1   0       0.32960855
   24   2   1   1       0.45206515
   25   1   0   0       0.94279229
   25   2   1  -1       0.96247655
   25   2   1   0       0.75022964
   25   2   1   1       0.96050146
   26   1   0   0       0.44833290
   27   1   0   0       0.44479027
   28   1   0   0       0.30968988
   29   1   0   0       0.44445629
   30   1   0   0       0.31052518
   31   1   0   0       0.44329362
   32   1   0   0       0.44205363

Spin  up
Fermi level:                        -0.1948728989 H           -5.3028 eV
Band energy:                       -29.5664714142 H         -804.5446 eV
TS:                                  0.0000000000 H            0.0000 eV
Band free energy (E-TS):           -29.5664714142 H         -804.5446 eV
Extrapolated E(0K):                -29.5664714142 H         -804.5446 eV
Input / Output electrons (up):     61.0000000000     61.0000000000

Spin  down
Fermi level:                        -0.1969904437 H           -5.3604 eV
Band energy:                       -29.5780515994 H         -804.8597 eV
TS:                                  0.0000000000 H            0.0000 eV
Band free energy (E-TS):           -29.5780515994 H         -804.8597 eV
Extrapolated E(0K):                -29.5780515994 H         -804.8597 eV
Input / Output electrons (down):     61.0000000000     61.0000000000

Energy H0:                         -58.4443116536 H        -1590.3506 eV
Energy SCC:                          0.0838352473 H            2.2813 eV
Energy SPIN:                        -0.0005756895 H           -0.0157 eV
Total Electronic energy:           -58.3668964475 H        -1588.2441 eV
Repulsive energy:                    1.3161618591 H           35.8146 eV
Total energy:                      -57.0507345884 H        -1552.4295 eV
Extrapolated to 0:                 -57.0507345884 H        -1552.4295 eV
Total Mermin free energy:          -57.0507345884 H        -1552.4295 eV
Force related energy:              -57.0507345884 H        -1552.4295 eV

SCC converged

Dipole moment:    0.86100054    1.20556946    0.16528680 au
Dipole moment:    2.18844526    3.06425217    0.42011716 Debye


