 Fermi distribution function

Geometry optimization step: 1058


********************************************************************************
 iSCC Total electronic   Diff electronic      SCC error    
    2   -0.56251431E+02   -0.53503868E-10    0.91858421E-05
********************************************************************************

Coordinates of moved atoms (au):
    1     12.64624248     -2.81145977      5.71902653
    2     11.97588033     -0.83693193      4.03876668
    3      9.58690543     -0.76181175      3.08696401
    4      7.70471624     -2.53559822      3.69613358
    5      5.27380142     -2.32892745      2.63529887
    6      3.43591942     -4.22773825      3.30697918
    7      2.06883068     -5.79781158      3.95837906
    8      4.68154290     -0.32206173      0.96105314
    9      2.40849143     -0.34152982     -0.51342342
   10      0.22894668     -0.26388956      0.43599329
   11     -0.15158922      0.35243962      3.03815491
   12      0.87122832      2.59653678      4.03294230
   13      0.26671370      3.34577435      6.48418189
   14     -1.35179068      1.87802040      7.97132044
   15     -2.41760275     -0.31762804      6.98013039
   16     -1.87574758     -1.09035520      4.49890761
   17     -3.06686638     -3.38642961      3.40114159
   18     -2.81432142     -4.10908181      1.21079764
   19     -4.61021684     -4.69958360      5.00859035
   20      6.62110770      1.42630951      0.31692331
   21      6.01529113      3.55670229     -1.41066212
   22      3.87730626      4.11629001     -2.12186768
   23      8.03410655      4.96576169     -2.18687028
   24      9.02738984      1.21911120      1.40348242
   25     12.44716253     -4.67294726      4.81315616
   26     11.47268621     -2.77306753      7.43584111
   27     14.62249707     -2.52687540      6.24747309
   28      8.08780611     -4.09525914      4.97168277
   29      2.08334610      3.76047200      2.85213247
   30      1.05824712      5.08448669      7.24175605
   31     -1.80082792      2.46399207      9.88751190
   32     -3.70191066     -1.44689078      8.11696636
   33     -5.26040611     -6.16624344      4.12034456
   34      7.43630766      6.29249144     -3.30306018
   35     10.47560036      2.59334944      0.92864966

 Total charge:    -0.00000000

 Atomic gross charges (e)
 Atom           Charge
    1       0.04740917
    2      -0.29635174
    3       0.30856052
    4      -0.19406442
    5       0.03967802
    6       0.17520065
    7      -0.28201027
    8       0.10282873
    9      -0.04122701
   10      -0.02805295
   11       0.15353877
   12      -0.12529966
   13      -0.05908711
   14      -0.09494870
   15      -0.06746116
   16      -0.10202432
   17       0.67765555
   18      -0.55104911
   19      -0.51378193
   20      -0.10891471
   21       0.67485079
   22      -0.55510156
   23      -0.50887219
   24      -0.16746462
   25       0.05195815
   26       0.05041216
   27       0.06662424
   28       0.10167626
   29       0.10052057
   30       0.08309019
   31       0.08522104
   32       0.09994586
   33       0.37732931
   34       0.37819438
   35       0.12101708

Nr. of electrons (up):     60.00000000
Atom populations (up)
 Atom       Population
    1       1.97629542
    2       3.14817587
    3       1.84571974
    4       2.09703221
    5       1.98016099
    6       1.91239967
    7       2.64100513
    8       1.94858563
    9       2.52061350
   10       2.51402647
   11       1.92323062
   12       2.06264983
   13       2.02954356
   14       2.04747435
   15       2.03373058
   16       2.05101216
   17       1.66117223
   18       3.27552456
   19       3.25689096
   20       2.05445735
   21       1.66257460
   22       3.27755078
   23       3.25443609
   24       2.08373231
   25       0.47402093
   26       0.47479392
   27       0.46668788
   28       0.44916187
   29       0.44973972
   30       0.45845491
   31       0.45738948
   32       0.45002707
   33       0.31133534
   34       0.31090281
   35       0.43949146

l-shell populations (up)
 Atom Sh.   l       Population
    1   1   0       0.61401889
    1   2   1       1.36227652
    2   1   0       0.85374974
    2   2   1       2.29442613
    3   1   0       0.55625500
    3   2   1       1.28946474
    4   1   0       0.61909246
    4   2   1       1.47793975
    5   1   0       0.58329444
    5   2   1       1.39686655
    6   1   0       0.58198991
    6   2   1       1.33040976
    7   1   0       0.81665655
    7   2   1       1.82434858
    8   1   0       0.58340354
    8   2   1       1.36518209
    9   1   0       0.74498724
    9   2   1       1.77562627
   10   1   0       0.74667916
   10   2   1       1.76734731
   11   1   0       0.58025636
   11   2   1       1.34297426
   12   1   0       0.61541890
   12   2   1       1.44723092
   13   1   0       0.61211705
   13   2   1       1.41742651
   14   1   0       0.61130015
   14   2   1       1.43617419
   15   1   0       0.61438592
   15   2   1       1.41934467
   16   1   0       0.60246200
   16   2   1       1.44855016
   17   1   0       0.52252957
   17   2   1       1.13864266
   18   1   0       0.88062421
   18   2   1       2.39490034
   19   1   0       0.87514014
   19   2   1       2.38175082
   20   1   0       0.60315431
   20   2   1       1.45130304
   21   1   0       0.52238303
   21   2   1       1.14019157
   22   1   0       0.88083089
   22   2   1       2.39671989
   23   1   0       0.87437841
   23   2   1       2.38005768
   24   1   0       0.61914654
   24   2   1       1.46458577
   25   1   0       0.47402093
   26   1   0       0.47479392
   27   1   0       0.46668788
   28   1   0       0.44916187
   29   1   0       0.44973972
   30   1   0       0.45845491
   31   1   0       0.45738948
   32   1   0       0.45002707
   33   1   0       0.31133534
   34   1   0       0.31090281
   35   1   0       0.43949146

Orbital populations (up)
 Atom Sh.   l   m       Population
    1   1   0   0       0.61401889
    1   2   1  -1       0.42796920
    1   2   1   0       0.44640012
    1   2   1   1       0.48790721
    2   1   0   0       0.85374974
    2   2   1  -1       0.79753891
    2   2   1   0       0.78415083
    2   2   1   1       0.71273639
    3   1   0   0       0.55625500
    3   2   1  -1       0.45795162
    3   2   1   0       0.45436724
    3   2   1   1       0.37714588
    4   1   0   0       0.61909246
    4   2   1  -1       0.49549344
    4   2   1   0       0.51632991
    4   2   1   1       0.46611639
    5   1   0   0       0.58329444
    5   2   1  -1       0.46168820
    5   2   1   0       0.48660606
    5   2   1   1       0.44857229
    6   1   0   0       0.58198991
    6   2   1  -1       0.44087704
    6   2   1   0       0.45178215
    6   2   1   1       0.43775057
    7   1   0   0       0.81665655
    7   2   1  -1       0.63356162
    7   2   1   0       0.56874773
    7   2   1   1       0.62203923
    8   1   0   0       0.58340354
    8   2   1  -1       0.46818897
    8   2   1   0       0.44518652
    8   2   1   1       0.45180660
    9   1   0   0       0.74498724
    9   2   1  -1       0.53095468
    9   2   1   0       0.77104686
    9   2   1   1       0.47362472
   10   1   0   0       0.74667916
   10   2   1  -1       0.51388537
   10   2   1   0       0.58742845
   10   2   1   1       0.66603349
   11   1   0   0       0.58025636
   11   2   1  -1       0.46394950
   11   2   1   0       0.41199071
   11   2   1   1       0.46703404
   12   1   0   0       0.61541890
   12   2   1  -1       0.48018733
   12   2   1   0       0.46950989
   12   2   1   1       0.49753370
   13   1   0   0       0.61211705
   13   2   1  -1       0.47458461
   13   2   1   0       0.46406477
   13   2   1   1       0.47877712
   14   1   0   0       0.61130015
   14   2   1  -1       0.47167675
   14   2   1   0       0.47434578
   14   2   1   1       0.49015167
   15   1   0   0       0.61438592
   15   2   1  -1       0.47206146
   15   2   1   0       0.46432365
   15   2   1   1       0.48295956
   16   1   0   0       0.60246200
   16   2   1  -1       0.48738148
   16   2   1   0       0.47132978
   16   2   1   1       0.48983889
   17   1   0   0       0.52252957
   17   2   1  -1       0.39745261
   17   2   1   0       0.36308064
   17   2   1   1       0.37810940
   18   1   0   0       0.88062421
   18   2   1  -1       0.85498669
   18   2   1   0       0.72427134
   18   2   1   1       0.81564231
   19   1   0   0       0.87514014
   19   2   1  -1       0.72131549
   19   2   1   0       0.84995304
   19   2   1   1       0.81048230
   20   1   0   0       0.60315431
   20   2   1  -1       0.48900676
   20   2   1   0       0.50231022
   20   2   1   1       0.45998607
   21   1   0   0       0.52238303
   21   2   1  -1       0.39476083
   21   2   1   0       0.39357367
   21   2   1   1       0.35185707
   22   1   0   0       0.88083089
   22   2   1  -1       0.85643803
   22   2   1   0       0.78890245
   22   2   1   1       0.75137940
   23   1   0   0       0.87437841
   23   2   1  -1       0.73465692
   23   2   1   0       0.82234226
   23   2   1   1       0.82305850
   24   1   0   0       0.61914654
   24   2   1  -1       0.49094359
   24   2   1   0       0.49977249
   24   2   1   1       0.47386969
   25   1   0   0       0.47402093
   26   1   0   0       0.47479392
   27   1   0   0       0.46668788
   28   1   0   0       0.44916187
   29   1   0   0       0.44973972
   30   1   0   0       0.45845491
   31   1   0   0       0.45738948
   32   1   0   0       0.45002707
   33   1   0   0       0.31133534
   34   1   0   0       0.31090281
   35   1   0   0       0.43949146

Nr. of electrons (down):     60.00000000
Atom populations (down)
 Atom       Population
    1       1.97629542
    2       3.14817587
    3       1.84571974
    4       2.09703221
    5       1.98016099
    6       1.91239967
    7       2.64100513
    8       1.94858563
    9       2.52061350
   10       2.51402647
   11       1.92323062
   12       2.06264983
   13       2.02954356
   14       2.04747435
   15       2.03373058
   16       2.05101216
   17       1.66117223
   18       3.27552456
   19       3.25689096
   20       2.05445735
   21       1.66257460
   22       3.27755078
   23       3.25443609
   24       2.08373231
   25       0.47402093
   26       0.47479392
   27       0.46668788
   28       0.44916187
   29       0.44973972
   30       0.45845491
   31       0.45738948
   32       0.45002707
   33       0.31133534
   34       0.31090281
   35       0.43949146

l-shell populations (down)
 Atom Sh.   l       Population
    1   1   0       0.61401889
    1   2   1       1.36227652
    2   1   0       0.85374974
    2   2   1       2.29442613
    3   1   0       0.55625500
    3   2   1       1.28946474
    4   1   0       0.61909246
    4   2   1       1.47793975
    5   1   0       0.58329444
    5   2   1       1.39686655
    6   1   0       0.58198991
    6   2   1       1.33040976
    7   1   0       0.81665655
    7   2   1       1.82434858
    8   1   0       0.58340354
    8   2   1       1.36518209
    9   1   0       0.74498724
    9   2   1       1.77562627
   10   1   0       0.74667916
   10   2   1       1.76734731
   11   1   0       0.58025636
   11   2   1       1.34297426
   12   1   0       0.61541890
   12   2   1       1.44723092
   13   1   0       0.61211705
   13   2   1       1.41742651
   14   1   0       0.61130015
   14   2   1       1.43617419
   15   1   0       0.61438592
   15   2   1       1.41934467
   16   1   0       0.60246200
   16   2   1       1.44855016
   17   1   0       0.52252957
   17   2   1       1.13864266
   18   1   0       0.88062421
   18   2   1       2.39490034
   19   1   0       0.87514014
   19   2   1       2.38175082
   20   1   0       0.60315431
   20   2   1       1.45130304
   21   1   0       0.52238303
   21   2   1       1.14019157
   22   1   0       0.88083089
   22   2   1       2.39671989
   23   1   0       0.87437841
   23   2   1       2.38005768
   24   1   0       0.61914654
   24   2   1       1.46458577
   25   1   0       0.47402093
   26   1   0       0.47479392
   27   1   0       0.46668788
   28   1   0       0.44916187
   29   1   0       0.44973972
   30   1   0       0.45845491
   31   1   0       0.45738948
   32   1   0       0.45002707
   33   1   0       0.31133534
   34   1   0       0.31090281
   35   1   0       0.43949146

Orbital populations (down)
 Atom Sh.   l   m       Population
    1   1   0   0       0.61401889
    1   2   1  -1       0.42796920
    1   2   1   0       0.44640012
    1   2   1   1       0.48790721
    2   1   0   0       0.85374974
    2   2   1  -1       0.79753891
    2   2   1   0       0.78415083
    2   2   1   1       0.71273639
    3   1   0   0       0.55625500
    3   2   1  -1       0.45795162
    3   2   1   0       0.45436724
    3   2   1   1       0.37714588
    4   1   0   0       0.61909246
    4   2   1  -1       0.49549344
    4   2   1   0       0.51632991
    4   2   1   1       0.46611639
    5   1   0   0       0.58329444
    5   2   1  -1       0.46168820
    5   2   1   0       0.48660606
    5   2   1   1       0.44857229
    6   1   0   0       0.58198991
    6   2   1  -1       0.44087704
    6   2   1   0       0.45178215
    6   2   1   1       0.43775057
    7   1   0   0       0.81665655
    7   2   1  -1       0.63356162
    7   2   1   0       0.56874773
    7   2   1   1       0.62203923
    8   1   0   0       0.58340354
    8   2   1  -1       0.46818897
    8   2   1   0       0.44518652
    8   2   1   1       0.45180660
    9   1   0   0       0.74498724
    9   2   1  -1       0.53095468
    9   2   1   0       0.77104686
    9   2   1   1       0.47362472
   10   1   0   0       0.74667916
   10   2   1  -1       0.51388537
   10   2   1   0       0.58742845
   10   2   1   1       0.66603349
   11   1   0   0       0.58025636
   11   2   1  -1       0.46394950
   11   2   1   0       0.41199071
   11   2   1   1       0.46703404
   12   1   0   0       0.61541890
   12   2   1  -1       0.48018733
   12   2   1   0       0.46950989
   12   2   1   1       0.49753370
   13   1   0   0       0.61211705
   13   2   1  -1       0.47458461
   13   2   1   0       0.46406477
   13   2   1   1       0.47877712
   14   1   0   0       0.61130015
   14   2   1  -1       0.47167675
   14   2   1   0       0.47434578
   14   2   1   1       0.49015167
   15   1   0   0       0.61438592
   15   2   1  -1       0.47206146
   15   2   1   0       0.46432365
   15   2   1   1       0.48295956
   16   1   0   0       0.60246200
   16   2   1  -1       0.48738148
   16   2   1   0       0.47132978
   16   2   1   1       0.48983889
   17   1   0   0       0.52252957
   17   2   1  -1       0.39745261
   17   2   1   0       0.36308064
   17   2   1   1       0.37810940
   18   1   0   0       0.88062421
   18   2   1  -1       0.85498669
   18   2   1   0       0.72427134
   18   2   1   1       0.81564231
   19   1   0   0       0.87514014
   19   2   1  -1       0.72131549
   19   2   1   0       0.84995304
   19   2   1   1       0.81048230
   20   1   0   0       0.60315431
   20   2   1  -1       0.48900676
   20   2   1   0       0.50231022
   20   2   1   1       0.45998607
   21   1   0   0       0.52238303
   21   2   1  -1       0.39476083
   21   2   1   0       0.39357367
   21   2   1   1       0.35185707
   22   1   0   0       0.88083089
   22   2   1  -1       0.85643803
   22   2   1   0       0.78890245
   22   2   1   1       0.75137940
   23   1   0   0       0.87437841
   23   2   1  -1       0.73465692
   23   2   1   0       0.82234226
   23   2   1   1       0.82305850
   24   1   0   0       0.61914654
   24   2   1  -1       0.49094359
   24   2   1   0       0.49977249
   24   2   1   1       0.47386969
   25   1   0   0       0.47402093
   26   1   0   0       0.47479392
   27   1   0   0       0.46668788
   28   1   0   0       0.44916187
   29   1   0   0       0.44973972
   30   1   0   0       0.45845491
   31   1   0   0       0.45738948
   32   1   0   0       0.45002707
   33   1   0   0       0.31133534
   34   1   0   0       0.31090281
   35   1   0   0       0.43949146

Spin  up
Fermi level:                        -0.1593316276 H           -4.3356 eV
Band energy:                       -27.6954725857 H         -753.6322 eV
TS:                                  0.0000000000 H            0.0000 eV
Band free energy (E-TS):           -27.6954725857 H         -753.6322 eV
Extrapolated E(0K):                -27.6954725857 H         -753.6322 eV
Input / Output electrons (up):     60.0000000000     60.0000000000

Spin  down
Fermi level:                        -0.1593316276 H           -4.3356 eV
Band energy:                       -27.6954725857 H         -753.6322 eV
TS:                                  0.0000000000 H            0.0000 eV
Band free energy (E-TS):           -27.6954725857 H         -753.6322 eV
Extrapolated E(0K):                -27.6954725857 H         -753.6322 eV
Input / Output electrons (down):     60.0000000000     60.0000000000

Energy H0:                         -56.3257743480 H        -1532.7023 eV
Energy SCC:                          0.0819206633 H            2.2292 eV
Energy SPIN:                         0.0000000000 H            0.0000 eV
Total Electronic energy:           -56.2514311788 H        -1530.6793 eV
Repulsive energy:                    1.0732580224 H           29.2048 eV
Total energy:                      -55.1781731564 H        -1501.4745 eV
Extrapolated to 0:                 -55.1781731564 H        -1501.4745 eV
Total Mermin free energy:          -55.1781731564 H        -1501.4745 eV
Force related energy:              -55.1781731564 H        -1501.4745 eV

SCC converged

Full geometry written in opt.{xyz|gen}

Dipole moment:    1.76930955    0.52578048    1.51644055 au
Dipole moment:    4.49713667    1.33640078    3.85440773 Debye

Geometry converged

